[3.090s] Invoking command in '/home/rutha/Projects/class_projects/robotics_final/src/farm_robot_perception': PYTHONPATH=/home/rutha/Projects/class_projects/robotics_final/build/farm_robot_perception/prefix_override:/usr/lib/python3/dist-packages/colcon_core/task/python/colcon_distutils_commands:/home/rutha/Projects/class_projects/robotics_final/install/farm_robot_perception/lib/python3.10/site-packages:${PYTHONPATH} /usr/bin/python3 -W ignore:setup.py install is deprecated -W ignore:easy_install command is deprecated setup.py egg_info --egg-base ../../build/farm_robot_perception build --build-base /home/rutha/Projects/class_projects/robotics_final/build/farm_robot_perception/build install --record /home/rutha/Projects/class_projects/robotics_final/build/farm_robot_perception/install.log --single-version-externally-managed install_data
[3.920s] running egg_info
[3.921s] creating ../../build/farm_robot_perception/farm_robot_perception.egg-info
[3.921s] writing ../../build/farm_robot_perception/farm_robot_perception.egg-info/PKG-INFO
[3.922s] writing dependency_links to ../../build/farm_robot_perception/farm_robot_perception.egg-info/dependency_links.txt
[3.922s] writing entry points to ../../build/farm_robot_perception/farm_robot_perception.egg-info/entry_points.txt
[3.923s] writing requirements to ../../build/farm_robot_perception/farm_robot_perception.egg-info/requires.txt
[3.923s] writing top-level names to ../../build/farm_robot_perception/farm_robot_perception.egg-info/top_level.txt
[3.924s] writing manifest file '../../build/farm_robot_perception/farm_robot_perception.egg-info/SOURCES.txt'
[3.927s] reading manifest file '../../build/farm_robot_perception/farm_robot_perception.egg-info/SOURCES.txt'
[3.930s] writing manifest file '../../build/farm_robot_perception/farm_robot_perception.egg-info/SOURCES.txt'
[3.930s] running build
[3.930s] running build_py
[3.930s] creating /home/rutha/Projects/class_projects/robotics_final/build/farm_robot_perception/build
[3.930s] creating /home/rutha/Projects/class_projects/robotics_final/build/farm_robot_perception/build/lib
[3.930s] creating /home/rutha/Projects/class_projects/robotics_final/build/farm_robot_perception/build/lib/farm_robot_perception
[3.930s] copying farm_robot_perception/__init__.py -> /home/rutha/Projects/class_projects/robotics_final/build/farm_robot_perception/build/lib/farm_robot_perception
[3.931s] copying farm_robot_perception/crop_stress_node.py -> /home/rutha/Projects/class_projects/robotics_final/build/farm_robot_perception/build/lib/farm_robot_perception
[3.932s] running install
[3.935s] running install_lib
[3.936s] creating /home/rutha/Projects/class_projects/robotics_final/install/farm_robot_perception/lib/python3.10/site-packages/farm_robot_perception
[3.936s] copying /home/rutha/Projects/class_projects/robotics_final/build/farm_robot_perception/build/lib/farm_robot_perception/__init__.py -> /home/rutha/Projects/class_projects/robotics_final/install/farm_robot_perception/lib/python3.10/site-packages/farm_robot_perception
[3.936s] copying /home/rutha/Projects/class_projects/robotics_final/build/farm_robot_perception/build/lib/farm_robot_perception/crop_stress_node.py -> /home/rutha/Projects/class_projects/robotics_final/install/farm_robot_perception/lib/python3.10/site-packages/farm_robot_perception
[3.939s] byte-compiling /home/rutha/Projects/class_projects/robotics_final/install/farm_robot_perception/lib/python3.10/site-packages/farm_robot_perception/__init__.py to __init__.cpython-310.pyc
[3.939s] byte-compiling /home/rutha/Projects/class_projects/robotics_final/install/farm_robot_perception/lib/python3.10/site-packages/farm_robot_perception/crop_stress_node.py to crop_stress_node.cpython-310.pyc
[3.940s] running install_data
[3.941s] creating /home/rutha/Projects/class_projects/robotics_final/install/farm_robot_perception/share/ament_index
[3.941s] creating /home/rutha/Projects/class_projects/robotics_final/install/farm_robot_perception/share/ament_index/resource_index
[3.941s] creating /home/rutha/Projects/class_projects/robotics_final/install/farm_robot_perception/share/ament_index/resource_index/packages
[3.942s] copying resource/farm_robot_perception -> /home/rutha/Projects/class_projects/robotics_final/install/farm_robot_perception/share/ament_index/resource_index/packages
[3.942s] creating /home/rutha/Projects/class_projects/robotics_final/install/farm_robot_perception/share/farm_robot_perception/launch
[3.942s] copying launch/perception.launch.py -> /home/rutha/Projects/class_projects/robotics_final/install/farm_robot_perception/share/farm_robot_perception/launch
[3.943s] copying package.xml -> /home/rutha/Projects/class_projects/robotics_final/install/farm_robot_perception/share/farm_robot_perception
[3.946s] running install_egg_info
[3.948s] Copying ../../build/farm_robot_perception/farm_robot_perception.egg-info to /home/rutha/Projects/class_projects/robotics_final/install/farm_robot_perception/lib/python3.10/site-packages/farm_robot_perception-0.1.0-py3.10.egg-info
[3.950s] running install_scripts
[3.995s] Installing crop_stress_node script to /home/rutha/Projects/class_projects/robotics_final/install/farm_robot_perception/lib/farm_robot_perception
[3.996s] writing list of installed files to '/home/rutha/Projects/class_projects/robotics_final/build/farm_robot_perception/install.log'
[4.053s] Invoked command in '/home/rutha/Projects/class_projects/robotics_final/src/farm_robot_perception' returned '0': PYTHONPATH=/home/rutha/Projects/class_projects/robotics_final/build/farm_robot_perception/prefix_override:/usr/lib/python3/dist-packages/colcon_core/task/python/colcon_distutils_commands:/home/rutha/Projects/class_projects/robotics_final/install/farm_robot_perception/lib/python3.10/site-packages:${PYTHONPATH} /usr/bin/python3 -W ignore:setup.py install is deprecated -W ignore:easy_install command is deprecated setup.py egg_info --egg-base ../../build/farm_robot_perception build --build-base /home/rutha/Projects/class_projects/robotics_final/build/farm_robot_perception/build install --record /home/rutha/Projects/class_projects/robotics_final/build/farm_robot_perception/install.log --single-version-externally-managed install_data
