-- Install configuration: ""
-- Execute custom install script
-- Up-to-date symlink: /home/rutha/Projects/class_projects/robotics_final/install/farm_robot_description/lib/farm_robot_description/delete_entity.py
-- Up-to-date symlink: /home/rutha/Projects/class_projects/robotics_final/install/farm_robot_description/share/farm_robot_description/urdf/farm_bot.xacro
-- Up-to-date symlink: /home/rutha/Projects/class_projects/robotics_final/install/farm_robot_description/share/farm_robot_description/worlds/farm.world
-- Up-to-date symlink: /home/rutha/Projects/class_projects/robotics_final/install/farm_robot_description/share/farm_robot_description/launch/bringup_gazebo.launch.py
-- Up-to-date symlink: /home/rutha/Projects/class_projects/robotics_final/install/farm_robot_description/share/ament_index/resource_index/package_run_dependencies/farm_robot_description
-- Up-to-date symlink: /home/rutha/Projects/class_projects/robotics_final/install/farm_robot_description/share/ament_index/resource_index/parent_prefix_path/farm_robot_description
-- Up-to-date symlink: /home/rutha/Projects/class_projects/robotics_final/install/farm_robot_description/share/farm_robot_description/environment/ament_prefix_path.sh
-- Up-to-date symlink: /home/rutha/Projects/class_projects/robotics_final/install/farm_robot_description/share/farm_robot_description/environment/ament_prefix_path.dsv
-- Up-to-date symlink: /home/rutha/Projects/class_projects/robotics_final/install/farm_robot_description/share/farm_robot_description/environment/path.sh
-- Up-to-date symlink: /home/rutha/Projects/class_projects/robotics_final/install/farm_robot_description/share/farm_robot_description/environment/path.dsv
-- Up-to-date symlink: /home/rutha/Projects/class_projects/robotics_final/install/farm_robot_description/share/farm_robot_description/local_setup.bash
-- Up-to-date symlink: /home/rutha/Projects/class_projects/robotics_final/install/farm_robot_description/share/farm_robot_description/local_setup.sh
-- Up-to-date symlink: /home/rutha/Projects/class_projects/robotics_final/install/farm_robot_description/share/farm_robot_description/local_setup.zsh
-- Up-to-date symlink: /home/rutha/Projects/class_projects/robotics_final/install/farm_robot_description/share/farm_robot_description/local_setup.dsv
-- Symlinking: /home/rutha/Projects/class_projects/robotics_final/install/farm_robot_description/share/farm_robot_description/package.dsv
-- Up-to-date symlink: /home/rutha/Projects/class_projects/robotics_final/install/farm_robot_description/share/ament_index/resource_index/packages/farm_robot_description
-- Up-to-date symlink: /home/rutha/Projects/class_projects/robotics_final/install/farm_robot_description/share/farm_robot_description/cmake/farm_robot_descriptionConfig.cmake
-- Up-to-date symlink: /home/rutha/Projects/class_projects/robotics_final/install/farm_robot_description/share/farm_robot_description/cmake/farm_robot_descriptionConfig-version.cmake
-- Up-to-date symlink: /home/rutha/Projects/class_projects/robotics_final/install/farm_robot_description/share/farm_robot_description/package.xml
