[3.542s] Invoking command in '/home/rutha/Projects/class_projects/robotics_final/src/farm_robot_perception': PYTHONPATH=/home/rutha/Projects/class_projects/robotics_final/src/build/farm_robot_perception/prefix_override:/usr/lib/python3/dist-packages/colcon_core/task/python/colcon_distutils_commands:/home/rutha/Projects/class_projects/robotics_final/src/install/farm_robot_perception/lib/python3.10/site-packages:${PYTHONPATH} /usr/bin/python3 -W ignore:setup.py install is deprecated -W ignore:easy_install command is deprecated setup.py egg_info --egg-base ../build/farm_robot_perception build --build-base /home/rutha/Projects/class_projects/robotics_final/src/build/farm_robot_perception/build install --record /home/rutha/Projects/class_projects/robotics_final/src/build/farm_robot_perception/install.log --single-version-externally-managed install_data
[4.055s] running egg_info
[4.057s] creating ../build/farm_robot_perception/farm_robot_perception.egg-info
[4.061s] writing ../build/farm_robot_perception/farm_robot_perception.egg-info/PKG-INFO
[4.061s] writing dependency_links to ../build/farm_robot_perception/farm_robot_perception.egg-info/dependency_links.txt
[4.061s] writing entry points to ../build/farm_robot_perception/farm_robot_perception.egg-info/entry_points.txt
[4.062s] writing requirements to ../build/farm_robot_perception/farm_robot_perception.egg-info/requires.txt
[4.062s] writing top-level names to ../build/farm_robot_perception/farm_robot_perception.egg-info/top_level.txt
[4.062s] writing manifest file '../build/farm_robot_perception/farm_robot_perception.egg-info/SOURCES.txt'
[4.063s] reading manifest file '../build/farm_robot_perception/farm_robot_perception.egg-info/SOURCES.txt'
[4.066s] writing manifest file '../build/farm_robot_perception/farm_robot_perception.egg-info/SOURCES.txt'
[4.066s] running build
[4.066s] running build_py
[4.067s] creating /home/rutha/Projects/class_projects/robotics_final/src/build/farm_robot_perception/build
[4.067s] creating /home/rutha/Projects/class_projects/robotics_final/src/build/farm_robot_perception/build/lib
[4.067s] creating /home/rutha/Projects/class_projects/robotics_final/src/build/farm_robot_perception/build/lib/farm_robot_perception
[4.067s] copying farm_robot_perception/__init__.py -> /home/rutha/Projects/class_projects/robotics_final/src/build/farm_robot_perception/build/lib/farm_robot_perception
[4.067s] copying farm_robot_perception/crop_stress_node.py -> /home/rutha/Projects/class_projects/robotics_final/src/build/farm_robot_perception/build/lib/farm_robot_perception
[4.067s] running install
[4.067s] running install_lib
[4.068s] creating /home/rutha/Projects/class_projects/robotics_final/src/install/farm_robot_perception/lib/python3.10/site-packages/farm_robot_perception
[4.068s] copying /home/rutha/Projects/class_projects/robotics_final/src/build/farm_robot_perception/build/lib/farm_robot_perception/__init__.py -> /home/rutha/Projects/class_projects/robotics_final/src/install/farm_robot_perception/lib/python3.10/site-packages/farm_robot_perception
[4.068s] copying /home/rutha/Projects/class_projects/robotics_final/src/build/farm_robot_perception/build/lib/farm_robot_perception/crop_stress_node.py -> /home/rutha/Projects/class_projects/robotics_final/src/install/farm_robot_perception/lib/python3.10/site-packages/farm_robot_perception
[4.069s] byte-compiling /home/rutha/Projects/class_projects/robotics_final/src/install/farm_robot_perception/lib/python3.10/site-packages/farm_robot_perception/__init__.py to __init__.cpython-310.pyc
[4.070s] byte-compiling /home/rutha/Projects/class_projects/robotics_final/src/install/farm_robot_perception/lib/python3.10/site-packages/farm_robot_perception/crop_stress_node.py to crop_stress_node.cpython-310.pyc
[4.071s] running install_data
[4.071s] creating /home/rutha/Projects/class_projects/robotics_final/src/install/farm_robot_perception/share/ament_index
[4.071s] creating /home/rutha/Projects/class_projects/robotics_final/src/install/farm_robot_perception/share/ament_index/resource_index
[4.072s] creating /home/rutha/Projects/class_projects/robotics_final/src/install/farm_robot_perception/share/ament_index/resource_index/packages
[4.072s] copying resource/farm_robot_perception -> /home/rutha/Projects/class_projects/robotics_final/src/install/farm_robot_perception/share/ament_index/resource_index/packages
[4.072s] creating /home/rutha/Projects/class_projects/robotics_final/src/install/farm_robot_perception/share/farm_robot_perception/launch
[4.072s] copying launch/perception.launch.py -> /home/rutha/Projects/class_projects/robotics_final/src/install/farm_robot_perception/share/farm_robot_perception/launch
[4.072s] copying package.xml -> /home/rutha/Projects/class_projects/robotics_final/src/install/farm_robot_perception/share/farm_robot_perception
[4.073s] running install_egg_info
[4.075s] Copying ../build/farm_robot_perception/farm_robot_perception.egg-info to /home/rutha/Projects/class_projects/robotics_final/src/install/farm_robot_perception/lib/python3.10/site-packages/farm_robot_perception-0.1.0-py3.10.egg-info
[4.077s] running install_scripts
[4.107s] Installing crop_stress_node script to /home/rutha/Projects/class_projects/robotics_final/src/install/farm_robot_perception/lib/farm_robot_perception
[4.108s] writing list of installed files to '/home/rutha/Projects/class_projects/robotics_final/src/build/farm_robot_perception/install.log'
[4.152s] Invoked command in '/home/rutha/Projects/class_projects/robotics_final/src/farm_robot_perception' returned '0': PYTHONPATH=/home/rutha/Projects/class_projects/robotics_final/src/build/farm_robot_perception/prefix_override:/usr/lib/python3/dist-packages/colcon_core/task/python/colcon_distutils_commands:/home/rutha/Projects/class_projects/robotics_final/src/install/farm_robot_perception/lib/python3.10/site-packages:${PYTHONPATH} /usr/bin/python3 -W ignore:setup.py install is deprecated -W ignore:easy_install command is deprecated setup.py egg_info --egg-base ../build/farm_robot_perception build --build-base /home/rutha/Projects/class_projects/robotics_final/src/build/farm_robot_perception/build install --record /home/rutha/Projects/class_projects/robotics_final/src/build/farm_robot_perception/install.log --single-version-externally-managed install_data
