[1.311s] Invoking command in '/home/rutha/Projects/class_projects/robotics_final/src/farm_robot_bringup': AMENT_PREFIX_PATH=/home/rutha/Projects/class_projects/robotics_final/src/install/farm_robot_perception:${AMENT_PREFIX_PATH} CMAKE_PREFIX_PATH=/home/rutha/Projects/class_projects/robotics_final/src/install/farm_robot_navigation:/home/rutha/Projects/class_projects/robotics_final/src/install/farm_robot_description:${CMAKE_PREFIX_PATH} PKG_CONFIG_PATH=/home/rutha/Projects/class_projects/robotics_final/src/install/farm_robot_navigation/lib/x86_64-linux-gnu/pkgconfig:/home/rutha/Projects/class_projects/robotics_final/src/install/farm_robot_navigation/lib/pkgconfig:/home/rutha/Projects/class_projects/robotics_final/src/install/farm_robot_description/lib/x86_64-linux-gnu/pkgconfig:/home/rutha/Projects/class_projects/robotics_final/src/install/farm_robot_description/lib/pkgconfig:${PKG_CONFIG_PATH} PYTHONPATH=/home/rutha/Projects/class_projects/robotics_final/src/build/farm_robot_bringup/prefix_override:/usr/lib/python3/dist-packages/colcon_core/task/python/colcon_distutils_commands:/home/rutha/Projects/class_projects/robotics_final/src/install/farm_robot_bringup/lib/python3.10/site-packages:/home/rutha/Projects/class_projects/robotics_final/src/install/farm_robot_perception/lib/python3.10/site-packages:${PYTHONPATH} ROS_PACKAGE_PATH=/home/rutha/Projects/class_projects/robotics_final/src/install/farm_robot_navigation/share:/home/rutha/Projects/class_projects/robotics_final/src/install/farm_robot_description/share:${ROS_PACKAGE_PATH} /usr/bin/python3 -W ignore:setup.py install is deprecated -W ignore:easy_install command is deprecated setup.py egg_info --egg-base ../build/farm_robot_bringup build --build-base /home/rutha/Projects/class_projects/robotics_final/src/build/farm_robot_bringup/build install --record /home/rutha/Projects/class_projects/robotics_final/src/build/farm_robot_bringup/install.log --single-version-externally-managed install_data
[1.773s] running egg_info
[1.775s] creating ../build/farm_robot_bringup/farm_robot_bringup.egg-info
[1.775s] writing ../build/farm_robot_bringup/farm_robot_bringup.egg-info/PKG-INFO
[1.775s] writing dependency_links to ../build/farm_robot_bringup/farm_robot_bringup.egg-info/dependency_links.txt
[1.776s] writing entry points to ../build/farm_robot_bringup/farm_robot_bringup.egg-info/entry_points.txt
[1.776s] writing requirements to ../build/farm_robot_bringup/farm_robot_bringup.egg-info/requires.txt
[1.776s] writing top-level names to ../build/farm_robot_bringup/farm_robot_bringup.egg-info/top_level.txt
[1.776s] writing manifest file '../build/farm_robot_bringup/farm_robot_bringup.egg-info/SOURCES.txt'
[1.779s] reading manifest file '../build/farm_robot_bringup/farm_robot_bringup.egg-info/SOURCES.txt'
[1.781s] writing manifest file '../build/farm_robot_bringup/farm_robot_bringup.egg-info/SOURCES.txt'
[1.781s] running build
[1.781s] running build_py
[1.782s] creating /home/rutha/Projects/class_projects/robotics_final/src/build/farm_robot_bringup/build
[1.782s] creating /home/rutha/Projects/class_projects/robotics_final/src/build/farm_robot_bringup/build/lib
[1.783s] creating /home/rutha/Projects/class_projects/robotics_final/src/build/farm_robot_bringup/build/lib/farm_robot_bringup
[1.783s] copying farm_robot_bringup/__init__.py -> /home/rutha/Projects/class_projects/robotics_final/src/build/farm_robot_bringup/build/lib/farm_robot_bringup
[1.783s] running install
[1.783s] running install_lib
[1.784s] creating /home/rutha/Projects/class_projects/robotics_final/src/install/farm_robot_bringup/lib/python3.10/site-packages/farm_robot_bringup
[1.784s] copying /home/rutha/Projects/class_projects/robotics_final/src/build/farm_robot_bringup/build/lib/farm_robot_bringup/__init__.py -> /home/rutha/Projects/class_projects/robotics_final/src/install/farm_robot_bringup/lib/python3.10/site-packages/farm_robot_bringup
[1.785s] byte-compiling /home/rutha/Projects/class_projects/robotics_final/src/install/farm_robot_bringup/lib/python3.10/site-packages/farm_robot_bringup/__init__.py to __init__.cpython-310.pyc
[1.785s] running install_data
[1.785s] creating /home/rutha/Projects/class_projects/robotics_final/src/install/farm_robot_bringup/share/ament_index
[1.786s] creating /home/rutha/Projects/class_projects/robotics_final/src/install/farm_robot_bringup/share/ament_index/resource_index
[1.786s] creating /home/rutha/Projects/class_projects/robotics_final/src/install/farm_robot_bringup/share/ament_index/resource_index/packages
[1.786s] copying resource/farm_robot_bringup -> /home/rutha/Projects/class_projects/robotics_final/src/install/farm_robot_bringup/share/ament_index/resource_index/packages
[1.786s] creating /home/rutha/Projects/class_projects/robotics_final/src/install/farm_robot_bringup/share/farm_robot_bringup/launch
[1.786s] copying launch/bringup.launch.py -> /home/rutha/Projects/class_projects/robotics_final/src/install/farm_robot_bringup/share/farm_robot_bringup/launch
[1.786s] copying package.xml -> /home/rutha/Projects/class_projects/robotics_final/src/install/farm_robot_bringup/share/farm_robot_bringup
[1.786s] running install_egg_info
[1.790s] Copying ../build/farm_robot_bringup/farm_robot_bringup.egg-info to /home/rutha/Projects/class_projects/robotics_final/src/install/farm_robot_bringup/lib/python3.10/site-packages/farm_robot_bringup-0.1.0-py3.10.egg-info
[1.792s] running install_scripts
[1.823s] writing list of installed files to '/home/rutha/Projects/class_projects/robotics_final/src/build/farm_robot_bringup/install.log'
[1.858s] Invoked command in '/home/rutha/Projects/class_projects/robotics_final/src/farm_robot_bringup' returned '0': AMENT_PREFIX_PATH=/home/rutha/Projects/class_projects/robotics_final/src/install/farm_robot_perception:${AMENT_PREFIX_PATH} CMAKE_PREFIX_PATH=/home/rutha/Projects/class_projects/robotics_final/src/install/farm_robot_navigation:/home/rutha/Projects/class_projects/robotics_final/src/install/farm_robot_description:${CMAKE_PREFIX_PATH} PKG_CONFIG_PATH=/home/rutha/Projects/class_projects/robotics_final/src/install/farm_robot_navigation/lib/x86_64-linux-gnu/pkgconfig:/home/rutha/Projects/class_projects/robotics_final/src/install/farm_robot_navigation/lib/pkgconfig:/home/rutha/Projects/class_projects/robotics_final/src/install/farm_robot_description/lib/x86_64-linux-gnu/pkgconfig:/home/rutha/Projects/class_projects/robotics_final/src/install/farm_robot_description/lib/pkgconfig:${PKG_CONFIG_PATH} PYTHONPATH=/home/rutha/Projects/class_projects/robotics_final/src/build/farm_robot_bringup/prefix_override:/usr/lib/python3/dist-packages/colcon_core/task/python/colcon_distutils_commands:/home/rutha/Projects/class_projects/robotics_final/src/install/farm_robot_bringup/lib/python3.10/site-packages:/home/rutha/Projects/class_projects/robotics_final/src/install/farm_robot_perception/lib/python3.10/site-packages:${PYTHONPATH} ROS_PACKAGE_PATH=/home/rutha/Projects/class_projects/robotics_final/src/install/farm_robot_navigation/share:/home/rutha/Projects/class_projects/robotics_final/src/install/farm_robot_description/share:${ROS_PACKAGE_PATH} /usr/bin/python3 -W ignore:setup.py install is deprecated -W ignore:easy_install command is deprecated setup.py egg_info --egg-base ../build/farm_robot_bringup build --build-base /home/rutha/Projects/class_projects/robotics_final/src/build/farm_robot_bringup/build install --record /home/rutha/Projects/class_projects/robotics_final/src/build/farm_robot_bringup/install.log --single-version-externally-managed install_data
