[0.170s] DEBUG:colcon:Command line arguments: ['/usr/bin/colcon', 'build']
[0.171s] DEBUG:colcon:Parsed command line arguments: Namespace(log_base=None, log_level=None, verb_name='build', build_base='build', install_base='install', merge_install=False, symlink_install=False, test_result_base=None, continue_on_error=False, executor='parallel', parallel_workers=4, event_handlers=None, ignore_user_meta=False, metas=['./colcon.meta'], base_paths=['.'], packages_ignore=None, packages_ignore_regex=None, paths=None, packages_up_to=None, packages_up_to_regex=None, packages_above=None, packages_above_and_dependencies=None, packages_above_depth=None, packages_select_by_dep=None, packages_skip_by_dep=None, packages_skip_up_to=None, packages_select_build_failed=False, packages_skip_build_finished=False, packages_select_test_failures=False, packages_skip_test_passed=False, packages_select=None, packages_skip=None, packages_select_regex=None, packages_skip_regex=None, packages_start=None, packages_end=None, allow_overriding=[], cmake_args=None, cmake_target=None, cmake_target_skip_unavailable=False, cmake_clean_cache=False, cmake_clean_first=False, cmake_force_configure=False, ament_cmake_args=None, catkin_cmake_args=None, catkin_skip_building_tests=False, mixin_files=None, mixin=None, verb_parser=<colcon_mixin.mixin.mixin_argument.MixinArgumentDecorator object at 0x7f3e3709fbb0>, verb_extension=<colcon_core.verb.build.BuildVerb object at 0x7f3e3709f490>, main=<bound method BuildVerb.main of <colcon_core.verb.build.BuildVerb object at 0x7f3e3709f490>>, mixin_verb=('build',))
[0.567s] Level 1:colcon.colcon_core.package_discovery:discover_packages(colcon_meta) check parameters
[0.567s] Level 1:colcon.colcon_core.package_discovery:discover_packages(recursive) check parameters
[0.567s] Level 1:colcon.colcon_core.package_discovery:discover_packages(ignore) check parameters
[0.567s] Level 1:colcon.colcon_core.package_discovery:discover_packages(path) check parameters
[0.567s] Level 1:colcon.colcon_core.package_discovery:discover_packages(colcon_meta) discover
[0.567s] Level 1:colcon.colcon_core.package_discovery:discover_packages(recursive) discover
[0.567s] INFO:colcon.colcon_core.package_discovery:Crawling recursively for packages in '/home/rutha/Projects/class_projects/robotics_final'
[0.567s] Level 1:colcon.colcon_core.package_identification:_identify(.) by extensions ['ignore', 'ignore_ament_install']
[0.568s] Level 1:colcon.colcon_core.package_identification:_identify(.) by extension 'ignore'
[0.568s] Level 1:colcon.colcon_core.package_identification:_identify(.) by extension 'ignore_ament_install'
[0.568s] Level 1:colcon.colcon_core.package_identification:_identify(.) by extensions ['colcon_pkg']
[0.568s] Level 1:colcon.colcon_core.package_identification:_identify(.) by extension 'colcon_pkg'
[0.568s] Level 1:colcon.colcon_core.package_identification:_identify(.) by extensions ['colcon_meta']
[0.568s] Level 1:colcon.colcon_core.package_identification:_identify(.) by extension 'colcon_meta'
[0.568s] Level 1:colcon.colcon_core.package_identification:_identify(.) by extensions ['ros']
[0.568s] Level 1:colcon.colcon_core.package_identification:_identify(.) by extension 'ros'
[0.596s] Level 1:colcon.colcon_core.package_identification:_identify(.) by extensions ['cmake', 'python']
[0.596s] Level 1:colcon.colcon_core.package_identification:_identify(.) by extension 'cmake'
[0.596s] Level 1:colcon.colcon_core.package_identification:_identify(.) by extension 'python'
[0.596s] Level 1:colcon.colcon_core.package_identification:_identify(.) by extensions ['python_setup_py']
[0.596s] Level 1:colcon.colcon_core.package_identification:_identify(.) by extension 'python_setup_py'
[0.596s] Level 1:colcon.colcon_core.package_identification:_identify(build) by extensions ['ignore', 'ignore_ament_install']
[0.596s] Level 1:colcon.colcon_core.package_identification:_identify(build) by extension 'ignore'
[0.596s] Level 1:colcon.colcon_core.package_identification:_identify(build) ignored
[0.597s] Level 1:colcon.colcon_core.package_identification:_identify(install) by extensions ['ignore', 'ignore_ament_install']
[0.597s] Level 1:colcon.colcon_core.package_identification:_identify(install) by extension 'ignore'
[0.597s] Level 1:colcon.colcon_core.package_identification:_identify(install) ignored
[0.597s] Level 1:colcon.colcon_core.package_identification:_identify(log) by extensions ['ignore', 'ignore_ament_install']
[0.597s] Level 1:colcon.colcon_core.package_identification:_identify(log) by extension 'ignore'
[0.597s] Level 1:colcon.colcon_core.package_identification:_identify(log) ignored
[0.597s] Level 1:colcon.colcon_core.package_identification:_identify(src) by extensions ['ignore', 'ignore_ament_install']
[0.597s] Level 1:colcon.colcon_core.package_identification:_identify(src) by extension 'ignore'
[0.597s] Level 1:colcon.colcon_core.package_identification:_identify(src) by extension 'ignore_ament_install'
[0.597s] Level 1:colcon.colcon_core.package_identification:_identify(src) by extensions ['colcon_pkg']
[0.597s] Level 1:colcon.colcon_core.package_identification:_identify(src) by extension 'colcon_pkg'
[0.598s] Level 1:colcon.colcon_core.package_identification:_identify(src) by extensions ['colcon_meta']
[0.598s] Level 1:colcon.colcon_core.package_identification:_identify(src) by extension 'colcon_meta'
[0.598s] Level 1:colcon.colcon_core.package_identification:_identify(src) by extensions ['ros']
[0.598s] Level 1:colcon.colcon_core.package_identification:_identify(src) by extension 'ros'
[0.598s] Level 1:colcon.colcon_core.package_identification:_identify(src) by extensions ['cmake', 'python']
[0.598s] Level 1:colcon.colcon_core.package_identification:_identify(src) by extension 'cmake'
[0.598s] Level 1:colcon.colcon_core.package_identification:_identify(src) by extension 'python'
[0.598s] Level 1:colcon.colcon_core.package_identification:_identify(src) by extensions ['python_setup_py']
[0.598s] Level 1:colcon.colcon_core.package_identification:_identify(src) by extension 'python_setup_py'
[0.598s] Level 1:colcon.colcon_core.package_identification:_identify(src/farm_robot_bringup) by extensions ['ignore', 'ignore_ament_install']
[0.598s] Level 1:colcon.colcon_core.package_identification:_identify(src/farm_robot_bringup) by extension 'ignore'
[0.598s] Level 1:colcon.colcon_core.package_identification:_identify(src/farm_robot_bringup) by extension 'ignore_ament_install'
[0.598s] Level 1:colcon.colcon_core.package_identification:_identify(src/farm_robot_bringup) by extensions ['colcon_pkg']
[0.598s] Level 1:colcon.colcon_core.package_identification:_identify(src/farm_robot_bringup) by extension 'colcon_pkg'
[0.599s] Level 1:colcon.colcon_core.package_identification:_identify(src/farm_robot_bringup) by extensions ['colcon_meta']
[0.599s] Level 1:colcon.colcon_core.package_identification:_identify(src/farm_robot_bringup) by extension 'colcon_meta'
[0.599s] Level 1:colcon.colcon_core.package_identification:_identify(src/farm_robot_bringup) by extensions ['ros']
[0.599s] Level 1:colcon.colcon_core.package_identification:_identify(src/farm_robot_bringup) by extension 'ros'
[0.602s] DEBUG:colcon.colcon_core.package_identification:Package 'src/farm_robot_bringup' with type 'ros.ament_python' and name 'farm_robot_bringup'
[0.603s] Level 1:colcon.colcon_core.package_identification:_identify(src/farm_robot_description) by extensions ['ignore', 'ignore_ament_install']
[0.603s] Level 1:colcon.colcon_core.package_identification:_identify(src/farm_robot_description) by extension 'ignore'
[0.603s] Level 1:colcon.colcon_core.package_identification:_identify(src/farm_robot_description) by extension 'ignore_ament_install'
[0.603s] Level 1:colcon.colcon_core.package_identification:_identify(src/farm_robot_description) by extensions ['colcon_pkg']
[0.603s] Level 1:colcon.colcon_core.package_identification:_identify(src/farm_robot_description) by extension 'colcon_pkg'
[0.603s] Level 1:colcon.colcon_core.package_identification:_identify(src/farm_robot_description) by extensions ['colcon_meta']
[0.603s] Level 1:colcon.colcon_core.package_identification:_identify(src/farm_robot_description) by extension 'colcon_meta'
[0.603s] Level 1:colcon.colcon_core.package_identification:_identify(src/farm_robot_description) by extensions ['ros']
[0.603s] Level 1:colcon.colcon_core.package_identification:_identify(src/farm_robot_description) by extension 'ros'
[0.604s] DEBUG:colcon.colcon_core.package_identification:Package 'src/farm_robot_description' with type 'ros.ament_cmake' and name 'farm_robot_description'
[0.604s] Level 1:colcon.colcon_core.package_identification:_identify(src/farm_robot_navigation) by extensions ['ignore', 'ignore_ament_install']
[0.604s] Level 1:colcon.colcon_core.package_identification:_identify(src/farm_robot_navigation) by extension 'ignore'
[0.605s] Level 1:colcon.colcon_core.package_identification:_identify(src/farm_robot_navigation) by extension 'ignore_ament_install'
[0.605s] Level 1:colcon.colcon_core.package_identification:_identify(src/farm_robot_navigation) by extensions ['colcon_pkg']
[0.605s] Level 1:colcon.colcon_core.package_identification:_identify(src/farm_robot_navigation) by extension 'colcon_pkg'
[0.605s] Level 1:colcon.colcon_core.package_identification:_identify(src/farm_robot_navigation) by extensions ['colcon_meta']
[0.605s] Level 1:colcon.colcon_core.package_identification:_identify(src/farm_robot_navigation) by extension 'colcon_meta'
[0.605s] Level 1:colcon.colcon_core.package_identification:_identify(src/farm_robot_navigation) by extensions ['ros']
[0.605s] Level 1:colcon.colcon_core.package_identification:_identify(src/farm_robot_navigation) by extension 'ros'
[0.606s] DEBUG:colcon.colcon_core.package_identification:Package 'src/farm_robot_navigation' with type 'ros.ament_cmake' and name 'farm_robot_navigation'
[0.607s] Level 1:colcon.colcon_core.package_identification:_identify(src/farm_robot_perception) by extensions ['ignore', 'ignore_ament_install']
[0.607s] Level 1:colcon.colcon_core.package_identification:_identify(src/farm_robot_perception) by extension 'ignore'
[0.607s] Level 1:colcon.colcon_core.package_identification:_identify(src/farm_robot_perception) by extension 'ignore_ament_install'
[0.607s] Level 1:colcon.colcon_core.package_identification:_identify(src/farm_robot_perception) by extensions ['colcon_pkg']
[0.607s] Level 1:colcon.colcon_core.package_identification:_identify(src/farm_robot_perception) by extension 'colcon_pkg'
[0.607s] Level 1:colcon.colcon_core.package_identification:_identify(src/farm_robot_perception) by extensions ['colcon_meta']
[0.607s] Level 1:colcon.colcon_core.package_identification:_identify(src/farm_robot_perception) by extension 'colcon_meta'
[0.607s] Level 1:colcon.colcon_core.package_identification:_identify(src/farm_robot_perception) by extensions ['ros']
[0.607s] Level 1:colcon.colcon_core.package_identification:_identify(src/farm_robot_perception) by extension 'ros'
[0.608s] DEBUG:colcon.colcon_core.package_identification:Package 'src/farm_robot_perception' with type 'ros.ament_python' and name 'farm_robot_perception'
[0.608s] Level 1:colcon.colcon_core.package_discovery:discover_packages(recursive) using defaults
[0.608s] Level 1:colcon.colcon_core.package_discovery:discover_packages(ignore) discover
[0.608s] Level 1:colcon.colcon_core.package_discovery:discover_packages(ignore) using defaults
[0.608s] Level 1:colcon.colcon_core.package_discovery:discover_packages(path) discover
[0.608s] Level 1:colcon.colcon_core.package_discovery:discover_packages(path) using defaults
[0.650s] Level 1:colcon.colcon_core.package_discovery:discover_packages(prefix_path) check parameters
[0.650s] Level 1:colcon.colcon_core.package_discovery:discover_packages(prefix_path) discover
[0.655s] DEBUG:colcon.colcon_installed_package_information.package_discovery:Found 16 installed packages in /home/rutha/ros2_ws/install
[0.655s] DEBUG:colcon.colcon_installed_package_information.package_discovery:Found 2 installed packages in /home/rutha/ros2_ws/src/install
[0.656s] DEBUG:colcon.colcon_installed_package_information.package_discovery:Found 1 installed packages in /home/rutha/ros2_ws/task/catkin_ws/install
[0.660s] DEBUG:colcon.colcon_installed_package_information.package_discovery:Found 416 installed packages in /opt/ros/humble
[0.662s] Level 1:colcon.colcon_core.package_discovery:discover_packages(prefix_path) using defaults
[0.745s] Level 5:colcon.colcon_core.verb:set package 'farm_robot_description' build argument 'cmake_args' from command line to 'None'
[0.745s] Level 5:colcon.colcon_core.verb:set package 'farm_robot_description' build argument 'cmake_target' from command line to 'None'
[0.745s] Level 5:colcon.colcon_core.verb:set package 'farm_robot_description' build argument 'cmake_target_skip_unavailable' from command line to 'False'
[0.745s] Level 5:colcon.colcon_core.verb:set package 'farm_robot_description' build argument 'cmake_clean_cache' from command line to 'False'
[0.745s] Level 5:colcon.colcon_core.verb:set package 'farm_robot_description' build argument 'cmake_clean_first' from command line to 'False'
[0.745s] Level 5:colcon.colcon_core.verb:set package 'farm_robot_description' build argument 'cmake_force_configure' from command line to 'False'
[0.745s] Level 5:colcon.colcon_core.verb:set package 'farm_robot_description' build argument 'ament_cmake_args' from command line to 'None'
[0.745s] Level 5:colcon.colcon_core.verb:set package 'farm_robot_description' build argument 'catkin_cmake_args' from command line to 'None'
[0.745s] Level 5:colcon.colcon_core.verb:set package 'farm_robot_description' build argument 'catkin_skip_building_tests' from command line to 'False'
[0.746s] DEBUG:colcon.colcon_core.verb:Building package 'farm_robot_description' with the following arguments: {'ament_cmake_args': None, 'build_base': '/home/rutha/Projects/class_projects/robotics_final/build/farm_robot_description', 'catkin_cmake_args': None, 'catkin_skip_building_tests': False, 'cmake_args': None, 'cmake_clean_cache': False, 'cmake_clean_first': False, 'cmake_force_configure': False, 'cmake_target': None, 'cmake_target_skip_unavailable': False, 'install_base': '/home/rutha/Projects/class_projects/robotics_final/install/farm_robot_description', 'merge_install': False, 'path': '/home/rutha/Projects/class_projects/robotics_final/src/farm_robot_description', 'symlink_install': False, 'test_result_base': None}
[0.746s] Level 5:colcon.colcon_core.verb:set package 'farm_robot_navigation' build argument 'cmake_args' from command line to 'None'
[0.746s] Level 5:colcon.colcon_core.verb:set package 'farm_robot_navigation' build argument 'cmake_target' from command line to 'None'
[0.746s] Level 5:colcon.colcon_core.verb:set package 'farm_robot_navigation' build argument 'cmake_target_skip_unavailable' from command line to 'False'
[0.746s] Level 5:colcon.colcon_core.verb:set package 'farm_robot_navigation' build argument 'cmake_clean_cache' from command line to 'False'
[0.746s] Level 5:colcon.colcon_core.verb:set package 'farm_robot_navigation' build argument 'cmake_clean_first' from command line to 'False'
[0.746s] Level 5:colcon.colcon_core.verb:set package 'farm_robot_navigation' build argument 'cmake_force_configure' from command line to 'False'
[0.746s] Level 5:colcon.colcon_core.verb:set package 'farm_robot_navigation' build argument 'ament_cmake_args' from command line to 'None'
[0.746s] Level 5:colcon.colcon_core.verb:set package 'farm_robot_navigation' build argument 'catkin_cmake_args' from command line to 'None'
[0.746s] Level 5:colcon.colcon_core.verb:set package 'farm_robot_navigation' build argument 'catkin_skip_building_tests' from command line to 'False'
[0.746s] DEBUG:colcon.colcon_core.verb:Building package 'farm_robot_navigation' with the following arguments: {'ament_cmake_args': None, 'build_base': '/home/rutha/Projects/class_projects/robotics_final/build/farm_robot_navigation', 'catkin_cmake_args': None, 'catkin_skip_building_tests': False, 'cmake_args': None, 'cmake_clean_cache': False, 'cmake_clean_first': False, 'cmake_force_configure': False, 'cmake_target': None, 'cmake_target_skip_unavailable': False, 'install_base': '/home/rutha/Projects/class_projects/robotics_final/install/farm_robot_navigation', 'merge_install': False, 'path': '/home/rutha/Projects/class_projects/robotics_final/src/farm_robot_navigation', 'symlink_install': False, 'test_result_base': None}
[0.747s] Level 5:colcon.colcon_core.verb:set package 'farm_robot_perception' build argument 'cmake_args' from command line to 'None'
[0.747s] Level 5:colcon.colcon_core.verb:set package 'farm_robot_perception' build argument 'cmake_target' from command line to 'None'
[0.747s] Level 5:colcon.colcon_core.verb:set package 'farm_robot_perception' build argument 'cmake_target_skip_unavailable' from command line to 'False'
[0.747s] Level 5:colcon.colcon_core.verb:set package 'farm_robot_perception' build argument 'cmake_clean_cache' from command line to 'False'
[0.747s] Level 5:colcon.colcon_core.verb:set package 'farm_robot_perception' build argument 'cmake_clean_first' from command line to 'False'
[0.747s] Level 5:colcon.colcon_core.verb:set package 'farm_robot_perception' build argument 'cmake_force_configure' from command line to 'False'
[0.747s] Level 5:colcon.colcon_core.verb:set package 'farm_robot_perception' build argument 'ament_cmake_args' from command line to 'None'
[0.747s] Level 5:colcon.colcon_core.verb:set package 'farm_robot_perception' build argument 'catkin_cmake_args' from command line to 'None'
[0.747s] Level 5:colcon.colcon_core.verb:set package 'farm_robot_perception' build argument 'catkin_skip_building_tests' from command line to 'False'
[0.747s] DEBUG:colcon.colcon_core.verb:Building package 'farm_robot_perception' with the following arguments: {'ament_cmake_args': None, 'build_base': '/home/rutha/Projects/class_projects/robotics_final/build/farm_robot_perception', 'catkin_cmake_args': None, 'catkin_skip_building_tests': False, 'cmake_args': None, 'cmake_clean_cache': False, 'cmake_clean_first': False, 'cmake_force_configure': False, 'cmake_target': None, 'cmake_target_skip_unavailable': False, 'install_base': '/home/rutha/Projects/class_projects/robotics_final/install/farm_robot_perception', 'merge_install': False, 'path': '/home/rutha/Projects/class_projects/robotics_final/src/farm_robot_perception', 'symlink_install': False, 'test_result_base': None}
[0.747s] Level 5:colcon.colcon_core.verb:set package 'farm_robot_bringup' build argument 'cmake_args' from command line to 'None'
[0.747s] Level 5:colcon.colcon_core.verb:set package 'farm_robot_bringup' build argument 'cmake_target' from command line to 'None'
[0.747s] Level 5:colcon.colcon_core.verb:set package 'farm_robot_bringup' build argument 'cmake_target_skip_unavailable' from command line to 'False'
[0.747s] Level 5:colcon.colcon_core.verb:set package 'farm_robot_bringup' build argument 'cmake_clean_cache' from command line to 'False'
[0.748s] Level 5:colcon.colcon_core.verb:set package 'farm_robot_bringup' build argument 'cmake_clean_first' from command line to 'False'
[0.748s] Level 5:colcon.colcon_core.verb:set package 'farm_robot_bringup' build argument 'cmake_force_configure' from command line to 'False'
[0.748s] Level 5:colcon.colcon_core.verb:set package 'farm_robot_bringup' build argument 'ament_cmake_args' from command line to 'None'
[0.748s] Level 5:colcon.colcon_core.verb:set package 'farm_robot_bringup' build argument 'catkin_cmake_args' from command line to 'None'
[0.748s] Level 5:colcon.colcon_core.verb:set package 'farm_robot_bringup' build argument 'catkin_skip_building_tests' from command line to 'False'
[0.748s] DEBUG:colcon.colcon_core.verb:Building package 'farm_robot_bringup' with the following arguments: {'ament_cmake_args': None, 'build_base': '/home/rutha/Projects/class_projects/robotics_final/build/farm_robot_bringup', 'catkin_cmake_args': None, 'catkin_skip_building_tests': False, 'cmake_args': None, 'cmake_clean_cache': False, 'cmake_clean_first': False, 'cmake_force_configure': False, 'cmake_target': None, 'cmake_target_skip_unavailable': False, 'install_base': '/home/rutha/Projects/class_projects/robotics_final/install/farm_robot_bringup', 'merge_install': False, 'path': '/home/rutha/Projects/class_projects/robotics_final/src/farm_robot_bringup', 'symlink_install': False, 'test_result_base': None}
[0.748s] INFO:colcon.colcon_core.executor:Executing jobs using 'parallel' executor
[0.749s] DEBUG:colcon.colcon_parallel_executor.executor.parallel:run_until_complete
[0.749s] INFO:colcon.colcon_ros.task.ament_cmake.build:Building ROS package in '/home/rutha/Projects/class_projects/robotics_final/src/farm_robot_description' with build type 'ament_cmake'
[0.750s] INFO:colcon.colcon_cmake.task.cmake.build:Building CMake package in '/home/rutha/Projects/class_projects/robotics_final/src/farm_robot_description'
[0.753s] INFO:colcon.colcon_core.plugin_system:Skipping extension 'colcon_core.shell.bat': Not used on non-Windows systems
[0.754s] INFO:colcon.colcon_core.shell:Skip shell extension 'powershell' for command environment: Not usable outside of PowerShell
[0.754s] DEBUG:colcon.colcon_core.shell:Skip shell extension 'dsv' for command environment
[0.765s] INFO:colcon.colcon_ros.task.ament_cmake.build:Building ROS package in '/home/rutha/Projects/class_projects/robotics_final/src/farm_robot_navigation' with build type 'ament_cmake'
[0.765s] INFO:colcon.colcon_cmake.task.cmake.build:Building CMake package in '/home/rutha/Projects/class_projects/robotics_final/src/farm_robot_navigation'
[0.765s] INFO:colcon.colcon_core.shell:Skip shell extension 'powershell' for command environment: Not usable outside of PowerShell
[0.766s] DEBUG:colcon.colcon_core.shell:Skip shell extension 'dsv' for command environment
[0.784s] INFO:colcon.colcon_ros.task.ament_python.build:Building ROS package in '/home/rutha/Projects/class_projects/robotics_final/src/farm_robot_perception' with build type 'ament_python'
[0.784s] Level 1:colcon.colcon_core.shell:create_environment_hook('farm_robot_perception', 'ament_prefix_path')
[0.785s] INFO:colcon.colcon_core.shell:Creating environment hook '/home/rutha/Projects/class_projects/robotics_final/install/farm_robot_perception/share/farm_robot_perception/hook/ament_prefix_path.ps1'
[0.787s] INFO:colcon.colcon_core.shell:Creating environment descriptor '/home/rutha/Projects/class_projects/robotics_final/install/farm_robot_perception/share/farm_robot_perception/hook/ament_prefix_path.dsv'
[0.789s] INFO:colcon.colcon_core.shell:Creating environment hook '/home/rutha/Projects/class_projects/robotics_final/install/farm_robot_perception/share/farm_robot_perception/hook/ament_prefix_path.sh'
[0.790s] INFO:colcon.colcon_core.shell:Skip shell extension 'powershell' for command environment: Not usable outside of PowerShell
[0.790s] DEBUG:colcon.colcon_core.shell:Skip shell extension 'dsv' for command environment
[0.813s] DEBUG:colcon.colcon_core.event_handler.log_command:Invoking command in '/home/rutha/Projects/class_projects/robotics_final/build/farm_robot_description': CMAKE_PREFIX_PATH=/home/rutha/ros2_ws/install/urdf_learning:/home/rutha/ros2_ws/install/tutorial_interfaces:/home/rutha/ros2_ws/install/sync_async_node_example_cpp:/home/rutha/ros2_ws/install/more_interfaces:/home/rutha/ros2_ws/install/learning_tf2_cpp:/home/rutha/ros2_ws/install/py_pubsub:/home/rutha/ros2_ws/install/robot_perception_pkg:/home/rutha/ros2_ws/install/python_parameters:/home/rutha/ros2_ws/install/py_srvcli:/home/rutha/ros2_ws/install/py_intermediate:/home/rutha/ros2_ws/install/my_package:/home/rutha/ros2_ws/install/my_intermediate_pkg:/home/rutha/ros2_ws/install/my_first_pkg:/home/rutha/ros2_ws/install/learning_tf2_py:/home/rutha/ros2_ws/install/bag_recorder_nodes_py:/home/rutha/ros2_ws/src/install/robot_perception_pkg:/home/rutha/ros2_ws/src/install/bag_recorder_nodes_py:/opt/ros/humble:/home/rutha/ros2_ws/install/action_tutorials_interfaces:/home/rutha/ros2_ws/task/catkin_ws/install/robot_perception_pkg /usr/bin/cmake /home/rutha/Projects/class_projects/robotics_final/src/farm_robot_description -DCMAKE_INSTALL_PREFIX=/home/rutha/Projects/class_projects/robotics_final/install/farm_robot_description
[0.830s] DEBUG:colcon.colcon_core.event_handler.log_command:Invoking command in '/home/rutha/Projects/class_projects/robotics_final/build/farm_robot_navigation': CMAKE_PREFIX_PATH=/home/rutha/ros2_ws/install/urdf_learning:/home/rutha/ros2_ws/install/tutorial_interfaces:/home/rutha/ros2_ws/install/sync_async_node_example_cpp:/home/rutha/ros2_ws/install/more_interfaces:/home/rutha/ros2_ws/install/learning_tf2_cpp:/home/rutha/ros2_ws/install/py_pubsub:/home/rutha/ros2_ws/install/robot_perception_pkg:/home/rutha/ros2_ws/install/python_parameters:/home/rutha/ros2_ws/install/py_srvcli:/home/rutha/ros2_ws/install/py_intermediate:/home/rutha/ros2_ws/install/my_package:/home/rutha/ros2_ws/install/my_intermediate_pkg:/home/rutha/ros2_ws/install/my_first_pkg:/home/rutha/ros2_ws/install/learning_tf2_py:/home/rutha/ros2_ws/install/bag_recorder_nodes_py:/home/rutha/ros2_ws/src/install/robot_perception_pkg:/home/rutha/ros2_ws/src/install/bag_recorder_nodes_py:/opt/ros/humble:/home/rutha/ros2_ws/install/action_tutorials_interfaces:/home/rutha/ros2_ws/task/catkin_ws/install/robot_perception_pkg /usr/bin/cmake /home/rutha/Projects/class_projects/robotics_final/src/farm_robot_navigation -DCMAKE_INSTALL_PREFIX=/home/rutha/Projects/class_projects/robotics_final/install/farm_robot_navigation
[1.590s] INFO:colcon.colcon_core.task.python.build:Building Python package in '/home/rutha/Projects/class_projects/robotics_final/src/farm_robot_perception'
[1.591s] INFO:colcon.colcon_core.shell:Skip shell extension 'powershell' for command environment: Not usable outside of PowerShell
[1.591s] DEBUG:colcon.colcon_core.shell:Skip shell extension 'dsv' for command environment
[1.608s] DEBUG:colcon.colcon_core.event_handler.log_command:Invoked command in '/home/rutha/Projects/class_projects/robotics_final/build/farm_robot_description' returned '0': CMAKE_PREFIX_PATH=/home/rutha/ros2_ws/install/urdf_learning:/home/rutha/ros2_ws/install/tutorial_interfaces:/home/rutha/ros2_ws/install/sync_async_node_example_cpp:/home/rutha/ros2_ws/install/more_interfaces:/home/rutha/ros2_ws/install/learning_tf2_cpp:/home/rutha/ros2_ws/install/py_pubsub:/home/rutha/ros2_ws/install/robot_perception_pkg:/home/rutha/ros2_ws/install/python_parameters:/home/rutha/ros2_ws/install/py_srvcli:/home/rutha/ros2_ws/install/py_intermediate:/home/rutha/ros2_ws/install/my_package:/home/rutha/ros2_ws/install/my_intermediate_pkg:/home/rutha/ros2_ws/install/my_first_pkg:/home/rutha/ros2_ws/install/learning_tf2_py:/home/rutha/ros2_ws/install/bag_recorder_nodes_py:/home/rutha/ros2_ws/src/install/robot_perception_pkg:/home/rutha/ros2_ws/src/install/bag_recorder_nodes_py:/opt/ros/humble:/home/rutha/ros2_ws/install/action_tutorials_interfaces:/home/rutha/ros2_ws/task/catkin_ws/install/robot_perception_pkg /usr/bin/cmake /home/rutha/Projects/class_projects/robotics_final/src/farm_robot_description -DCMAKE_INSTALL_PREFIX=/home/rutha/Projects/class_projects/robotics_final/install/farm_robot_description
[1.610s] DEBUG:colcon.colcon_core.event_handler.log_command:Invoking command in '/home/rutha/Projects/class_projects/robotics_final/build/farm_robot_description': CMAKE_PREFIX_PATH=/home/rutha/ros2_ws/install/urdf_learning:/home/rutha/ros2_ws/install/tutorial_interfaces:/home/rutha/ros2_ws/install/sync_async_node_example_cpp:/home/rutha/ros2_ws/install/more_interfaces:/home/rutha/ros2_ws/install/learning_tf2_cpp:/home/rutha/ros2_ws/install/py_pubsub:/home/rutha/ros2_ws/install/robot_perception_pkg:/home/rutha/ros2_ws/install/python_parameters:/home/rutha/ros2_ws/install/py_srvcli:/home/rutha/ros2_ws/install/py_intermediate:/home/rutha/ros2_ws/install/my_package:/home/rutha/ros2_ws/install/my_intermediate_pkg:/home/rutha/ros2_ws/install/my_first_pkg:/home/rutha/ros2_ws/install/learning_tf2_py:/home/rutha/ros2_ws/install/bag_recorder_nodes_py:/home/rutha/ros2_ws/src/install/robot_perception_pkg:/home/rutha/ros2_ws/src/install/bag_recorder_nodes_py:/opt/ros/humble:/home/rutha/ros2_ws/install/action_tutorials_interfaces:/home/rutha/ros2_ws/task/catkin_ws/install/robot_perception_pkg /usr/bin/cmake --build /home/rutha/Projects/class_projects/robotics_final/build/farm_robot_description -- -j4 -l4
[1.611s] DEBUG:colcon.colcon_core.event_handler.log_command:Invoked command in '/home/rutha/Projects/class_projects/robotics_final/build/farm_robot_navigation' returned '0': CMAKE_PREFIX_PATH=/home/rutha/ros2_ws/install/urdf_learning:/home/rutha/ros2_ws/install/tutorial_interfaces:/home/rutha/ros2_ws/install/sync_async_node_example_cpp:/home/rutha/ros2_ws/install/more_interfaces:/home/rutha/ros2_ws/install/learning_tf2_cpp:/home/rutha/ros2_ws/install/py_pubsub:/home/rutha/ros2_ws/install/robot_perception_pkg:/home/rutha/ros2_ws/install/python_parameters:/home/rutha/ros2_ws/install/py_srvcli:/home/rutha/ros2_ws/install/py_intermediate:/home/rutha/ros2_ws/install/my_package:/home/rutha/ros2_ws/install/my_intermediate_pkg:/home/rutha/ros2_ws/install/my_first_pkg:/home/rutha/ros2_ws/install/learning_tf2_py:/home/rutha/ros2_ws/install/bag_recorder_nodes_py:/home/rutha/ros2_ws/src/install/robot_perception_pkg:/home/rutha/ros2_ws/src/install/bag_recorder_nodes_py:/opt/ros/humble:/home/rutha/ros2_ws/install/action_tutorials_interfaces:/home/rutha/ros2_ws/task/catkin_ws/install/robot_perception_pkg /usr/bin/cmake /home/rutha/Projects/class_projects/robotics_final/src/farm_robot_navigation -DCMAKE_INSTALL_PREFIX=/home/rutha/Projects/class_projects/robotics_final/install/farm_robot_navigation
[1.616s] DEBUG:colcon.colcon_core.event_handler.log_command:Invoking command in '/home/rutha/Projects/class_projects/robotics_final/build/farm_robot_navigation': CMAKE_PREFIX_PATH=/home/rutha/ros2_ws/install/urdf_learning:/home/rutha/ros2_ws/install/tutorial_interfaces:/home/rutha/ros2_ws/install/sync_async_node_example_cpp:/home/rutha/ros2_ws/install/more_interfaces:/home/rutha/ros2_ws/install/learning_tf2_cpp:/home/rutha/ros2_ws/install/py_pubsub:/home/rutha/ros2_ws/install/robot_perception_pkg:/home/rutha/ros2_ws/install/python_parameters:/home/rutha/ros2_ws/install/py_srvcli:/home/rutha/ros2_ws/install/py_intermediate:/home/rutha/ros2_ws/install/my_package:/home/rutha/ros2_ws/install/my_intermediate_pkg:/home/rutha/ros2_ws/install/my_first_pkg:/home/rutha/ros2_ws/install/learning_tf2_py:/home/rutha/ros2_ws/install/bag_recorder_nodes_py:/home/rutha/ros2_ws/src/install/robot_perception_pkg:/home/rutha/ros2_ws/src/install/bag_recorder_nodes_py:/opt/ros/humble:/home/rutha/ros2_ws/install/action_tutorials_interfaces:/home/rutha/ros2_ws/task/catkin_ws/install/robot_perception_pkg /usr/bin/cmake --build /home/rutha/Projects/class_projects/robotics_final/build/farm_robot_navigation -- -j4 -l4
[1.667s] DEBUG:colcon.colcon_core.event_handler.log_command:Invoked command in '/home/rutha/Projects/class_projects/robotics_final/build/farm_robot_description' returned '0': CMAKE_PREFIX_PATH=/home/rutha/ros2_ws/install/urdf_learning:/home/rutha/ros2_ws/install/tutorial_interfaces:/home/rutha/ros2_ws/install/sync_async_node_example_cpp:/home/rutha/ros2_ws/install/more_interfaces:/home/rutha/ros2_ws/install/learning_tf2_cpp:/home/rutha/ros2_ws/install/py_pubsub:/home/rutha/ros2_ws/install/robot_perception_pkg:/home/rutha/ros2_ws/install/python_parameters:/home/rutha/ros2_ws/install/py_srvcli:/home/rutha/ros2_ws/install/py_intermediate:/home/rutha/ros2_ws/install/my_package:/home/rutha/ros2_ws/install/my_intermediate_pkg:/home/rutha/ros2_ws/install/my_first_pkg:/home/rutha/ros2_ws/install/learning_tf2_py:/home/rutha/ros2_ws/install/bag_recorder_nodes_py:/home/rutha/ros2_ws/src/install/robot_perception_pkg:/home/rutha/ros2_ws/src/install/bag_recorder_nodes_py:/opt/ros/humble:/home/rutha/ros2_ws/install/action_tutorials_interfaces:/home/rutha/ros2_ws/task/catkin_ws/install/robot_perception_pkg /usr/bin/cmake --build /home/rutha/Projects/class_projects/robotics_final/build/farm_robot_description -- -j4 -l4
[1.691s] DEBUG:colcon.colcon_core.event_handler.log_command:Invoking command in '/home/rutha/Projects/class_projects/robotics_final/build/farm_robot_description': CMAKE_PREFIX_PATH=/home/rutha/ros2_ws/install/urdf_learning:/home/rutha/ros2_ws/install/tutorial_interfaces:/home/rutha/ros2_ws/install/sync_async_node_example_cpp:/home/rutha/ros2_ws/install/more_interfaces:/home/rutha/ros2_ws/install/learning_tf2_cpp:/home/rutha/ros2_ws/install/py_pubsub:/home/rutha/ros2_ws/install/robot_perception_pkg:/home/rutha/ros2_ws/install/python_parameters:/home/rutha/ros2_ws/install/py_srvcli:/home/rutha/ros2_ws/install/py_intermediate:/home/rutha/ros2_ws/install/my_package:/home/rutha/ros2_ws/install/my_intermediate_pkg:/home/rutha/ros2_ws/install/my_first_pkg:/home/rutha/ros2_ws/install/learning_tf2_py:/home/rutha/ros2_ws/install/bag_recorder_nodes_py:/home/rutha/ros2_ws/src/install/robot_perception_pkg:/home/rutha/ros2_ws/src/install/bag_recorder_nodes_py:/opt/ros/humble:/home/rutha/ros2_ws/install/action_tutorials_interfaces:/home/rutha/ros2_ws/task/catkin_ws/install/robot_perception_pkg /usr/bin/cmake --install /home/rutha/Projects/class_projects/robotics_final/build/farm_robot_description
[1.704s] DEBUG:colcon.colcon_core.event_handler.log_command:Invoked command in '/home/rutha/Projects/class_projects/robotics_final/build/farm_robot_navigation' returned '0': CMAKE_PREFIX_PATH=/home/rutha/ros2_ws/install/urdf_learning:/home/rutha/ros2_ws/install/tutorial_interfaces:/home/rutha/ros2_ws/install/sync_async_node_example_cpp:/home/rutha/ros2_ws/install/more_interfaces:/home/rutha/ros2_ws/install/learning_tf2_cpp:/home/rutha/ros2_ws/install/py_pubsub:/home/rutha/ros2_ws/install/robot_perception_pkg:/home/rutha/ros2_ws/install/python_parameters:/home/rutha/ros2_ws/install/py_srvcli:/home/rutha/ros2_ws/install/py_intermediate:/home/rutha/ros2_ws/install/my_package:/home/rutha/ros2_ws/install/my_intermediate_pkg:/home/rutha/ros2_ws/install/my_first_pkg:/home/rutha/ros2_ws/install/learning_tf2_py:/home/rutha/ros2_ws/install/bag_recorder_nodes_py:/home/rutha/ros2_ws/src/install/robot_perception_pkg:/home/rutha/ros2_ws/src/install/bag_recorder_nodes_py:/opt/ros/humble:/home/rutha/ros2_ws/install/action_tutorials_interfaces:/home/rutha/ros2_ws/task/catkin_ws/install/robot_perception_pkg /usr/bin/cmake --build /home/rutha/Projects/class_projects/robotics_final/build/farm_robot_navigation -- -j4 -l4
[1.712s] DEBUG:colcon.colcon_core.event_handler.log_command:Invoking command in '/home/rutha/Projects/class_projects/robotics_final/build/farm_robot_navigation': CMAKE_PREFIX_PATH=/home/rutha/ros2_ws/install/urdf_learning:/home/rutha/ros2_ws/install/tutorial_interfaces:/home/rutha/ros2_ws/install/sync_async_node_example_cpp:/home/rutha/ros2_ws/install/more_interfaces:/home/rutha/ros2_ws/install/learning_tf2_cpp:/home/rutha/ros2_ws/install/py_pubsub:/home/rutha/ros2_ws/install/robot_perception_pkg:/home/rutha/ros2_ws/install/python_parameters:/home/rutha/ros2_ws/install/py_srvcli:/home/rutha/ros2_ws/install/py_intermediate:/home/rutha/ros2_ws/install/my_package:/home/rutha/ros2_ws/install/my_intermediate_pkg:/home/rutha/ros2_ws/install/my_first_pkg:/home/rutha/ros2_ws/install/learning_tf2_py:/home/rutha/ros2_ws/install/bag_recorder_nodes_py:/home/rutha/ros2_ws/src/install/robot_perception_pkg:/home/rutha/ros2_ws/src/install/bag_recorder_nodes_py:/opt/ros/humble:/home/rutha/ros2_ws/install/action_tutorials_interfaces:/home/rutha/ros2_ws/task/catkin_ws/install/robot_perception_pkg /usr/bin/cmake --install /home/rutha/Projects/class_projects/robotics_final/build/farm_robot_navigation
[1.756s] Level 1:colcon.colcon_core.environment:create_environment_scripts_only(farm_robot_description)
[1.758s] DEBUG:colcon.colcon_core.event_handler.log_command:Invoked command in '/home/rutha/Projects/class_projects/robotics_final/build/farm_robot_description' returned '0': CMAKE_PREFIX_PATH=/home/rutha/ros2_ws/install/urdf_learning:/home/rutha/ros2_ws/install/tutorial_interfaces:/home/rutha/ros2_ws/install/sync_async_node_example_cpp:/home/rutha/ros2_ws/install/more_interfaces:/home/rutha/ros2_ws/install/learning_tf2_cpp:/home/rutha/ros2_ws/install/py_pubsub:/home/rutha/ros2_ws/install/robot_perception_pkg:/home/rutha/ros2_ws/install/python_parameters:/home/rutha/ros2_ws/install/py_srvcli:/home/rutha/ros2_ws/install/py_intermediate:/home/rutha/ros2_ws/install/my_package:/home/rutha/ros2_ws/install/my_intermediate_pkg:/home/rutha/ros2_ws/install/my_first_pkg:/home/rutha/ros2_ws/install/learning_tf2_py:/home/rutha/ros2_ws/install/bag_recorder_nodes_py:/home/rutha/ros2_ws/src/install/robot_perception_pkg:/home/rutha/ros2_ws/src/install/bag_recorder_nodes_py:/opt/ros/humble:/home/rutha/ros2_ws/install/action_tutorials_interfaces:/home/rutha/ros2_ws/task/catkin_ws/install/robot_perception_pkg /usr/bin/cmake --install /home/rutha/Projects/class_projects/robotics_final/build/farm_robot_description
[1.767s] Level 1:colcon.colcon_core.environment:checking '/home/rutha/Projects/class_projects/robotics_final/install/farm_robot_description' for CMake module files
[1.769s] Level 1:colcon.colcon_core.environment:checking '/home/rutha/Projects/class_projects/robotics_final/install/farm_robot_description' for CMake config files
[1.770s] Level 1:colcon.colcon_core.shell:create_environment_hook('farm_robot_description', 'cmake_prefix_path')
[1.770s] INFO:colcon.colcon_core.shell:Creating environment hook '/home/rutha/Projects/class_projects/robotics_final/install/farm_robot_description/share/farm_robot_description/hook/cmake_prefix_path.ps1'
[1.771s] INFO:colcon.colcon_core.shell:Creating environment descriptor '/home/rutha/Projects/class_projects/robotics_final/install/farm_robot_description/share/farm_robot_description/hook/cmake_prefix_path.dsv'
[1.771s] INFO:colcon.colcon_core.shell:Creating environment hook '/home/rutha/Projects/class_projects/robotics_final/install/farm_robot_description/share/farm_robot_description/hook/cmake_prefix_path.sh'
[1.772s] Level 1:colcon.colcon_core.environment:checking '/home/rutha/Projects/class_projects/robotics_final/install/farm_robot_description/lib'
[1.773s] Level 1:colcon.colcon_core.environment:checking '/home/rutha/Projects/class_projects/robotics_final/install/farm_robot_description/bin'
[1.773s] Level 1:colcon.colcon_core.environment:checking '/home/rutha/Projects/class_projects/robotics_final/install/farm_robot_description/lib/pkgconfig/farm_robot_description.pc'
[1.773s] Level 1:colcon.colcon_core.environment:checking '/home/rutha/Projects/class_projects/robotics_final/install/farm_robot_description/lib/python3.10/site-packages'
[1.774s] Level 1:colcon.colcon_core.environment:checking '/home/rutha/Projects/class_projects/robotics_final/install/farm_robot_description/bin'
[1.774s] INFO:colcon.colcon_core.shell:Creating package script '/home/rutha/Projects/class_projects/robotics_final/install/farm_robot_description/share/farm_robot_description/package.ps1'
[1.776s] INFO:colcon.colcon_core.shell:Creating package descriptor '/home/rutha/Projects/class_projects/robotics_final/install/farm_robot_description/share/farm_robot_description/package.dsv'
[1.779s] INFO:colcon.colcon_core.shell:Creating package script '/home/rutha/Projects/class_projects/robotics_final/install/farm_robot_description/share/farm_robot_description/package.sh'
[1.781s] INFO:colcon.colcon_core.shell:Creating package script '/home/rutha/Projects/class_projects/robotics_final/install/farm_robot_description/share/farm_robot_description/package.bash'
[1.784s] INFO:colcon.colcon_core.shell:Creating package script '/home/rutha/Projects/class_projects/robotics_final/install/farm_robot_description/share/farm_robot_description/package.zsh'
[1.788s] Level 1:colcon.colcon_core.environment:create_file_with_runtime_dependencies(/home/rutha/Projects/class_projects/robotics_final/install/farm_robot_description/share/colcon-core/packages/farm_robot_description)
[1.789s] Level 1:colcon.colcon_core.environment:create_environment_scripts_only(farm_robot_description)
[1.789s] Level 1:colcon.colcon_core.environment:checking '/home/rutha/Projects/class_projects/robotics_final/install/farm_robot_description' for CMake module files
[1.790s] Level 1:colcon.colcon_core.environment:checking '/home/rutha/Projects/class_projects/robotics_final/install/farm_robot_description' for CMake config files
[1.791s] Level 1:colcon.colcon_core.shell:create_environment_hook('farm_robot_description', 'cmake_prefix_path')
[1.791s] INFO:colcon.colcon_core.shell:Creating environment hook '/home/rutha/Projects/class_projects/robotics_final/install/farm_robot_description/share/farm_robot_description/hook/cmake_prefix_path.ps1'
[1.792s] INFO:colcon.colcon_core.shell:Creating environment descriptor '/home/rutha/Projects/class_projects/robotics_final/install/farm_robot_description/share/farm_robot_description/hook/cmake_prefix_path.dsv'
[1.793s] INFO:colcon.colcon_core.shell:Creating environment hook '/home/rutha/Projects/class_projects/robotics_final/install/farm_robot_description/share/farm_robot_description/hook/cmake_prefix_path.sh'
[1.794s] Level 1:colcon.colcon_core.environment:checking '/home/rutha/Projects/class_projects/robotics_final/install/farm_robot_description/lib'
[1.794s] Level 1:colcon.colcon_core.environment:checking '/home/rutha/Projects/class_projects/robotics_final/install/farm_robot_description/bin'
[1.794s] Level 1:colcon.colcon_core.environment:checking '/home/rutha/Projects/class_projects/robotics_final/install/farm_robot_description/lib/pkgconfig/farm_robot_description.pc'
[1.795s] Level 1:colcon.colcon_core.environment:checking '/home/rutha/Projects/class_projects/robotics_final/install/farm_robot_description/lib/python3.10/site-packages'
[1.795s] Level 1:colcon.colcon_core.environment:checking '/home/rutha/Projects/class_projects/robotics_final/install/farm_robot_description/bin'
[1.796s] INFO:colcon.colcon_core.shell:Creating package script '/home/rutha/Projects/class_projects/robotics_final/install/farm_robot_description/share/farm_robot_description/package.ps1'
[1.797s] INFO:colcon.colcon_core.shell:Creating package descriptor '/home/rutha/Projects/class_projects/robotics_final/install/farm_robot_description/share/farm_robot_description/package.dsv'
[1.797s] INFO:colcon.colcon_core.shell:Creating package script '/home/rutha/Projects/class_projects/robotics_final/install/farm_robot_description/share/farm_robot_description/package.sh'
[1.798s] INFO:colcon.colcon_core.shell:Creating package script '/home/rutha/Projects/class_projects/robotics_final/install/farm_robot_description/share/farm_robot_description/package.bash'
[1.799s] INFO:colcon.colcon_core.shell:Creating package script '/home/rutha/Projects/class_projects/robotics_final/install/farm_robot_description/share/farm_robot_description/package.zsh'
[1.800s] Level 1:colcon.colcon_core.environment:create_file_with_runtime_dependencies(/home/rutha/Projects/class_projects/robotics_final/install/farm_robot_description/share/colcon-core/packages/farm_robot_description)
[1.801s] Level 1:colcon.colcon_core.environment:create_environment_scripts_only(farm_robot_navigation)
[1.802s] Level 1:colcon.colcon_core.environment:checking '/home/rutha/Projects/class_projects/robotics_final/install/farm_robot_navigation' for CMake module files
[1.803s] DEBUG:colcon.colcon_core.event_handler.log_command:Invoked command in '/home/rutha/Projects/class_projects/robotics_final/build/farm_robot_navigation' returned '0': CMAKE_PREFIX_PATH=/home/rutha/ros2_ws/install/urdf_learning:/home/rutha/ros2_ws/install/tutorial_interfaces:/home/rutha/ros2_ws/install/sync_async_node_example_cpp:/home/rutha/ros2_ws/install/more_interfaces:/home/rutha/ros2_ws/install/learning_tf2_cpp:/home/rutha/ros2_ws/install/py_pubsub:/home/rutha/ros2_ws/install/robot_perception_pkg:/home/rutha/ros2_ws/install/python_parameters:/home/rutha/ros2_ws/install/py_srvcli:/home/rutha/ros2_ws/install/py_intermediate:/home/rutha/ros2_ws/install/my_package:/home/rutha/ros2_ws/install/my_intermediate_pkg:/home/rutha/ros2_ws/install/my_first_pkg:/home/rutha/ros2_ws/install/learning_tf2_py:/home/rutha/ros2_ws/install/bag_recorder_nodes_py:/home/rutha/ros2_ws/src/install/robot_perception_pkg:/home/rutha/ros2_ws/src/install/bag_recorder_nodes_py:/opt/ros/humble:/home/rutha/ros2_ws/install/action_tutorials_interfaces:/home/rutha/ros2_ws/task/catkin_ws/install/robot_perception_pkg /usr/bin/cmake --install /home/rutha/Projects/class_projects/robotics_final/build/farm_robot_navigation
[1.804s] Level 1:colcon.colcon_core.environment:checking '/home/rutha/Projects/class_projects/robotics_final/install/farm_robot_navigation' for CMake config files
[1.805s] Level 1:colcon.colcon_core.shell:create_environment_hook('farm_robot_navigation', 'cmake_prefix_path')
[1.805s] INFO:colcon.colcon_core.shell:Creating environment hook '/home/rutha/Projects/class_projects/robotics_final/install/farm_robot_navigation/share/farm_robot_navigation/hook/cmake_prefix_path.ps1'
[1.806s] INFO:colcon.colcon_core.shell:Creating environment descriptor '/home/rutha/Projects/class_projects/robotics_final/install/farm_robot_navigation/share/farm_robot_navigation/hook/cmake_prefix_path.dsv'
[1.806s] INFO:colcon.colcon_core.shell:Creating environment hook '/home/rutha/Projects/class_projects/robotics_final/install/farm_robot_navigation/share/farm_robot_navigation/hook/cmake_prefix_path.sh'
[1.807s] Level 1:colcon.colcon_core.environment:checking '/home/rutha/Projects/class_projects/robotics_final/install/farm_robot_navigation/lib'
[1.807s] Level 1:colcon.colcon_core.environment:checking '/home/rutha/Projects/class_projects/robotics_final/install/farm_robot_navigation/bin'
[1.808s] Level 1:colcon.colcon_core.environment:checking '/home/rutha/Projects/class_projects/robotics_final/install/farm_robot_navigation/lib/pkgconfig/farm_robot_navigation.pc'
[1.808s] Level 1:colcon.colcon_core.environment:checking '/home/rutha/Projects/class_projects/robotics_final/install/farm_robot_navigation/lib/python3.10/site-packages'
[1.808s] Level 1:colcon.colcon_core.environment:checking '/home/rutha/Projects/class_projects/robotics_final/install/farm_robot_navigation/bin'
[1.809s] INFO:colcon.colcon_core.shell:Creating package script '/home/rutha/Projects/class_projects/robotics_final/install/farm_robot_navigation/share/farm_robot_navigation/package.ps1'
[1.810s] INFO:colcon.colcon_core.shell:Creating package descriptor '/home/rutha/Projects/class_projects/robotics_final/install/farm_robot_navigation/share/farm_robot_navigation/package.dsv'
[1.810s] INFO:colcon.colcon_core.shell:Creating package script '/home/rutha/Projects/class_projects/robotics_final/install/farm_robot_navigation/share/farm_robot_navigation/package.sh'
[1.811s] INFO:colcon.colcon_core.shell:Creating package script '/home/rutha/Projects/class_projects/robotics_final/install/farm_robot_navigation/share/farm_robot_navigation/package.bash'
[1.811s] INFO:colcon.colcon_core.shell:Creating package script '/home/rutha/Projects/class_projects/robotics_final/install/farm_robot_navigation/share/farm_robot_navigation/package.zsh'
[1.812s] Level 1:colcon.colcon_core.environment:create_file_with_runtime_dependencies(/home/rutha/Projects/class_projects/robotics_final/install/farm_robot_navigation/share/colcon-core/packages/farm_robot_navigation)
[1.813s] Level 1:colcon.colcon_core.environment:create_environment_scripts_only(farm_robot_navigation)
[1.813s] Level 1:colcon.colcon_core.environment:checking '/home/rutha/Projects/class_projects/robotics_final/install/farm_robot_navigation' for CMake module files
[1.814s] Level 1:colcon.colcon_core.environment:checking '/home/rutha/Projects/class_projects/robotics_final/install/farm_robot_navigation' for CMake config files
[1.815s] Level 1:colcon.colcon_core.shell:create_environment_hook('farm_robot_navigation', 'cmake_prefix_path')
[1.816s] INFO:colcon.colcon_core.shell:Creating environment hook '/home/rutha/Projects/class_projects/robotics_final/install/farm_robot_navigation/share/farm_robot_navigation/hook/cmake_prefix_path.ps1'
[1.817s] INFO:colcon.colcon_core.shell:Creating environment descriptor '/home/rutha/Projects/class_projects/robotics_final/install/farm_robot_navigation/share/farm_robot_navigation/hook/cmake_prefix_path.dsv'
[1.817s] INFO:colcon.colcon_core.shell:Creating environment hook '/home/rutha/Projects/class_projects/robotics_final/install/farm_robot_navigation/share/farm_robot_navigation/hook/cmake_prefix_path.sh'
[1.819s] Level 1:colcon.colcon_core.environment:checking '/home/rutha/Projects/class_projects/robotics_final/install/farm_robot_navigation/lib'
[1.819s] Level 1:colcon.colcon_core.environment:checking '/home/rutha/Projects/class_projects/robotics_final/install/farm_robot_navigation/bin'
[1.819s] Level 1:colcon.colcon_core.environment:checking '/home/rutha/Projects/class_projects/robotics_final/install/farm_robot_navigation/lib/pkgconfig/farm_robot_navigation.pc'
[1.820s] Level 1:colcon.colcon_core.environment:checking '/home/rutha/Projects/class_projects/robotics_final/install/farm_robot_navigation/lib/python3.10/site-packages'
[1.821s] Level 1:colcon.colcon_core.environment:checking '/home/rutha/Projects/class_projects/robotics_final/install/farm_robot_navigation/bin'
[1.821s] INFO:colcon.colcon_core.shell:Creating package script '/home/rutha/Projects/class_projects/robotics_final/install/farm_robot_navigation/share/farm_robot_navigation/package.ps1'
[1.822s] INFO:colcon.colcon_core.shell:Creating package descriptor '/home/rutha/Projects/class_projects/robotics_final/install/farm_robot_navigation/share/farm_robot_navigation/package.dsv'
[1.823s] INFO:colcon.colcon_core.shell:Creating package script '/home/rutha/Projects/class_projects/robotics_final/install/farm_robot_navigation/share/farm_robot_navigation/package.sh'
[1.824s] INFO:colcon.colcon_core.shell:Creating package script '/home/rutha/Projects/class_projects/robotics_final/install/farm_robot_navigation/share/farm_robot_navigation/package.bash'
[1.825s] INFO:colcon.colcon_core.shell:Creating package script '/home/rutha/Projects/class_projects/robotics_final/install/farm_robot_navigation/share/farm_robot_navigation/package.zsh'
[1.828s] Level 1:colcon.colcon_core.environment:create_file_with_runtime_dependencies(/home/rutha/Projects/class_projects/robotics_final/install/farm_robot_navigation/share/colcon-core/packages/farm_robot_navigation)
[2.437s] DEBUG:colcon.colcon_core.event_handler.log_command:Invoking command in '/home/rutha/Projects/class_projects/robotics_final/build/farm_robot_perception': PYTHONPATH=/home/rutha/Projects/class_projects/robotics_final/build/farm_robot_perception/prefix_override:/usr/lib/python3/dist-packages/colcon_core/task/python/colcon_distutils_commands:/home/rutha/Projects/class_projects/robotics_final/install/farm_robot_perception/lib/python3.10/site-packages:${PYTHONPATH} /usr/bin/python3 -W ignore:setup.py install is deprecated -W ignore:easy_install command is deprecated setup.py develop --uninstall --editable --build-directory /home/rutha/Projects/class_projects/robotics_final/build/farm_robot_perception/build
[3.338s] DEBUG:colcon.colcon_core.event_handler.log_command:Invoked command in '/home/rutha/Projects/class_projects/robotics_final/build/farm_robot_perception' returned '0': PYTHONPATH=/home/rutha/Projects/class_projects/robotics_final/build/farm_robot_perception/prefix_override:/usr/lib/python3/dist-packages/colcon_core/task/python/colcon_distutils_commands:/home/rutha/Projects/class_projects/robotics_final/install/farm_robot_perception/lib/python3.10/site-packages:${PYTHONPATH} /usr/bin/python3 -W ignore:setup.py install is deprecated -W ignore:easy_install command is deprecated setup.py develop --uninstall --editable --build-directory /home/rutha/Projects/class_projects/robotics_final/build/farm_robot_perception/build
[3.341s] DEBUG:colcon.colcon_core.event_handler.log_command:Invoking command in '/home/rutha/Projects/class_projects/robotics_final/src/farm_robot_perception': PYTHONPATH=/home/rutha/Projects/class_projects/robotics_final/build/farm_robot_perception/prefix_override:/usr/lib/python3/dist-packages/colcon_core/task/python/colcon_distutils_commands:/home/rutha/Projects/class_projects/robotics_final/install/farm_robot_perception/lib/python3.10/site-packages:${PYTHONPATH} /usr/bin/python3 -W ignore:setup.py install is deprecated -W ignore:easy_install command is deprecated setup.py egg_info --egg-base ../../build/farm_robot_perception build --build-base /home/rutha/Projects/class_projects/robotics_final/build/farm_robot_perception/build install --record /home/rutha/Projects/class_projects/robotics_final/build/farm_robot_perception/install.log --single-version-externally-managed install_data --force
[3.852s] Level 1:colcon.colcon_core.environment:checking '/home/rutha/Projects/class_projects/robotics_final/install/farm_robot_perception' for CMake module files
[3.853s] DEBUG:colcon.colcon_core.event_handler.log_command:Invoked command in '/home/rutha/Projects/class_projects/robotics_final/src/farm_robot_perception' returned '0': PYTHONPATH=/home/rutha/Projects/class_projects/robotics_final/build/farm_robot_perception/prefix_override:/usr/lib/python3/dist-packages/colcon_core/task/python/colcon_distutils_commands:/home/rutha/Projects/class_projects/robotics_final/install/farm_robot_perception/lib/python3.10/site-packages:${PYTHONPATH} /usr/bin/python3 -W ignore:setup.py install is deprecated -W ignore:easy_install command is deprecated setup.py egg_info --egg-base ../../build/farm_robot_perception build --build-base /home/rutha/Projects/class_projects/robotics_final/build/farm_robot_perception/build install --record /home/rutha/Projects/class_projects/robotics_final/build/farm_robot_perception/install.log --single-version-externally-managed install_data --force
[3.853s] Level 1:colcon.colcon_core.environment:checking '/home/rutha/Projects/class_projects/robotics_final/install/farm_robot_perception' for CMake config files
[3.854s] Level 1:colcon.colcon_core.environment:checking '/home/rutha/Projects/class_projects/robotics_final/install/farm_robot_perception/lib'
[3.854s] Level 1:colcon.colcon_core.environment:checking '/home/rutha/Projects/class_projects/robotics_final/install/farm_robot_perception/bin'
[3.854s] Level 1:colcon.colcon_core.environment:checking '/home/rutha/Projects/class_projects/robotics_final/install/farm_robot_perception/lib/pkgconfig/farm_robot_perception.pc'
[3.855s] Level 1:colcon.colcon_core.environment:checking '/home/rutha/Projects/class_projects/robotics_final/install/farm_robot_perception/lib/python3.10/site-packages'
[3.855s] Level 1:colcon.colcon_core.shell:create_environment_hook('farm_robot_perception', 'pythonpath')
[3.855s] INFO:colcon.colcon_core.shell:Creating environment hook '/home/rutha/Projects/class_projects/robotics_final/install/farm_robot_perception/share/farm_robot_perception/hook/pythonpath.ps1'
[3.856s] INFO:colcon.colcon_core.shell:Creating environment descriptor '/home/rutha/Projects/class_projects/robotics_final/install/farm_robot_perception/share/farm_robot_perception/hook/pythonpath.dsv'
[3.856s] INFO:colcon.colcon_core.shell:Creating environment hook '/home/rutha/Projects/class_projects/robotics_final/install/farm_robot_perception/share/farm_robot_perception/hook/pythonpath.sh'
[3.857s] Level 1:colcon.colcon_core.environment:checking '/home/rutha/Projects/class_projects/robotics_final/install/farm_robot_perception/bin'
[3.857s] Level 1:colcon.colcon_core.environment:create_environment_scripts_only(farm_robot_perception)
[3.857s] INFO:colcon.colcon_core.shell:Creating package script '/home/rutha/Projects/class_projects/robotics_final/install/farm_robot_perception/share/farm_robot_perception/package.ps1'
[3.858s] INFO:colcon.colcon_core.shell:Creating package descriptor '/home/rutha/Projects/class_projects/robotics_final/install/farm_robot_perception/share/farm_robot_perception/package.dsv'
[3.859s] INFO:colcon.colcon_core.shell:Creating package script '/home/rutha/Projects/class_projects/robotics_final/install/farm_robot_perception/share/farm_robot_perception/package.sh'
[3.859s] INFO:colcon.colcon_core.shell:Creating package script '/home/rutha/Projects/class_projects/robotics_final/install/farm_robot_perception/share/farm_robot_perception/package.bash'
[3.860s] INFO:colcon.colcon_core.shell:Creating package script '/home/rutha/Projects/class_projects/robotics_final/install/farm_robot_perception/share/farm_robot_perception/package.zsh'
[3.860s] Level 1:colcon.colcon_core.environment:create_file_with_runtime_dependencies(/home/rutha/Projects/class_projects/robotics_final/install/farm_robot_perception/share/colcon-core/packages/farm_robot_perception)
[3.860s] INFO:colcon.colcon_ros.task.ament_python.build:Building ROS package in '/home/rutha/Projects/class_projects/robotics_final/src/farm_robot_bringup' with build type 'ament_python'
[3.861s] Level 1:colcon.colcon_core.shell:create_environment_hook('farm_robot_bringup', 'ament_prefix_path')
[3.861s] INFO:colcon.colcon_core.shell:Creating environment hook '/home/rutha/Projects/class_projects/robotics_final/install/farm_robot_bringup/share/farm_robot_bringup/hook/ament_prefix_path.ps1'
[3.862s] INFO:colcon.colcon_core.shell:Creating environment descriptor '/home/rutha/Projects/class_projects/robotics_final/install/farm_robot_bringup/share/farm_robot_bringup/hook/ament_prefix_path.dsv'
[3.863s] INFO:colcon.colcon_core.shell:Creating environment hook '/home/rutha/Projects/class_projects/robotics_final/install/farm_robot_bringup/share/farm_robot_bringup/hook/ament_prefix_path.sh'
[3.864s] INFO:colcon.colcon_core.shell:Skip shell extension 'powershell' for command environment: Not usable outside of PowerShell
[3.864s] DEBUG:colcon.colcon_core.shell:Skip shell extension 'dsv' for command environment
[4.419s] INFO:colcon.colcon_core.task.python.build:Building Python package in '/home/rutha/Projects/class_projects/robotics_final/src/farm_robot_bringup'
[4.419s] INFO:colcon.colcon_core.shell:Skip shell extension 'powershell' for command environment: Not usable outside of PowerShell
[4.419s] DEBUG:colcon.colcon_core.shell:Skip shell extension 'dsv' for command environment
[5.045s] DEBUG:colcon.colcon_core.event_handler.log_command:Invoking command in '/home/rutha/Projects/class_projects/robotics_final/build/farm_robot_bringup': AMENT_PREFIX_PATH=/home/rutha/Projects/class_projects/robotics_final/install/farm_robot_perception:/home/rutha/Projects/class_projects/robotics_final/install/farm_robot_navigation:/home/rutha/Projects/class_projects/robotics_final/install/farm_robot_description:${AMENT_PREFIX_PATH} CMAKE_PREFIX_PATH=/home/rutha/Projects/class_projects/robotics_final/install/farm_robot_navigation:/home/rutha/Projects/class_projects/robotics_final/install/farm_robot_description:${CMAKE_PREFIX_PATH} PYTHONPATH=/home/rutha/Projects/class_projects/robotics_final/build/farm_robot_bringup/prefix_override:/usr/lib/python3/dist-packages/colcon_core/task/python/colcon_distutils_commands:/home/rutha/Projects/class_projects/robotics_final/install/farm_robot_bringup/lib/python3.10/site-packages:/home/rutha/Projects/class_projects/robotics_final/install/farm_robot_perception/lib/python3.10/site-packages:${PYTHONPATH} /usr/bin/python3 -W ignore:setup.py install is deprecated -W ignore:easy_install command is deprecated setup.py develop --uninstall --editable --build-directory /home/rutha/Projects/class_projects/robotics_final/build/farm_robot_bringup/build
[5.864s] DEBUG:colcon.colcon_core.event_handler.log_command:Invoked command in '/home/rutha/Projects/class_projects/robotics_final/build/farm_robot_bringup' returned '0': AMENT_PREFIX_PATH=/home/rutha/Projects/class_projects/robotics_final/install/farm_robot_perception:/home/rutha/Projects/class_projects/robotics_final/install/farm_robot_navigation:/home/rutha/Projects/class_projects/robotics_final/install/farm_robot_description:${AMENT_PREFIX_PATH} CMAKE_PREFIX_PATH=/home/rutha/Projects/class_projects/robotics_final/install/farm_robot_navigation:/home/rutha/Projects/class_projects/robotics_final/install/farm_robot_description:${CMAKE_PREFIX_PATH} PYTHONPATH=/home/rutha/Projects/class_projects/robotics_final/build/farm_robot_bringup/prefix_override:/usr/lib/python3/dist-packages/colcon_core/task/python/colcon_distutils_commands:/home/rutha/Projects/class_projects/robotics_final/install/farm_robot_bringup/lib/python3.10/site-packages:/home/rutha/Projects/class_projects/robotics_final/install/farm_robot_perception/lib/python3.10/site-packages:${PYTHONPATH} /usr/bin/python3 -W ignore:setup.py install is deprecated -W ignore:easy_install command is deprecated setup.py develop --uninstall --editable --build-directory /home/rutha/Projects/class_projects/robotics_final/build/farm_robot_bringup/build
[5.867s] DEBUG:colcon.colcon_core.event_handler.log_command:Invoking command in '/home/rutha/Projects/class_projects/robotics_final/src/farm_robot_bringup': AMENT_PREFIX_PATH=/home/rutha/Projects/class_projects/robotics_final/install/farm_robot_perception:/home/rutha/Projects/class_projects/robotics_final/install/farm_robot_navigation:/home/rutha/Projects/class_projects/robotics_final/install/farm_robot_description:${AMENT_PREFIX_PATH} CMAKE_PREFIX_PATH=/home/rutha/Projects/class_projects/robotics_final/install/farm_robot_navigation:/home/rutha/Projects/class_projects/robotics_final/install/farm_robot_description:${CMAKE_PREFIX_PATH} PYTHONPATH=/home/rutha/Projects/class_projects/robotics_final/build/farm_robot_bringup/prefix_override:/usr/lib/python3/dist-packages/colcon_core/task/python/colcon_distutils_commands:/home/rutha/Projects/class_projects/robotics_final/install/farm_robot_bringup/lib/python3.10/site-packages:/home/rutha/Projects/class_projects/robotics_final/install/farm_robot_perception/lib/python3.10/site-packages:${PYTHONPATH} /usr/bin/python3 -W ignore:setup.py install is deprecated -W ignore:easy_install command is deprecated setup.py egg_info --egg-base ../../build/farm_robot_bringup build --build-base /home/rutha/Projects/class_projects/robotics_final/build/farm_robot_bringup/build install --record /home/rutha/Projects/class_projects/robotics_final/build/farm_robot_bringup/install.log --single-version-externally-managed install_data --force
[6.402s] Level 1:colcon.colcon_core.environment:checking '/home/rutha/Projects/class_projects/robotics_final/install/farm_robot_bringup' for CMake module files
[6.404s] DEBUG:colcon.colcon_core.event_handler.log_command:Invoked command in '/home/rutha/Projects/class_projects/robotics_final/src/farm_robot_bringup' returned '0': AMENT_PREFIX_PATH=/home/rutha/Projects/class_projects/robotics_final/install/farm_robot_perception:/home/rutha/Projects/class_projects/robotics_final/install/farm_robot_navigation:/home/rutha/Projects/class_projects/robotics_final/install/farm_robot_description:${AMENT_PREFIX_PATH} CMAKE_PREFIX_PATH=/home/rutha/Projects/class_projects/robotics_final/install/farm_robot_navigation:/home/rutha/Projects/class_projects/robotics_final/install/farm_robot_description:${CMAKE_PREFIX_PATH} PYTHONPATH=/home/rutha/Projects/class_projects/robotics_final/build/farm_robot_bringup/prefix_override:/usr/lib/python3/dist-packages/colcon_core/task/python/colcon_distutils_commands:/home/rutha/Projects/class_projects/robotics_final/install/farm_robot_bringup/lib/python3.10/site-packages:/home/rutha/Projects/class_projects/robotics_final/install/farm_robot_perception/lib/python3.10/site-packages:${PYTHONPATH} /usr/bin/python3 -W ignore:setup.py install is deprecated -W ignore:easy_install command is deprecated setup.py egg_info --egg-base ../../build/farm_robot_bringup build --build-base /home/rutha/Projects/class_projects/robotics_final/build/farm_robot_bringup/build install --record /home/rutha/Projects/class_projects/robotics_final/build/farm_robot_bringup/install.log --single-version-externally-managed install_data --force
[6.404s] Level 1:colcon.colcon_core.environment:checking '/home/rutha/Projects/class_projects/robotics_final/install/farm_robot_bringup' for CMake config files
[6.405s] Level 1:colcon.colcon_core.environment:checking '/home/rutha/Projects/class_projects/robotics_final/install/farm_robot_bringup/lib'
[6.405s] Level 1:colcon.colcon_core.environment:checking '/home/rutha/Projects/class_projects/robotics_final/install/farm_robot_bringup/bin'
[6.405s] Level 1:colcon.colcon_core.environment:checking '/home/rutha/Projects/class_projects/robotics_final/install/farm_robot_bringup/lib/pkgconfig/farm_robot_bringup.pc'
[6.406s] Level 1:colcon.colcon_core.environment:checking '/home/rutha/Projects/class_projects/robotics_final/install/farm_robot_bringup/lib/python3.10/site-packages'
[6.406s] Level 1:colcon.colcon_core.shell:create_environment_hook('farm_robot_bringup', 'pythonpath')
[6.406s] INFO:colcon.colcon_core.shell:Creating environment hook '/home/rutha/Projects/class_projects/robotics_final/install/farm_robot_bringup/share/farm_robot_bringup/hook/pythonpath.ps1'
[6.407s] INFO:colcon.colcon_core.shell:Creating environment descriptor '/home/rutha/Projects/class_projects/robotics_final/install/farm_robot_bringup/share/farm_robot_bringup/hook/pythonpath.dsv'
[6.408s] INFO:colcon.colcon_core.shell:Creating environment hook '/home/rutha/Projects/class_projects/robotics_final/install/farm_robot_bringup/share/farm_robot_bringup/hook/pythonpath.sh'
[6.409s] Level 1:colcon.colcon_core.environment:checking '/home/rutha/Projects/class_projects/robotics_final/install/farm_robot_bringup/bin'
[6.409s] Level 1:colcon.colcon_core.environment:create_environment_scripts_only(farm_robot_bringup)
[6.409s] INFO:colcon.colcon_core.shell:Creating package script '/home/rutha/Projects/class_projects/robotics_final/install/farm_robot_bringup/share/farm_robot_bringup/package.ps1'
[6.410s] INFO:colcon.colcon_core.shell:Creating package descriptor '/home/rutha/Projects/class_projects/robotics_final/install/farm_robot_bringup/share/farm_robot_bringup/package.dsv'
[6.410s] INFO:colcon.colcon_core.shell:Creating package script '/home/rutha/Projects/class_projects/robotics_final/install/farm_robot_bringup/share/farm_robot_bringup/package.sh'
[6.411s] INFO:colcon.colcon_core.shell:Creating package script '/home/rutha/Projects/class_projects/robotics_final/install/farm_robot_bringup/share/farm_robot_bringup/package.bash'
[6.411s] INFO:colcon.colcon_core.shell:Creating package script '/home/rutha/Projects/class_projects/robotics_final/install/farm_robot_bringup/share/farm_robot_bringup/package.zsh'
[6.412s] Level 1:colcon.colcon_core.environment:create_file_with_runtime_dependencies(/home/rutha/Projects/class_projects/robotics_final/install/farm_robot_bringup/share/colcon-core/packages/farm_robot_bringup)
[6.412s] DEBUG:colcon.colcon_parallel_executor.executor.parallel:closing loop
[6.413s] DEBUG:colcon.colcon_parallel_executor.executor.parallel:loop closed
[6.413s] DEBUG:colcon.colcon_parallel_executor.executor.parallel:run_until_complete finished with '0'
[6.414s] DEBUG:colcon.colcon_core.event_reactor:joining thread
[6.423s] INFO:colcon.colcon_core.plugin_system:Skipping extension 'colcon_notification.desktop_notification.terminal_notifier': Not used on non-Darwin systems
[6.423s] INFO:colcon.colcon_core.plugin_system:Skipping extension 'colcon_notification.desktop_notification.win32': Not used on non-Windows systems
[6.423s] INFO:colcon.colcon_notification.desktop_notification:Sending desktop notification using 'notify2'
[6.461s] DEBUG:colcon.colcon_core.event_reactor:joined thread
[6.462s] INFO:colcon.colcon_core.shell:Creating prefix script '/home/rutha/Projects/class_projects/robotics_final/install/local_setup.ps1'
[6.465s] INFO:colcon.colcon_core.shell:Creating prefix util module '/home/rutha/Projects/class_projects/robotics_final/install/_local_setup_util_ps1.py'
[6.469s] INFO:colcon.colcon_core.shell:Creating prefix chain script '/home/rutha/Projects/class_projects/robotics_final/install/setup.ps1'
[6.474s] INFO:colcon.colcon_core.shell:Creating prefix script '/home/rutha/Projects/class_projects/robotics_final/install/local_setup.sh'
[6.475s] INFO:colcon.colcon_core.shell:Creating prefix util module '/home/rutha/Projects/class_projects/robotics_final/install/_local_setup_util_sh.py'
[6.476s] INFO:colcon.colcon_core.shell:Creating prefix chain script '/home/rutha/Projects/class_projects/robotics_final/install/setup.sh'
[6.481s] INFO:colcon.colcon_core.shell:Creating prefix script '/home/rutha/Projects/class_projects/robotics_final/install/local_setup.bash'
[6.482s] INFO:colcon.colcon_core.shell:Creating prefix chain script '/home/rutha/Projects/class_projects/robotics_final/install/setup.bash'
[6.486s] INFO:colcon.colcon_core.shell:Creating prefix script '/home/rutha/Projects/class_projects/robotics_final/install/local_setup.zsh'
[6.488s] INFO:colcon.colcon_core.shell:Creating prefix chain script '/home/rutha/Projects/class_projects/robotics_final/install/setup.zsh'
