running egg_info
writing ../../build/farm_robot_perception/farm_robot_perception.egg-info/PKG-INFO
writing dependency_links to ../../build/farm_robot_perception/farm_robot_perception.egg-info/dependency_links.txt
writing entry points to ../../build/farm_robot_perception/farm_robot_perception.egg-info/entry_points.txt
writing requirements to ../../build/farm_robot_perception/farm_robot_perception.egg-info/requires.txt
writing top-level names to ../../build/farm_robot_perception/farm_robot_perception.egg-info/top_level.txt
reading manifest file '../../build/farm_robot_perception/farm_robot_perception.egg-info/SOURCES.txt'
writing manifest file '../../build/farm_robot_perception/farm_robot_perception.egg-info/SOURCES.txt'
running build
running build_py
copying farm_robot_perception/crop_stress_node.py -> /home/rutha/Projects/class_projects/robotics_final/build/farm_robot_perception/build/lib/farm_robot_perception
running install
running install_lib
copying /home/rutha/Projects/class_projects/robotics_final/build/farm_robot_perception/build/lib/farm_robot_perception/crop_stress_node.py -> /home/rutha/Projects/class_projects/robotics_final/install/farm_robot_perception/lib/python3.10/site-packages/farm_robot_perception
byte-compiling /home/rutha/Projects/class_projects/robotics_final/install/farm_robot_perception/lib/python3.10/site-packages/farm_robot_perception/crop_stress_node.py to crop_stress_node.cpython-310.pyc
running install_data
running install_egg_info
removing '/home/rutha/Projects/class_projects/robotics_final/install/farm_robot_perception/lib/python3.10/site-packages/farm_robot_perception-0.1.0-py3.10.egg-info' (and everything under it)
Copying ../../build/farm_robot_perception/farm_robot_perception.egg-info to /home/rutha/Projects/class_projects/robotics_final/install/farm_robot_perception/lib/python3.10/site-packages/farm_robot_perception-0.1.0-py3.10.egg-info
running install_scripts
Installing crop_stress_node script to /home/rutha/Projects/class_projects/robotics_final/install/farm_robot_perception/lib/farm_robot_perception
writing list of installed files to '/home/rutha/Projects/class_projects/robotics_final/build/farm_robot_perception/install.log'
