[0.780s] DEBUG:colcon:Command line arguments: ['/usr/bin/colcon', 'build', '--packages-select', 'farm_robot_navigation']
[0.781s] DEBUG:colcon:Parsed command line arguments: Namespace(log_base=None, log_level=None, verb_name='build', build_base='build', install_base='install', merge_install=False, symlink_install=False, test_result_base=None, continue_on_error=False, executor='parallel', parallel_workers=4, event_handlers=None, ignore_user_meta=False, metas=['./colcon.meta'], base_paths=['.'], packages_ignore=None, packages_ignore_regex=None, paths=None, packages_up_to=None, packages_up_to_regex=None, packages_above=None, packages_above_and_dependencies=None, packages_above_depth=None, packages_select_by_dep=None, packages_skip_by_dep=None, packages_skip_up_to=None, packages_select_build_failed=False, packages_skip_build_finished=False, packages_select_test_failures=False, packages_skip_test_passed=False, packages_select=['farm_robot_navigation'], packages_skip=None, packages_select_regex=None, packages_skip_regex=None, packages_start=None, packages_end=None, allow_overriding=[], cmake_args=None, cmake_target=None, cmake_target_skip_unavailable=False, cmake_clean_cache=False, cmake_clean_first=False, cmake_force_configure=False, ament_cmake_args=None, catkin_cmake_args=None, catkin_skip_building_tests=False, mixin_files=None, mixin=None, verb_parser=<colcon_mixin.mixin.mixin_argument.MixinArgumentDecorator object at 0x72725719bca0>, verb_extension=<colcon_core.verb.build.BuildVerb object at 0x72725719b580>, main=<bound method BuildVerb.main of <colcon_core.verb.build.BuildVerb object at 0x72725719b580>>, mixin_verb=('build',))
[1.866s] Level 1:colcon.colcon_core.package_discovery:discover_packages(colcon_meta) check parameters
[1.866s] Level 1:colcon.colcon_core.package_discovery:discover_packages(recursive) check parameters
[1.867s] Level 1:colcon.colcon_core.package_discovery:discover_packages(ignore) check parameters
[1.867s] Level 1:colcon.colcon_core.package_discovery:discover_packages(path) check parameters
[1.867s] Level 1:colcon.colcon_core.package_discovery:discover_packages(colcon_meta) discover
[1.867s] Level 1:colcon.colcon_core.package_discovery:discover_packages(recursive) discover
[1.867s] INFO:colcon.colcon_core.package_discovery:Crawling recursively for packages in '/home/rutha/Projects/class_projects/robotics_final'
[1.867s] Level 1:colcon.colcon_core.package_identification:_identify(.) by extensions ['ignore', 'ignore_ament_install']
[1.868s] Level 1:colcon.colcon_core.package_identification:_identify(.) by extension 'ignore'
[1.868s] Level 1:colcon.colcon_core.package_identification:_identify(.) by extension 'ignore_ament_install'
[1.868s] Level 1:colcon.colcon_core.package_identification:_identify(.) by extensions ['colcon_pkg']
[1.868s] Level 1:colcon.colcon_core.package_identification:_identify(.) by extension 'colcon_pkg'
[1.868s] Level 1:colcon.colcon_core.package_identification:_identify(.) by extensions ['colcon_meta']
[1.868s] Level 1:colcon.colcon_core.package_identification:_identify(.) by extension 'colcon_meta'
[1.868s] Level 1:colcon.colcon_core.package_identification:_identify(.) by extensions ['ros']
[1.868s] Level 1:colcon.colcon_core.package_identification:_identify(.) by extension 'ros'
[1.949s] Level 1:colcon.colcon_core.package_identification:_identify(.) by extensions ['cmake', 'python']
[1.949s] Level 1:colcon.colcon_core.package_identification:_identify(.) by extension 'cmake'
[1.949s] Level 1:colcon.colcon_core.package_identification:_identify(.) by extension 'python'
[1.949s] Level 1:colcon.colcon_core.package_identification:_identify(.) by extensions ['python_setup_py']
[1.949s] Level 1:colcon.colcon_core.package_identification:_identify(.) by extension 'python_setup_py'
[1.949s] Level 1:colcon.colcon_core.package_identification:_identify(build) by extensions ['ignore', 'ignore_ament_install']
[1.950s] Level 1:colcon.colcon_core.package_identification:_identify(build) by extension 'ignore'
[1.950s] Level 1:colcon.colcon_core.package_identification:_identify(build) ignored
[1.950s] Level 1:colcon.colcon_core.package_identification:_identify(install) by extensions ['ignore', 'ignore_ament_install']
[1.951s] Level 1:colcon.colcon_core.package_identification:_identify(install) by extension 'ignore'
[1.952s] Level 1:colcon.colcon_core.package_identification:_identify(install) ignored
[1.956s] Level 1:colcon.colcon_core.package_identification:_identify(log) by extensions ['ignore', 'ignore_ament_install']
[1.956s] Level 1:colcon.colcon_core.package_identification:_identify(log) by extension 'ignore'
[1.957s] Level 1:colcon.colcon_core.package_identification:_identify(log) ignored
[1.957s] Level 1:colcon.colcon_core.package_identification:_identify(src) by extensions ['ignore', 'ignore_ament_install']
[1.958s] Level 1:colcon.colcon_core.package_identification:_identify(src) by extension 'ignore'
[1.959s] Level 1:colcon.colcon_core.package_identification:_identify(src) by extension 'ignore_ament_install'
[1.960s] Level 1:colcon.colcon_core.package_identification:_identify(src) by extensions ['colcon_pkg']
[1.960s] Level 1:colcon.colcon_core.package_identification:_identify(src) by extension 'colcon_pkg'
[1.960s] Level 1:colcon.colcon_core.package_identification:_identify(src) by extensions ['colcon_meta']
[1.960s] Level 1:colcon.colcon_core.package_identification:_identify(src) by extension 'colcon_meta'
[1.960s] Level 1:colcon.colcon_core.package_identification:_identify(src) by extensions ['ros']
[1.960s] Level 1:colcon.colcon_core.package_identification:_identify(src) by extension 'ros'
[1.960s] Level 1:colcon.colcon_core.package_identification:_identify(src) by extensions ['cmake', 'python']
[1.960s] Level 1:colcon.colcon_core.package_identification:_identify(src) by extension 'cmake'
[1.960s] Level 1:colcon.colcon_core.package_identification:_identify(src) by extension 'python'
[1.960s] Level 1:colcon.colcon_core.package_identification:_identify(src) by extensions ['python_setup_py']
[1.961s] Level 1:colcon.colcon_core.package_identification:_identify(src) by extension 'python_setup_py'
[1.961s] Level 1:colcon.colcon_core.package_identification:_identify(src/farm_robot_bringup) by extensions ['ignore', 'ignore_ament_install']
[1.961s] Level 1:colcon.colcon_core.package_identification:_identify(src/farm_robot_bringup) by extension 'ignore'
[1.961s] Level 1:colcon.colcon_core.package_identification:_identify(src/farm_robot_bringup) by extension 'ignore_ament_install'
[1.962s] Level 1:colcon.colcon_core.package_identification:_identify(src/farm_robot_bringup) by extensions ['colcon_pkg']
[1.962s] Level 1:colcon.colcon_core.package_identification:_identify(src/farm_robot_bringup) by extension 'colcon_pkg'
[1.962s] Level 1:colcon.colcon_core.package_identification:_identify(src/farm_robot_bringup) by extensions ['colcon_meta']
[1.962s] Level 1:colcon.colcon_core.package_identification:_identify(src/farm_robot_bringup) by extension 'colcon_meta'
[1.962s] Level 1:colcon.colcon_core.package_identification:_identify(src/farm_robot_bringup) by extensions ['ros']
[1.962s] Level 1:colcon.colcon_core.package_identification:_identify(src/farm_robot_bringup) by extension 'ros'
[1.973s] DEBUG:colcon.colcon_core.package_identification:Package 'src/farm_robot_bringup' with type 'ros.ament_python' and name 'farm_robot_bringup'
[1.978s] Level 1:colcon.colcon_core.package_identification:_identify(src/farm_robot_description) by extensions ['ignore', 'ignore_ament_install']
[1.979s] Level 1:colcon.colcon_core.package_identification:_identify(src/farm_robot_description) by extension 'ignore'
[1.980s] Level 1:colcon.colcon_core.package_identification:_identify(src/farm_robot_description) by extension 'ignore_ament_install'
[1.981s] Level 1:colcon.colcon_core.package_identification:_identify(src/farm_robot_description) by extensions ['colcon_pkg']
[1.981s] Level 1:colcon.colcon_core.package_identification:_identify(src/farm_robot_description) by extension 'colcon_pkg'
[1.981s] Level 1:colcon.colcon_core.package_identification:_identify(src/farm_robot_description) by extensions ['colcon_meta']
[1.981s] Level 1:colcon.colcon_core.package_identification:_identify(src/farm_robot_description) by extension 'colcon_meta'
[1.981s] Level 1:colcon.colcon_core.package_identification:_identify(src/farm_robot_description) by extensions ['ros']
[1.981s] Level 1:colcon.colcon_core.package_identification:_identify(src/farm_robot_description) by extension 'ros'
[1.985s] DEBUG:colcon.colcon_core.package_identification:Package 'src/farm_robot_description' with type 'ros.ament_cmake' and name 'farm_robot_description'
[1.988s] Level 1:colcon.colcon_core.package_identification:_identify(src/farm_robot_navigation) by extensions ['ignore', 'ignore_ament_install']
[1.990s] Level 1:colcon.colcon_core.package_identification:_identify(src/farm_robot_navigation) by extension 'ignore'
[1.990s] Level 1:colcon.colcon_core.package_identification:_identify(src/farm_robot_navigation) by extension 'ignore_ament_install'
[1.991s] Level 1:colcon.colcon_core.package_identification:_identify(src/farm_robot_navigation) by extensions ['colcon_pkg']
[1.991s] Level 1:colcon.colcon_core.package_identification:_identify(src/farm_robot_navigation) by extension 'colcon_pkg'
[1.991s] Level 1:colcon.colcon_core.package_identification:_identify(src/farm_robot_navigation) by extensions ['colcon_meta']
[1.991s] Level 1:colcon.colcon_core.package_identification:_identify(src/farm_robot_navigation) by extension 'colcon_meta'
[1.991s] Level 1:colcon.colcon_core.package_identification:_identify(src/farm_robot_navigation) by extensions ['ros']
[1.991s] Level 1:colcon.colcon_core.package_identification:_identify(src/farm_robot_navigation) by extension 'ros'
[1.993s] DEBUG:colcon.colcon_core.package_identification:Package 'src/farm_robot_navigation' with type 'ros.ament_cmake' and name 'farm_robot_navigation'
[1.993s] Level 1:colcon.colcon_core.package_identification:_identify(src/farm_robot_perception) by extensions ['ignore', 'ignore_ament_install']
[1.993s] Level 1:colcon.colcon_core.package_identification:_identify(src/farm_robot_perception) by extension 'ignore'
[1.993s] Level 1:colcon.colcon_core.package_identification:_identify(src/farm_robot_perception) by extension 'ignore_ament_install'
[1.994s] Level 1:colcon.colcon_core.package_identification:_identify(src/farm_robot_perception) by extensions ['colcon_pkg']
[1.994s] Level 1:colcon.colcon_core.package_identification:_identify(src/farm_robot_perception) by extension 'colcon_pkg'
[1.994s] Level 1:colcon.colcon_core.package_identification:_identify(src/farm_robot_perception) by extensions ['colcon_meta']
[1.994s] Level 1:colcon.colcon_core.package_identification:_identify(src/farm_robot_perception) by extension 'colcon_meta'
[1.994s] Level 1:colcon.colcon_core.package_identification:_identify(src/farm_robot_perception) by extensions ['ros']
[1.994s] Level 1:colcon.colcon_core.package_identification:_identify(src/farm_robot_perception) by extension 'ros'
[1.996s] DEBUG:colcon.colcon_core.package_identification:Package 'src/farm_robot_perception' with type 'ros.ament_python' and name 'farm_robot_perception'
[1.996s] Level 1:colcon.colcon_core.package_discovery:discover_packages(recursive) using defaults
[1.996s] Level 1:colcon.colcon_core.package_discovery:discover_packages(ignore) discover
[1.996s] Level 1:colcon.colcon_core.package_discovery:discover_packages(ignore) using defaults
[1.996s] Level 1:colcon.colcon_core.package_discovery:discover_packages(path) discover
[1.996s] Level 1:colcon.colcon_core.package_discovery:discover_packages(path) using defaults
[2.084s] INFO:colcon.colcon_core.package_selection:Skipping not selected package 'farm_robot_description' in 'src/farm_robot_description'
[2.084s] INFO:colcon.colcon_core.package_selection:Skipping not selected package 'farm_robot_perception' in 'src/farm_robot_perception'
[2.084s] INFO:colcon.colcon_core.package_selection:Skipping not selected package 'farm_robot_bringup' in 'src/farm_robot_bringup'
[2.085s] Level 1:colcon.colcon_core.package_discovery:discover_packages(prefix_path) check parameters
[2.085s] Level 1:colcon.colcon_core.package_discovery:discover_packages(prefix_path) discover
[2.093s] DEBUG:colcon.colcon_installed_package_information.package_discovery:Found 16 installed packages in /home/rutha/ros2_ws/install
[2.095s] DEBUG:colcon.colcon_installed_package_information.package_discovery:Found 2 installed packages in /home/rutha/ros2_ws/src/install
[2.098s] DEBUG:colcon.colcon_installed_package_information.package_discovery:Found 1 installed packages in /home/rutha/ros2_ws/task/catkin_ws/install
[2.107s] DEBUG:colcon.colcon_installed_package_information.package_discovery:Found 416 installed packages in /opt/ros/humble
[2.113s] Level 1:colcon.colcon_core.package_discovery:discover_packages(prefix_path) using defaults
[2.344s] Level 5:colcon.colcon_core.verb:set package 'farm_robot_navigation' build argument 'cmake_args' from command line to 'None'
[2.344s] Level 5:colcon.colcon_core.verb:set package 'farm_robot_navigation' build argument 'cmake_target' from command line to 'None'
[2.345s] Level 5:colcon.colcon_core.verb:set package 'farm_robot_navigation' build argument 'cmake_target_skip_unavailable' from command line to 'False'
[2.345s] Level 5:colcon.colcon_core.verb:set package 'farm_robot_navigation' build argument 'cmake_clean_cache' from command line to 'False'
[2.345s] Level 5:colcon.colcon_core.verb:set package 'farm_robot_navigation' build argument 'cmake_clean_first' from command line to 'False'
[2.345s] Level 5:colcon.colcon_core.verb:set package 'farm_robot_navigation' build argument 'cmake_force_configure' from command line to 'False'
[2.345s] Level 5:colcon.colcon_core.verb:set package 'farm_robot_navigation' build argument 'ament_cmake_args' from command line to 'None'
[2.345s] Level 5:colcon.colcon_core.verb:set package 'farm_robot_navigation' build argument 'catkin_cmake_args' from command line to 'None'
[2.345s] Level 5:colcon.colcon_core.verb:set package 'farm_robot_navigation' build argument 'catkin_skip_building_tests' from command line to 'False'
[2.345s] DEBUG:colcon.colcon_core.verb:Building package 'farm_robot_navigation' with the following arguments: {'ament_cmake_args': None, 'build_base': '/home/rutha/Projects/class_projects/robotics_final/build/farm_robot_navigation', 'catkin_cmake_args': None, 'catkin_skip_building_tests': False, 'cmake_args': None, 'cmake_clean_cache': False, 'cmake_clean_first': False, 'cmake_force_configure': False, 'cmake_target': None, 'cmake_target_skip_unavailable': False, 'install_base': '/home/rutha/Projects/class_projects/robotics_final/install/farm_robot_navigation', 'merge_install': False, 'path': '/home/rutha/Projects/class_projects/robotics_final/src/farm_robot_navigation', 'symlink_install': False, 'test_result_base': None}
[2.346s] INFO:colcon.colcon_core.executor:Executing jobs using 'parallel' executor
[2.348s] DEBUG:colcon.colcon_parallel_executor.executor.parallel:run_until_complete
[2.349s] INFO:colcon.colcon_ros.task.ament_cmake.build:Building ROS package in '/home/rutha/Projects/class_projects/robotics_final/src/farm_robot_navigation' with build type 'ament_cmake'
[2.349s] INFO:colcon.colcon_cmake.task.cmake.build:Building CMake package in '/home/rutha/Projects/class_projects/robotics_final/src/farm_robot_navigation'
[2.355s] INFO:colcon.colcon_core.plugin_system:Skipping extension 'colcon_core.shell.bat': Not used on non-Windows systems
[2.355s] INFO:colcon.colcon_core.shell:Skip shell extension 'powershell' for command environment: Not usable outside of PowerShell
[2.355s] DEBUG:colcon.colcon_core.shell:Skip shell extension 'dsv' for command environment
[2.397s] DEBUG:colcon.colcon_core.event_handler.log_command:Invoking command in '/home/rutha/Projects/class_projects/robotics_final/build/farm_robot_navigation': CMAKE_PREFIX_PATH=/home/rutha/ros2_ws/install/urdf_learning:/home/rutha/ros2_ws/install/tutorial_interfaces:/home/rutha/ros2_ws/install/sync_async_node_example_cpp:/home/rutha/ros2_ws/install/more_interfaces:/home/rutha/ros2_ws/install/learning_tf2_cpp:/home/rutha/ros2_ws/install/py_pubsub:/home/rutha/ros2_ws/install/robot_perception_pkg:/home/rutha/ros2_ws/install/python_parameters:/home/rutha/ros2_ws/install/py_srvcli:/home/rutha/ros2_ws/install/py_intermediate:/home/rutha/ros2_ws/install/my_package:/home/rutha/ros2_ws/install/my_intermediate_pkg:/home/rutha/ros2_ws/install/my_first_pkg:/home/rutha/ros2_ws/install/learning_tf2_py:/home/rutha/ros2_ws/install/bag_recorder_nodes_py:/home/rutha/ros2_ws/src/install/robot_perception_pkg:/home/rutha/ros2_ws/src/install/bag_recorder_nodes_py:/opt/ros/humble:/home/rutha/ros2_ws/install/action_tutorials_interfaces:/home/rutha/ros2_ws/task/catkin_ws/install/robot_perception_pkg /usr/bin/cmake --build /home/rutha/Projects/class_projects/robotics_final/build/farm_robot_navigation -- -j4 -l4
[3.361s] DEBUG:colcon.colcon_core.event_handler.log_command:Invoked command in '/home/rutha/Projects/class_projects/robotics_final/build/farm_robot_navigation' returned '0': CMAKE_PREFIX_PATH=/home/rutha/ros2_ws/install/urdf_learning:/home/rutha/ros2_ws/install/tutorial_interfaces:/home/rutha/ros2_ws/install/sync_async_node_example_cpp:/home/rutha/ros2_ws/install/more_interfaces:/home/rutha/ros2_ws/install/learning_tf2_cpp:/home/rutha/ros2_ws/install/py_pubsub:/home/rutha/ros2_ws/install/robot_perception_pkg:/home/rutha/ros2_ws/install/python_parameters:/home/rutha/ros2_ws/install/py_srvcli:/home/rutha/ros2_ws/install/py_intermediate:/home/rutha/ros2_ws/install/my_package:/home/rutha/ros2_ws/install/my_intermediate_pkg:/home/rutha/ros2_ws/install/my_first_pkg:/home/rutha/ros2_ws/install/learning_tf2_py:/home/rutha/ros2_ws/install/bag_recorder_nodes_py:/home/rutha/ros2_ws/src/install/robot_perception_pkg:/home/rutha/ros2_ws/src/install/bag_recorder_nodes_py:/opt/ros/humble:/home/rutha/ros2_ws/install/action_tutorials_interfaces:/home/rutha/ros2_ws/task/catkin_ws/install/robot_perception_pkg /usr/bin/cmake --build /home/rutha/Projects/class_projects/robotics_final/build/farm_robot_navigation -- -j4 -l4
[3.388s] DEBUG:colcon.colcon_core.event_handler.log_command:Invoking command in '/home/rutha/Projects/class_projects/robotics_final/build/farm_robot_navigation': CMAKE_PREFIX_PATH=/home/rutha/ros2_ws/install/urdf_learning:/home/rutha/ros2_ws/install/tutorial_interfaces:/home/rutha/ros2_ws/install/sync_async_node_example_cpp:/home/rutha/ros2_ws/install/more_interfaces:/home/rutha/ros2_ws/install/learning_tf2_cpp:/home/rutha/ros2_ws/install/py_pubsub:/home/rutha/ros2_ws/install/robot_perception_pkg:/home/rutha/ros2_ws/install/python_parameters:/home/rutha/ros2_ws/install/py_srvcli:/home/rutha/ros2_ws/install/py_intermediate:/home/rutha/ros2_ws/install/my_package:/home/rutha/ros2_ws/install/my_intermediate_pkg:/home/rutha/ros2_ws/install/my_first_pkg:/home/rutha/ros2_ws/install/learning_tf2_py:/home/rutha/ros2_ws/install/bag_recorder_nodes_py:/home/rutha/ros2_ws/src/install/robot_perception_pkg:/home/rutha/ros2_ws/src/install/bag_recorder_nodes_py:/opt/ros/humble:/home/rutha/ros2_ws/install/action_tutorials_interfaces:/home/rutha/ros2_ws/task/catkin_ws/install/robot_perception_pkg /usr/bin/cmake --install /home/rutha/Projects/class_projects/robotics_final/build/farm_robot_navigation
[3.523s] Level 1:colcon.colcon_core.environment:create_environment_scripts_only(farm_robot_navigation)
[3.524s] DEBUG:colcon.colcon_core.event_handler.log_command:Invoked command in '/home/rutha/Projects/class_projects/robotics_final/build/farm_robot_navigation' returned '0': CMAKE_PREFIX_PATH=/home/rutha/ros2_ws/install/urdf_learning:/home/rutha/ros2_ws/install/tutorial_interfaces:/home/rutha/ros2_ws/install/sync_async_node_example_cpp:/home/rutha/ros2_ws/install/more_interfaces:/home/rutha/ros2_ws/install/learning_tf2_cpp:/home/rutha/ros2_ws/install/py_pubsub:/home/rutha/ros2_ws/install/robot_perception_pkg:/home/rutha/ros2_ws/install/python_parameters:/home/rutha/ros2_ws/install/py_srvcli:/home/rutha/ros2_ws/install/py_intermediate:/home/rutha/ros2_ws/install/my_package:/home/rutha/ros2_ws/install/my_intermediate_pkg:/home/rutha/ros2_ws/install/my_first_pkg:/home/rutha/ros2_ws/install/learning_tf2_py:/home/rutha/ros2_ws/install/bag_recorder_nodes_py:/home/rutha/ros2_ws/src/install/robot_perception_pkg:/home/rutha/ros2_ws/src/install/bag_recorder_nodes_py:/opt/ros/humble:/home/rutha/ros2_ws/install/action_tutorials_interfaces:/home/rutha/ros2_ws/task/catkin_ws/install/robot_perception_pkg /usr/bin/cmake --install /home/rutha/Projects/class_projects/robotics_final/build/farm_robot_navigation
[3.539s] Level 1:colcon.colcon_core.environment:checking '/home/rutha/Projects/class_projects/robotics_final/install/farm_robot_navigation' for CMake module files
[3.542s] Level 1:colcon.colcon_core.environment:checking '/home/rutha/Projects/class_projects/robotics_final/install/farm_robot_navigation' for CMake config files
[3.544s] Level 1:colcon.colcon_core.shell:create_environment_hook('farm_robot_navigation', 'cmake_prefix_path')
[3.544s] INFO:colcon.colcon_core.shell:Creating environment hook '/home/rutha/Projects/class_projects/robotics_final/install/farm_robot_navigation/share/farm_robot_navigation/hook/cmake_prefix_path.ps1'
[3.547s] INFO:colcon.colcon_core.shell:Creating environment descriptor '/home/rutha/Projects/class_projects/robotics_final/install/farm_robot_navigation/share/farm_robot_navigation/hook/cmake_prefix_path.dsv'
[3.549s] INFO:colcon.colcon_core.shell:Creating environment hook '/home/rutha/Projects/class_projects/robotics_final/install/farm_robot_navigation/share/farm_robot_navigation/hook/cmake_prefix_path.sh'
[3.555s] Level 1:colcon.colcon_core.environment:checking '/home/rutha/Projects/class_projects/robotics_final/install/farm_robot_navigation/lib'
[3.557s] Level 1:colcon.colcon_core.environment:checking '/home/rutha/Projects/class_projects/robotics_final/install/farm_robot_navigation/bin'
[3.557s] Level 1:colcon.colcon_core.environment:checking '/home/rutha/Projects/class_projects/robotics_final/install/farm_robot_navigation/lib/pkgconfig/farm_robot_navigation.pc'
[3.557s] Level 1:colcon.colcon_core.environment:checking '/home/rutha/Projects/class_projects/robotics_final/install/farm_robot_navigation/lib/python3.10/site-packages'
[3.558s] Level 1:colcon.colcon_core.environment:checking '/home/rutha/Projects/class_projects/robotics_final/install/farm_robot_navigation/bin'
[3.559s] INFO:colcon.colcon_core.shell:Creating package script '/home/rutha/Projects/class_projects/robotics_final/install/farm_robot_navigation/share/farm_robot_navigation/package.ps1'
[3.566s] INFO:colcon.colcon_core.shell:Creating package descriptor '/home/rutha/Projects/class_projects/robotics_final/install/farm_robot_navigation/share/farm_robot_navigation/package.dsv'
[3.567s] INFO:colcon.colcon_core.shell:Creating package script '/home/rutha/Projects/class_projects/robotics_final/install/farm_robot_navigation/share/farm_robot_navigation/package.sh'
[3.573s] INFO:colcon.colcon_core.shell:Creating package script '/home/rutha/Projects/class_projects/robotics_final/install/farm_robot_navigation/share/farm_robot_navigation/package.bash'
[3.578s] INFO:colcon.colcon_core.shell:Creating package script '/home/rutha/Projects/class_projects/robotics_final/install/farm_robot_navigation/share/farm_robot_navigation/package.zsh'
[3.581s] Level 1:colcon.colcon_core.environment:create_file_with_runtime_dependencies(/home/rutha/Projects/class_projects/robotics_final/install/farm_robot_navigation/share/colcon-core/packages/farm_robot_navigation)
[3.591s] Level 1:colcon.colcon_core.environment:create_environment_scripts_only(farm_robot_navigation)
[3.597s] Level 1:colcon.colcon_core.environment:checking '/home/rutha/Projects/class_projects/robotics_final/install/farm_robot_navigation' for CMake module files
[3.602s] Level 1:colcon.colcon_core.environment:checking '/home/rutha/Projects/class_projects/robotics_final/install/farm_robot_navigation' for CMake config files
[3.613s] Level 1:colcon.colcon_core.shell:create_environment_hook('farm_robot_navigation', 'cmake_prefix_path')
[3.614s] INFO:colcon.colcon_core.shell:Creating environment hook '/home/rutha/Projects/class_projects/robotics_final/install/farm_robot_navigation/share/farm_robot_navigation/hook/cmake_prefix_path.ps1'
[3.615s] INFO:colcon.colcon_core.shell:Creating environment descriptor '/home/rutha/Projects/class_projects/robotics_final/install/farm_robot_navigation/share/farm_robot_navigation/hook/cmake_prefix_path.dsv'
[3.616s] INFO:colcon.colcon_core.shell:Creating environment hook '/home/rutha/Projects/class_projects/robotics_final/install/farm_robot_navigation/share/farm_robot_navigation/hook/cmake_prefix_path.sh'
[3.617s] Level 1:colcon.colcon_core.environment:checking '/home/rutha/Projects/class_projects/robotics_final/install/farm_robot_navigation/lib'
[3.618s] Level 1:colcon.colcon_core.environment:checking '/home/rutha/Projects/class_projects/robotics_final/install/farm_robot_navigation/bin'
[3.618s] Level 1:colcon.colcon_core.environment:checking '/home/rutha/Projects/class_projects/robotics_final/install/farm_robot_navigation/lib/pkgconfig/farm_robot_navigation.pc'
[3.618s] Level 1:colcon.colcon_core.environment:checking '/home/rutha/Projects/class_projects/robotics_final/install/farm_robot_navigation/lib/python3.10/site-packages'
[3.619s] Level 1:colcon.colcon_core.environment:checking '/home/rutha/Projects/class_projects/robotics_final/install/farm_robot_navigation/bin'
[3.620s] INFO:colcon.colcon_core.shell:Creating package script '/home/rutha/Projects/class_projects/robotics_final/install/farm_robot_navigation/share/farm_robot_navigation/package.ps1'
[3.621s] INFO:colcon.colcon_core.shell:Creating package descriptor '/home/rutha/Projects/class_projects/robotics_final/install/farm_robot_navigation/share/farm_robot_navigation/package.dsv'
[3.622s] INFO:colcon.colcon_core.shell:Creating package script '/home/rutha/Projects/class_projects/robotics_final/install/farm_robot_navigation/share/farm_robot_navigation/package.sh'
[3.623s] INFO:colcon.colcon_core.shell:Creating package script '/home/rutha/Projects/class_projects/robotics_final/install/farm_robot_navigation/share/farm_robot_navigation/package.bash'
[3.624s] INFO:colcon.colcon_core.shell:Creating package script '/home/rutha/Projects/class_projects/robotics_final/install/farm_robot_navigation/share/farm_robot_navigation/package.zsh'
[3.625s] Level 1:colcon.colcon_core.environment:create_file_with_runtime_dependencies(/home/rutha/Projects/class_projects/robotics_final/install/farm_robot_navigation/share/colcon-core/packages/farm_robot_navigation)
[3.626s] DEBUG:colcon.colcon_parallel_executor.executor.parallel:closing loop
[3.626s] DEBUG:colcon.colcon_parallel_executor.executor.parallel:loop closed
[3.626s] DEBUG:colcon.colcon_parallel_executor.executor.parallel:run_until_complete finished with '0'
[3.626s] DEBUG:colcon.colcon_core.event_reactor:joining thread
[3.655s] INFO:colcon.colcon_core.plugin_system:Skipping extension 'colcon_notification.desktop_notification.terminal_notifier': Not used on non-Darwin systems
[3.655s] INFO:colcon.colcon_core.plugin_system:Skipping extension 'colcon_notification.desktop_notification.win32': Not used on non-Windows systems
[3.656s] INFO:colcon.colcon_notification.desktop_notification:Sending desktop notification using 'notify2'
[3.745s] DEBUG:colcon.colcon_core.event_reactor:joined thread
[3.747s] INFO:colcon.colcon_core.shell:Creating prefix script '/home/rutha/Projects/class_projects/robotics_final/install/local_setup.ps1'
[3.753s] INFO:colcon.colcon_core.shell:Creating prefix util module '/home/rutha/Projects/class_projects/robotics_final/install/_local_setup_util_ps1.py'
[3.763s] INFO:colcon.colcon_core.shell:Creating prefix chain script '/home/rutha/Projects/class_projects/robotics_final/install/setup.ps1'
[3.783s] INFO:colcon.colcon_core.shell:Creating prefix script '/home/rutha/Projects/class_projects/robotics_final/install/local_setup.sh'
[3.789s] INFO:colcon.colcon_core.shell:Creating prefix util module '/home/rutha/Projects/class_projects/robotics_final/install/_local_setup_util_sh.py'
[3.794s] INFO:colcon.colcon_core.shell:Creating prefix chain script '/home/rutha/Projects/class_projects/robotics_final/install/setup.sh'
[3.801s] INFO:colcon.colcon_core.shell:Creating prefix script '/home/rutha/Projects/class_projects/robotics_final/install/local_setup.bash'
[3.802s] INFO:colcon.colcon_core.shell:Creating prefix chain script '/home/rutha/Projects/class_projects/robotics_final/install/setup.bash'
[3.807s] INFO:colcon.colcon_core.shell:Creating prefix script '/home/rutha/Projects/class_projects/robotics_final/install/local_setup.zsh'
[3.809s] INFO:colcon.colcon_core.shell:Creating prefix chain script '/home/rutha/Projects/class_projects/robotics_final/install/setup.zsh'
