[0.136s] Invoking command in '/home/rutha/Projects/class_projects/robotics_final/build/farm_robot_description': CMAKE_PREFIX_PATH=/home/rutha/Projects/class_projects/robotics_final/install/farm_robot_navigation:/home/rutha/Projects/class_projects/robotics_final/install/farm_robot_description:/home/rutha/ros2_ws/install/urdf_learning:/home/rutha/ros2_ws/install/tutorial_interfaces:/home/rutha/ros2_ws/install/sync_async_node_example_cpp:/home/rutha/ros2_ws/install/more_interfaces:/home/rutha/ros2_ws/install/learning_tf2_cpp:/home/rutha/Projects/class_projects/robotics_final/install/farm_robot_bringup:/home/rutha/Projects/class_projects/robotics_final/install/farm_robot_perception:/home/rutha/ros2_ws/install/py_pubsub:/home/rutha/ros2_ws/install/robot_perception_pkg:/home/rutha/ros2_ws/install/python_parameters:/home/rutha/ros2_ws/install/py_srvcli:/home/rutha/ros2_ws/install/py_intermediate:/home/rutha/ros2_ws/install/my_package:/home/rutha/ros2_ws/install/my_intermediate_pkg:/home/rutha/ros2_ws/install/my_first_pkg:/home/rutha/ros2_ws/install/learning_tf2_py:/home/rutha/ros2_ws/install/bag_recorder_nodes_py:/home/rutha/ros2_ws/src/install/robot_perception_pkg:/home/rutha/ros2_ws/src/install/bag_recorder_nodes_py:/opt/ros/humble:/home/rutha/ros2_ws/install/action_tutorials_interfaces:/home/rutha/ros2_ws/task/catkin_ws/install/robot_perception_pkg /usr/bin/cmake /home/rutha/Projects/class_projects/robotics_final/src/farm_robot_description -DCMAKE_INSTALL_PREFIX=/home/rutha/Projects/class_projects/robotics_final/install/farm_robot_description
[0.676s] -- The C compiler identification is GNU 11.4.0
[1.172s] -- The CXX compiler identification is GNU 11.4.0
[1.224s] -- Detecting C compiler ABI info
[1.498s] -- Detecting C compiler ABI info - done
[1.536s] -- Check for working C compiler: /usr/bin/cc - skipped
[1.542s] -- Detecting C compile features
[1.543s] -- Detecting C compile features - done
[1.548s] -- Detecting CXX compiler ABI info
[1.852s] -- Detecting CXX compiler ABI info - done
[1.911s] -- Check for working CXX compiler: /usr/bin/c++ - skipped
[1.912s] -- Detecting CXX compile features
[1.912s] -- Detecting CXX compile features - done
[1.929s] -- Found ament_cmake: 1.3.12 (/opt/ros/humble/share/ament_cmake/cmake)
[2.591s] -- Found Python3: /usr/bin/python3 (found version "3.10.12") found components: Interpreter 
[3.182s] -- Configuring done
[3.206s] -- Generating done
[3.221s] -- Build files have been written to: /home/rutha/Projects/class_projects/robotics_final/build/farm_robot_description
[3.246s] Invoked command in '/home/rutha/Projects/class_projects/robotics_final/build/farm_robot_description' returned '0': CMAKE_PREFIX_PATH=/home/rutha/Projects/class_projects/robotics_final/install/farm_robot_navigation:/home/rutha/Projects/class_projects/robotics_final/install/farm_robot_description:/home/rutha/ros2_ws/install/urdf_learning:/home/rutha/ros2_ws/install/tutorial_interfaces:/home/rutha/ros2_ws/install/sync_async_node_example_cpp:/home/rutha/ros2_ws/install/more_interfaces:/home/rutha/ros2_ws/install/learning_tf2_cpp:/home/rutha/Projects/class_projects/robotics_final/install/farm_robot_bringup:/home/rutha/Projects/class_projects/robotics_final/install/farm_robot_perception:/home/rutha/ros2_ws/install/py_pubsub:/home/rutha/ros2_ws/install/robot_perception_pkg:/home/rutha/ros2_ws/install/python_parameters:/home/rutha/ros2_ws/install/py_srvcli:/home/rutha/ros2_ws/install/py_intermediate:/home/rutha/ros2_ws/install/my_package:/home/rutha/ros2_ws/install/my_intermediate_pkg:/home/rutha/ros2_ws/install/my_first_pkg:/home/rutha/ros2_ws/install/learning_tf2_py:/home/rutha/ros2_ws/install/bag_recorder_nodes_py:/home/rutha/ros2_ws/src/install/robot_perception_pkg:/home/rutha/ros2_ws/src/install/bag_recorder_nodes_py:/opt/ros/humble:/home/rutha/ros2_ws/install/action_tutorials_interfaces:/home/rutha/ros2_ws/task/catkin_ws/install/robot_perception_pkg /usr/bin/cmake /home/rutha/Projects/class_projects/robotics_final/src/farm_robot_description -DCMAKE_INSTALL_PREFIX=/home/rutha/Projects/class_projects/robotics_final/install/farm_robot_description
[3.247s] Invoking command in '/home/rutha/Projects/class_projects/robotics_final/build/farm_robot_description': CMAKE_PREFIX_PATH=/home/rutha/Projects/class_projects/robotics_final/install/farm_robot_navigation:/home/rutha/Projects/class_projects/robotics_final/install/farm_robot_description:/home/rutha/ros2_ws/install/urdf_learning:/home/rutha/ros2_ws/install/tutorial_interfaces:/home/rutha/ros2_ws/install/sync_async_node_example_cpp:/home/rutha/ros2_ws/install/more_interfaces:/home/rutha/ros2_ws/install/learning_tf2_cpp:/home/rutha/Projects/class_projects/robotics_final/install/farm_robot_bringup:/home/rutha/Projects/class_projects/robotics_final/install/farm_robot_perception:/home/rutha/ros2_ws/install/py_pubsub:/home/rutha/ros2_ws/install/robot_perception_pkg:/home/rutha/ros2_ws/install/python_parameters:/home/rutha/ros2_ws/install/py_srvcli:/home/rutha/ros2_ws/install/py_intermediate:/home/rutha/ros2_ws/install/my_package:/home/rutha/ros2_ws/install/my_intermediate_pkg:/home/rutha/ros2_ws/install/my_first_pkg:/home/rutha/ros2_ws/install/learning_tf2_py:/home/rutha/ros2_ws/install/bag_recorder_nodes_py:/home/rutha/ros2_ws/src/install/robot_perception_pkg:/home/rutha/ros2_ws/src/install/bag_recorder_nodes_py:/opt/ros/humble:/home/rutha/ros2_ws/install/action_tutorials_interfaces:/home/rutha/ros2_ws/task/catkin_ws/install/robot_perception_pkg /usr/bin/cmake --build /home/rutha/Projects/class_projects/robotics_final/build/farm_robot_description -- -j4 -l4
[3.399s] Invoked command in '/home/rutha/Projects/class_projects/robotics_final/build/farm_robot_description' returned '0': CMAKE_PREFIX_PATH=/home/rutha/Projects/class_projects/robotics_final/install/farm_robot_navigation:/home/rutha/Projects/class_projects/robotics_final/install/farm_robot_description:/home/rutha/ros2_ws/install/urdf_learning:/home/rutha/ros2_ws/install/tutorial_interfaces:/home/rutha/ros2_ws/install/sync_async_node_example_cpp:/home/rutha/ros2_ws/install/more_interfaces:/home/rutha/ros2_ws/install/learning_tf2_cpp:/home/rutha/Projects/class_projects/robotics_final/install/farm_robot_bringup:/home/rutha/Projects/class_projects/robotics_final/install/farm_robot_perception:/home/rutha/ros2_ws/install/py_pubsub:/home/rutha/ros2_ws/install/robot_perception_pkg:/home/rutha/ros2_ws/install/python_parameters:/home/rutha/ros2_ws/install/py_srvcli:/home/rutha/ros2_ws/install/py_intermediate:/home/rutha/ros2_ws/install/my_package:/home/rutha/ros2_ws/install/my_intermediate_pkg:/home/rutha/ros2_ws/install/my_first_pkg:/home/rutha/ros2_ws/install/learning_tf2_py:/home/rutha/ros2_ws/install/bag_recorder_nodes_py:/home/rutha/ros2_ws/src/install/robot_perception_pkg:/home/rutha/ros2_ws/src/install/bag_recorder_nodes_py:/opt/ros/humble:/home/rutha/ros2_ws/install/action_tutorials_interfaces:/home/rutha/ros2_ws/task/catkin_ws/install/robot_perception_pkg /usr/bin/cmake --build /home/rutha/Projects/class_projects/robotics_final/build/farm_robot_description -- -j4 -l4
[3.425s] Invoking command in '/home/rutha/Projects/class_projects/robotics_final/build/farm_robot_description': CMAKE_PREFIX_PATH=/home/rutha/Projects/class_projects/robotics_final/install/farm_robot_navigation:/home/rutha/Projects/class_projects/robotics_final/install/farm_robot_description:/home/rutha/ros2_ws/install/urdf_learning:/home/rutha/ros2_ws/install/tutorial_interfaces:/home/rutha/ros2_ws/install/sync_async_node_example_cpp:/home/rutha/ros2_ws/install/more_interfaces:/home/rutha/ros2_ws/install/learning_tf2_cpp:/home/rutha/Projects/class_projects/robotics_final/install/farm_robot_bringup:/home/rutha/Projects/class_projects/robotics_final/install/farm_robot_perception:/home/rutha/ros2_ws/install/py_pubsub:/home/rutha/ros2_ws/install/robot_perception_pkg:/home/rutha/ros2_ws/install/python_parameters:/home/rutha/ros2_ws/install/py_srvcli:/home/rutha/ros2_ws/install/py_intermediate:/home/rutha/ros2_ws/install/my_package:/home/rutha/ros2_ws/install/my_intermediate_pkg:/home/rutha/ros2_ws/install/my_first_pkg:/home/rutha/ros2_ws/install/learning_tf2_py:/home/rutha/ros2_ws/install/bag_recorder_nodes_py:/home/rutha/ros2_ws/src/install/robot_perception_pkg:/home/rutha/ros2_ws/src/install/bag_recorder_nodes_py:/opt/ros/humble:/home/rutha/ros2_ws/install/action_tutorials_interfaces:/home/rutha/ros2_ws/task/catkin_ws/install/robot_perception_pkg /usr/bin/cmake --install /home/rutha/Projects/class_projects/robotics_final/build/farm_robot_description
[3.446s] -- Install configuration: ""
[3.446s] -- Installing: /home/rutha/Projects/class_projects/robotics_final/install/farm_robot_description/share/farm_robot_description/urdf
[3.446s] -- Installing: /home/rutha/Projects/class_projects/robotics_final/install/farm_robot_description/share/farm_robot_description/urdf/farm_bot.xacro
[3.447s] -- Installing: /home/rutha/Projects/class_projects/robotics_final/install/farm_robot_description/share/farm_robot_description/worlds
[3.447s] -- Installing: /home/rutha/Projects/class_projects/robotics_final/install/farm_robot_description/share/farm_robot_description/worlds/farm.world
[3.447s] -- Installing: /home/rutha/Projects/class_projects/robotics_final/install/farm_robot_description/share/farm_robot_description/launch
[3.447s] -- Installing: /home/rutha/Projects/class_projects/robotics_final/install/farm_robot_description/share/farm_robot_description/launch/bringup_gazebo.launch.py
[3.448s] -- Installing: /home/rutha/Projects/class_projects/robotics_final/install/farm_robot_description/share/ament_index/resource_index/package_run_dependencies/farm_robot_description
[3.449s] -- Installing: /home/rutha/Projects/class_projects/robotics_final/install/farm_robot_description/share/ament_index/resource_index/parent_prefix_path/farm_robot_description
[3.454s] -- Installing: /home/rutha/Projects/class_projects/robotics_final/install/farm_robot_description/share/farm_robot_description/environment/ament_prefix_path.sh
[3.455s] -- Installing: /home/rutha/Projects/class_projects/robotics_final/install/farm_robot_description/share/farm_robot_description/environment/ament_prefix_path.dsv
[3.463s] -- Installing: /home/rutha/Projects/class_projects/robotics_final/install/farm_robot_description/share/farm_robot_description/environment/path.sh
[3.465s] -- Installing: /home/rutha/Projects/class_projects/robotics_final/install/farm_robot_description/share/farm_robot_description/environment/path.dsv
[3.465s] -- Installing: /home/rutha/Projects/class_projects/robotics_final/install/farm_robot_description/share/farm_robot_description/local_setup.bash
[3.466s] -- Installing: /home/rutha/Projects/class_projects/robotics_final/install/farm_robot_description/share/farm_robot_description/local_setup.sh
[3.466s] -- Installing: /home/rutha/Projects/class_projects/robotics_final/install/farm_robot_description/share/farm_robot_description/local_setup.zsh
[3.466s] -- Installing: /home/rutha/Projects/class_projects/robotics_final/install/farm_robot_description/share/farm_robot_description/local_setup.dsv
[3.468s] -- Installing: /home/rutha/Projects/class_projects/robotics_final/install/farm_robot_description/share/farm_robot_description/package.dsv
[3.468s] -- Installing: /home/rutha/Projects/class_projects/robotics_final/install/farm_robot_description/share/ament_index/resource_index/packages/farm_robot_description
[3.469s] -- Installing: /home/rutha/Projects/class_projects/robotics_final/install/farm_robot_description/share/farm_robot_description/cmake/farm_robot_descriptionConfig.cmake
[3.470s] -- Installing: /home/rutha/Projects/class_projects/robotics_final/install/farm_robot_description/share/farm_robot_description/cmake/farm_robot_descriptionConfig-version.cmake
[3.470s] -- Installing: /home/rutha/Projects/class_projects/robotics_final/install/farm_robot_description/share/farm_robot_description/package.xml
[3.470s] Invoked command in '/home/rutha/Projects/class_projects/robotics_final/build/farm_robot_description' returned '0': CMAKE_PREFIX_PATH=/home/rutha/Projects/class_projects/robotics_final/install/farm_robot_navigation:/home/rutha/Projects/class_projects/robotics_final/install/farm_robot_description:/home/rutha/ros2_ws/install/urdf_learning:/home/rutha/ros2_ws/install/tutorial_interfaces:/home/rutha/ros2_ws/install/sync_async_node_example_cpp:/home/rutha/ros2_ws/install/more_interfaces:/home/rutha/ros2_ws/install/learning_tf2_cpp:/home/rutha/Projects/class_projects/robotics_final/install/farm_robot_bringup:/home/rutha/Projects/class_projects/robotics_final/install/farm_robot_perception:/home/rutha/ros2_ws/install/py_pubsub:/home/rutha/ros2_ws/install/robot_perception_pkg:/home/rutha/ros2_ws/install/python_parameters:/home/rutha/ros2_ws/install/py_srvcli:/home/rutha/ros2_ws/install/py_intermediate:/home/rutha/ros2_ws/install/my_package:/home/rutha/ros2_ws/install/my_intermediate_pkg:/home/rutha/ros2_ws/install/my_first_pkg:/home/rutha/ros2_ws/install/learning_tf2_py:/home/rutha/ros2_ws/install/bag_recorder_nodes_py:/home/rutha/ros2_ws/src/install/robot_perception_pkg:/home/rutha/ros2_ws/src/install/bag_recorder_nodes_py:/opt/ros/humble:/home/rutha/ros2_ws/install/action_tutorials_interfaces:/home/rutha/ros2_ws/task/catkin_ws/install/robot_perception_pkg /usr/bin/cmake --install /home/rutha/Projects/class_projects/robotics_final/build/farm_robot_description
