[1.888s] Invoking command in '/home/rutha/Projects/class_projects/robotics_final/build/farm_robot_perception': PYTHONPATH=/home/rutha/Projects/class_projects/robotics_final/build/farm_robot_perception/prefix_override:/usr/lib/python3/dist-packages/colcon_core/task/python/colcon_distutils_commands:/home/rutha/Projects/class_projects/robotics_final/install/farm_robot_perception/lib/python3.10/site-packages:${PYTHONPATH} /usr/bin/python3 -W ignore:setup.py install is deprecated -W ignore:easy_install command is deprecated setup.py develop --editable --build-directory /home/rutha/Projects/class_projects/robotics_final/build/farm_robot_perception/build --no-deps symlink_data --force
[2.359s] running develop
[2.717s] running egg_info
[2.717s] writing farm_robot_perception.egg-info/PKG-INFO
[2.718s] writing dependency_links to farm_robot_perception.egg-info/dependency_links.txt
[2.718s] writing entry points to farm_robot_perception.egg-info/entry_points.txt
[2.719s] writing requirements to farm_robot_perception.egg-info/requires.txt
[2.719s] writing top-level names to farm_robot_perception.egg-info/top_level.txt
[2.721s] reading manifest file 'farm_robot_perception.egg-info/SOURCES.txt'
[2.724s] writing manifest file 'farm_robot_perception.egg-info/SOURCES.txt'
[2.727s] running build_ext
[2.729s] Creating /home/rutha/Projects/class_projects/robotics_final/install/farm_robot_perception/lib/python3.10/site-packages/farm-robot-perception.egg-link (link to .)
[2.729s] Installing crop_stress_node script to /home/rutha/Projects/class_projects/robotics_final/install/farm_robot_perception/lib/farm_robot_perception
[2.729s] 
[2.730s] Installed /home/rutha/Projects/class_projects/robotics_final/build/farm_robot_perception
[2.730s] running symlink_data
[2.730s] symbolically linking /home/rutha/Projects/class_projects/robotics_final/build/farm_robot_perception/resource/farm_robot_perception -> /home/rutha/Projects/class_projects/robotics_final/install/farm_robot_perception/share/ament_index/resource_index/packages
[2.730s] symbolically linking /home/rutha/Projects/class_projects/robotics_final/build/farm_robot_perception/launch/perception.launch.py -> /home/rutha/Projects/class_projects/robotics_final/install/farm_robot_perception/share/farm_robot_perception/launch
[2.730s] symbolically linking /home/rutha/Projects/class_projects/robotics_final/build/farm_robot_perception/package.xml -> /home/rutha/Projects/class_projects/robotics_final/install/farm_robot_perception/share/farm_robot_perception
[2.771s] Invoked command in '/home/rutha/Projects/class_projects/robotics_final/build/farm_robot_perception' returned '0': PYTHONPATH=/home/rutha/Projects/class_projects/robotics_final/build/farm_robot_perception/prefix_override:/usr/lib/python3/dist-packages/colcon_core/task/python/colcon_distutils_commands:/home/rutha/Projects/class_projects/robotics_final/install/farm_robot_perception/lib/python3.10/site-packages:${PYTHONPATH} /usr/bin/python3 -W ignore:setup.py install is deprecated -W ignore:easy_install command is deprecated setup.py develop --editable --build-directory /home/rutha/Projects/class_projects/robotics_final/build/farm_robot_perception/build --no-deps symlink_data --force
