[1.153s] Invoking command in '/home/rutha/Projects/class_projects/robotics_final/src/farm_robot_bringup': AMENT_PREFIX_PATH=/home/rutha/Projects/class_projects/robotics_final/install/farm_robot_perception:/home/rutha/Projects/class_projects/robotics_final/install/farm_robot_navigation:/home/rutha/Projects/class_projects/robotics_final/install/farm_robot_description:${AMENT_PREFIX_PATH} CMAKE_PREFIX_PATH=/home/rutha/Projects/class_projects/robotics_final/install/farm_robot_navigation:/home/rutha/Projects/class_projects/robotics_final/install/farm_robot_description:${CMAKE_PREFIX_PATH} PYTHONPATH=/home/rutha/Projects/class_projects/robotics_final/build/farm_robot_bringup/prefix_override:/usr/lib/python3/dist-packages/colcon_core/task/python/colcon_distutils_commands:/home/rutha/Projects/class_projects/robotics_final/install/farm_robot_bringup/lib/python3.10/site-packages:/home/rutha/Projects/class_projects/robotics_final/install/farm_robot_perception/lib/python3.10/site-packages:${PYTHONPATH} /usr/bin/python3 -W ignore:setup.py install is deprecated -W ignore:easy_install command is deprecated setup.py egg_info --egg-base ../../build/farm_robot_bringup build --build-base /home/rutha/Projects/class_projects/robotics_final/build/farm_robot_bringup/build install --record /home/rutha/Projects/class_projects/robotics_final/build/farm_robot_bringup/install.log --single-version-externally-managed install_data
[1.543s] running egg_info
[1.544s] writing ../../build/farm_robot_bringup/farm_robot_bringup.egg-info/PKG-INFO
[1.544s] writing dependency_links to ../../build/farm_robot_bringup/farm_robot_bringup.egg-info/dependency_links.txt
[1.544s] writing entry points to ../../build/farm_robot_bringup/farm_robot_bringup.egg-info/entry_points.txt
[1.544s] writing requirements to ../../build/farm_robot_bringup/farm_robot_bringup.egg-info/requires.txt
[1.544s] writing top-level names to ../../build/farm_robot_bringup/farm_robot_bringup.egg-info/top_level.txt
[1.547s] reading manifest file '../../build/farm_robot_bringup/farm_robot_bringup.egg-info/SOURCES.txt'
[1.549s] writing manifest file '../../build/farm_robot_bringup/farm_robot_bringup.egg-info/SOURCES.txt'
[1.549s] running build
[1.549s] running build_py
[1.549s] running install
[1.549s] running install_lib
[1.551s] running install_data
[1.551s] running install_egg_info
[1.554s] removing '/home/rutha/Projects/class_projects/robotics_final/install/farm_robot_bringup/lib/python3.10/site-packages/farm_robot_bringup-0.1.0-py3.10.egg-info' (and everything under it)
[1.554s] Copying ../../build/farm_robot_bringup/farm_robot_bringup.egg-info to /home/rutha/Projects/class_projects/robotics_final/install/farm_robot_bringup/lib/python3.10/site-packages/farm_robot_bringup-0.1.0-py3.10.egg-info
[1.556s] running install_scripts
[1.581s] writing list of installed files to '/home/rutha/Projects/class_projects/robotics_final/build/farm_robot_bringup/install.log'
[1.616s] Invoked command in '/home/rutha/Projects/class_projects/robotics_final/src/farm_robot_bringup' returned '0': AMENT_PREFIX_PATH=/home/rutha/Projects/class_projects/robotics_final/install/farm_robot_perception:/home/rutha/Projects/class_projects/robotics_final/install/farm_robot_navigation:/home/rutha/Projects/class_projects/robotics_final/install/farm_robot_description:${AMENT_PREFIX_PATH} CMAKE_PREFIX_PATH=/home/rutha/Projects/class_projects/robotics_final/install/farm_robot_navigation:/home/rutha/Projects/class_projects/robotics_final/install/farm_robot_description:${CMAKE_PREFIX_PATH} PYTHONPATH=/home/rutha/Projects/class_projects/robotics_final/build/farm_robot_bringup/prefix_override:/usr/lib/python3/dist-packages/colcon_core/task/python/colcon_distutils_commands:/home/rutha/Projects/class_projects/robotics_final/install/farm_robot_bringup/lib/python3.10/site-packages:/home/rutha/Projects/class_projects/robotics_final/install/farm_robot_perception/lib/python3.10/site-packages:${PYTHONPATH} /usr/bin/python3 -W ignore:setup.py install is deprecated -W ignore:easy_install command is deprecated setup.py egg_info --egg-base ../../build/farm_robot_bringup build --build-base /home/rutha/Projects/class_projects/robotics_final/build/farm_robot_bringup/build install --record /home/rutha/Projects/class_projects/robotics_final/build/farm_robot_bringup/install.log --single-version-externally-managed install_data
