[1.068s] DEBUG:colcon:Command line arguments: ['/usr/bin/colcon', 'build', '--symlink-install']
[1.068s] DEBUG:colcon:Parsed command line arguments: Namespace(log_base=None, log_level=None, verb_name='build', build_base='build', install_base='install', merge_install=False, symlink_install=True, test_result_base=None, continue_on_error=False, executor='parallel', parallel_workers=4, event_handlers=None, ignore_user_meta=False, metas=['./colcon.meta'], base_paths=['.'], packages_ignore=None, packages_ignore_regex=None, paths=None, packages_up_to=None, packages_up_to_regex=None, packages_above=None, packages_above_and_dependencies=None, packages_above_depth=None, packages_select_by_dep=None, packages_skip_by_dep=None, packages_skip_up_to=None, packages_select_build_failed=False, packages_skip_build_finished=False, packages_select_test_failures=False, packages_skip_test_passed=False, packages_select=None, packages_skip=None, packages_select_regex=None, packages_skip_regex=None, packages_start=None, packages_end=None, allow_overriding=[], cmake_args=None, cmake_target=None, cmake_target_skip_unavailable=False, cmake_clean_cache=False, cmake_clean_first=False, cmake_force_configure=False, ament_cmake_args=None, catkin_cmake_args=None, catkin_skip_building_tests=False, mixin_files=None, mixin=None, verb_parser=<colcon_mixin.mixin.mixin_argument.MixinArgumentDecorator object at 0x746cc01d4160>, verb_extension=<colcon_core.verb.build.BuildVerb object at 0x746cc0193a00>, main=<bound method BuildVerb.main of <colcon_core.verb.build.BuildVerb object at 0x746cc0193a00>>, mixin_verb=('build',))
[2.752s] Level 1:colcon.colcon_core.package_discovery:discover_packages(colcon_meta) check parameters
[2.753s] Level 1:colcon.colcon_core.package_discovery:discover_packages(recursive) check parameters
[2.753s] Level 1:colcon.colcon_core.package_discovery:discover_packages(ignore) check parameters
[2.753s] Level 1:colcon.colcon_core.package_discovery:discover_packages(path) check parameters
[2.753s] Level 1:colcon.colcon_core.package_discovery:discover_packages(colcon_meta) discover
[2.753s] Level 1:colcon.colcon_core.package_discovery:discover_packages(recursive) discover
[2.753s] INFO:colcon.colcon_core.package_discovery:Crawling recursively for packages in '/home/rutha/Projects/class_projects/robotics_final'
[2.753s] Level 1:colcon.colcon_core.package_identification:_identify(.) by extensions ['ignore', 'ignore_ament_install']
[2.754s] Level 1:colcon.colcon_core.package_identification:_identify(.) by extension 'ignore'
[2.756s] Level 1:colcon.colcon_core.package_identification:_identify(.) by extension 'ignore_ament_install'
[2.757s] Level 1:colcon.colcon_core.package_identification:_identify(.) by extensions ['colcon_pkg']
[2.758s] Level 1:colcon.colcon_core.package_identification:_identify(.) by extension 'colcon_pkg'
[2.759s] Level 1:colcon.colcon_core.package_identification:_identify(.) by extensions ['colcon_meta']
[2.760s] Level 1:colcon.colcon_core.package_identification:_identify(.) by extension 'colcon_meta'
[2.760s] Level 1:colcon.colcon_core.package_identification:_identify(.) by extensions ['ros']
[2.761s] Level 1:colcon.colcon_core.package_identification:_identify(.) by extension 'ros'
[2.840s] Level 1:colcon.colcon_core.package_identification:_identify(.) by extensions ['cmake', 'python']
[2.840s] Level 1:colcon.colcon_core.package_identification:_identify(.) by extension 'cmake'
[2.840s] Level 1:colcon.colcon_core.package_identification:_identify(.) by extension 'python'
[2.840s] Level 1:colcon.colcon_core.package_identification:_identify(.) by extensions ['python_setup_py']
[2.841s] Level 1:colcon.colcon_core.package_identification:_identify(.) by extension 'python_setup_py'
[2.841s] Level 1:colcon.colcon_core.package_identification:_identify(build) by extensions ['ignore', 'ignore_ament_install']
[2.841s] Level 1:colcon.colcon_core.package_identification:_identify(build) by extension 'ignore'
[2.841s] Level 1:colcon.colcon_core.package_identification:_identify(build) ignored
[2.841s] Level 1:colcon.colcon_core.package_identification:_identify(install) by extensions ['ignore', 'ignore_ament_install']
[2.842s] Level 1:colcon.colcon_core.package_identification:_identify(install) by extension 'ignore'
[2.842s] Level 1:colcon.colcon_core.package_identification:_identify(install) ignored
[2.842s] Level 1:colcon.colcon_core.package_identification:_identify(log) by extensions ['ignore', 'ignore_ament_install']
[2.843s] Level 1:colcon.colcon_core.package_identification:_identify(log) by extension 'ignore'
[2.843s] Level 1:colcon.colcon_core.package_identification:_identify(log) ignored
[2.843s] Level 1:colcon.colcon_core.package_identification:_identify(src) by extensions ['ignore', 'ignore_ament_install']
[2.844s] Level 1:colcon.colcon_core.package_identification:_identify(src) by extension 'ignore'
[2.844s] Level 1:colcon.colcon_core.package_identification:_identify(src) by extension 'ignore_ament_install'
[2.844s] Level 1:colcon.colcon_core.package_identification:_identify(src) by extensions ['colcon_pkg']
[2.844s] Level 1:colcon.colcon_core.package_identification:_identify(src) by extension 'colcon_pkg'
[2.844s] Level 1:colcon.colcon_core.package_identification:_identify(src) by extensions ['colcon_meta']
[2.844s] Level 1:colcon.colcon_core.package_identification:_identify(src) by extension 'colcon_meta'
[2.844s] Level 1:colcon.colcon_core.package_identification:_identify(src) by extensions ['ros']
[2.844s] Level 1:colcon.colcon_core.package_identification:_identify(src) by extension 'ros'
[2.845s] Level 1:colcon.colcon_core.package_identification:_identify(src) by extensions ['cmake', 'python']
[2.845s] Level 1:colcon.colcon_core.package_identification:_identify(src) by extension 'cmake'
[2.845s] Level 1:colcon.colcon_core.package_identification:_identify(src) by extension 'python'
[2.845s] Level 1:colcon.colcon_core.package_identification:_identify(src) by extensions ['python_setup_py']
[2.845s] Level 1:colcon.colcon_core.package_identification:_identify(src) by extension 'python_setup_py'
[2.845s] Level 1:colcon.colcon_core.package_identification:_identify(src/farm_robot_bringup) by extensions ['ignore', 'ignore_ament_install']
[2.846s] Level 1:colcon.colcon_core.package_identification:_identify(src/farm_robot_bringup) by extension 'ignore'
[2.846s] Level 1:colcon.colcon_core.package_identification:_identify(src/farm_robot_bringup) by extension 'ignore_ament_install'
[2.846s] Level 1:colcon.colcon_core.package_identification:_identify(src/farm_robot_bringup) by extensions ['colcon_pkg']
[2.846s] Level 1:colcon.colcon_core.package_identification:_identify(src/farm_robot_bringup) by extension 'colcon_pkg'
[2.846s] Level 1:colcon.colcon_core.package_identification:_identify(src/farm_robot_bringup) by extensions ['colcon_meta']
[2.846s] Level 1:colcon.colcon_core.package_identification:_identify(src/farm_robot_bringup) by extension 'colcon_meta'
[2.846s] Level 1:colcon.colcon_core.package_identification:_identify(src/farm_robot_bringup) by extensions ['ros']
[2.846s] Level 1:colcon.colcon_core.package_identification:_identify(src/farm_robot_bringup) by extension 'ros'
[2.863s] DEBUG:colcon.colcon_core.package_identification:Package 'src/farm_robot_bringup' with type 'ros.ament_python' and name 'farm_robot_bringup'
[2.864s] Level 1:colcon.colcon_core.package_identification:_identify(src/farm_robot_description) by extensions ['ignore', 'ignore_ament_install']
[2.864s] Level 1:colcon.colcon_core.package_identification:_identify(src/farm_robot_description) by extension 'ignore'
[2.864s] Level 1:colcon.colcon_core.package_identification:_identify(src/farm_robot_description) by extension 'ignore_ament_install'
[2.864s] Level 1:colcon.colcon_core.package_identification:_identify(src/farm_robot_description) by extensions ['colcon_pkg']
[2.864s] Level 1:colcon.colcon_core.package_identification:_identify(src/farm_robot_description) by extension 'colcon_pkg'
[2.864s] Level 1:colcon.colcon_core.package_identification:_identify(src/farm_robot_description) by extensions ['colcon_meta']
[2.865s] Level 1:colcon.colcon_core.package_identification:_identify(src/farm_robot_description) by extension 'colcon_meta'
[2.865s] Level 1:colcon.colcon_core.package_identification:_identify(src/farm_robot_description) by extensions ['ros']
[2.865s] Level 1:colcon.colcon_core.package_identification:_identify(src/farm_robot_description) by extension 'ros'
[2.867s] DEBUG:colcon.colcon_core.package_identification:Package 'src/farm_robot_description' with type 'ros.ament_cmake' and name 'farm_robot_description'
[2.867s] Level 1:colcon.colcon_core.package_identification:_identify(src/farm_robot_navigation) by extensions ['ignore', 'ignore_ament_install']
[2.867s] Level 1:colcon.colcon_core.package_identification:_identify(src/farm_robot_navigation) by extension 'ignore'
[2.867s] Level 1:colcon.colcon_core.package_identification:_identify(src/farm_robot_navigation) by extension 'ignore_ament_install'
[2.868s] Level 1:colcon.colcon_core.package_identification:_identify(src/farm_robot_navigation) by extensions ['colcon_pkg']
[2.868s] Level 1:colcon.colcon_core.package_identification:_identify(src/farm_robot_navigation) by extension 'colcon_pkg'
[2.868s] Level 1:colcon.colcon_core.package_identification:_identify(src/farm_robot_navigation) by extensions ['colcon_meta']
[2.869s] Level 1:colcon.colcon_core.package_identification:_identify(src/farm_robot_navigation) by extension 'colcon_meta'
[2.869s] Level 1:colcon.colcon_core.package_identification:_identify(src/farm_robot_navigation) by extensions ['ros']
[2.869s] Level 1:colcon.colcon_core.package_identification:_identify(src/farm_robot_navigation) by extension 'ros'
[2.876s] DEBUG:colcon.colcon_core.package_identification:Package 'src/farm_robot_navigation' with type 'ros.ament_cmake' and name 'farm_robot_navigation'
[2.878s] Level 1:colcon.colcon_core.package_identification:_identify(src/farm_robot_perception) by extensions ['ignore', 'ignore_ament_install']
[2.879s] Level 1:colcon.colcon_core.package_identification:_identify(src/farm_robot_perception) by extension 'ignore'
[2.879s] Level 1:colcon.colcon_core.package_identification:_identify(src/farm_robot_perception) by extension 'ignore_ament_install'
[2.879s] Level 1:colcon.colcon_core.package_identification:_identify(src/farm_robot_perception) by extensions ['colcon_pkg']
[2.879s] Level 1:colcon.colcon_core.package_identification:_identify(src/farm_robot_perception) by extension 'colcon_pkg'
[2.879s] Level 1:colcon.colcon_core.package_identification:_identify(src/farm_robot_perception) by extensions ['colcon_meta']
[2.879s] Level 1:colcon.colcon_core.package_identification:_identify(src/farm_robot_perception) by extension 'colcon_meta'
[2.879s] Level 1:colcon.colcon_core.package_identification:_identify(src/farm_robot_perception) by extensions ['ros']
[2.879s] Level 1:colcon.colcon_core.package_identification:_identify(src/farm_robot_perception) by extension 'ros'
[2.883s] DEBUG:colcon.colcon_core.package_identification:Package 'src/farm_robot_perception' with type 'ros.ament_python' and name 'farm_robot_perception'
[2.883s] Level 1:colcon.colcon_core.package_discovery:discover_packages(recursive) using defaults
[2.883s] Level 1:colcon.colcon_core.package_discovery:discover_packages(ignore) discover
[2.883s] Level 1:colcon.colcon_core.package_discovery:discover_packages(ignore) using defaults
[2.883s] Level 1:colcon.colcon_core.package_discovery:discover_packages(path) discover
[2.883s] Level 1:colcon.colcon_core.package_discovery:discover_packages(path) using defaults
[3.016s] Level 1:colcon.colcon_core.package_discovery:discover_packages(prefix_path) check parameters
[3.016s] Level 1:colcon.colcon_core.package_discovery:discover_packages(prefix_path) discover
[3.035s] DEBUG:colcon.colcon_installed_package_information.package_discovery:Found 4 installed packages in /home/rutha/Projects/class_projects/robotics_final/install
[3.037s] DEBUG:colcon.colcon_installed_package_information.package_discovery:Found 16 installed packages in /home/rutha/ros2_ws/install
[3.040s] DEBUG:colcon.colcon_installed_package_information.package_discovery:Found 2 installed packages in /home/rutha/ros2_ws/src/install
[3.042s] DEBUG:colcon.colcon_installed_package_information.package_discovery:Found 1 installed packages in /home/rutha/ros2_ws/task/catkin_ws/install
[3.054s] DEBUG:colcon.colcon_installed_package_information.package_discovery:Found 416 installed packages in /opt/ros/humble
[3.065s] Level 1:colcon.colcon_core.package_discovery:discover_packages(prefix_path) using defaults
[3.498s] Level 5:colcon.colcon_core.verb:set package 'farm_robot_description' build argument 'cmake_args' from command line to 'None'
[3.500s] Level 5:colcon.colcon_core.verb:set package 'farm_robot_description' build argument 'cmake_target' from command line to 'None'
[3.500s] Level 5:colcon.colcon_core.verb:set package 'farm_robot_description' build argument 'cmake_target_skip_unavailable' from command line to 'False'
[3.500s] Level 5:colcon.colcon_core.verb:set package 'farm_robot_description' build argument 'cmake_clean_cache' from command line to 'False'
[3.500s] Level 5:colcon.colcon_core.verb:set package 'farm_robot_description' build argument 'cmake_clean_first' from command line to 'False'
[3.500s] Level 5:colcon.colcon_core.verb:set package 'farm_robot_description' build argument 'cmake_force_configure' from command line to 'False'
[3.500s] Level 5:colcon.colcon_core.verb:set package 'farm_robot_description' build argument 'ament_cmake_args' from command line to 'None'
[3.500s] Level 5:colcon.colcon_core.verb:set package 'farm_robot_description' build argument 'catkin_cmake_args' from command line to 'None'
[3.500s] Level 5:colcon.colcon_core.verb:set package 'farm_robot_description' build argument 'catkin_skip_building_tests' from command line to 'False'
[3.500s] DEBUG:colcon.colcon_core.verb:Building package 'farm_robot_description' with the following arguments: {'ament_cmake_args': None, 'build_base': '/home/rutha/Projects/class_projects/robotics_final/build/farm_robot_description', 'catkin_cmake_args': None, 'catkin_skip_building_tests': False, 'cmake_args': None, 'cmake_clean_cache': False, 'cmake_clean_first': False, 'cmake_force_configure': False, 'cmake_target': None, 'cmake_target_skip_unavailable': False, 'install_base': '/home/rutha/Projects/class_projects/robotics_final/install/farm_robot_description', 'merge_install': False, 'path': '/home/rutha/Projects/class_projects/robotics_final/src/farm_robot_description', 'symlink_install': True, 'test_result_base': None}
[3.501s] Level 5:colcon.colcon_core.verb:set package 'farm_robot_navigation' build argument 'cmake_args' from command line to 'None'
[3.502s] Level 5:colcon.colcon_core.verb:set package 'farm_robot_navigation' build argument 'cmake_target' from command line to 'None'
[3.502s] Level 5:colcon.colcon_core.verb:set package 'farm_robot_navigation' build argument 'cmake_target_skip_unavailable' from command line to 'False'
[3.502s] Level 5:colcon.colcon_core.verb:set package 'farm_robot_navigation' build argument 'cmake_clean_cache' from command line to 'False'
[3.502s] Level 5:colcon.colcon_core.verb:set package 'farm_robot_navigation' build argument 'cmake_clean_first' from command line to 'False'
[3.502s] Level 5:colcon.colcon_core.verb:set package 'farm_robot_navigation' build argument 'cmake_force_configure' from command line to 'False'
[3.502s] Level 5:colcon.colcon_core.verb:set package 'farm_robot_navigation' build argument 'ament_cmake_args' from command line to 'None'
[3.502s] Level 5:colcon.colcon_core.verb:set package 'farm_robot_navigation' build argument 'catkin_cmake_args' from command line to 'None'
[3.502s] Level 5:colcon.colcon_core.verb:set package 'farm_robot_navigation' build argument 'catkin_skip_building_tests' from command line to 'False'
[3.502s] DEBUG:colcon.colcon_core.verb:Building package 'farm_robot_navigation' with the following arguments: {'ament_cmake_args': None, 'build_base': '/home/rutha/Projects/class_projects/robotics_final/build/farm_robot_navigation', 'catkin_cmake_args': None, 'catkin_skip_building_tests': False, 'cmake_args': None, 'cmake_clean_cache': False, 'cmake_clean_first': False, 'cmake_force_configure': False, 'cmake_target': None, 'cmake_target_skip_unavailable': False, 'install_base': '/home/rutha/Projects/class_projects/robotics_final/install/farm_robot_navigation', 'merge_install': False, 'path': '/home/rutha/Projects/class_projects/robotics_final/src/farm_robot_navigation', 'symlink_install': True, 'test_result_base': None}
[3.504s] Level 5:colcon.colcon_core.verb:set package 'farm_robot_perception' build argument 'cmake_args' from command line to 'None'
[3.504s] Level 5:colcon.colcon_core.verb:set package 'farm_robot_perception' build argument 'cmake_target' from command line to 'None'
[3.504s] Level 5:colcon.colcon_core.verb:set package 'farm_robot_perception' build argument 'cmake_target_skip_unavailable' from command line to 'False'
[3.504s] Level 5:colcon.colcon_core.verb:set package 'farm_robot_perception' build argument 'cmake_clean_cache' from command line to 'False'
[3.504s] Level 5:colcon.colcon_core.verb:set package 'farm_robot_perception' build argument 'cmake_clean_first' from command line to 'False'
[3.504s] Level 5:colcon.colcon_core.verb:set package 'farm_robot_perception' build argument 'cmake_force_configure' from command line to 'False'
[3.504s] Level 5:colcon.colcon_core.verb:set package 'farm_robot_perception' build argument 'ament_cmake_args' from command line to 'None'
[3.504s] Level 5:colcon.colcon_core.verb:set package 'farm_robot_perception' build argument 'catkin_cmake_args' from command line to 'None'
[3.504s] Level 5:colcon.colcon_core.verb:set package 'farm_robot_perception' build argument 'catkin_skip_building_tests' from command line to 'False'
[3.504s] DEBUG:colcon.colcon_core.verb:Building package 'farm_robot_perception' with the following arguments: {'ament_cmake_args': None, 'build_base': '/home/rutha/Projects/class_projects/robotics_final/build/farm_robot_perception', 'catkin_cmake_args': None, 'catkin_skip_building_tests': False, 'cmake_args': None, 'cmake_clean_cache': False, 'cmake_clean_first': False, 'cmake_force_configure': False, 'cmake_target': None, 'cmake_target_skip_unavailable': False, 'install_base': '/home/rutha/Projects/class_projects/robotics_final/install/farm_robot_perception', 'merge_install': False, 'path': '/home/rutha/Projects/class_projects/robotics_final/src/farm_robot_perception', 'symlink_install': True, 'test_result_base': None}
[3.505s] Level 5:colcon.colcon_core.verb:set package 'farm_robot_bringup' build argument 'cmake_args' from command line to 'None'
[3.505s] Level 5:colcon.colcon_core.verb:set package 'farm_robot_bringup' build argument 'cmake_target' from command line to 'None'
[3.505s] Level 5:colcon.colcon_core.verb:set package 'farm_robot_bringup' build argument 'cmake_target_skip_unavailable' from command line to 'False'
[3.505s] Level 5:colcon.colcon_core.verb:set package 'farm_robot_bringup' build argument 'cmake_clean_cache' from command line to 'False'
[3.506s] Level 5:colcon.colcon_core.verb:set package 'farm_robot_bringup' build argument 'cmake_clean_first' from command line to 'False'
[3.506s] Level 5:colcon.colcon_core.verb:set package 'farm_robot_bringup' build argument 'cmake_force_configure' from command line to 'False'
[3.506s] Level 5:colcon.colcon_core.verb:set package 'farm_robot_bringup' build argument 'ament_cmake_args' from command line to 'None'
[3.507s] Level 5:colcon.colcon_core.verb:set package 'farm_robot_bringup' build argument 'catkin_cmake_args' from command line to 'None'
[3.507s] Level 5:colcon.colcon_core.verb:set package 'farm_robot_bringup' build argument 'catkin_skip_building_tests' from command line to 'False'
[3.508s] DEBUG:colcon.colcon_core.verb:Building package 'farm_robot_bringup' with the following arguments: {'ament_cmake_args': None, 'build_base': '/home/rutha/Projects/class_projects/robotics_final/build/farm_robot_bringup', 'catkin_cmake_args': None, 'catkin_skip_building_tests': False, 'cmake_args': None, 'cmake_clean_cache': False, 'cmake_clean_first': False, 'cmake_force_configure': False, 'cmake_target': None, 'cmake_target_skip_unavailable': False, 'install_base': '/home/rutha/Projects/class_projects/robotics_final/install/farm_robot_bringup', 'merge_install': False, 'path': '/home/rutha/Projects/class_projects/robotics_final/src/farm_robot_bringup', 'symlink_install': True, 'test_result_base': None}
[3.509s] INFO:colcon.colcon_core.executor:Executing jobs using 'parallel' executor
[3.520s] DEBUG:colcon.colcon_parallel_executor.executor.parallel:run_until_complete
[3.520s] INFO:colcon.colcon_ros.task.ament_cmake.build:Building ROS package in '/home/rutha/Projects/class_projects/robotics_final/src/farm_robot_description' with build type 'ament_cmake'
[3.521s] INFO:colcon.colcon_cmake.task.cmake.build:Building CMake package in '/home/rutha/Projects/class_projects/robotics_final/src/farm_robot_description'
[3.540s] INFO:colcon.colcon_core.plugin_system:Skipping extension 'colcon_core.shell.bat': Not used on non-Windows systems
[3.542s] INFO:colcon.colcon_core.shell:Skip shell extension 'powershell' for command environment: Not usable outside of PowerShell
[3.543s] DEBUG:colcon.colcon_core.shell:Skip shell extension 'dsv' for command environment
[3.582s] INFO:colcon.colcon_ros.task.ament_cmake.build:Building ROS package in '/home/rutha/Projects/class_projects/robotics_final/src/farm_robot_navigation' with build type 'ament_cmake'
[3.583s] INFO:colcon.colcon_cmake.task.cmake.build:Building CMake package in '/home/rutha/Projects/class_projects/robotics_final/src/farm_robot_navigation'
[3.583s] INFO:colcon.colcon_core.shell:Skip shell extension 'powershell' for command environment: Not usable outside of PowerShell
[3.583s] DEBUG:colcon.colcon_core.shell:Skip shell extension 'dsv' for command environment
[3.614s] INFO:colcon.colcon_ros.task.ament_python.build:Building ROS package in '/home/rutha/Projects/class_projects/robotics_final/src/farm_robot_perception' with build type 'ament_python'
[3.614s] Level 1:colcon.colcon_core.shell:create_environment_hook('farm_robot_perception', 'ament_prefix_path')
[3.615s] INFO:colcon.colcon_core.shell:Creating environment hook '/home/rutha/Projects/class_projects/robotics_final/install/farm_robot_perception/share/farm_robot_perception/hook/ament_prefix_path.ps1'
[3.628s] INFO:colcon.colcon_core.shell:Creating environment descriptor '/home/rutha/Projects/class_projects/robotics_final/install/farm_robot_perception/share/farm_robot_perception/hook/ament_prefix_path.dsv'
[3.631s] INFO:colcon.colcon_core.shell:Creating environment hook '/home/rutha/Projects/class_projects/robotics_final/install/farm_robot_perception/share/farm_robot_perception/hook/ament_prefix_path.sh'
[3.635s] INFO:colcon.colcon_core.shell:Skip shell extension 'powershell' for command environment: Not usable outside of PowerShell
[3.635s] DEBUG:colcon.colcon_core.shell:Skip shell extension 'dsv' for command environment
[3.713s] DEBUG:colcon.colcon_core.event_handler.log_command:Invoking command in '/home/rutha/Projects/class_projects/robotics_final/build/farm_robot_description': CMAKE_PREFIX_PATH=/home/rutha/Projects/class_projects/robotics_final/install/farm_robot_navigation:/home/rutha/Projects/class_projects/robotics_final/install/farm_robot_description:/home/rutha/ros2_ws/install/urdf_learning:/home/rutha/ros2_ws/install/tutorial_interfaces:/home/rutha/ros2_ws/install/sync_async_node_example_cpp:/home/rutha/ros2_ws/install/more_interfaces:/home/rutha/ros2_ws/install/learning_tf2_cpp:/home/rutha/Projects/class_projects/robotics_final/install/farm_robot_bringup:/home/rutha/Projects/class_projects/robotics_final/install/farm_robot_perception:/home/rutha/ros2_ws/install/py_pubsub:/home/rutha/ros2_ws/install/robot_perception_pkg:/home/rutha/ros2_ws/install/python_parameters:/home/rutha/ros2_ws/install/py_srvcli:/home/rutha/ros2_ws/install/py_intermediate:/home/rutha/ros2_ws/install/my_package:/home/rutha/ros2_ws/install/my_intermediate_pkg:/home/rutha/ros2_ws/install/my_first_pkg:/home/rutha/ros2_ws/install/learning_tf2_py:/home/rutha/ros2_ws/install/bag_recorder_nodes_py:/home/rutha/ros2_ws/src/install/robot_perception_pkg:/home/rutha/ros2_ws/src/install/bag_recorder_nodes_py:/opt/ros/humble:/home/rutha/ros2_ws/install/action_tutorials_interfaces:/home/rutha/ros2_ws/task/catkin_ws/install/robot_perception_pkg /usr/bin/cmake --build /home/rutha/Projects/class_projects/robotics_final/build/farm_robot_description -- -j4 -l4
[3.761s] DEBUG:colcon.colcon_core.event_handler.log_command:Invoking command in '/home/rutha/Projects/class_projects/robotics_final/build/farm_robot_navigation': CMAKE_PREFIX_PATH=/home/rutha/Projects/class_projects/robotics_final/install/farm_robot_navigation:/home/rutha/Projects/class_projects/robotics_final/install/farm_robot_description:/home/rutha/ros2_ws/install/urdf_learning:/home/rutha/ros2_ws/install/tutorial_interfaces:/home/rutha/ros2_ws/install/sync_async_node_example_cpp:/home/rutha/ros2_ws/install/more_interfaces:/home/rutha/ros2_ws/install/learning_tf2_cpp:/home/rutha/Projects/class_projects/robotics_final/install/farm_robot_bringup:/home/rutha/Projects/class_projects/robotics_final/install/farm_robot_perception:/home/rutha/ros2_ws/install/py_pubsub:/home/rutha/ros2_ws/install/robot_perception_pkg:/home/rutha/ros2_ws/install/python_parameters:/home/rutha/ros2_ws/install/py_srvcli:/home/rutha/ros2_ws/install/py_intermediate:/home/rutha/ros2_ws/install/my_package:/home/rutha/ros2_ws/install/my_intermediate_pkg:/home/rutha/ros2_ws/install/my_first_pkg:/home/rutha/ros2_ws/install/learning_tf2_py:/home/rutha/ros2_ws/install/bag_recorder_nodes_py:/home/rutha/ros2_ws/src/install/robot_perception_pkg:/home/rutha/ros2_ws/src/install/bag_recorder_nodes_py:/opt/ros/humble:/home/rutha/ros2_ws/install/action_tutorials_interfaces:/home/rutha/ros2_ws/task/catkin_ws/install/robot_perception_pkg /usr/bin/cmake --build /home/rutha/Projects/class_projects/robotics_final/build/farm_robot_navigation -- -j4 -l4
[5.491s] INFO:colcon.colcon_core.task.python.build:Building Python package in '/home/rutha/Projects/class_projects/robotics_final/src/farm_robot_perception'
[5.492s] INFO:colcon.colcon_core.shell:Skip shell extension 'powershell' for command environment: Not usable outside of PowerShell
[5.492s] DEBUG:colcon.colcon_core.shell:Skip shell extension 'dsv' for command environment
[5.529s] DEBUG:colcon.colcon_core.event_handler.log_command:Invoked command in '/home/rutha/Projects/class_projects/robotics_final/build/farm_robot_description' returned '0': CMAKE_PREFIX_PATH=/home/rutha/Projects/class_projects/robotics_final/install/farm_robot_navigation:/home/rutha/Projects/class_projects/robotics_final/install/farm_robot_description:/home/rutha/ros2_ws/install/urdf_learning:/home/rutha/ros2_ws/install/tutorial_interfaces:/home/rutha/ros2_ws/install/sync_async_node_example_cpp:/home/rutha/ros2_ws/install/more_interfaces:/home/rutha/ros2_ws/install/learning_tf2_cpp:/home/rutha/Projects/class_projects/robotics_final/install/farm_robot_bringup:/home/rutha/Projects/class_projects/robotics_final/install/farm_robot_perception:/home/rutha/ros2_ws/install/py_pubsub:/home/rutha/ros2_ws/install/robot_perception_pkg:/home/rutha/ros2_ws/install/python_parameters:/home/rutha/ros2_ws/install/py_srvcli:/home/rutha/ros2_ws/install/py_intermediate:/home/rutha/ros2_ws/install/my_package:/home/rutha/ros2_ws/install/my_intermediate_pkg:/home/rutha/ros2_ws/install/my_first_pkg:/home/rutha/ros2_ws/install/learning_tf2_py:/home/rutha/ros2_ws/install/bag_recorder_nodes_py:/home/rutha/ros2_ws/src/install/robot_perception_pkg:/home/rutha/ros2_ws/src/install/bag_recorder_nodes_py:/opt/ros/humble:/home/rutha/ros2_ws/install/action_tutorials_interfaces:/home/rutha/ros2_ws/task/catkin_ws/install/robot_perception_pkg /usr/bin/cmake --build /home/rutha/Projects/class_projects/robotics_final/build/farm_robot_description -- -j4 -l4
[5.567s] DEBUG:colcon.colcon_core.event_handler.log_command:Invoking command in '/home/rutha/Projects/class_projects/robotics_final/build/farm_robot_description': CMAKE_PREFIX_PATH=/home/rutha/Projects/class_projects/robotics_final/install/farm_robot_navigation:/home/rutha/Projects/class_projects/robotics_final/install/farm_robot_description:/home/rutha/ros2_ws/install/urdf_learning:/home/rutha/ros2_ws/install/tutorial_interfaces:/home/rutha/ros2_ws/install/sync_async_node_example_cpp:/home/rutha/ros2_ws/install/more_interfaces:/home/rutha/ros2_ws/install/learning_tf2_cpp:/home/rutha/Projects/class_projects/robotics_final/install/farm_robot_bringup:/home/rutha/Projects/class_projects/robotics_final/install/farm_robot_perception:/home/rutha/ros2_ws/install/py_pubsub:/home/rutha/ros2_ws/install/robot_perception_pkg:/home/rutha/ros2_ws/install/python_parameters:/home/rutha/ros2_ws/install/py_srvcli:/home/rutha/ros2_ws/install/py_intermediate:/home/rutha/ros2_ws/install/my_package:/home/rutha/ros2_ws/install/my_intermediate_pkg:/home/rutha/ros2_ws/install/my_first_pkg:/home/rutha/ros2_ws/install/learning_tf2_py:/home/rutha/ros2_ws/install/bag_recorder_nodes_py:/home/rutha/ros2_ws/src/install/robot_perception_pkg:/home/rutha/ros2_ws/src/install/bag_recorder_nodes_py:/opt/ros/humble:/home/rutha/ros2_ws/install/action_tutorials_interfaces:/home/rutha/ros2_ws/task/catkin_ws/install/robot_perception_pkg /usr/bin/cmake --install /home/rutha/Projects/class_projects/robotics_final/build/farm_robot_description
[5.820s] Level 1:colcon.colcon_core.environment:create_environment_scripts_only(farm_robot_description)
[5.825s] DEBUG:colcon.colcon_core.event_handler.log_command:Invoked command in '/home/rutha/Projects/class_projects/robotics_final/build/farm_robot_description' returned '0': CMAKE_PREFIX_PATH=/home/rutha/Projects/class_projects/robotics_final/install/farm_robot_navigation:/home/rutha/Projects/class_projects/robotics_final/install/farm_robot_description:/home/rutha/ros2_ws/install/urdf_learning:/home/rutha/ros2_ws/install/tutorial_interfaces:/home/rutha/ros2_ws/install/sync_async_node_example_cpp:/home/rutha/ros2_ws/install/more_interfaces:/home/rutha/ros2_ws/install/learning_tf2_cpp:/home/rutha/Projects/class_projects/robotics_final/install/farm_robot_bringup:/home/rutha/Projects/class_projects/robotics_final/install/farm_robot_perception:/home/rutha/ros2_ws/install/py_pubsub:/home/rutha/ros2_ws/install/robot_perception_pkg:/home/rutha/ros2_ws/install/python_parameters:/home/rutha/ros2_ws/install/py_srvcli:/home/rutha/ros2_ws/install/py_intermediate:/home/rutha/ros2_ws/install/my_package:/home/rutha/ros2_ws/install/my_intermediate_pkg:/home/rutha/ros2_ws/install/my_first_pkg:/home/rutha/ros2_ws/install/learning_tf2_py:/home/rutha/ros2_ws/install/bag_recorder_nodes_py:/home/rutha/ros2_ws/src/install/robot_perception_pkg:/home/rutha/ros2_ws/src/install/bag_recorder_nodes_py:/opt/ros/humble:/home/rutha/ros2_ws/install/action_tutorials_interfaces:/home/rutha/ros2_ws/task/catkin_ws/install/robot_perception_pkg /usr/bin/cmake --install /home/rutha/Projects/class_projects/robotics_final/build/farm_robot_description
[5.846s] Level 1:colcon.colcon_core.environment:checking '/home/rutha/Projects/class_projects/robotics_final/install/farm_robot_description' for CMake module files
[5.865s] Level 1:colcon.colcon_core.environment:checking '/home/rutha/Projects/class_projects/robotics_final/install/farm_robot_description' for CMake config files
[5.871s] Level 1:colcon.colcon_core.shell:create_environment_hook('farm_robot_description', 'cmake_prefix_path')
[5.875s] INFO:colcon.colcon_core.shell:Creating environment hook '/home/rutha/Projects/class_projects/robotics_final/install/farm_robot_description/share/farm_robot_description/hook/cmake_prefix_path.ps1'
[5.880s] INFO:colcon.colcon_core.shell:Creating environment descriptor '/home/rutha/Projects/class_projects/robotics_final/install/farm_robot_description/share/farm_robot_description/hook/cmake_prefix_path.dsv'
[5.881s] INFO:colcon.colcon_core.shell:Creating environment hook '/home/rutha/Projects/class_projects/robotics_final/install/farm_robot_description/share/farm_robot_description/hook/cmake_prefix_path.sh'
[5.891s] Level 1:colcon.colcon_core.environment:checking '/home/rutha/Projects/class_projects/robotics_final/install/farm_robot_description/lib'
[5.896s] Level 1:colcon.colcon_core.environment:checking '/home/rutha/Projects/class_projects/robotics_final/install/farm_robot_description/bin'
[5.898s] Level 1:colcon.colcon_core.environment:checking '/home/rutha/Projects/class_projects/robotics_final/install/farm_robot_description/lib/pkgconfig/farm_robot_description.pc'
[5.899s] Level 1:colcon.colcon_core.environment:checking '/home/rutha/Projects/class_projects/robotics_final/install/farm_robot_description/lib/python3.10/site-packages'
[5.905s] Level 1:colcon.colcon_core.environment:checking '/home/rutha/Projects/class_projects/robotics_final/install/farm_robot_description/bin'
[5.908s] INFO:colcon.colcon_core.shell:Creating package script '/home/rutha/Projects/class_projects/robotics_final/install/farm_robot_description/share/farm_robot_description/package.ps1'
[5.916s] INFO:colcon.colcon_core.shell:Creating package descriptor '/home/rutha/Projects/class_projects/robotics_final/install/farm_robot_description/share/farm_robot_description/package.dsv'
[5.920s] INFO:colcon.colcon_core.shell:Creating package script '/home/rutha/Projects/class_projects/robotics_final/install/farm_robot_description/share/farm_robot_description/package.sh'
[5.926s] INFO:colcon.colcon_core.shell:Creating package script '/home/rutha/Projects/class_projects/robotics_final/install/farm_robot_description/share/farm_robot_description/package.bash'
[5.944s] INFO:colcon.colcon_core.shell:Creating package script '/home/rutha/Projects/class_projects/robotics_final/install/farm_robot_description/share/farm_robot_description/package.zsh'
[5.961s] Level 1:colcon.colcon_core.environment:create_file_with_runtime_dependencies(/home/rutha/Projects/class_projects/robotics_final/install/farm_robot_description/share/colcon-core/packages/farm_robot_description)
[5.966s] Level 1:colcon.colcon_core.environment:create_environment_scripts_only(farm_robot_description)
[5.967s] Level 1:colcon.colcon_core.environment:checking '/home/rutha/Projects/class_projects/robotics_final/install/farm_robot_description' for CMake module files
[5.968s] Level 1:colcon.colcon_core.environment:checking '/home/rutha/Projects/class_projects/robotics_final/install/farm_robot_description' for CMake config files
[5.972s] Level 1:colcon.colcon_core.shell:create_environment_hook('farm_robot_description', 'cmake_prefix_path')
[5.972s] INFO:colcon.colcon_core.shell:Creating environment hook '/home/rutha/Projects/class_projects/robotics_final/install/farm_robot_description/share/farm_robot_description/hook/cmake_prefix_path.ps1'
[5.973s] INFO:colcon.colcon_core.shell:Creating environment descriptor '/home/rutha/Projects/class_projects/robotics_final/install/farm_robot_description/share/farm_robot_description/hook/cmake_prefix_path.dsv'
[5.975s] INFO:colcon.colcon_core.shell:Creating environment hook '/home/rutha/Projects/class_projects/robotics_final/install/farm_robot_description/share/farm_robot_description/hook/cmake_prefix_path.sh'
[5.976s] Level 1:colcon.colcon_core.environment:checking '/home/rutha/Projects/class_projects/robotics_final/install/farm_robot_description/lib'
[5.976s] Level 1:colcon.colcon_core.environment:checking '/home/rutha/Projects/class_projects/robotics_final/install/farm_robot_description/bin'
[5.977s] Level 1:colcon.colcon_core.environment:checking '/home/rutha/Projects/class_projects/robotics_final/install/farm_robot_description/lib/pkgconfig/farm_robot_description.pc'
[5.977s] Level 1:colcon.colcon_core.environment:checking '/home/rutha/Projects/class_projects/robotics_final/install/farm_robot_description/lib/python3.10/site-packages'
[5.979s] Level 1:colcon.colcon_core.environment:checking '/home/rutha/Projects/class_projects/robotics_final/install/farm_robot_description/bin'
[5.982s] INFO:colcon.colcon_core.shell:Creating package script '/home/rutha/Projects/class_projects/robotics_final/install/farm_robot_description/share/farm_robot_description/package.ps1'
[5.983s] INFO:colcon.colcon_core.shell:Creating package descriptor '/home/rutha/Projects/class_projects/robotics_final/install/farm_robot_description/share/farm_robot_description/package.dsv'
[5.986s] INFO:colcon.colcon_core.shell:Creating package script '/home/rutha/Projects/class_projects/robotics_final/install/farm_robot_description/share/farm_robot_description/package.sh'
[5.987s] INFO:colcon.colcon_core.shell:Creating package script '/home/rutha/Projects/class_projects/robotics_final/install/farm_robot_description/share/farm_robot_description/package.bash'
[5.988s] INFO:colcon.colcon_core.shell:Creating package script '/home/rutha/Projects/class_projects/robotics_final/install/farm_robot_description/share/farm_robot_description/package.zsh'
[5.989s] Level 1:colcon.colcon_core.environment:create_file_with_runtime_dependencies(/home/rutha/Projects/class_projects/robotics_final/install/farm_robot_description/share/colcon-core/packages/farm_robot_description)
[6.203s] DEBUG:colcon.colcon_core.event_handler.log_command:Invoked command in '/home/rutha/Projects/class_projects/robotics_final/build/farm_robot_navigation' returned '0': CMAKE_PREFIX_PATH=/home/rutha/Projects/class_projects/robotics_final/install/farm_robot_navigation:/home/rutha/Projects/class_projects/robotics_final/install/farm_robot_description:/home/rutha/ros2_ws/install/urdf_learning:/home/rutha/ros2_ws/install/tutorial_interfaces:/home/rutha/ros2_ws/install/sync_async_node_example_cpp:/home/rutha/ros2_ws/install/more_interfaces:/home/rutha/ros2_ws/install/learning_tf2_cpp:/home/rutha/Projects/class_projects/robotics_final/install/farm_robot_bringup:/home/rutha/Projects/class_projects/robotics_final/install/farm_robot_perception:/home/rutha/ros2_ws/install/py_pubsub:/home/rutha/ros2_ws/install/robot_perception_pkg:/home/rutha/ros2_ws/install/python_parameters:/home/rutha/ros2_ws/install/py_srvcli:/home/rutha/ros2_ws/install/py_intermediate:/home/rutha/ros2_ws/install/my_package:/home/rutha/ros2_ws/install/my_intermediate_pkg:/home/rutha/ros2_ws/install/my_first_pkg:/home/rutha/ros2_ws/install/learning_tf2_py:/home/rutha/ros2_ws/install/bag_recorder_nodes_py:/home/rutha/ros2_ws/src/install/robot_perception_pkg:/home/rutha/ros2_ws/src/install/bag_recorder_nodes_py:/opt/ros/humble:/home/rutha/ros2_ws/install/action_tutorials_interfaces:/home/rutha/ros2_ws/task/catkin_ws/install/robot_perception_pkg /usr/bin/cmake --build /home/rutha/Projects/class_projects/robotics_final/build/farm_robot_navigation -- -j4 -l4
[6.221s] DEBUG:colcon.colcon_core.event_handler.log_command:Invoking command in '/home/rutha/Projects/class_projects/robotics_final/build/farm_robot_navigation': CMAKE_PREFIX_PATH=/home/rutha/Projects/class_projects/robotics_final/install/farm_robot_navigation:/home/rutha/Projects/class_projects/robotics_final/install/farm_robot_description:/home/rutha/ros2_ws/install/urdf_learning:/home/rutha/ros2_ws/install/tutorial_interfaces:/home/rutha/ros2_ws/install/sync_async_node_example_cpp:/home/rutha/ros2_ws/install/more_interfaces:/home/rutha/ros2_ws/install/learning_tf2_cpp:/home/rutha/Projects/class_projects/robotics_final/install/farm_robot_bringup:/home/rutha/Projects/class_projects/robotics_final/install/farm_robot_perception:/home/rutha/ros2_ws/install/py_pubsub:/home/rutha/ros2_ws/install/robot_perception_pkg:/home/rutha/ros2_ws/install/python_parameters:/home/rutha/ros2_ws/install/py_srvcli:/home/rutha/ros2_ws/install/py_intermediate:/home/rutha/ros2_ws/install/my_package:/home/rutha/ros2_ws/install/my_intermediate_pkg:/home/rutha/ros2_ws/install/my_first_pkg:/home/rutha/ros2_ws/install/learning_tf2_py:/home/rutha/ros2_ws/install/bag_recorder_nodes_py:/home/rutha/ros2_ws/src/install/robot_perception_pkg:/home/rutha/ros2_ws/src/install/bag_recorder_nodes_py:/opt/ros/humble:/home/rutha/ros2_ws/install/action_tutorials_interfaces:/home/rutha/ros2_ws/task/catkin_ws/install/robot_perception_pkg /usr/bin/cmake --install /home/rutha/Projects/class_projects/robotics_final/build/farm_robot_navigation
[6.410s] Level 1:colcon.colcon_core.environment:create_environment_scripts_only(farm_robot_navigation)
[6.414s] Level 1:colcon.colcon_core.environment:checking '/home/rutha/Projects/class_projects/robotics_final/install/farm_robot_navigation' for CMake module files
[6.416s] DEBUG:colcon.colcon_core.event_handler.log_command:Invoked command in '/home/rutha/Projects/class_projects/robotics_final/build/farm_robot_navigation' returned '0': CMAKE_PREFIX_PATH=/home/rutha/Projects/class_projects/robotics_final/install/farm_robot_navigation:/home/rutha/Projects/class_projects/robotics_final/install/farm_robot_description:/home/rutha/ros2_ws/install/urdf_learning:/home/rutha/ros2_ws/install/tutorial_interfaces:/home/rutha/ros2_ws/install/sync_async_node_example_cpp:/home/rutha/ros2_ws/install/more_interfaces:/home/rutha/ros2_ws/install/learning_tf2_cpp:/home/rutha/Projects/class_projects/robotics_final/install/farm_robot_bringup:/home/rutha/Projects/class_projects/robotics_final/install/farm_robot_perception:/home/rutha/ros2_ws/install/py_pubsub:/home/rutha/ros2_ws/install/robot_perception_pkg:/home/rutha/ros2_ws/install/python_parameters:/home/rutha/ros2_ws/install/py_srvcli:/home/rutha/ros2_ws/install/py_intermediate:/home/rutha/ros2_ws/install/my_package:/home/rutha/ros2_ws/install/my_intermediate_pkg:/home/rutha/ros2_ws/install/my_first_pkg:/home/rutha/ros2_ws/install/learning_tf2_py:/home/rutha/ros2_ws/install/bag_recorder_nodes_py:/home/rutha/ros2_ws/src/install/robot_perception_pkg:/home/rutha/ros2_ws/src/install/bag_recorder_nodes_py:/opt/ros/humble:/home/rutha/ros2_ws/install/action_tutorials_interfaces:/home/rutha/ros2_ws/task/catkin_ws/install/robot_perception_pkg /usr/bin/cmake --install /home/rutha/Projects/class_projects/robotics_final/build/farm_robot_navigation
[6.421s] Level 1:colcon.colcon_core.environment:checking '/home/rutha/Projects/class_projects/robotics_final/install/farm_robot_navigation' for CMake config files
[6.425s] Level 1:colcon.colcon_core.shell:create_environment_hook('farm_robot_navigation', 'cmake_prefix_path')
[6.426s] INFO:colcon.colcon_core.shell:Creating environment hook '/home/rutha/Projects/class_projects/robotics_final/install/farm_robot_navigation/share/farm_robot_navigation/hook/cmake_prefix_path.ps1'
[6.429s] INFO:colcon.colcon_core.shell:Creating environment descriptor '/home/rutha/Projects/class_projects/robotics_final/install/farm_robot_navigation/share/farm_robot_navigation/hook/cmake_prefix_path.dsv'
[6.430s] INFO:colcon.colcon_core.shell:Creating environment hook '/home/rutha/Projects/class_projects/robotics_final/install/farm_robot_navigation/share/farm_robot_navigation/hook/cmake_prefix_path.sh'
[6.437s] Level 1:colcon.colcon_core.environment:checking '/home/rutha/Projects/class_projects/robotics_final/install/farm_robot_navigation/lib'
[6.437s] Level 1:colcon.colcon_core.environment:checking '/home/rutha/Projects/class_projects/robotics_final/install/farm_robot_navigation/bin'
[6.437s] Level 1:colcon.colcon_core.environment:checking '/home/rutha/Projects/class_projects/robotics_final/install/farm_robot_navigation/lib/pkgconfig/farm_robot_navigation.pc'
[6.438s] Level 1:colcon.colcon_core.environment:checking '/home/rutha/Projects/class_projects/robotics_final/install/farm_robot_navigation/lib/python3.10/site-packages'
[6.439s] Level 1:colcon.colcon_core.environment:checking '/home/rutha/Projects/class_projects/robotics_final/install/farm_robot_navigation/bin'
[6.443s] INFO:colcon.colcon_core.shell:Creating package script '/home/rutha/Projects/class_projects/robotics_final/install/farm_robot_navigation/share/farm_robot_navigation/package.ps1'
[6.451s] INFO:colcon.colcon_core.shell:Creating package descriptor '/home/rutha/Projects/class_projects/robotics_final/install/farm_robot_navigation/share/farm_robot_navigation/package.dsv'
[6.453s] INFO:colcon.colcon_core.shell:Creating package script '/home/rutha/Projects/class_projects/robotics_final/install/farm_robot_navigation/share/farm_robot_navigation/package.sh'
[6.456s] INFO:colcon.colcon_core.shell:Creating package script '/home/rutha/Projects/class_projects/robotics_final/install/farm_robot_navigation/share/farm_robot_navigation/package.bash'
[6.457s] INFO:colcon.colcon_core.shell:Creating package script '/home/rutha/Projects/class_projects/robotics_final/install/farm_robot_navigation/share/farm_robot_navigation/package.zsh'
[6.458s] Level 1:colcon.colcon_core.environment:create_file_with_runtime_dependencies(/home/rutha/Projects/class_projects/robotics_final/install/farm_robot_navigation/share/colcon-core/packages/farm_robot_navigation)
[6.462s] Level 1:colcon.colcon_core.environment:create_environment_scripts_only(farm_robot_navigation)
[6.462s] Level 1:colcon.colcon_core.environment:checking '/home/rutha/Projects/class_projects/robotics_final/install/farm_robot_navigation' for CMake module files
[6.463s] Level 1:colcon.colcon_core.environment:checking '/home/rutha/Projects/class_projects/robotics_final/install/farm_robot_navigation' for CMake config files
[6.464s] Level 1:colcon.colcon_core.shell:create_environment_hook('farm_robot_navigation', 'cmake_prefix_path')
[6.465s] INFO:colcon.colcon_core.shell:Creating environment hook '/home/rutha/Projects/class_projects/robotics_final/install/farm_robot_navigation/share/farm_robot_navigation/hook/cmake_prefix_path.ps1'
[6.466s] INFO:colcon.colcon_core.shell:Creating environment descriptor '/home/rutha/Projects/class_projects/robotics_final/install/farm_robot_navigation/share/farm_robot_navigation/hook/cmake_prefix_path.dsv'
[6.469s] INFO:colcon.colcon_core.shell:Creating environment hook '/home/rutha/Projects/class_projects/robotics_final/install/farm_robot_navigation/share/farm_robot_navigation/hook/cmake_prefix_path.sh'
[6.471s] Level 1:colcon.colcon_core.environment:checking '/home/rutha/Projects/class_projects/robotics_final/install/farm_robot_navigation/lib'
[6.471s] Level 1:colcon.colcon_core.environment:checking '/home/rutha/Projects/class_projects/robotics_final/install/farm_robot_navigation/bin'
[6.471s] Level 1:colcon.colcon_core.environment:checking '/home/rutha/Projects/class_projects/robotics_final/install/farm_robot_navigation/lib/pkgconfig/farm_robot_navigation.pc'
[6.472s] Level 1:colcon.colcon_core.environment:checking '/home/rutha/Projects/class_projects/robotics_final/install/farm_robot_navigation/lib/python3.10/site-packages'
[6.473s] Level 1:colcon.colcon_core.environment:checking '/home/rutha/Projects/class_projects/robotics_final/install/farm_robot_navigation/bin'
[6.474s] INFO:colcon.colcon_core.shell:Creating package script '/home/rutha/Projects/class_projects/robotics_final/install/farm_robot_navigation/share/farm_robot_navigation/package.ps1'
[6.475s] INFO:colcon.colcon_core.shell:Creating package descriptor '/home/rutha/Projects/class_projects/robotics_final/install/farm_robot_navigation/share/farm_robot_navigation/package.dsv'
[6.476s] INFO:colcon.colcon_core.shell:Creating package script '/home/rutha/Projects/class_projects/robotics_final/install/farm_robot_navigation/share/farm_robot_navigation/package.sh'
[6.477s] INFO:colcon.colcon_core.shell:Creating package script '/home/rutha/Projects/class_projects/robotics_final/install/farm_robot_navigation/share/farm_robot_navigation/package.bash'
[6.478s] INFO:colcon.colcon_core.shell:Creating package script '/home/rutha/Projects/class_projects/robotics_final/install/farm_robot_navigation/share/farm_robot_navigation/package.zsh'
[6.479s] Level 1:colcon.colcon_core.environment:create_file_with_runtime_dependencies(/home/rutha/Projects/class_projects/robotics_final/install/farm_robot_navigation/share/colcon-core/packages/farm_robot_navigation)
[8.311s] DEBUG:colcon.colcon_core.event_handler.log_command:Invoking command in '/home/rutha/Projects/class_projects/robotics_final/build/farm_robot_perception': PYTHONPATH=/home/rutha/Projects/class_projects/robotics_final/build/farm_robot_perception/prefix_override:/usr/lib/python3/dist-packages/colcon_core/task/python/colcon_distutils_commands:/home/rutha/Projects/class_projects/robotics_final/install/farm_robot_perception/lib/python3.10/site-packages:${PYTHONPATH} /usr/bin/python3 -W ignore:setup.py install is deprecated -W ignore:easy_install command is deprecated setup.py develop --editable --build-directory /home/rutha/Projects/class_projects/robotics_final/build/farm_robot_perception/build --no-deps symlink_data
[11.491s] Level 1:colcon.colcon_core.shell:create_environment_hook('farm_robot_perception', 'pythonpath_develop')
[11.502s] DEBUG:colcon.colcon_core.event_handler.log_command:Invoked command in '/home/rutha/Projects/class_projects/robotics_final/build/farm_robot_perception' returned '0': PYTHONPATH=/home/rutha/Projects/class_projects/robotics_final/build/farm_robot_perception/prefix_override:/usr/lib/python3/dist-packages/colcon_core/task/python/colcon_distutils_commands:/home/rutha/Projects/class_projects/robotics_final/install/farm_robot_perception/lib/python3.10/site-packages:${PYTHONPATH} /usr/bin/python3 -W ignore:setup.py install is deprecated -W ignore:easy_install command is deprecated setup.py develop --editable --build-directory /home/rutha/Projects/class_projects/robotics_final/build/farm_robot_perception/build --no-deps symlink_data
[11.502s] INFO:colcon.colcon_core.shell:Creating environment hook '/home/rutha/Projects/class_projects/robotics_final/build/farm_robot_perception/share/farm_robot_perception/hook/pythonpath_develop.ps1'
[11.508s] INFO:colcon.colcon_core.shell:Creating environment descriptor '/home/rutha/Projects/class_projects/robotics_final/build/farm_robot_perception/share/farm_robot_perception/hook/pythonpath_develop.dsv'
[11.511s] INFO:colcon.colcon_core.shell:Creating environment hook '/home/rutha/Projects/class_projects/robotics_final/build/farm_robot_perception/share/farm_robot_perception/hook/pythonpath_develop.sh'
[11.515s] Level 1:colcon.colcon_core.environment:checking '/home/rutha/Projects/class_projects/robotics_final/install/farm_robot_perception' for CMake module files
[11.520s] Level 1:colcon.colcon_core.environment:checking '/home/rutha/Projects/class_projects/robotics_final/install/farm_robot_perception' for CMake config files
[11.528s] Level 1:colcon.colcon_core.environment:checking '/home/rutha/Projects/class_projects/robotics_final/install/farm_robot_perception/lib'
[11.528s] Level 1:colcon.colcon_core.environment:checking '/home/rutha/Projects/class_projects/robotics_final/install/farm_robot_perception/bin'
[11.532s] Level 1:colcon.colcon_core.environment:checking '/home/rutha/Projects/class_projects/robotics_final/install/farm_robot_perception/lib/pkgconfig/farm_robot_perception.pc'
[11.533s] Level 1:colcon.colcon_core.environment:checking '/home/rutha/Projects/class_projects/robotics_final/install/farm_robot_perception/lib/python3.10/site-packages'
[11.533s] Level 1:colcon.colcon_core.shell:create_environment_hook('farm_robot_perception', 'pythonpath')
[11.536s] INFO:colcon.colcon_core.shell:Creating environment hook '/home/rutha/Projects/class_projects/robotics_final/install/farm_robot_perception/share/farm_robot_perception/hook/pythonpath.ps1'
[11.542s] INFO:colcon.colcon_core.shell:Creating environment descriptor '/home/rutha/Projects/class_projects/robotics_final/install/farm_robot_perception/share/farm_robot_perception/hook/pythonpath.dsv'
[11.544s] INFO:colcon.colcon_core.shell:Creating environment hook '/home/rutha/Projects/class_projects/robotics_final/install/farm_robot_perception/share/farm_robot_perception/hook/pythonpath.sh'
[11.547s] Level 1:colcon.colcon_core.environment:checking '/home/rutha/Projects/class_projects/robotics_final/install/farm_robot_perception/bin'
[11.548s] Level 1:colcon.colcon_core.environment:create_environment_scripts_only(farm_robot_perception)
[11.550s] INFO:colcon.colcon_core.shell:Creating package script '/home/rutha/Projects/class_projects/robotics_final/install/farm_robot_perception/share/farm_robot_perception/package.ps1'
[11.552s] INFO:colcon.colcon_core.shell:Creating package descriptor '/home/rutha/Projects/class_projects/robotics_final/install/farm_robot_perception/share/farm_robot_perception/package.dsv'
[11.553s] INFO:colcon.colcon_core.shell:Creating package script '/home/rutha/Projects/class_projects/robotics_final/install/farm_robot_perception/share/farm_robot_perception/package.sh'
[11.554s] INFO:colcon.colcon_core.shell:Creating package script '/home/rutha/Projects/class_projects/robotics_final/install/farm_robot_perception/share/farm_robot_perception/package.bash'
[11.558s] INFO:colcon.colcon_core.shell:Creating package script '/home/rutha/Projects/class_projects/robotics_final/install/farm_robot_perception/share/farm_robot_perception/package.zsh'
[11.564s] Level 1:colcon.colcon_core.environment:create_file_with_runtime_dependencies(/home/rutha/Projects/class_projects/robotics_final/install/farm_robot_perception/share/colcon-core/packages/farm_robot_perception)
[11.565s] INFO:colcon.colcon_ros.task.ament_python.build:Building ROS package in '/home/rutha/Projects/class_projects/robotics_final/src/farm_robot_bringup' with build type 'ament_python'
[11.566s] Level 1:colcon.colcon_core.shell:create_environment_hook('farm_robot_bringup', 'ament_prefix_path')
[11.566s] INFO:colcon.colcon_core.shell:Creating environment hook '/home/rutha/Projects/class_projects/robotics_final/install/farm_robot_bringup/share/farm_robot_bringup/hook/ament_prefix_path.ps1'
[11.572s] INFO:colcon.colcon_core.shell:Creating environment descriptor '/home/rutha/Projects/class_projects/robotics_final/install/farm_robot_bringup/share/farm_robot_bringup/hook/ament_prefix_path.dsv'
[11.574s] INFO:colcon.colcon_core.shell:Creating environment hook '/home/rutha/Projects/class_projects/robotics_final/install/farm_robot_bringup/share/farm_robot_bringup/hook/ament_prefix_path.sh'
[11.575s] INFO:colcon.colcon_core.shell:Skip shell extension 'powershell' for command environment: Not usable outside of PowerShell
[11.575s] DEBUG:colcon.colcon_core.shell:Skip shell extension 'dsv' for command environment
[12.984s] INFO:colcon.colcon_core.task.python.build:Building Python package in '/home/rutha/Projects/class_projects/robotics_final/src/farm_robot_bringup'
[12.986s] INFO:colcon.colcon_core.shell:Skip shell extension 'powershell' for command environment: Not usable outside of PowerShell
[12.986s] DEBUG:colcon.colcon_core.shell:Skip shell extension 'dsv' for command environment
[15.374s] DEBUG:colcon.colcon_core.event_handler.log_command:Invoking command in '/home/rutha/Projects/class_projects/robotics_final/build/farm_robot_bringup': AMENT_PREFIX_PATH=/home/rutha/Projects/class_projects/robotics_final/install/farm_robot_perception:/home/rutha/Projects/class_projects/robotics_final/install/farm_robot_bringup:/home/rutha/Projects/class_projects/robotics_final/install/farm_robot_navigation:/home/rutha/Projects/class_projects/robotics_final/install/farm_robot_description:/home/rutha/ros2_ws/install/urdf_learning:/home/rutha/ros2_ws/install/py_pubsub:/home/rutha/ros2_ws/install/tutorial_interfaces:/home/rutha/ros2_ws/install/sync_async_node_example_cpp:/home/rutha/ros2_ws/install/robot_perception_pkg:/home/rutha/ros2_ws/install/python_parameters:/home/rutha/ros2_ws/install/py_srvcli:/home/rutha/ros2_ws/install/py_intermediate:/home/rutha/ros2_ws/install/my_package:/home/rutha/ros2_ws/install/my_intermediate_pkg:/home/rutha/ros2_ws/install/my_first_pkg:/home/rutha/ros2_ws/install/more_interfaces:/home/rutha/ros2_ws/install/learning_tf2_py:/home/rutha/ros2_ws/install/learning_tf2_cpp:/home/rutha/ros2_ws/install/bag_recorder_nodes_py:/home/rutha/ros2_ws/src/install/robot_perception_pkg:/home/rutha/ros2_ws/src/install/bag_recorder_nodes_py:/home/rutha/ros2_ws/task/catkin_ws/install/robot_perception_pkg:/opt/ros/humble PYTHONPATH=/home/rutha/Projects/class_projects/robotics_final/build/farm_robot_bringup/prefix_override:/usr/lib/python3/dist-packages/colcon_core/task/python/colcon_distutils_commands:/home/rutha/Projects/class_projects/robotics_final/install/farm_robot_bringup/lib/python3.10/site-packages:/home/rutha/Projects/class_projects/robotics_final/build/farm_robot_perception:/home/rutha/Projects/class_projects/robotics_final/install/farm_robot_perception/lib/python3.10/site-packages:/home/rutha/Projects/class_projects/robotics_final/build/farm_robot_bringup:/home/rutha/Projects/class_projects/robotics_final/install/farm_robot_bringup/lib/python3.10/site-packages:/home/rutha/ros2_ws/install/py_pubsub/lib/python3.10/site-packages:/home/rutha/ros2_ws/install/tutorial_interfaces/local/lib/python3.10/dist-packages:/home/rutha/ros2_ws/install/robot_perception_pkg/lib/python3.10/site-packages:/home/rutha/ros2_ws/install/python_parameters/lib/python3.10/site-packages:/home/rutha/ros2_ws/install/py_srvcli/lib/python3.10/site-packages:/home/rutha/ros2_ws/install/py_intermediate/lib/python3.10/site-packages:/home/rutha/ros2_ws/install/my_package/lib/python3.10/site-packages:/home/rutha/ros2_ws/install/my_intermediate_pkg/lib/python3.10/site-packages:/home/rutha/ros2_ws/install/my_first_pkg/lib/python3.10/site-packages:/home/rutha/ros2_ws/install/more_interfaces/local/lib/python3.10/dist-packages:/home/rutha/ros2_ws/install/learning_tf2_py/lib/python3.10/site-packages:/home/rutha/ros2_ws/install/bag_recorder_nodes_py/lib/python3.10/site-packages:/home/rutha/ros2_ws/install/action_tutorials_interfaces/local/lib/python3.10/dist-packages:/home/rutha/ros2_ws/src/install/robot_perception_pkg/lib/python3.10/site-packages:/home/rutha/ros2_ws/src/install/bag_recorder_nodes_py/lib/python3.10/site-packages:/opt/ros/humble/lib/python3.10/site-packages:/opt/ros/humble/local/lib/python3.10/dist-packages /usr/bin/python3 -W ignore:setup.py install is deprecated -W ignore:easy_install command is deprecated setup.py develop --editable --build-directory /home/rutha/Projects/class_projects/robotics_final/build/farm_robot_bringup/build --no-deps symlink_data
[18.596s] Level 1:colcon.colcon_core.shell:create_environment_hook('farm_robot_bringup', 'pythonpath_develop')
[18.609s] INFO:colcon.colcon_core.shell:Creating environment hook '/home/rutha/Projects/class_projects/robotics_final/build/farm_robot_bringup/share/farm_robot_bringup/hook/pythonpath_develop.ps1'
[18.605s] DEBUG:colcon.colcon_core.event_handler.log_command:Invoked command in '/home/rutha/Projects/class_projects/robotics_final/build/farm_robot_bringup' returned '0': AMENT_PREFIX_PATH=/home/rutha/Projects/class_projects/robotics_final/install/farm_robot_perception:/home/rutha/Projects/class_projects/robotics_final/install/farm_robot_bringup:/home/rutha/Projects/class_projects/robotics_final/install/farm_robot_navigation:/home/rutha/Projects/class_projects/robotics_final/install/farm_robot_description:/home/rutha/ros2_ws/install/urdf_learning:/home/rutha/ros2_ws/install/py_pubsub:/home/rutha/ros2_ws/install/tutorial_interfaces:/home/rutha/ros2_ws/install/sync_async_node_example_cpp:/home/rutha/ros2_ws/install/robot_perception_pkg:/home/rutha/ros2_ws/install/python_parameters:/home/rutha/ros2_ws/install/py_srvcli:/home/rutha/ros2_ws/install/py_intermediate:/home/rutha/ros2_ws/install/my_package:/home/rutha/ros2_ws/install/my_intermediate_pkg:/home/rutha/ros2_ws/install/my_first_pkg:/home/rutha/ros2_ws/install/more_interfaces:/home/rutha/ros2_ws/install/learning_tf2_py:/home/rutha/ros2_ws/install/learning_tf2_cpp:/home/rutha/ros2_ws/install/bag_recorder_nodes_py:/home/rutha/ros2_ws/src/install/robot_perception_pkg:/home/rutha/ros2_ws/src/install/bag_recorder_nodes_py:/home/rutha/ros2_ws/task/catkin_ws/install/robot_perception_pkg:/opt/ros/humble PYTHONPATH=/home/rutha/Projects/class_projects/robotics_final/build/farm_robot_bringup/prefix_override:/usr/lib/python3/dist-packages/colcon_core/task/python/colcon_distutils_commands:/home/rutha/Projects/class_projects/robotics_final/install/farm_robot_bringup/lib/python3.10/site-packages:/home/rutha/Projects/class_projects/robotics_final/build/farm_robot_perception:/home/rutha/Projects/class_projects/robotics_final/install/farm_robot_perception/lib/python3.10/site-packages:/home/rutha/Projects/class_projects/robotics_final/build/farm_robot_bringup:/home/rutha/Projects/class_projects/robotics_final/install/farm_robot_bringup/lib/python3.10/site-packages:/home/rutha/ros2_ws/install/py_pubsub/lib/python3.10/site-packages:/home/rutha/ros2_ws/install/tutorial_interfaces/local/lib/python3.10/dist-packages:/home/rutha/ros2_ws/install/robot_perception_pkg/lib/python3.10/site-packages:/home/rutha/ros2_ws/install/python_parameters/lib/python3.10/site-packages:/home/rutha/ros2_ws/install/py_srvcli/lib/python3.10/site-packages:/home/rutha/ros2_ws/install/py_intermediate/lib/python3.10/site-packages:/home/rutha/ros2_ws/install/my_package/lib/python3.10/site-packages:/home/rutha/ros2_ws/install/my_intermediate_pkg/lib/python3.10/site-packages:/home/rutha/ros2_ws/install/my_first_pkg/lib/python3.10/site-packages:/home/rutha/ros2_ws/install/more_interfaces/local/lib/python3.10/dist-packages:/home/rutha/ros2_ws/install/learning_tf2_py/lib/python3.10/site-packages:/home/rutha/ros2_ws/install/bag_recorder_nodes_py/lib/python3.10/site-packages:/home/rutha/ros2_ws/install/action_tutorials_interfaces/local/lib/python3.10/dist-packages:/home/rutha/ros2_ws/src/install/robot_perception_pkg/lib/python3.10/site-packages:/home/rutha/ros2_ws/src/install/bag_recorder_nodes_py/lib/python3.10/site-packages:/opt/ros/humble/lib/python3.10/site-packages:/opt/ros/humble/local/lib/python3.10/dist-packages /usr/bin/python3 -W ignore:setup.py install is deprecated -W ignore:easy_install command is deprecated setup.py develop --editable --build-directory /home/rutha/Projects/class_projects/robotics_final/build/farm_robot_bringup/build --no-deps symlink_data
[18.615s] INFO:colcon.colcon_core.shell:Creating environment descriptor '/home/rutha/Projects/class_projects/robotics_final/build/farm_robot_bringup/share/farm_robot_bringup/hook/pythonpath_develop.dsv'
[18.621s] INFO:colcon.colcon_core.shell:Creating environment hook '/home/rutha/Projects/class_projects/robotics_final/build/farm_robot_bringup/share/farm_robot_bringup/hook/pythonpath_develop.sh'
[18.629s] Level 1:colcon.colcon_core.environment:checking '/home/rutha/Projects/class_projects/robotics_final/install/farm_robot_bringup' for CMake module files
[18.633s] Level 1:colcon.colcon_core.environment:checking '/home/rutha/Projects/class_projects/robotics_final/install/farm_robot_bringup' for CMake config files
[18.635s] Level 1:colcon.colcon_core.environment:checking '/home/rutha/Projects/class_projects/robotics_final/install/farm_robot_bringup/lib'
[18.636s] Level 1:colcon.colcon_core.environment:checking '/home/rutha/Projects/class_projects/robotics_final/install/farm_robot_bringup/bin'
[18.636s] Level 1:colcon.colcon_core.environment:checking '/home/rutha/Projects/class_projects/robotics_final/install/farm_robot_bringup/lib/pkgconfig/farm_robot_bringup.pc'
[18.636s] Level 1:colcon.colcon_core.environment:checking '/home/rutha/Projects/class_projects/robotics_final/install/farm_robot_bringup/lib/python3.10/site-packages'
[18.636s] Level 1:colcon.colcon_core.shell:create_environment_hook('farm_robot_bringup', 'pythonpath')
[18.637s] INFO:colcon.colcon_core.shell:Creating environment hook '/home/rutha/Projects/class_projects/robotics_final/install/farm_robot_bringup/share/farm_robot_bringup/hook/pythonpath.ps1'
[18.639s] INFO:colcon.colcon_core.shell:Creating environment descriptor '/home/rutha/Projects/class_projects/robotics_final/install/farm_robot_bringup/share/farm_robot_bringup/hook/pythonpath.dsv'
[18.641s] INFO:colcon.colcon_core.shell:Creating environment hook '/home/rutha/Projects/class_projects/robotics_final/install/farm_robot_bringup/share/farm_robot_bringup/hook/pythonpath.sh'
[18.644s] Level 1:colcon.colcon_core.environment:checking '/home/rutha/Projects/class_projects/robotics_final/install/farm_robot_bringup/bin'
[18.648s] Level 1:colcon.colcon_core.environment:create_environment_scripts_only(farm_robot_bringup)
[18.650s] INFO:colcon.colcon_core.shell:Creating package script '/home/rutha/Projects/class_projects/robotics_final/install/farm_robot_bringup/share/farm_robot_bringup/package.ps1'
[18.657s] INFO:colcon.colcon_core.shell:Creating package descriptor '/home/rutha/Projects/class_projects/robotics_final/install/farm_robot_bringup/share/farm_robot_bringup/package.dsv'
[18.664s] INFO:colcon.colcon_core.shell:Creating package script '/home/rutha/Projects/class_projects/robotics_final/install/farm_robot_bringup/share/farm_robot_bringup/package.sh'
[18.668s] INFO:colcon.colcon_core.shell:Creating package script '/home/rutha/Projects/class_projects/robotics_final/install/farm_robot_bringup/share/farm_robot_bringup/package.bash'
[18.671s] INFO:colcon.colcon_core.shell:Creating package script '/home/rutha/Projects/class_projects/robotics_final/install/farm_robot_bringup/share/farm_robot_bringup/package.zsh'
[18.674s] Level 1:colcon.colcon_core.environment:create_file_with_runtime_dependencies(/home/rutha/Projects/class_projects/robotics_final/install/farm_robot_bringup/share/colcon-core/packages/farm_robot_bringup)
[18.676s] DEBUG:colcon.colcon_parallel_executor.executor.parallel:closing loop
[18.682s] DEBUG:colcon.colcon_parallel_executor.executor.parallel:loop closed
[18.682s] DEBUG:colcon.colcon_parallel_executor.executor.parallel:run_until_complete finished with '0'
[18.682s] DEBUG:colcon.colcon_core.event_reactor:joining thread
[18.761s] INFO:colcon.colcon_core.plugin_system:Skipping extension 'colcon_notification.desktop_notification.terminal_notifier': Not used on non-Darwin systems
[18.761s] INFO:colcon.colcon_core.plugin_system:Skipping extension 'colcon_notification.desktop_notification.win32': Not used on non-Windows systems
[18.762s] INFO:colcon.colcon_notification.desktop_notification:Sending desktop notification using 'notify2'
[18.836s] DEBUG:colcon.colcon_core.event_reactor:joined thread
[18.838s] INFO:colcon.colcon_core.shell:Creating prefix script '/home/rutha/Projects/class_projects/robotics_final/install/local_setup.ps1'
[18.848s] INFO:colcon.colcon_core.shell:Creating prefix util module '/home/rutha/Projects/class_projects/robotics_final/install/_local_setup_util_ps1.py'
[18.856s] INFO:colcon.colcon_core.shell:Creating prefix chain script '/home/rutha/Projects/class_projects/robotics_final/install/setup.ps1'
[18.876s] INFO:colcon.colcon_core.shell:Creating prefix script '/home/rutha/Projects/class_projects/robotics_final/install/local_setup.sh'
[18.881s] INFO:colcon.colcon_core.shell:Creating prefix util module '/home/rutha/Projects/class_projects/robotics_final/install/_local_setup_util_sh.py'
[18.882s] INFO:colcon.colcon_core.shell:Creating prefix chain script '/home/rutha/Projects/class_projects/robotics_final/install/setup.sh'
[18.899s] INFO:colcon.colcon_core.shell:Creating prefix script '/home/rutha/Projects/class_projects/robotics_final/install/local_setup.bash'
[18.907s] INFO:colcon.colcon_core.shell:Creating prefix chain script '/home/rutha/Projects/class_projects/robotics_final/install/setup.bash'
[18.924s] INFO:colcon.colcon_core.shell:Creating prefix script '/home/rutha/Projects/class_projects/robotics_final/install/local_setup.zsh'
[18.928s] INFO:colcon.colcon_core.shell:Creating prefix chain script '/home/rutha/Projects/class_projects/robotics_final/install/setup.zsh'
