[2.598s] Invoking command in '/home/rutha/Projects/class_projects/robotics_final/src/farm_robot_perception': PYTHONPATH=/home/rutha/Projects/class_projects/robotics_final/build/farm_robot_perception/prefix_override:/usr/lib/python3/dist-packages/colcon_core/task/python/colcon_distutils_commands:/home/rutha/Projects/class_projects/robotics_final/install/farm_robot_perception/lib/python3.10/site-packages:${PYTHONPATH} /usr/bin/python3 -W ignore:setup.py install is deprecated -W ignore:easy_install command is deprecated setup.py egg_info --egg-base ../../build/farm_robot_perception build --build-base /home/rutha/Projects/class_projects/robotics_final/build/farm_robot_perception/build install --record /home/rutha/Projects/class_projects/robotics_final/build/farm_robot_perception/install.log --single-version-externally-managed install_data
[3.289s] running egg_info
[3.294s] writing ../../build/farm_robot_perception/farm_robot_perception.egg-info/PKG-INFO
[3.294s] writing dependency_links to ../../build/farm_robot_perception/farm_robot_perception.egg-info/dependency_links.txt
[3.299s] writing entry points to ../../build/farm_robot_perception/farm_robot_perception.egg-info/entry_points.txt
[3.299s] writing requirements to ../../build/farm_robot_perception/farm_robot_perception.egg-info/requires.txt
[3.299s] writing top-level names to ../../build/farm_robot_perception/farm_robot_perception.egg-info/top_level.txt
[3.304s] reading manifest file '../../build/farm_robot_perception/farm_robot_perception.egg-info/SOURCES.txt'
[3.306s] writing manifest file '../../build/farm_robot_perception/farm_robot_perception.egg-info/SOURCES.txt'
[3.306s] running build
[3.307s] running build_py
[3.307s] running install
[3.307s] running install_lib
[3.312s] running install_data
[3.313s] running install_egg_info
[3.317s] removing '/home/rutha/Projects/class_projects/robotics_final/install/farm_robot_perception/lib/python3.10/site-packages/farm_robot_perception-0.1.0-py3.10.egg-info' (and everything under it)
[3.318s] Copying ../../build/farm_robot_perception/farm_robot_perception.egg-info to /home/rutha/Projects/class_projects/robotics_final/install/farm_robot_perception/lib/python3.10/site-packages/farm_robot_perception-0.1.0-py3.10.egg-info
[3.321s] running install_scripts
[3.395s] Installing crop_stress_node script to /home/rutha/Projects/class_projects/robotics_final/install/farm_robot_perception/lib/farm_robot_perception
[3.397s] writing list of installed files to '/home/rutha/Projects/class_projects/robotics_final/build/farm_robot_perception/install.log'
[3.456s] Invoked command in '/home/rutha/Projects/class_projects/robotics_final/src/farm_robot_perception' returned '0': PYTHONPATH=/home/rutha/Projects/class_projects/robotics_final/build/farm_robot_perception/prefix_override:/usr/lib/python3/dist-packages/colcon_core/task/python/colcon_distutils_commands:/home/rutha/Projects/class_projects/robotics_final/install/farm_robot_perception/lib/python3.10/site-packages:${PYTHONPATH} /usr/bin/python3 -W ignore:setup.py install is deprecated -W ignore:easy_install command is deprecated setup.py egg_info --egg-base ../../build/farm_robot_perception build --build-base /home/rutha/Projects/class_projects/robotics_final/build/farm_robot_perception/build install --record /home/rutha/Projects/class_projects/robotics_final/build/farm_robot_perception/install.log --single-version-externally-managed install_data
