[0.173s] DEBUG:colcon:Command line arguments: ['/usr/bin/colcon', 'build']
[0.173s] DEBUG:colcon:Parsed command line arguments: Namespace(log_base=None, log_level=None, verb_name='build', build_base='build', install_base='install', merge_install=False, symlink_install=False, test_result_base=None, continue_on_error=False, executor='parallel', parallel_workers=4, event_handlers=None, ignore_user_meta=False, metas=['./colcon.meta'], base_paths=['.'], packages_ignore=None, packages_ignore_regex=None, paths=None, packages_up_to=None, packages_up_to_regex=None, packages_above=None, packages_above_and_dependencies=None, packages_above_depth=None, packages_select_by_dep=None, packages_skip_by_dep=None, packages_skip_up_to=None, packages_select_build_failed=False, packages_skip_build_finished=False, packages_select_test_failures=False, packages_skip_test_passed=False, packages_select=None, packages_skip=None, packages_select_regex=None, packages_skip_regex=None, packages_start=None, packages_end=None, allow_overriding=[], cmake_args=None, cmake_target=None, cmake_target_skip_unavailable=False, cmake_clean_cache=False, cmake_clean_first=False, cmake_force_configure=False, ament_cmake_args=None, catkin_cmake_args=None, catkin_skip_building_tests=False, mixin_files=None, mixin=None, verb_parser=<colcon_mixin.mixin.mixin_argument.MixinArgumentDecorator object at 0x7ff39588fd60>, verb_extension=<colcon_core.verb.build.BuildVerb object at 0x7ff39588f640>, main=<bound method BuildVerb.main of <colcon_core.verb.build.BuildVerb object at 0x7ff39588f640>>, mixin_verb=('build',))
[0.458s] Level 1:colcon.colcon_core.package_discovery:discover_packages(colcon_meta) check parameters
[0.459s] Level 1:colcon.colcon_core.package_discovery:discover_packages(recursive) check parameters
[0.459s] Level 1:colcon.colcon_core.package_discovery:discover_packages(ignore) check parameters
[0.459s] Level 1:colcon.colcon_core.package_discovery:discover_packages(path) check parameters
[0.459s] Level 1:colcon.colcon_core.package_discovery:discover_packages(colcon_meta) discover
[0.459s] Level 1:colcon.colcon_core.package_discovery:discover_packages(recursive) discover
[0.459s] INFO:colcon.colcon_core.package_discovery:Crawling recursively for packages in '/home/rutha/Projects/class_projects/robotics_final'
[0.459s] Level 1:colcon.colcon_core.package_identification:_identify(.) by extensions ['ignore', 'ignore_ament_install']
[0.459s] Level 1:colcon.colcon_core.package_identification:_identify(.) by extension 'ignore'
[0.459s] Level 1:colcon.colcon_core.package_identification:_identify(.) by extension 'ignore_ament_install'
[0.459s] Level 1:colcon.colcon_core.package_identification:_identify(.) by extensions ['colcon_pkg']
[0.459s] Level 1:colcon.colcon_core.package_identification:_identify(.) by extension 'colcon_pkg'
[0.459s] Level 1:colcon.colcon_core.package_identification:_identify(.) by extensions ['colcon_meta']
[0.459s] Level 1:colcon.colcon_core.package_identification:_identify(.) by extension 'colcon_meta'
[0.459s] Level 1:colcon.colcon_core.package_identification:_identify(.) by extensions ['ros']
[0.460s] Level 1:colcon.colcon_core.package_identification:_identify(.) by extension 'ros'
[0.473s] Level 1:colcon.colcon_core.package_identification:_identify(.) by extensions ['cmake', 'python']
[0.473s] Level 1:colcon.colcon_core.package_identification:_identify(.) by extension 'cmake'
[0.473s] Level 1:colcon.colcon_core.package_identification:_identify(.) by extension 'python'
[0.474s] Level 1:colcon.colcon_core.package_identification:_identify(.) by extensions ['python_setup_py']
[0.474s] Level 1:colcon.colcon_core.package_identification:_identify(.) by extension 'python_setup_py'
[0.474s] Level 1:colcon.colcon_core.package_identification:_identify(build) by extensions ['ignore', 'ignore_ament_install']
[0.474s] Level 1:colcon.colcon_core.package_identification:_identify(build) by extension 'ignore'
[0.474s] Level 1:colcon.colcon_core.package_identification:_identify(build) ignored
[0.474s] Level 1:colcon.colcon_core.package_identification:_identify(install) by extensions ['ignore', 'ignore_ament_install']
[0.474s] Level 1:colcon.colcon_core.package_identification:_identify(install) by extension 'ignore'
[0.474s] Level 1:colcon.colcon_core.package_identification:_identify(install) ignored
[0.474s] Level 1:colcon.colcon_core.package_identification:_identify(log) by extensions ['ignore', 'ignore_ament_install']
[0.474s] Level 1:colcon.colcon_core.package_identification:_identify(log) by extension 'ignore'
[0.475s] Level 1:colcon.colcon_core.package_identification:_identify(log) ignored
[0.475s] Level 1:colcon.colcon_core.package_identification:_identify(src) by extensions ['ignore', 'ignore_ament_install']
[0.475s] Level 1:colcon.colcon_core.package_identification:_identify(src) by extension 'ignore'
[0.475s] Level 1:colcon.colcon_core.package_identification:_identify(src) by extension 'ignore_ament_install'
[0.475s] Level 1:colcon.colcon_core.package_identification:_identify(src) by extensions ['colcon_pkg']
[0.475s] Level 1:colcon.colcon_core.package_identification:_identify(src) by extension 'colcon_pkg'
[0.475s] Level 1:colcon.colcon_core.package_identification:_identify(src) by extensions ['colcon_meta']
[0.475s] Level 1:colcon.colcon_core.package_identification:_identify(src) by extension 'colcon_meta'
[0.475s] Level 1:colcon.colcon_core.package_identification:_identify(src) by extensions ['ros']
[0.475s] Level 1:colcon.colcon_core.package_identification:_identify(src) by extension 'ros'
[0.475s] Level 1:colcon.colcon_core.package_identification:_identify(src) by extensions ['cmake', 'python']
[0.475s] Level 1:colcon.colcon_core.package_identification:_identify(src) by extension 'cmake'
[0.475s] Level 1:colcon.colcon_core.package_identification:_identify(src) by extension 'python'
[0.476s] Level 1:colcon.colcon_core.package_identification:_identify(src) by extensions ['python_setup_py']
[0.476s] Level 1:colcon.colcon_core.package_identification:_identify(src) by extension 'python_setup_py'
[0.476s] Level 1:colcon.colcon_core.package_identification:_identify(src/build) by extensions ['ignore', 'ignore_ament_install']
[0.476s] Level 1:colcon.colcon_core.package_identification:_identify(src/build) by extension 'ignore'
[0.476s] Level 1:colcon.colcon_core.package_identification:_identify(src/build) ignored
[0.476s] Level 1:colcon.colcon_core.package_identification:_identify(src/farm_robot_bringup) by extensions ['ignore', 'ignore_ament_install']
[0.476s] Level 1:colcon.colcon_core.package_identification:_identify(src/farm_robot_bringup) by extension 'ignore'
[0.476s] Level 1:colcon.colcon_core.package_identification:_identify(src/farm_robot_bringup) by extension 'ignore_ament_install'
[0.476s] Level 1:colcon.colcon_core.package_identification:_identify(src/farm_robot_bringup) by extensions ['colcon_pkg']
[0.476s] Level 1:colcon.colcon_core.package_identification:_identify(src/farm_robot_bringup) by extension 'colcon_pkg'
[0.477s] Level 1:colcon.colcon_core.package_identification:_identify(src/farm_robot_bringup) by extensions ['colcon_meta']
[0.477s] Level 1:colcon.colcon_core.package_identification:_identify(src/farm_robot_bringup) by extension 'colcon_meta'
[0.477s] Level 1:colcon.colcon_core.package_identification:_identify(src/farm_robot_bringup) by extensions ['ros']
[0.477s] Level 1:colcon.colcon_core.package_identification:_identify(src/farm_robot_bringup) by extension 'ros'
[0.480s] DEBUG:colcon.colcon_core.package_identification:Package 'src/farm_robot_bringup' with type 'ros.ament_python' and name 'farm_robot_bringup'
[0.480s] Level 1:colcon.colcon_core.package_identification:_identify(src/farm_robot_description) by extensions ['ignore', 'ignore_ament_install']
[0.480s] Level 1:colcon.colcon_core.package_identification:_identify(src/farm_robot_description) by extension 'ignore'
[0.480s] Level 1:colcon.colcon_core.package_identification:_identify(src/farm_robot_description) by extension 'ignore_ament_install'
[0.481s] Level 1:colcon.colcon_core.package_identification:_identify(src/farm_robot_description) by extensions ['colcon_pkg']
[0.481s] Level 1:colcon.colcon_core.package_identification:_identify(src/farm_robot_description) by extension 'colcon_pkg'
[0.481s] Level 1:colcon.colcon_core.package_identification:_identify(src/farm_robot_description) by extensions ['colcon_meta']
[0.481s] Level 1:colcon.colcon_core.package_identification:_identify(src/farm_robot_description) by extension 'colcon_meta'
[0.481s] Level 1:colcon.colcon_core.package_identification:_identify(src/farm_robot_description) by extensions ['ros']
[0.481s] Level 1:colcon.colcon_core.package_identification:_identify(src/farm_robot_description) by extension 'ros'
[0.482s] DEBUG:colcon.colcon_core.package_identification:Package 'src/farm_robot_description' with type 'ros.ament_cmake' and name 'farm_robot_description'
[0.482s] Level 1:colcon.colcon_core.package_identification:_identify(src/farm_robot_navigation) by extensions ['ignore', 'ignore_ament_install']
[0.482s] Level 1:colcon.colcon_core.package_identification:_identify(src/farm_robot_navigation) by extension 'ignore'
[0.482s] Level 1:colcon.colcon_core.package_identification:_identify(src/farm_robot_navigation) by extension 'ignore_ament_install'
[0.483s] Level 1:colcon.colcon_core.package_identification:_identify(src/farm_robot_navigation) by extensions ['colcon_pkg']
[0.483s] Level 1:colcon.colcon_core.package_identification:_identify(src/farm_robot_navigation) by extension 'colcon_pkg'
[0.483s] Level 1:colcon.colcon_core.package_identification:_identify(src/farm_robot_navigation) by extensions ['colcon_meta']
[0.483s] Level 1:colcon.colcon_core.package_identification:_identify(src/farm_robot_navigation) by extension 'colcon_meta'
[0.483s] Level 1:colcon.colcon_core.package_identification:_identify(src/farm_robot_navigation) by extensions ['ros']
[0.483s] Level 1:colcon.colcon_core.package_identification:_identify(src/farm_robot_navigation) by extension 'ros'
[0.484s] DEBUG:colcon.colcon_core.package_identification:Package 'src/farm_robot_navigation' with type 'ros.ament_cmake' and name 'farm_robot_navigation'
[0.484s] Level 1:colcon.colcon_core.package_identification:_identify(src/farm_robot_perception) by extensions ['ignore', 'ignore_ament_install']
[0.484s] Level 1:colcon.colcon_core.package_identification:_identify(src/farm_robot_perception) by extension 'ignore'
[0.484s] Level 1:colcon.colcon_core.package_identification:_identify(src/farm_robot_perception) by extension 'ignore_ament_install'
[0.484s] Level 1:colcon.colcon_core.package_identification:_identify(src/farm_robot_perception) by extensions ['colcon_pkg']
[0.484s] Level 1:colcon.colcon_core.package_identification:_identify(src/farm_robot_perception) by extension 'colcon_pkg'
[0.484s] Level 1:colcon.colcon_core.package_identification:_identify(src/farm_robot_perception) by extensions ['colcon_meta']
[0.485s] Level 1:colcon.colcon_core.package_identification:_identify(src/farm_robot_perception) by extension 'colcon_meta'
[0.485s] Level 1:colcon.colcon_core.package_identification:_identify(src/farm_robot_perception) by extensions ['ros']
[0.485s] Level 1:colcon.colcon_core.package_identification:_identify(src/farm_robot_perception) by extension 'ros'
[0.486s] DEBUG:colcon.colcon_core.package_identification:Package 'src/farm_robot_perception' with type 'ros.ament_python' and name 'farm_robot_perception'
[0.486s] Level 1:colcon.colcon_core.package_identification:_identify(src/install) by extensions ['ignore', 'ignore_ament_install']
[0.486s] Level 1:colcon.colcon_core.package_identification:_identify(src/install) by extension 'ignore'
[0.486s] Level 1:colcon.colcon_core.package_identification:_identify(src/install) ignored
[0.486s] Level 1:colcon.colcon_core.package_identification:_identify(src/log) by extensions ['ignore', 'ignore_ament_install']
[0.487s] Level 1:colcon.colcon_core.package_identification:_identify(src/log) by extension 'ignore'
[0.487s] Level 1:colcon.colcon_core.package_identification:_identify(src/log) ignored
[0.487s] Level 1:colcon.colcon_core.package_discovery:discover_packages(recursive) using defaults
[0.487s] Level 1:colcon.colcon_core.package_discovery:discover_packages(ignore) discover
[0.487s] Level 1:colcon.colcon_core.package_discovery:discover_packages(ignore) using defaults
[0.487s] Level 1:colcon.colcon_core.package_discovery:discover_packages(path) discover
[0.487s] Level 1:colcon.colcon_core.package_discovery:discover_packages(path) using defaults
[0.515s] Level 1:colcon.colcon_core.package_discovery:discover_packages(prefix_path) check parameters
[0.515s] Level 1:colcon.colcon_core.package_discovery:discover_packages(prefix_path) discover
[0.519s] DEBUG:colcon.colcon_installed_package_information.package_discovery:Found 4 installed packages in /home/rutha/Projects/class_projects/robotics_final/install
[0.520s] DEBUG:colcon.colcon_installed_package_information.package_discovery:Found 16 installed packages in /home/rutha/ros2_ws/install
[0.521s] DEBUG:colcon.colcon_installed_package_information.package_discovery:Found 2 installed packages in /home/rutha/ros2_ws/src/install
[0.521s] DEBUG:colcon.colcon_installed_package_information.package_discovery:Found 1 installed packages in /home/rutha/ros2_ws/task/catkin_ws/install
[0.524s] DEBUG:colcon.colcon_installed_package_information.package_discovery:Found 416 installed packages in /opt/ros/humble
[0.526s] Level 1:colcon.colcon_core.package_discovery:discover_packages(prefix_path) using defaults
[0.591s] Level 5:colcon.colcon_core.verb:set package 'farm_robot_description' build argument 'cmake_args' from command line to 'None'
[0.591s] Level 5:colcon.colcon_core.verb:set package 'farm_robot_description' build argument 'cmake_target' from command line to 'None'
[0.591s] Level 5:colcon.colcon_core.verb:set package 'farm_robot_description' build argument 'cmake_target_skip_unavailable' from command line to 'False'
[0.591s] Level 5:colcon.colcon_core.verb:set package 'farm_robot_description' build argument 'cmake_clean_cache' from command line to 'False'
[0.591s] Level 5:colcon.colcon_core.verb:set package 'farm_robot_description' build argument 'cmake_clean_first' from command line to 'False'
[0.591s] Level 5:colcon.colcon_core.verb:set package 'farm_robot_description' build argument 'cmake_force_configure' from command line to 'False'
[0.592s] Level 5:colcon.colcon_core.verb:set package 'farm_robot_description' build argument 'ament_cmake_args' from command line to 'None'
[0.592s] Level 5:colcon.colcon_core.verb:set package 'farm_robot_description' build argument 'catkin_cmake_args' from command line to 'None'
[0.592s] Level 5:colcon.colcon_core.verb:set package 'farm_robot_description' build argument 'catkin_skip_building_tests' from command line to 'False'
[0.592s] DEBUG:colcon.colcon_core.verb:Building package 'farm_robot_description' with the following arguments: {'ament_cmake_args': None, 'build_base': '/home/rutha/Projects/class_projects/robotics_final/build/farm_robot_description', 'catkin_cmake_args': None, 'catkin_skip_building_tests': False, 'cmake_args': None, 'cmake_clean_cache': False, 'cmake_clean_first': False, 'cmake_force_configure': False, 'cmake_target': None, 'cmake_target_skip_unavailable': False, 'install_base': '/home/rutha/Projects/class_projects/robotics_final/install/farm_robot_description', 'merge_install': False, 'path': '/home/rutha/Projects/class_projects/robotics_final/src/farm_robot_description', 'symlink_install': False, 'test_result_base': None}
[0.592s] Level 5:colcon.colcon_core.verb:set package 'farm_robot_navigation' build argument 'cmake_args' from command line to 'None'
[0.592s] Level 5:colcon.colcon_core.verb:set package 'farm_robot_navigation' build argument 'cmake_target' from command line to 'None'
[0.592s] Level 5:colcon.colcon_core.verb:set package 'farm_robot_navigation' build argument 'cmake_target_skip_unavailable' from command line to 'False'
[0.592s] Level 5:colcon.colcon_core.verb:set package 'farm_robot_navigation' build argument 'cmake_clean_cache' from command line to 'False'
[0.592s] Level 5:colcon.colcon_core.verb:set package 'farm_robot_navigation' build argument 'cmake_clean_first' from command line to 'False'
[0.592s] Level 5:colcon.colcon_core.verb:set package 'farm_robot_navigation' build argument 'cmake_force_configure' from command line to 'False'
[0.592s] Level 5:colcon.colcon_core.verb:set package 'farm_robot_navigation' build argument 'ament_cmake_args' from command line to 'None'
[0.593s] Level 5:colcon.colcon_core.verb:set package 'farm_robot_navigation' build argument 'catkin_cmake_args' from command line to 'None'
[0.593s] Level 5:colcon.colcon_core.verb:set package 'farm_robot_navigation' build argument 'catkin_skip_building_tests' from command line to 'False'
[0.593s] DEBUG:colcon.colcon_core.verb:Building package 'farm_robot_navigation' with the following arguments: {'ament_cmake_args': None, 'build_base': '/home/rutha/Projects/class_projects/robotics_final/build/farm_robot_navigation', 'catkin_cmake_args': None, 'catkin_skip_building_tests': False, 'cmake_args': None, 'cmake_clean_cache': False, 'cmake_clean_first': False, 'cmake_force_configure': False, 'cmake_target': None, 'cmake_target_skip_unavailable': False, 'install_base': '/home/rutha/Projects/class_projects/robotics_final/install/farm_robot_navigation', 'merge_install': False, 'path': '/home/rutha/Projects/class_projects/robotics_final/src/farm_robot_navigation', 'symlink_install': False, 'test_result_base': None}
[0.593s] Level 5:colcon.colcon_core.verb:set package 'farm_robot_perception' build argument 'cmake_args' from command line to 'None'
[0.593s] Level 5:colcon.colcon_core.verb:set package 'farm_robot_perception' build argument 'cmake_target' from command line to 'None'
[0.593s] Level 5:colcon.colcon_core.verb:set package 'farm_robot_perception' build argument 'cmake_target_skip_unavailable' from command line to 'False'
[0.593s] Level 5:colcon.colcon_core.verb:set package 'farm_robot_perception' build argument 'cmake_clean_cache' from command line to 'False'
[0.593s] Level 5:colcon.colcon_core.verb:set package 'farm_robot_perception' build argument 'cmake_clean_first' from command line to 'False'
[0.593s] Level 5:colcon.colcon_core.verb:set package 'farm_robot_perception' build argument 'cmake_force_configure' from command line to 'False'
[0.593s] Level 5:colcon.colcon_core.verb:set package 'farm_robot_perception' build argument 'ament_cmake_args' from command line to 'None'
[0.593s] Level 5:colcon.colcon_core.verb:set package 'farm_robot_perception' build argument 'catkin_cmake_args' from command line to 'None'
[0.593s] Level 5:colcon.colcon_core.verb:set package 'farm_robot_perception' build argument 'catkin_skip_building_tests' from command line to 'False'
[0.594s] DEBUG:colcon.colcon_core.verb:Building package 'farm_robot_perception' with the following arguments: {'ament_cmake_args': None, 'build_base': '/home/rutha/Projects/class_projects/robotics_final/build/farm_robot_perception', 'catkin_cmake_args': None, 'catkin_skip_building_tests': False, 'cmake_args': None, 'cmake_clean_cache': False, 'cmake_clean_first': False, 'cmake_force_configure': False, 'cmake_target': None, 'cmake_target_skip_unavailable': False, 'install_base': '/home/rutha/Projects/class_projects/robotics_final/install/farm_robot_perception', 'merge_install': False, 'path': '/home/rutha/Projects/class_projects/robotics_final/src/farm_robot_perception', 'symlink_install': False, 'test_result_base': None}
[0.594s] Level 5:colcon.colcon_core.verb:set package 'farm_robot_bringup' build argument 'cmake_args' from command line to 'None'
[0.594s] Level 5:colcon.colcon_core.verb:set package 'farm_robot_bringup' build argument 'cmake_target' from command line to 'None'
[0.594s] Level 5:colcon.colcon_core.verb:set package 'farm_robot_bringup' build argument 'cmake_target_skip_unavailable' from command line to 'False'
[0.594s] Level 5:colcon.colcon_core.verb:set package 'farm_robot_bringup' build argument 'cmake_clean_cache' from command line to 'False'
[0.594s] Level 5:colcon.colcon_core.verb:set package 'farm_robot_bringup' build argument 'cmake_clean_first' from command line to 'False'
[0.594s] Level 5:colcon.colcon_core.verb:set package 'farm_robot_bringup' build argument 'cmake_force_configure' from command line to 'False'
[0.594s] Level 5:colcon.colcon_core.verb:set package 'farm_robot_bringup' build argument 'ament_cmake_args' from command line to 'None'
[0.594s] Level 5:colcon.colcon_core.verb:set package 'farm_robot_bringup' build argument 'catkin_cmake_args' from command line to 'None'
[0.594s] Level 5:colcon.colcon_core.verb:set package 'farm_robot_bringup' build argument 'catkin_skip_building_tests' from command line to 'False'
[0.594s] DEBUG:colcon.colcon_core.verb:Building package 'farm_robot_bringup' with the following arguments: {'ament_cmake_args': None, 'build_base': '/home/rutha/Projects/class_projects/robotics_final/build/farm_robot_bringup', 'catkin_cmake_args': None, 'catkin_skip_building_tests': False, 'cmake_args': None, 'cmake_clean_cache': False, 'cmake_clean_first': False, 'cmake_force_configure': False, 'cmake_target': None, 'cmake_target_skip_unavailable': False, 'install_base': '/home/rutha/Projects/class_projects/robotics_final/install/farm_robot_bringup', 'merge_install': False, 'path': '/home/rutha/Projects/class_projects/robotics_final/src/farm_robot_bringup', 'symlink_install': False, 'test_result_base': None}
[0.595s] INFO:colcon.colcon_core.executor:Executing jobs using 'parallel' executor
[0.596s] DEBUG:colcon.colcon_parallel_executor.executor.parallel:run_until_complete
[0.597s] INFO:colcon.colcon_ros.task.ament_cmake.build:Building ROS package in '/home/rutha/Projects/class_projects/robotics_final/src/farm_robot_description' with build type 'ament_cmake'
[0.597s] INFO:colcon.colcon_cmake.task.cmake.build:Building CMake package in '/home/rutha/Projects/class_projects/robotics_final/src/farm_robot_description'
[0.601s] INFO:colcon.colcon_core.plugin_system:Skipping extension 'colcon_core.shell.bat': Not used on non-Windows systems
[0.601s] INFO:colcon.colcon_core.shell:Skip shell extension 'powershell' for command environment: Not usable outside of PowerShell
[0.601s] DEBUG:colcon.colcon_core.shell:Skip shell extension 'dsv' for command environment
[0.613s] INFO:colcon.colcon_ros.task.ament_cmake.build:Building ROS package in '/home/rutha/Projects/class_projects/robotics_final/src/farm_robot_navigation' with build type 'ament_cmake'
[0.613s] INFO:colcon.colcon_cmake.task.cmake.build:Building CMake package in '/home/rutha/Projects/class_projects/robotics_final/src/farm_robot_navigation'
[0.614s] INFO:colcon.colcon_core.shell:Skip shell extension 'powershell' for command environment: Not usable outside of PowerShell
[0.614s] DEBUG:colcon.colcon_core.shell:Skip shell extension 'dsv' for command environment
[0.632s] INFO:colcon.colcon_ros.task.ament_python.build:Building ROS package in '/home/rutha/Projects/class_projects/robotics_final/src/farm_robot_perception' with build type 'ament_python'
[0.632s] Level 1:colcon.colcon_core.shell:create_environment_hook('farm_robot_perception', 'ament_prefix_path')
[0.633s] INFO:colcon.colcon_core.shell:Creating environment hook '/home/rutha/Projects/class_projects/robotics_final/install/farm_robot_perception/share/farm_robot_perception/hook/ament_prefix_path.ps1'
[0.635s] INFO:colcon.colcon_core.shell:Creating environment descriptor '/home/rutha/Projects/class_projects/robotics_final/install/farm_robot_perception/share/farm_robot_perception/hook/ament_prefix_path.dsv'
[0.637s] INFO:colcon.colcon_core.shell:Creating environment hook '/home/rutha/Projects/class_projects/robotics_final/install/farm_robot_perception/share/farm_robot_perception/hook/ament_prefix_path.sh'
[0.639s] INFO:colcon.colcon_core.shell:Skip shell extension 'powershell' for command environment: Not usable outside of PowerShell
[0.640s] DEBUG:colcon.colcon_core.shell:Skip shell extension 'dsv' for command environment
[0.661s] DEBUG:colcon.colcon_core.event_handler.log_command:Invoking command in '/home/rutha/Projects/class_projects/robotics_final/build/farm_robot_description': CMAKE_PREFIX_PATH=/home/rutha/Projects/class_projects/robotics_final/install/farm_robot_navigation:/home/rutha/Projects/class_projects/robotics_final/install/farm_robot_description:/home/rutha/ros2_ws/install/urdf_learning:/home/rutha/ros2_ws/install/tutorial_interfaces:/home/rutha/ros2_ws/install/sync_async_node_example_cpp:/home/rutha/ros2_ws/install/more_interfaces:/home/rutha/ros2_ws/install/learning_tf2_cpp:/home/rutha/Projects/class_projects/robotics_final/install/farm_robot_bringup:/home/rutha/Projects/class_projects/robotics_final/install/farm_robot_perception:/home/rutha/ros2_ws/install/py_pubsub:/home/rutha/ros2_ws/install/robot_perception_pkg:/home/rutha/ros2_ws/install/python_parameters:/home/rutha/ros2_ws/install/py_srvcli:/home/rutha/ros2_ws/install/py_intermediate:/home/rutha/ros2_ws/install/my_package:/home/rutha/ros2_ws/install/my_intermediate_pkg:/home/rutha/ros2_ws/install/my_first_pkg:/home/rutha/ros2_ws/install/learning_tf2_py:/home/rutha/ros2_ws/install/bag_recorder_nodes_py:/home/rutha/ros2_ws/src/install/robot_perception_pkg:/home/rutha/ros2_ws/src/install/bag_recorder_nodes_py:/opt/ros/humble:/home/rutha/ros2_ws/install/action_tutorials_interfaces:/home/rutha/ros2_ws/task/catkin_ws/install/robot_perception_pkg /usr/bin/cmake --build /home/rutha/Projects/class_projects/robotics_final/build/farm_robot_description -- -j4 -l4
[0.670s] DEBUG:colcon.colcon_core.event_handler.log_command:Invoking command in '/home/rutha/Projects/class_projects/robotics_final/build/farm_robot_navigation': CMAKE_PREFIX_PATH=/home/rutha/Projects/class_projects/robotics_final/install/farm_robot_navigation:/home/rutha/Projects/class_projects/robotics_final/install/farm_robot_description:/home/rutha/ros2_ws/install/urdf_learning:/home/rutha/ros2_ws/install/tutorial_interfaces:/home/rutha/ros2_ws/install/sync_async_node_example_cpp:/home/rutha/ros2_ws/install/more_interfaces:/home/rutha/ros2_ws/install/learning_tf2_cpp:/home/rutha/Projects/class_projects/robotics_final/install/farm_robot_bringup:/home/rutha/Projects/class_projects/robotics_final/install/farm_robot_perception:/home/rutha/ros2_ws/install/py_pubsub:/home/rutha/ros2_ws/install/robot_perception_pkg:/home/rutha/ros2_ws/install/python_parameters:/home/rutha/ros2_ws/install/py_srvcli:/home/rutha/ros2_ws/install/py_intermediate:/home/rutha/ros2_ws/install/my_package:/home/rutha/ros2_ws/install/my_intermediate_pkg:/home/rutha/ros2_ws/install/my_first_pkg:/home/rutha/ros2_ws/install/learning_tf2_py:/home/rutha/ros2_ws/install/bag_recorder_nodes_py:/home/rutha/ros2_ws/src/install/robot_perception_pkg:/home/rutha/ros2_ws/src/install/bag_recorder_nodes_py:/opt/ros/humble:/home/rutha/ros2_ws/install/action_tutorials_interfaces:/home/rutha/ros2_ws/task/catkin_ws/install/robot_perception_pkg /usr/bin/cmake --build /home/rutha/Projects/class_projects/robotics_final/build/farm_robot_navigation -- -j4 -l4
[1.174s] INFO:colcon.colcon_core.task.python.build:Building Python package in '/home/rutha/Projects/class_projects/robotics_final/src/farm_robot_perception'
[1.174s] INFO:colcon.colcon_core.shell:Skip shell extension 'powershell' for command environment: Not usable outside of PowerShell
[1.174s] DEBUG:colcon.colcon_core.shell:Skip shell extension 'dsv' for command environment
[1.184s] DEBUG:colcon.colcon_core.event_handler.log_command:Invoked command in '/home/rutha/Projects/class_projects/robotics_final/build/farm_robot_description' returned '0': CMAKE_PREFIX_PATH=/home/rutha/Projects/class_projects/robotics_final/install/farm_robot_navigation:/home/rutha/Projects/class_projects/robotics_final/install/farm_robot_description:/home/rutha/ros2_ws/install/urdf_learning:/home/rutha/ros2_ws/install/tutorial_interfaces:/home/rutha/ros2_ws/install/sync_async_node_example_cpp:/home/rutha/ros2_ws/install/more_interfaces:/home/rutha/ros2_ws/install/learning_tf2_cpp:/home/rutha/Projects/class_projects/robotics_final/install/farm_robot_bringup:/home/rutha/Projects/class_projects/robotics_final/install/farm_robot_perception:/home/rutha/ros2_ws/install/py_pubsub:/home/rutha/ros2_ws/install/robot_perception_pkg:/home/rutha/ros2_ws/install/python_parameters:/home/rutha/ros2_ws/install/py_srvcli:/home/rutha/ros2_ws/install/py_intermediate:/home/rutha/ros2_ws/install/my_package:/home/rutha/ros2_ws/install/my_intermediate_pkg:/home/rutha/ros2_ws/install/my_first_pkg:/home/rutha/ros2_ws/install/learning_tf2_py:/home/rutha/ros2_ws/install/bag_recorder_nodes_py:/home/rutha/ros2_ws/src/install/robot_perception_pkg:/home/rutha/ros2_ws/src/install/bag_recorder_nodes_py:/opt/ros/humble:/home/rutha/ros2_ws/install/action_tutorials_interfaces:/home/rutha/ros2_ws/task/catkin_ws/install/robot_perception_pkg /usr/bin/cmake --build /home/rutha/Projects/class_projects/robotics_final/build/farm_robot_description -- -j4 -l4
[1.197s] DEBUG:colcon.colcon_core.event_handler.log_command:Invoking command in '/home/rutha/Projects/class_projects/robotics_final/build/farm_robot_description': CMAKE_PREFIX_PATH=/home/rutha/Projects/class_projects/robotics_final/install/farm_robot_navigation:/home/rutha/Projects/class_projects/robotics_final/install/farm_robot_description:/home/rutha/ros2_ws/install/urdf_learning:/home/rutha/ros2_ws/install/tutorial_interfaces:/home/rutha/ros2_ws/install/sync_async_node_example_cpp:/home/rutha/ros2_ws/install/more_interfaces:/home/rutha/ros2_ws/install/learning_tf2_cpp:/home/rutha/Projects/class_projects/robotics_final/install/farm_robot_bringup:/home/rutha/Projects/class_projects/robotics_final/install/farm_robot_perception:/home/rutha/ros2_ws/install/py_pubsub:/home/rutha/ros2_ws/install/robot_perception_pkg:/home/rutha/ros2_ws/install/python_parameters:/home/rutha/ros2_ws/install/py_srvcli:/home/rutha/ros2_ws/install/py_intermediate:/home/rutha/ros2_ws/install/my_package:/home/rutha/ros2_ws/install/my_intermediate_pkg:/home/rutha/ros2_ws/install/my_first_pkg:/home/rutha/ros2_ws/install/learning_tf2_py:/home/rutha/ros2_ws/install/bag_recorder_nodes_py:/home/rutha/ros2_ws/src/install/robot_perception_pkg:/home/rutha/ros2_ws/src/install/bag_recorder_nodes_py:/opt/ros/humble:/home/rutha/ros2_ws/install/action_tutorials_interfaces:/home/rutha/ros2_ws/task/catkin_ws/install/robot_perception_pkg /usr/bin/cmake --install /home/rutha/Projects/class_projects/robotics_final/build/farm_robot_description
[1.200s] DEBUG:colcon.colcon_core.event_handler.log_command:Invoked command in '/home/rutha/Projects/class_projects/robotics_final/build/farm_robot_navigation' returned '0': CMAKE_PREFIX_PATH=/home/rutha/Projects/class_projects/robotics_final/install/farm_robot_navigation:/home/rutha/Projects/class_projects/robotics_final/install/farm_robot_description:/home/rutha/ros2_ws/install/urdf_learning:/home/rutha/ros2_ws/install/tutorial_interfaces:/home/rutha/ros2_ws/install/sync_async_node_example_cpp:/home/rutha/ros2_ws/install/more_interfaces:/home/rutha/ros2_ws/install/learning_tf2_cpp:/home/rutha/Projects/class_projects/robotics_final/install/farm_robot_bringup:/home/rutha/Projects/class_projects/robotics_final/install/farm_robot_perception:/home/rutha/ros2_ws/install/py_pubsub:/home/rutha/ros2_ws/install/robot_perception_pkg:/home/rutha/ros2_ws/install/python_parameters:/home/rutha/ros2_ws/install/py_srvcli:/home/rutha/ros2_ws/install/py_intermediate:/home/rutha/ros2_ws/install/my_package:/home/rutha/ros2_ws/install/my_intermediate_pkg:/home/rutha/ros2_ws/install/my_first_pkg:/home/rutha/ros2_ws/install/learning_tf2_py:/home/rutha/ros2_ws/install/bag_recorder_nodes_py:/home/rutha/ros2_ws/src/install/robot_perception_pkg:/home/rutha/ros2_ws/src/install/bag_recorder_nodes_py:/opt/ros/humble:/home/rutha/ros2_ws/install/action_tutorials_interfaces:/home/rutha/ros2_ws/task/catkin_ws/install/robot_perception_pkg /usr/bin/cmake --build /home/rutha/Projects/class_projects/robotics_final/build/farm_robot_navigation -- -j4 -l4
[1.204s] DEBUG:colcon.colcon_core.event_handler.log_command:Invoking command in '/home/rutha/Projects/class_projects/robotics_final/build/farm_robot_navigation': CMAKE_PREFIX_PATH=/home/rutha/Projects/class_projects/robotics_final/install/farm_robot_navigation:/home/rutha/Projects/class_projects/robotics_final/install/farm_robot_description:/home/rutha/ros2_ws/install/urdf_learning:/home/rutha/ros2_ws/install/tutorial_interfaces:/home/rutha/ros2_ws/install/sync_async_node_example_cpp:/home/rutha/ros2_ws/install/more_interfaces:/home/rutha/ros2_ws/install/learning_tf2_cpp:/home/rutha/Projects/class_projects/robotics_final/install/farm_robot_bringup:/home/rutha/Projects/class_projects/robotics_final/install/farm_robot_perception:/home/rutha/ros2_ws/install/py_pubsub:/home/rutha/ros2_ws/install/robot_perception_pkg:/home/rutha/ros2_ws/install/python_parameters:/home/rutha/ros2_ws/install/py_srvcli:/home/rutha/ros2_ws/install/py_intermediate:/home/rutha/ros2_ws/install/my_package:/home/rutha/ros2_ws/install/my_intermediate_pkg:/home/rutha/ros2_ws/install/my_first_pkg:/home/rutha/ros2_ws/install/learning_tf2_py:/home/rutha/ros2_ws/install/bag_recorder_nodes_py:/home/rutha/ros2_ws/src/install/robot_perception_pkg:/home/rutha/ros2_ws/src/install/bag_recorder_nodes_py:/opt/ros/humble:/home/rutha/ros2_ws/install/action_tutorials_interfaces:/home/rutha/ros2_ws/task/catkin_ws/install/robot_perception_pkg /usr/bin/cmake --install /home/rutha/Projects/class_projects/robotics_final/build/farm_robot_navigation
[1.220s] Level 1:colcon.colcon_core.environment:create_environment_scripts_only(farm_robot_description)
[1.226s] DEBUG:colcon.colcon_core.event_handler.log_command:Invoked command in '/home/rutha/Projects/class_projects/robotics_final/build/farm_robot_description' returned '0': CMAKE_PREFIX_PATH=/home/rutha/Projects/class_projects/robotics_final/install/farm_robot_navigation:/home/rutha/Projects/class_projects/robotics_final/install/farm_robot_description:/home/rutha/ros2_ws/install/urdf_learning:/home/rutha/ros2_ws/install/tutorial_interfaces:/home/rutha/ros2_ws/install/sync_async_node_example_cpp:/home/rutha/ros2_ws/install/more_interfaces:/home/rutha/ros2_ws/install/learning_tf2_cpp:/home/rutha/Projects/class_projects/robotics_final/install/farm_robot_bringup:/home/rutha/Projects/class_projects/robotics_final/install/farm_robot_perception:/home/rutha/ros2_ws/install/py_pubsub:/home/rutha/ros2_ws/install/robot_perception_pkg:/home/rutha/ros2_ws/install/python_parameters:/home/rutha/ros2_ws/install/py_srvcli:/home/rutha/ros2_ws/install/py_intermediate:/home/rutha/ros2_ws/install/my_package:/home/rutha/ros2_ws/install/my_intermediate_pkg:/home/rutha/ros2_ws/install/my_first_pkg:/home/rutha/ros2_ws/install/learning_tf2_py:/home/rutha/ros2_ws/install/bag_recorder_nodes_py:/home/rutha/ros2_ws/src/install/robot_perception_pkg:/home/rutha/ros2_ws/src/install/bag_recorder_nodes_py:/opt/ros/humble:/home/rutha/ros2_ws/install/action_tutorials_interfaces:/home/rutha/ros2_ws/task/catkin_ws/install/robot_perception_pkg /usr/bin/cmake --install /home/rutha/Projects/class_projects/robotics_final/build/farm_robot_description
[1.236s] Level 1:colcon.colcon_core.environment:checking '/home/rutha/Projects/class_projects/robotics_final/install/farm_robot_description' for CMake module files
[1.237s] Level 1:colcon.colcon_core.environment:checking '/home/rutha/Projects/class_projects/robotics_final/install/farm_robot_description' for CMake config files
[1.237s] Level 1:colcon.colcon_core.shell:create_environment_hook('farm_robot_description', 'cmake_prefix_path')
[1.238s] INFO:colcon.colcon_core.shell:Creating environment hook '/home/rutha/Projects/class_projects/robotics_final/install/farm_robot_description/share/farm_robot_description/hook/cmake_prefix_path.ps1'
[1.238s] INFO:colcon.colcon_core.shell:Creating environment descriptor '/home/rutha/Projects/class_projects/robotics_final/install/farm_robot_description/share/farm_robot_description/hook/cmake_prefix_path.dsv'
[1.239s] INFO:colcon.colcon_core.shell:Creating environment hook '/home/rutha/Projects/class_projects/robotics_final/install/farm_robot_description/share/farm_robot_description/hook/cmake_prefix_path.sh'
[1.240s] Level 1:colcon.colcon_core.environment:checking '/home/rutha/Projects/class_projects/robotics_final/install/farm_robot_description/bin'
[1.240s] Level 1:colcon.colcon_core.environment:checking '/home/rutha/Projects/class_projects/robotics_final/install/farm_robot_description/lib/pkgconfig/farm_robot_description.pc'
[1.240s] Level 1:colcon.colcon_core.environment:checking '/home/rutha/Projects/class_projects/robotics_final/install/farm_robot_description/lib/python3.10/site-packages'
[1.241s] Level 1:colcon.colcon_core.environment:checking '/home/rutha/Projects/class_projects/robotics_final/install/farm_robot_description/bin'
[1.242s] INFO:colcon.colcon_core.shell:Creating package script '/home/rutha/Projects/class_projects/robotics_final/install/farm_robot_description/share/farm_robot_description/package.ps1'
[1.244s] INFO:colcon.colcon_core.shell:Creating package descriptor '/home/rutha/Projects/class_projects/robotics_final/install/farm_robot_description/share/farm_robot_description/package.dsv'
[1.245s] INFO:colcon.colcon_core.shell:Creating package script '/home/rutha/Projects/class_projects/robotics_final/install/farm_robot_description/share/farm_robot_description/package.sh'
[1.248s] INFO:colcon.colcon_core.shell:Creating package script '/home/rutha/Projects/class_projects/robotics_final/install/farm_robot_description/share/farm_robot_description/package.bash'
[1.251s] INFO:colcon.colcon_core.shell:Creating package script '/home/rutha/Projects/class_projects/robotics_final/install/farm_robot_description/share/farm_robot_description/package.zsh'
[1.253s] Level 1:colcon.colcon_core.environment:create_file_with_runtime_dependencies(/home/rutha/Projects/class_projects/robotics_final/install/farm_robot_description/share/colcon-core/packages/farm_robot_description)
[1.255s] Level 1:colcon.colcon_core.environment:create_environment_scripts_only(farm_robot_description)
[1.255s] Level 1:colcon.colcon_core.environment:checking '/home/rutha/Projects/class_projects/robotics_final/install/farm_robot_description' for CMake module files
[1.256s] Level 1:colcon.colcon_core.environment:checking '/home/rutha/Projects/class_projects/robotics_final/install/farm_robot_description' for CMake config files
[1.257s] Level 1:colcon.colcon_core.shell:create_environment_hook('farm_robot_description', 'cmake_prefix_path')
[1.257s] INFO:colcon.colcon_core.shell:Creating environment hook '/home/rutha/Projects/class_projects/robotics_final/install/farm_robot_description/share/farm_robot_description/hook/cmake_prefix_path.ps1'
[1.258s] INFO:colcon.colcon_core.shell:Creating environment descriptor '/home/rutha/Projects/class_projects/robotics_final/install/farm_robot_description/share/farm_robot_description/hook/cmake_prefix_path.dsv'
[1.259s] INFO:colcon.colcon_core.shell:Creating environment hook '/home/rutha/Projects/class_projects/robotics_final/install/farm_robot_description/share/farm_robot_description/hook/cmake_prefix_path.sh'
[1.260s] Level 1:colcon.colcon_core.environment:checking '/home/rutha/Projects/class_projects/robotics_final/install/farm_robot_description/bin'
[1.260s] Level 1:colcon.colcon_core.environment:checking '/home/rutha/Projects/class_projects/robotics_final/install/farm_robot_description/lib/pkgconfig/farm_robot_description.pc'
[1.261s] Level 1:colcon.colcon_core.environment:checking '/home/rutha/Projects/class_projects/robotics_final/install/farm_robot_description/lib/python3.10/site-packages'
[1.261s] Level 1:colcon.colcon_core.environment:checking '/home/rutha/Projects/class_projects/robotics_final/install/farm_robot_description/bin'
[1.264s] INFO:colcon.colcon_core.shell:Creating package script '/home/rutha/Projects/class_projects/robotics_final/install/farm_robot_description/share/farm_robot_description/package.ps1'
[1.265s] INFO:colcon.colcon_core.shell:Creating package descriptor '/home/rutha/Projects/class_projects/robotics_final/install/farm_robot_description/share/farm_robot_description/package.dsv'
[1.266s] INFO:colcon.colcon_core.shell:Creating package script '/home/rutha/Projects/class_projects/robotics_final/install/farm_robot_description/share/farm_robot_description/package.sh'
[1.267s] INFO:colcon.colcon_core.shell:Creating package script '/home/rutha/Projects/class_projects/robotics_final/install/farm_robot_description/share/farm_robot_description/package.bash'
[1.268s] INFO:colcon.colcon_core.shell:Creating package script '/home/rutha/Projects/class_projects/robotics_final/install/farm_robot_description/share/farm_robot_description/package.zsh'
[1.269s] Level 1:colcon.colcon_core.environment:create_file_with_runtime_dependencies(/home/rutha/Projects/class_projects/robotics_final/install/farm_robot_description/share/colcon-core/packages/farm_robot_description)
[1.271s] Level 1:colcon.colcon_core.environment:create_environment_scripts_only(farm_robot_navigation)
[1.271s] Level 1:colcon.colcon_core.environment:checking '/home/rutha/Projects/class_projects/robotics_final/install/farm_robot_navigation' for CMake module files
[1.272s] DEBUG:colcon.colcon_core.event_handler.log_command:Invoked command in '/home/rutha/Projects/class_projects/robotics_final/build/farm_robot_navigation' returned '0': CMAKE_PREFIX_PATH=/home/rutha/Projects/class_projects/robotics_final/install/farm_robot_navigation:/home/rutha/Projects/class_projects/robotics_final/install/farm_robot_description:/home/rutha/ros2_ws/install/urdf_learning:/home/rutha/ros2_ws/install/tutorial_interfaces:/home/rutha/ros2_ws/install/sync_async_node_example_cpp:/home/rutha/ros2_ws/install/more_interfaces:/home/rutha/ros2_ws/install/learning_tf2_cpp:/home/rutha/Projects/class_projects/robotics_final/install/farm_robot_bringup:/home/rutha/Projects/class_projects/robotics_final/install/farm_robot_perception:/home/rutha/ros2_ws/install/py_pubsub:/home/rutha/ros2_ws/install/robot_perception_pkg:/home/rutha/ros2_ws/install/python_parameters:/home/rutha/ros2_ws/install/py_srvcli:/home/rutha/ros2_ws/install/py_intermediate:/home/rutha/ros2_ws/install/my_package:/home/rutha/ros2_ws/install/my_intermediate_pkg:/home/rutha/ros2_ws/install/my_first_pkg:/home/rutha/ros2_ws/install/learning_tf2_py:/home/rutha/ros2_ws/install/bag_recorder_nodes_py:/home/rutha/ros2_ws/src/install/robot_perception_pkg:/home/rutha/ros2_ws/src/install/bag_recorder_nodes_py:/opt/ros/humble:/home/rutha/ros2_ws/install/action_tutorials_interfaces:/home/rutha/ros2_ws/task/catkin_ws/install/robot_perception_pkg /usr/bin/cmake --install /home/rutha/Projects/class_projects/robotics_final/build/farm_robot_navigation
[1.273s] Level 1:colcon.colcon_core.environment:checking '/home/rutha/Projects/class_projects/robotics_final/install/farm_robot_navigation' for CMake config files
[1.274s] Level 1:colcon.colcon_core.shell:create_environment_hook('farm_robot_navigation', 'cmake_prefix_path')
[1.274s] INFO:colcon.colcon_core.shell:Creating environment hook '/home/rutha/Projects/class_projects/robotics_final/install/farm_robot_navigation/share/farm_robot_navigation/hook/cmake_prefix_path.ps1'
[1.275s] INFO:colcon.colcon_core.shell:Creating environment descriptor '/home/rutha/Projects/class_projects/robotics_final/install/farm_robot_navigation/share/farm_robot_navigation/hook/cmake_prefix_path.dsv'
[1.275s] INFO:colcon.colcon_core.shell:Creating environment hook '/home/rutha/Projects/class_projects/robotics_final/install/farm_robot_navigation/share/farm_robot_navigation/hook/cmake_prefix_path.sh'
[1.276s] Level 1:colcon.colcon_core.environment:checking '/home/rutha/Projects/class_projects/robotics_final/install/farm_robot_navigation/bin'
[1.276s] Level 1:colcon.colcon_core.environment:checking '/home/rutha/Projects/class_projects/robotics_final/install/farm_robot_navigation/lib/pkgconfig/farm_robot_navigation.pc'
[1.277s] Level 1:colcon.colcon_core.environment:checking '/home/rutha/Projects/class_projects/robotics_final/install/farm_robot_navigation/lib/python3.10/site-packages'
[1.277s] Level 1:colcon.colcon_core.environment:checking '/home/rutha/Projects/class_projects/robotics_final/install/farm_robot_navigation/bin'
[1.278s] INFO:colcon.colcon_core.shell:Creating package script '/home/rutha/Projects/class_projects/robotics_final/install/farm_robot_navigation/share/farm_robot_navigation/package.ps1'
[1.278s] INFO:colcon.colcon_core.shell:Creating package descriptor '/home/rutha/Projects/class_projects/robotics_final/install/farm_robot_navigation/share/farm_robot_navigation/package.dsv'
[1.279s] INFO:colcon.colcon_core.shell:Creating package script '/home/rutha/Projects/class_projects/robotics_final/install/farm_robot_navigation/share/farm_robot_navigation/package.sh'
[1.279s] INFO:colcon.colcon_core.shell:Creating package script '/home/rutha/Projects/class_projects/robotics_final/install/farm_robot_navigation/share/farm_robot_navigation/package.bash'
[1.279s] INFO:colcon.colcon_core.shell:Creating package script '/home/rutha/Projects/class_projects/robotics_final/install/farm_robot_navigation/share/farm_robot_navigation/package.zsh'
[1.280s] Level 1:colcon.colcon_core.environment:create_file_with_runtime_dependencies(/home/rutha/Projects/class_projects/robotics_final/install/farm_robot_navigation/share/colcon-core/packages/farm_robot_navigation)
[1.281s] Level 1:colcon.colcon_core.environment:create_environment_scripts_only(farm_robot_navigation)
[1.281s] Level 1:colcon.colcon_core.environment:checking '/home/rutha/Projects/class_projects/robotics_final/install/farm_robot_navigation' for CMake module files
[1.281s] Level 1:colcon.colcon_core.environment:checking '/home/rutha/Projects/class_projects/robotics_final/install/farm_robot_navigation' for CMake config files
[1.282s] Level 1:colcon.colcon_core.shell:create_environment_hook('farm_robot_navigation', 'cmake_prefix_path')
[1.282s] INFO:colcon.colcon_core.shell:Creating environment hook '/home/rutha/Projects/class_projects/robotics_final/install/farm_robot_navigation/share/farm_robot_navigation/hook/cmake_prefix_path.ps1'
[1.282s] INFO:colcon.colcon_core.shell:Creating environment descriptor '/home/rutha/Projects/class_projects/robotics_final/install/farm_robot_navigation/share/farm_robot_navigation/hook/cmake_prefix_path.dsv'
[1.283s] INFO:colcon.colcon_core.shell:Creating environment hook '/home/rutha/Projects/class_projects/robotics_final/install/farm_robot_navigation/share/farm_robot_navigation/hook/cmake_prefix_path.sh'
[1.284s] Level 1:colcon.colcon_core.environment:checking '/home/rutha/Projects/class_projects/robotics_final/install/farm_robot_navigation/bin'
[1.284s] Level 1:colcon.colcon_core.environment:checking '/home/rutha/Projects/class_projects/robotics_final/install/farm_robot_navigation/lib/pkgconfig/farm_robot_navigation.pc'
[1.284s] Level 1:colcon.colcon_core.environment:checking '/home/rutha/Projects/class_projects/robotics_final/install/farm_robot_navigation/lib/python3.10/site-packages'
[1.284s] Level 1:colcon.colcon_core.environment:checking '/home/rutha/Projects/class_projects/robotics_final/install/farm_robot_navigation/bin'
[1.285s] INFO:colcon.colcon_core.shell:Creating package script '/home/rutha/Projects/class_projects/robotics_final/install/farm_robot_navigation/share/farm_robot_navigation/package.ps1'
[1.285s] INFO:colcon.colcon_core.shell:Creating package descriptor '/home/rutha/Projects/class_projects/robotics_final/install/farm_robot_navigation/share/farm_robot_navigation/package.dsv'
[1.286s] INFO:colcon.colcon_core.shell:Creating package script '/home/rutha/Projects/class_projects/robotics_final/install/farm_robot_navigation/share/farm_robot_navigation/package.sh'
[1.286s] INFO:colcon.colcon_core.shell:Creating package script '/home/rutha/Projects/class_projects/robotics_final/install/farm_robot_navigation/share/farm_robot_navigation/package.bash'
[1.287s] INFO:colcon.colcon_core.shell:Creating package script '/home/rutha/Projects/class_projects/robotics_final/install/farm_robot_navigation/share/farm_robot_navigation/package.zsh'
[1.288s] Level 1:colcon.colcon_core.environment:create_file_with_runtime_dependencies(/home/rutha/Projects/class_projects/robotics_final/install/farm_robot_navigation/share/colcon-core/packages/farm_robot_navigation)
[1.896s] DEBUG:colcon.colcon_core.event_handler.log_command:Invoking command in '/home/rutha/Projects/class_projects/robotics_final/src/farm_robot_perception': PYTHONPATH=/home/rutha/Projects/class_projects/robotics_final/build/farm_robot_perception/prefix_override:/usr/lib/python3/dist-packages/colcon_core/task/python/colcon_distutils_commands:/home/rutha/Projects/class_projects/robotics_final/install/farm_robot_perception/lib/python3.10/site-packages:${PYTHONPATH} /usr/bin/python3 -W ignore:setup.py install is deprecated -W ignore:easy_install command is deprecated setup.py egg_info --egg-base ../../build/farm_robot_perception build --build-base /home/rutha/Projects/class_projects/robotics_final/build/farm_robot_perception/build install --record /home/rutha/Projects/class_projects/robotics_final/build/farm_robot_perception/install.log --single-version-externally-managed install_data
[2.553s] Level 1:colcon.colcon_core.environment:checking '/home/rutha/Projects/class_projects/robotics_final/install/farm_robot_perception' for CMake module files
[2.554s] DEBUG:colcon.colcon_core.event_handler.log_command:Invoked command in '/home/rutha/Projects/class_projects/robotics_final/src/farm_robot_perception' returned '0': PYTHONPATH=/home/rutha/Projects/class_projects/robotics_final/build/farm_robot_perception/prefix_override:/usr/lib/python3/dist-packages/colcon_core/task/python/colcon_distutils_commands:/home/rutha/Projects/class_projects/robotics_final/install/farm_robot_perception/lib/python3.10/site-packages:${PYTHONPATH} /usr/bin/python3 -W ignore:setup.py install is deprecated -W ignore:easy_install command is deprecated setup.py egg_info --egg-base ../../build/farm_robot_perception build --build-base /home/rutha/Projects/class_projects/robotics_final/build/farm_robot_perception/build install --record /home/rutha/Projects/class_projects/robotics_final/build/farm_robot_perception/install.log --single-version-externally-managed install_data
[2.555s] Level 1:colcon.colcon_core.environment:checking '/home/rutha/Projects/class_projects/robotics_final/install/farm_robot_perception' for CMake config files
[2.556s] Level 1:colcon.colcon_core.environment:checking '/home/rutha/Projects/class_projects/robotics_final/install/farm_robot_perception/lib'
[2.556s] Level 1:colcon.colcon_core.environment:checking '/home/rutha/Projects/class_projects/robotics_final/install/farm_robot_perception/bin'
[2.556s] Level 1:colcon.colcon_core.environment:checking '/home/rutha/Projects/class_projects/robotics_final/install/farm_robot_perception/lib/pkgconfig/farm_robot_perception.pc'
[2.556s] Level 1:colcon.colcon_core.environment:checking '/home/rutha/Projects/class_projects/robotics_final/install/farm_robot_perception/lib/python3.10/site-packages'
[2.556s] Level 1:colcon.colcon_core.shell:create_environment_hook('farm_robot_perception', 'pythonpath')
[2.557s] INFO:colcon.colcon_core.shell:Creating environment hook '/home/rutha/Projects/class_projects/robotics_final/install/farm_robot_perception/share/farm_robot_perception/hook/pythonpath.ps1'
[2.557s] INFO:colcon.colcon_core.shell:Creating environment descriptor '/home/rutha/Projects/class_projects/robotics_final/install/farm_robot_perception/share/farm_robot_perception/hook/pythonpath.dsv'
[2.558s] INFO:colcon.colcon_core.shell:Creating environment hook '/home/rutha/Projects/class_projects/robotics_final/install/farm_robot_perception/share/farm_robot_perception/hook/pythonpath.sh'
[2.559s] Level 1:colcon.colcon_core.environment:checking '/home/rutha/Projects/class_projects/robotics_final/install/farm_robot_perception/bin'
[2.559s] Level 1:colcon.colcon_core.environment:create_environment_scripts_only(farm_robot_perception)
[2.559s] INFO:colcon.colcon_core.shell:Creating package script '/home/rutha/Projects/class_projects/robotics_final/install/farm_robot_perception/share/farm_robot_perception/package.ps1'
[2.560s] INFO:colcon.colcon_core.shell:Creating package descriptor '/home/rutha/Projects/class_projects/robotics_final/install/farm_robot_perception/share/farm_robot_perception/package.dsv'
[2.561s] INFO:colcon.colcon_core.shell:Creating package script '/home/rutha/Projects/class_projects/robotics_final/install/farm_robot_perception/share/farm_robot_perception/package.sh'
[2.561s] INFO:colcon.colcon_core.shell:Creating package script '/home/rutha/Projects/class_projects/robotics_final/install/farm_robot_perception/share/farm_robot_perception/package.bash'
[2.562s] INFO:colcon.colcon_core.shell:Creating package script '/home/rutha/Projects/class_projects/robotics_final/install/farm_robot_perception/share/farm_robot_perception/package.zsh'
[2.562s] Level 1:colcon.colcon_core.environment:create_file_with_runtime_dependencies(/home/rutha/Projects/class_projects/robotics_final/install/farm_robot_perception/share/colcon-core/packages/farm_robot_perception)
[2.563s] INFO:colcon.colcon_ros.task.ament_python.build:Building ROS package in '/home/rutha/Projects/class_projects/robotics_final/src/farm_robot_bringup' with build type 'ament_python'
[2.564s] Level 1:colcon.colcon_core.shell:create_environment_hook('farm_robot_bringup', 'ament_prefix_path')
[2.565s] INFO:colcon.colcon_core.shell:Creating environment hook '/home/rutha/Projects/class_projects/robotics_final/install/farm_robot_bringup/share/farm_robot_bringup/hook/ament_prefix_path.ps1'
[2.566s] INFO:colcon.colcon_core.shell:Creating environment descriptor '/home/rutha/Projects/class_projects/robotics_final/install/farm_robot_bringup/share/farm_robot_bringup/hook/ament_prefix_path.dsv'
[2.567s] INFO:colcon.colcon_core.shell:Creating environment hook '/home/rutha/Projects/class_projects/robotics_final/install/farm_robot_bringup/share/farm_robot_bringup/hook/ament_prefix_path.sh'
[2.567s] INFO:colcon.colcon_core.shell:Skip shell extension 'powershell' for command environment: Not usable outside of PowerShell
[2.567s] DEBUG:colcon.colcon_core.shell:Skip shell extension 'dsv' for command environment
[3.033s] INFO:colcon.colcon_core.task.python.build:Building Python package in '/home/rutha/Projects/class_projects/robotics_final/src/farm_robot_bringup'
[3.034s] INFO:colcon.colcon_core.shell:Skip shell extension 'powershell' for command environment: Not usable outside of PowerShell
[3.034s] DEBUG:colcon.colcon_core.shell:Skip shell extension 'dsv' for command environment
[3.629s] DEBUG:colcon.colcon_core.event_handler.log_command:Invoking command in '/home/rutha/Projects/class_projects/robotics_final/src/farm_robot_bringup': AMENT_PREFIX_PATH=/home/rutha/Projects/class_projects/robotics_final/install/farm_robot_perception:/home/rutha/Projects/class_projects/robotics_final/install/farm_robot_bringup:/home/rutha/Projects/class_projects/robotics_final/install/farm_robot_navigation:/home/rutha/Projects/class_projects/robotics_final/install/farm_robot_description:/home/rutha/ros2_ws/install/urdf_learning:/home/rutha/ros2_ws/install/py_pubsub:/home/rutha/ros2_ws/install/tutorial_interfaces:/home/rutha/ros2_ws/install/sync_async_node_example_cpp:/home/rutha/ros2_ws/install/robot_perception_pkg:/home/rutha/ros2_ws/install/python_parameters:/home/rutha/ros2_ws/install/py_srvcli:/home/rutha/ros2_ws/install/py_intermediate:/home/rutha/ros2_ws/install/my_package:/home/rutha/ros2_ws/install/my_intermediate_pkg:/home/rutha/ros2_ws/install/my_first_pkg:/home/rutha/ros2_ws/install/more_interfaces:/home/rutha/ros2_ws/install/learning_tf2_py:/home/rutha/ros2_ws/install/learning_tf2_cpp:/home/rutha/ros2_ws/install/bag_recorder_nodes_py:/home/rutha/ros2_ws/src/install/robot_perception_pkg:/home/rutha/ros2_ws/src/install/bag_recorder_nodes_py:/home/rutha/ros2_ws/task/catkin_ws/install/robot_perception_pkg:/opt/ros/humble PYTHONPATH=/home/rutha/Projects/class_projects/robotics_final/build/farm_robot_bringup/prefix_override:/usr/lib/python3/dist-packages/colcon_core/task/python/colcon_distutils_commands:/home/rutha/Projects/class_projects/robotics_final/install/farm_robot_bringup/lib/python3.10/site-packages:/home/rutha/Projects/class_projects/robotics_final/install/farm_robot_perception/lib/python3.10/site-packages:/home/rutha/Projects/class_projects/robotics_final/install/farm_robot_bringup/lib/python3.10/site-packages:/home/rutha/ros2_ws/install/py_pubsub/lib/python3.10/site-packages:/home/rutha/ros2_ws/install/tutorial_interfaces/local/lib/python3.10/dist-packages:/home/rutha/ros2_ws/install/robot_perception_pkg/lib/python3.10/site-packages:/home/rutha/ros2_ws/install/python_parameters/lib/python3.10/site-packages:/home/rutha/ros2_ws/install/py_srvcli/lib/python3.10/site-packages:/home/rutha/ros2_ws/install/py_intermediate/lib/python3.10/site-packages:/home/rutha/ros2_ws/install/my_package/lib/python3.10/site-packages:/home/rutha/ros2_ws/install/my_intermediate_pkg/lib/python3.10/site-packages:/home/rutha/ros2_ws/install/my_first_pkg/lib/python3.10/site-packages:/home/rutha/ros2_ws/install/more_interfaces/local/lib/python3.10/dist-packages:/home/rutha/ros2_ws/install/learning_tf2_py/lib/python3.10/site-packages:/home/rutha/ros2_ws/install/bag_recorder_nodes_py/lib/python3.10/site-packages:/home/rutha/ros2_ws/install/action_tutorials_interfaces/local/lib/python3.10/dist-packages:/home/rutha/ros2_ws/src/install/robot_perception_pkg/lib/python3.10/site-packages:/home/rutha/ros2_ws/src/install/bag_recorder_nodes_py/lib/python3.10/site-packages:/opt/ros/humble/lib/python3.10/site-packages:/opt/ros/humble/local/lib/python3.10/dist-packages /usr/bin/python3 -W ignore:setup.py install is deprecated -W ignore:easy_install command is deprecated setup.py egg_info --egg-base ../../build/farm_robot_bringup build --build-base /home/rutha/Projects/class_projects/robotics_final/build/farm_robot_bringup/build install --record /home/rutha/Projects/class_projects/robotics_final/build/farm_robot_bringup/install.log --single-version-externally-managed install_data
[4.111s] Level 1:colcon.colcon_core.environment:checking '/home/rutha/Projects/class_projects/robotics_final/install/farm_robot_bringup' for CMake module files
[4.112s] DEBUG:colcon.colcon_core.event_handler.log_command:Invoked command in '/home/rutha/Projects/class_projects/robotics_final/src/farm_robot_bringup' returned '0': AMENT_PREFIX_PATH=/home/rutha/Projects/class_projects/robotics_final/install/farm_robot_perception:/home/rutha/Projects/class_projects/robotics_final/install/farm_robot_bringup:/home/rutha/Projects/class_projects/robotics_final/install/farm_robot_navigation:/home/rutha/Projects/class_projects/robotics_final/install/farm_robot_description:/home/rutha/ros2_ws/install/urdf_learning:/home/rutha/ros2_ws/install/py_pubsub:/home/rutha/ros2_ws/install/tutorial_interfaces:/home/rutha/ros2_ws/install/sync_async_node_example_cpp:/home/rutha/ros2_ws/install/robot_perception_pkg:/home/rutha/ros2_ws/install/python_parameters:/home/rutha/ros2_ws/install/py_srvcli:/home/rutha/ros2_ws/install/py_intermediate:/home/rutha/ros2_ws/install/my_package:/home/rutha/ros2_ws/install/my_intermediate_pkg:/home/rutha/ros2_ws/install/my_first_pkg:/home/rutha/ros2_ws/install/more_interfaces:/home/rutha/ros2_ws/install/learning_tf2_py:/home/rutha/ros2_ws/install/learning_tf2_cpp:/home/rutha/ros2_ws/install/bag_recorder_nodes_py:/home/rutha/ros2_ws/src/install/robot_perception_pkg:/home/rutha/ros2_ws/src/install/bag_recorder_nodes_py:/home/rutha/ros2_ws/task/catkin_ws/install/robot_perception_pkg:/opt/ros/humble PYTHONPATH=/home/rutha/Projects/class_projects/robotics_final/build/farm_robot_bringup/prefix_override:/usr/lib/python3/dist-packages/colcon_core/task/python/colcon_distutils_commands:/home/rutha/Projects/class_projects/robotics_final/install/farm_robot_bringup/lib/python3.10/site-packages:/home/rutha/Projects/class_projects/robotics_final/install/farm_robot_perception/lib/python3.10/site-packages:/home/rutha/Projects/class_projects/robotics_final/install/farm_robot_bringup/lib/python3.10/site-packages:/home/rutha/ros2_ws/install/py_pubsub/lib/python3.10/site-packages:/home/rutha/ros2_ws/install/tutorial_interfaces/local/lib/python3.10/dist-packages:/home/rutha/ros2_ws/install/robot_perception_pkg/lib/python3.10/site-packages:/home/rutha/ros2_ws/install/python_parameters/lib/python3.10/site-packages:/home/rutha/ros2_ws/install/py_srvcli/lib/python3.10/site-packages:/home/rutha/ros2_ws/install/py_intermediate/lib/python3.10/site-packages:/home/rutha/ros2_ws/install/my_package/lib/python3.10/site-packages:/home/rutha/ros2_ws/install/my_intermediate_pkg/lib/python3.10/site-packages:/home/rutha/ros2_ws/install/my_first_pkg/lib/python3.10/site-packages:/home/rutha/ros2_ws/install/more_interfaces/local/lib/python3.10/dist-packages:/home/rutha/ros2_ws/install/learning_tf2_py/lib/python3.10/site-packages:/home/rutha/ros2_ws/install/bag_recorder_nodes_py/lib/python3.10/site-packages:/home/rutha/ros2_ws/install/action_tutorials_interfaces/local/lib/python3.10/dist-packages:/home/rutha/ros2_ws/src/install/robot_perception_pkg/lib/python3.10/site-packages:/home/rutha/ros2_ws/src/install/bag_recorder_nodes_py/lib/python3.10/site-packages:/opt/ros/humble/lib/python3.10/site-packages:/opt/ros/humble/local/lib/python3.10/dist-packages /usr/bin/python3 -W ignore:setup.py install is deprecated -W ignore:easy_install command is deprecated setup.py egg_info --egg-base ../../build/farm_robot_bringup build --build-base /home/rutha/Projects/class_projects/robotics_final/build/farm_robot_bringup/build install --record /home/rutha/Projects/class_projects/robotics_final/build/farm_robot_bringup/install.log --single-version-externally-managed install_data
[4.112s] Level 1:colcon.colcon_core.environment:checking '/home/rutha/Projects/class_projects/robotics_final/install/farm_robot_bringup' for CMake config files
[4.113s] Level 1:colcon.colcon_core.environment:checking '/home/rutha/Projects/class_projects/robotics_final/install/farm_robot_bringup/lib'
[4.113s] Level 1:colcon.colcon_core.environment:checking '/home/rutha/Projects/class_projects/robotics_final/install/farm_robot_bringup/bin'
[4.113s] Level 1:colcon.colcon_core.environment:checking '/home/rutha/Projects/class_projects/robotics_final/install/farm_robot_bringup/lib/pkgconfig/farm_robot_bringup.pc'
[4.114s] Level 1:colcon.colcon_core.environment:checking '/home/rutha/Projects/class_projects/robotics_final/install/farm_robot_bringup/lib/python3.10/site-packages'
[4.114s] Level 1:colcon.colcon_core.shell:create_environment_hook('farm_robot_bringup', 'pythonpath')
[4.114s] INFO:colcon.colcon_core.shell:Creating environment hook '/home/rutha/Projects/class_projects/robotics_final/install/farm_robot_bringup/share/farm_robot_bringup/hook/pythonpath.ps1'
[4.115s] INFO:colcon.colcon_core.shell:Creating environment descriptor '/home/rutha/Projects/class_projects/robotics_final/install/farm_robot_bringup/share/farm_robot_bringup/hook/pythonpath.dsv'
[4.115s] INFO:colcon.colcon_core.shell:Creating environment hook '/home/rutha/Projects/class_projects/robotics_final/install/farm_robot_bringup/share/farm_robot_bringup/hook/pythonpath.sh'
[4.116s] Level 1:colcon.colcon_core.environment:checking '/home/rutha/Projects/class_projects/robotics_final/install/farm_robot_bringup/bin'
[4.116s] Level 1:colcon.colcon_core.environment:create_environment_scripts_only(farm_robot_bringup)
[4.117s] INFO:colcon.colcon_core.shell:Creating package script '/home/rutha/Projects/class_projects/robotics_final/install/farm_robot_bringup/share/farm_robot_bringup/package.ps1'
[4.117s] INFO:colcon.colcon_core.shell:Creating package descriptor '/home/rutha/Projects/class_projects/robotics_final/install/farm_robot_bringup/share/farm_robot_bringup/package.dsv'
[4.118s] INFO:colcon.colcon_core.shell:Creating package script '/home/rutha/Projects/class_projects/robotics_final/install/farm_robot_bringup/share/farm_robot_bringup/package.sh'
[4.119s] INFO:colcon.colcon_core.shell:Creating package script '/home/rutha/Projects/class_projects/robotics_final/install/farm_robot_bringup/share/farm_robot_bringup/package.bash'
[4.119s] INFO:colcon.colcon_core.shell:Creating package script '/home/rutha/Projects/class_projects/robotics_final/install/farm_robot_bringup/share/farm_robot_bringup/package.zsh'
[4.119s] Level 1:colcon.colcon_core.environment:create_file_with_runtime_dependencies(/home/rutha/Projects/class_projects/robotics_final/install/farm_robot_bringup/share/colcon-core/packages/farm_robot_bringup)
[4.120s] DEBUG:colcon.colcon_parallel_executor.executor.parallel:closing loop
[4.120s] DEBUG:colcon.colcon_parallel_executor.executor.parallel:loop closed
[4.120s] DEBUG:colcon.colcon_parallel_executor.executor.parallel:run_until_complete finished with '0'
[4.120s] DEBUG:colcon.colcon_core.event_reactor:joining thread
[4.132s] INFO:colcon.colcon_core.plugin_system:Skipping extension 'colcon_notification.desktop_notification.terminal_notifier': Not used on non-Darwin systems
[4.132s] INFO:colcon.colcon_core.plugin_system:Skipping extension 'colcon_notification.desktop_notification.win32': Not used on non-Windows systems
[4.132s] INFO:colcon.colcon_notification.desktop_notification:Sending desktop notification using 'notify2'
[4.151s] DEBUG:colcon.colcon_core.event_reactor:joined thread
[4.151s] INFO:colcon.colcon_core.shell:Creating prefix script '/home/rutha/Projects/class_projects/robotics_final/install/local_setup.ps1'
[4.153s] INFO:colcon.colcon_core.shell:Creating prefix util module '/home/rutha/Projects/class_projects/robotics_final/install/_local_setup_util_ps1.py'
[4.156s] INFO:colcon.colcon_core.shell:Creating prefix chain script '/home/rutha/Projects/class_projects/robotics_final/install/setup.ps1'
[4.160s] INFO:colcon.colcon_core.shell:Creating prefix script '/home/rutha/Projects/class_projects/robotics_final/install/local_setup.sh'
[4.161s] INFO:colcon.colcon_core.shell:Creating prefix util module '/home/rutha/Projects/class_projects/robotics_final/install/_local_setup_util_sh.py'
[4.162s] INFO:colcon.colcon_core.shell:Creating prefix chain script '/home/rutha/Projects/class_projects/robotics_final/install/setup.sh'
[4.166s] INFO:colcon.colcon_core.shell:Creating prefix script '/home/rutha/Projects/class_projects/robotics_final/install/local_setup.bash'
[4.167s] INFO:colcon.colcon_core.shell:Creating prefix chain script '/home/rutha/Projects/class_projects/robotics_final/install/setup.bash'
[4.171s] INFO:colcon.colcon_core.shell:Creating prefix script '/home/rutha/Projects/class_projects/robotics_final/install/local_setup.zsh'
[4.172s] INFO:colcon.colcon_core.shell:Creating prefix chain script '/home/rutha/Projects/class_projects/robotics_final/install/setup.zsh'
