[0.111s] Invoking command in '/home/rutha/Projects/class_projects/robotics_final/src/build/farm_robot_navigation': /usr/bin/cmake /home/rutha/Projects/class_projects/robotics_final/src/farm_robot_navigation -DCATKIN_INSTALL_INTO_PREFIX_ROOT=0 -DCMAKE_INSTALL_PREFIX=/home/rutha/Projects/class_projects/robotics_final/src/install/farm_robot_navigation
[2.541s] -- The C compiler identification is GNU 11.4.0
[2.541s] -- The CXX compiler identification is GNU 11.4.0
[2.541s] -- Detecting C compiler ABI info
[2.541s] -- Detecting C compiler ABI info - done
[2.541s] -- Check for working C compiler: /usr/bin/cc - skipped
[2.541s] -- Detecting C compile features
[2.541s] -- Detecting C compile features - done
[2.542s] -- Detecting CXX compiler ABI info
[2.542s] -- Detecting CXX compiler ABI info - done
[2.542s] -- Check for working CXX compiler: /usr/bin/c++ - skipped
[2.542s] -- Detecting CXX compile features
[2.545s] -- Detecting CXX compile features - done
[2.545s] -- Found ament_cmake: 1.3.12 (/opt/ros/humble/share/ament_cmake/cmake)
[2.545s] -- Found Python3: /usr/bin/python3 (found version "3.10.12") found components: Interpreter 
[2.676s] -- Configuring done
[2.688s] -- Generating done
[2.695s] [33mCMake Warning:
[2.695s]   Manually-specified variables were not used by the project:
[2.695s] 
[2.695s]     CATKIN_INSTALL_INTO_PREFIX_ROOT
[2.695s] 
[2.698s] [0m
[2.704s] -- Build files have been written to: /home/rutha/Projects/class_projects/robotics_final/src/build/farm_robot_navigation
[2.719s] Invoked command in '/home/rutha/Projects/class_projects/robotics_final/src/build/farm_robot_navigation' returned '0': /usr/bin/cmake /home/rutha/Projects/class_projects/robotics_final/src/farm_robot_navigation -DCATKIN_INSTALL_INTO_PREFIX_ROOT=0 -DCMAKE_INSTALL_PREFIX=/home/rutha/Projects/class_projects/robotics_final/src/install/farm_robot_navigation
[2.721s] Invoking command in '/home/rutha/Projects/class_projects/robotics_final/src/build/farm_robot_navigation': /usr/bin/cmake --build /home/rutha/Projects/class_projects/robotics_final/src/build/farm_robot_navigation -- -j4 -l4
[2.816s] Invoked command in '/home/rutha/Projects/class_projects/robotics_final/src/build/farm_robot_navigation' returned '0': /usr/bin/cmake --build /home/rutha/Projects/class_projects/robotics_final/src/build/farm_robot_navigation -- -j4 -l4
[2.819s] Invoking command in '/home/rutha/Projects/class_projects/robotics_final/src/build/farm_robot_navigation': /usr/bin/cmake --install /home/rutha/Projects/class_projects/robotics_final/src/build/farm_robot_navigation
[2.839s] -- Install configuration: ""
[2.839s] -- Installing: /home/rutha/Projects/class_projects/robotics_final/src/install/farm_robot_navigation/share/farm_robot_navigation/config
[2.840s] -- Installing: /home/rutha/Projects/class_projects/robotics_final/src/install/farm_robot_navigation/share/farm_robot_navigation/config/nav2_params.yaml
[2.841s] -- Installing: /home/rutha/Projects/class_projects/robotics_final/src/install/farm_robot_navigation/share/farm_robot_navigation/launch
[2.841s] -- Installing: /home/rutha/Projects/class_projects/robotics_final/src/install/farm_robot_navigation/share/farm_robot_navigation/launch/navigation.launch.py
[2.842s] -- Installing: /home/rutha/Projects/class_projects/robotics_final/src/install/farm_robot_navigation/share/ament_index/resource_index/package_run_dependencies/farm_robot_navigation
[2.843s] -- Installing: /home/rutha/Projects/class_projects/robotics_final/src/install/farm_robot_navigation/share/ament_index/resource_index/parent_prefix_path/farm_robot_navigation
[2.845s] -- Installing: /home/rutha/Projects/class_projects/robotics_final/src/install/farm_robot_navigation/share/farm_robot_navigation/environment/ament_prefix_path.sh
[2.845s] -- Installing: /home/rutha/Projects/class_projects/robotics_final/src/install/farm_robot_navigation/share/farm_robot_navigation/environment/ament_prefix_path.dsv
[2.846s] -- Installing: /home/rutha/Projects/class_projects/robotics_final/src/install/farm_robot_navigation/share/farm_robot_navigation/environment/path.sh
[2.846s] -- Installing: /home/rutha/Projects/class_projects/robotics_final/src/install/farm_robot_navigation/share/farm_robot_navigation/environment/path.dsv
[2.847s] -- Installing: /home/rutha/Projects/class_projects/robotics_final/src/install/farm_robot_navigation/share/farm_robot_navigation/local_setup.bash
[2.848s] -- Installing: /home/rutha/Projects/class_projects/robotics_final/src/install/farm_robot_navigation/share/farm_robot_navigation/local_setup.sh
[2.848s] -- Installing: /home/rutha/Projects/class_projects/robotics_final/src/install/farm_robot_navigation/share/farm_robot_navigation/local_setup.zsh
[2.849s] -- Installing: /home/rutha/Projects/class_projects/robotics_final/src/install/farm_robot_navigation/share/farm_robot_navigation/local_setup.dsv
[2.850s] -- Installing: /home/rutha/Projects/class_projects/robotics_final/src/install/farm_robot_navigation/share/farm_robot_navigation/package.dsv
[2.850s] -- Installing: /home/rutha/Projects/class_projects/robotics_final/src/install/farm_robot_navigation/share/ament_index/resource_index/packages/farm_robot_navigation
[2.851s] -- Installing: /home/rutha/Projects/class_projects/robotics_final/src/install/farm_robot_navigation/share/farm_robot_navigation/cmake/farm_robot_navigationConfig.cmake
[2.852s] -- Installing: /home/rutha/Projects/class_projects/robotics_final/src/install/farm_robot_navigation/share/farm_robot_navigation/cmake/farm_robot_navigationConfig-version.cmake
[2.854s] -- Installing: /home/rutha/Projects/class_projects/robotics_final/src/install/farm_robot_navigation/share/farm_robot_navigation/package.xml
[2.857s] Invoked command in '/home/rutha/Projects/class_projects/robotics_final/src/build/farm_robot_navigation' returned '0': /usr/bin/cmake --install /home/rutha/Projects/class_projects/robotics_final/src/build/farm_robot_navigation
