running egg_info
creating ../build/comparison_pkg/comparison_pkg.egg-info
writing ../build/comparison_pkg/comparison_pkg.egg-info/PKG-INFO
writing dependency_links to ../build/comparison_pkg/comparison_pkg.egg-info/dependency_links.txt
writing entry points to ../build/comparison_pkg/comparison_pkg.egg-info/entry_points.txt
writing requirements to ../build/comparison_pkg/comparison_pkg.egg-info/requires.txt
writing top-level names to ../build/comparison_pkg/comparison_pkg.egg-info/top_level.txt
writing manifest file '../build/comparison_pkg/comparison_pkg.egg-info/SOURCES.txt'
reading manifest file '../build/comparison_pkg/comparison_pkg.egg-info/SOURCES.txt'
writing manifest file '../build/comparison_pkg/comparison_pkg.egg-info/SOURCES.txt'
running build
running build_py
creating /home/rutha/Projects/class_projects/robotics_final/src/build/comparison_pkg/build
creating /home/rutha/Projects/class_projects/robotics_final/src/build/comparison_pkg/build/lib
creating /home/rutha/Projects/class_projects/robotics_final/src/build/comparison_pkg/build/lib/comparison_pkg
copying comparison_pkg/__init__.py -> /home/rutha/Projects/class_projects/robotics_final/src/build/comparison_pkg/build/lib/comparison_pkg
running install
running install_lib
creating /home/rutha/Projects/class_projects/robotics_final/src/install/comparison_pkg/lib/python3.10/site-packages/comparison_pkg
copying /home/rutha/Projects/class_projects/robotics_final/src/build/comparison_pkg/build/lib/comparison_pkg/__init__.py -> /home/rutha/Projects/class_projects/robotics_final/src/install/comparison_pkg/lib/python3.10/site-packages/comparison_pkg
byte-compiling /home/rutha/Projects/class_projects/robotics_final/src/install/comparison_pkg/lib/python3.10/site-packages/comparison_pkg/__init__.py to __init__.cpython-310.pyc
running install_data
creating /home/rutha/Projects/class_projects/robotics_final/src/install/comparison_pkg/share/ament_index
creating /home/rutha/Projects/class_projects/robotics_final/src/install/comparison_pkg/share/ament_index/resource_index
creating /home/rutha/Projects/class_projects/robotics_final/src/install/comparison_pkg/share/ament_index/resource_index/packages
copying resource/comparison_pkg -> /home/rutha/Projects/class_projects/robotics_final/src/install/comparison_pkg/share/ament_index/resource_index/packages
copying package.xml -> /home/rutha/Projects/class_projects/robotics_final/src/install/comparison_pkg/share/comparison_pkg
running install_egg_info
Copying ../build/comparison_pkg/comparison_pkg.egg-info to /home/rutha/Projects/class_projects/robotics_final/src/install/comparison_pkg/lib/python3.10/site-packages/comparison_pkg-0.0.0-py3.10.egg-info
running install_scripts
writing list of installed files to '/home/rutha/Projects/class_projects/robotics_final/src/build/comparison_pkg/install.log'
