[3.591s] Invoking command in '/home/rutha/Projects/class_projects/robotics_final/src/comparison_pkg': PYTHONPATH=/home/rutha/Projects/class_projects/robotics_final/src/build/comparison_pkg/prefix_override:/usr/lib/python3/dist-packages/colcon_core/task/python/colcon_distutils_commands:/home/rutha/Projects/class_projects/robotics_final/src/install/comparison_pkg/lib/python3.10/site-packages:${PYTHONPATH} /usr/bin/python3 -W ignore:setup.py install is deprecated -W ignore:easy_install command is deprecated setup.py egg_info --egg-base ../build/comparison_pkg build --build-base /home/rutha/Projects/class_projects/robotics_final/src/build/comparison_pkg/build install --record /home/rutha/Projects/class_projects/robotics_final/src/build/comparison_pkg/install.log --single-version-externally-managed install_data
[4.150s] running egg_info
[4.150s] creating ../build/comparison_pkg/comparison_pkg.egg-info
[4.150s] writing ../build/comparison_pkg/comparison_pkg.egg-info/PKG-INFO
[4.152s] writing dependency_links to ../build/comparison_pkg/comparison_pkg.egg-info/dependency_links.txt
[4.152s] writing entry points to ../build/comparison_pkg/comparison_pkg.egg-info/entry_points.txt
[4.152s] writing requirements to ../build/comparison_pkg/comparison_pkg.egg-info/requires.txt
[4.152s] writing top-level names to ../build/comparison_pkg/comparison_pkg.egg-info/top_level.txt
[4.153s] writing manifest file '../build/comparison_pkg/comparison_pkg.egg-info/SOURCES.txt'
[4.153s] reading manifest file '../build/comparison_pkg/comparison_pkg.egg-info/SOURCES.txt'
[4.153s] writing manifest file '../build/comparison_pkg/comparison_pkg.egg-info/SOURCES.txt'
[4.153s] running build
[4.153s] running build_py
[4.154s] creating /home/rutha/Projects/class_projects/robotics_final/src/build/comparison_pkg/build
[4.154s] creating /home/rutha/Projects/class_projects/robotics_final/src/build/comparison_pkg/build/lib
[4.154s] creating /home/rutha/Projects/class_projects/robotics_final/src/build/comparison_pkg/build/lib/comparison_pkg
[4.154s] copying comparison_pkg/__init__.py -> /home/rutha/Projects/class_projects/robotics_final/src/build/comparison_pkg/build/lib/comparison_pkg
[4.154s] running install
[4.155s] running install_lib
[4.158s] creating /home/rutha/Projects/class_projects/robotics_final/src/install/comparison_pkg/lib/python3.10/site-packages/comparison_pkg
[4.158s] copying /home/rutha/Projects/class_projects/robotics_final/src/build/comparison_pkg/build/lib/comparison_pkg/__init__.py -> /home/rutha/Projects/class_projects/robotics_final/src/install/comparison_pkg/lib/python3.10/site-packages/comparison_pkg
[4.159s] byte-compiling /home/rutha/Projects/class_projects/robotics_final/src/install/comparison_pkg/lib/python3.10/site-packages/comparison_pkg/__init__.py to __init__.cpython-310.pyc
[4.159s] running install_data
[4.159s] creating /home/rutha/Projects/class_projects/robotics_final/src/install/comparison_pkg/share/ament_index
[4.159s] creating /home/rutha/Projects/class_projects/robotics_final/src/install/comparison_pkg/share/ament_index/resource_index
[4.159s] creating /home/rutha/Projects/class_projects/robotics_final/src/install/comparison_pkg/share/ament_index/resource_index/packages
[4.159s] copying resource/comparison_pkg -> /home/rutha/Projects/class_projects/robotics_final/src/install/comparison_pkg/share/ament_index/resource_index/packages
[4.159s] copying package.xml -> /home/rutha/Projects/class_projects/robotics_final/src/install/comparison_pkg/share/comparison_pkg
[4.162s] running install_egg_info
[4.162s] Copying ../build/comparison_pkg/comparison_pkg.egg-info to /home/rutha/Projects/class_projects/robotics_final/src/install/comparison_pkg/lib/python3.10/site-packages/comparison_pkg-0.0.0-py3.10.egg-info
[4.163s] running install_scripts
[4.208s] writing list of installed files to '/home/rutha/Projects/class_projects/robotics_final/src/build/comparison_pkg/install.log'
[4.743s] Invoked command in '/home/rutha/Projects/class_projects/robotics_final/src/comparison_pkg' returned '0': PYTHONPATH=/home/rutha/Projects/class_projects/robotics_final/src/build/comparison_pkg/prefix_override:/usr/lib/python3/dist-packages/colcon_core/task/python/colcon_distutils_commands:/home/rutha/Projects/class_projects/robotics_final/src/install/comparison_pkg/lib/python3.10/site-packages:${PYTHONPATH} /usr/bin/python3 -W ignore:setup.py install is deprecated -W ignore:easy_install command is deprecated setup.py egg_info --egg-base ../build/comparison_pkg build --build-base /home/rutha/Projects/class_projects/robotics_final/src/build/comparison_pkg/build install --record /home/rutha/Projects/class_projects/robotics_final/src/build/comparison_pkg/install.log --single-version-externally-managed install_data
