[0.160s] DEBUG:colcon:Command line arguments: ['/usr/bin/colcon', 'build', '--symlink-install']
[0.160s] DEBUG:colcon:Parsed command line arguments: Namespace(log_base=None, log_level=None, verb_name='build', build_base='build', install_base='install', merge_install=False, symlink_install=True, test_result_base=None, continue_on_error=False, executor='parallel', parallel_workers=4, event_handlers=None, ignore_user_meta=False, metas=['./colcon.meta'], base_paths=['.'], packages_ignore=None, packages_ignore_regex=None, paths=None, packages_up_to=None, packages_up_to_regex=None, packages_above=None, packages_above_and_dependencies=None, packages_above_depth=None, packages_select_by_dep=None, packages_skip_by_dep=None, packages_skip_up_to=None, packages_select_build_failed=False, packages_skip_build_finished=False, packages_select_test_failures=False, packages_skip_test_passed=False, packages_select=None, packages_skip=None, packages_select_regex=None, packages_skip_regex=None, packages_start=None, packages_end=None, allow_overriding=[], cmake_args=None, cmake_target=None, cmake_target_skip_unavailable=False, cmake_clean_cache=False, cmake_clean_first=False, cmake_force_configure=False, ament_cmake_args=None, catkin_cmake_args=None, catkin_skip_building_tests=False, mixin_files=None, mixin=None, verb_parser=<colcon_mixin.mixin.mixin_argument.MixinArgumentDecorator object at 0x703b398d4160>, verb_extension=<colcon_core.verb.build.BuildVerb object at 0x703b39893a00>, main=<bound method BuildVerb.main of <colcon_core.verb.build.BuildVerb object at 0x703b39893a00>>, mixin_verb=('build',))
[0.587s] Level 1:colcon.colcon_core.package_discovery:discover_packages(colcon_meta) check parameters
[0.588s] Level 1:colcon.colcon_core.package_discovery:discover_packages(recursive) check parameters
[0.588s] Level 1:colcon.colcon_core.package_discovery:discover_packages(ignore) check parameters
[0.588s] Level 1:colcon.colcon_core.package_discovery:discover_packages(path) check parameters
[0.588s] Level 1:colcon.colcon_core.package_discovery:discover_packages(colcon_meta) discover
[0.588s] Level 1:colcon.colcon_core.package_discovery:discover_packages(recursive) discover
[0.588s] INFO:colcon.colcon_core.package_discovery:Crawling recursively for packages in '/home/rutha/Projects/class_projects/robotics_final'
[0.588s] Level 1:colcon.colcon_core.package_identification:_identify(.) by extensions ['ignore', 'ignore_ament_install']
[0.588s] Level 1:colcon.colcon_core.package_identification:_identify(.) by extension 'ignore'
[0.588s] Level 1:colcon.colcon_core.package_identification:_identify(.) by extension 'ignore_ament_install'
[0.588s] Level 1:colcon.colcon_core.package_identification:_identify(.) by extensions ['colcon_pkg']
[0.589s] Level 1:colcon.colcon_core.package_identification:_identify(.) by extension 'colcon_pkg'
[0.589s] Level 1:colcon.colcon_core.package_identification:_identify(.) by extensions ['colcon_meta']
[0.589s] Level 1:colcon.colcon_core.package_identification:_identify(.) by extension 'colcon_meta'
[0.589s] Level 1:colcon.colcon_core.package_identification:_identify(.) by extensions ['ros']
[0.589s] Level 1:colcon.colcon_core.package_identification:_identify(.) by extension 'ros'
[0.624s] Level 1:colcon.colcon_core.package_identification:_identify(.) by extensions ['cmake', 'python']
[0.624s] Level 1:colcon.colcon_core.package_identification:_identify(.) by extension 'cmake'
[0.624s] Level 1:colcon.colcon_core.package_identification:_identify(.) by extension 'python'
[0.624s] Level 1:colcon.colcon_core.package_identification:_identify(.) by extensions ['python_setup_py']
[0.624s] Level 1:colcon.colcon_core.package_identification:_identify(.) by extension 'python_setup_py'
[0.625s] Level 1:colcon.colcon_core.package_identification:_identify(build) by extensions ['ignore', 'ignore_ament_install']
[0.625s] Level 1:colcon.colcon_core.package_identification:_identify(build) by extension 'ignore'
[0.625s] Level 1:colcon.colcon_core.package_identification:_identify(build) ignored
[0.625s] Level 1:colcon.colcon_core.package_identification:_identify(install) by extensions ['ignore', 'ignore_ament_install']
[0.625s] Level 1:colcon.colcon_core.package_identification:_identify(install) by extension 'ignore'
[0.625s] Level 1:colcon.colcon_core.package_identification:_identify(install) ignored
[0.626s] Level 1:colcon.colcon_core.package_identification:_identify(log) by extensions ['ignore', 'ignore_ament_install']
[0.626s] Level 1:colcon.colcon_core.package_identification:_identify(log) by extension 'ignore'
[0.626s] Level 1:colcon.colcon_core.package_identification:_identify(log) ignored
[0.626s] Level 1:colcon.colcon_core.package_identification:_identify(src) by extensions ['ignore', 'ignore_ament_install']
[0.626s] Level 1:colcon.colcon_core.package_identification:_identify(src) by extension 'ignore'
[0.626s] Level 1:colcon.colcon_core.package_identification:_identify(src) by extension 'ignore_ament_install'
[0.626s] Level 1:colcon.colcon_core.package_identification:_identify(src) by extensions ['colcon_pkg']
[0.626s] Level 1:colcon.colcon_core.package_identification:_identify(src) by extension 'colcon_pkg'
[0.626s] Level 1:colcon.colcon_core.package_identification:_identify(src) by extensions ['colcon_meta']
[0.627s] Level 1:colcon.colcon_core.package_identification:_identify(src) by extension 'colcon_meta'
[0.627s] Level 1:colcon.colcon_core.package_identification:_identify(src) by extensions ['ros']
[0.627s] Level 1:colcon.colcon_core.package_identification:_identify(src) by extension 'ros'
[0.628s] Level 1:colcon.colcon_core.package_identification:_identify(src) by extensions ['cmake', 'python']
[0.628s] Level 1:colcon.colcon_core.package_identification:_identify(src) by extension 'cmake'
[0.628s] Level 1:colcon.colcon_core.package_identification:_identify(src) by extension 'python'
[0.628s] Level 1:colcon.colcon_core.package_identification:_identify(src) by extensions ['python_setup_py']
[0.628s] Level 1:colcon.colcon_core.package_identification:_identify(src) by extension 'python_setup_py'
[0.629s] Level 1:colcon.colcon_core.package_identification:_identify(src/farm_robot_bringup) by extensions ['ignore', 'ignore_ament_install']
[0.629s] Level 1:colcon.colcon_core.package_identification:_identify(src/farm_robot_bringup) by extension 'ignore'
[0.629s] Level 1:colcon.colcon_core.package_identification:_identify(src/farm_robot_bringup) by extension 'ignore_ament_install'
[0.629s] Level 1:colcon.colcon_core.package_identification:_identify(src/farm_robot_bringup) by extensions ['colcon_pkg']
[0.629s] Level 1:colcon.colcon_core.package_identification:_identify(src/farm_robot_bringup) by extension 'colcon_pkg'
[0.629s] Level 1:colcon.colcon_core.package_identification:_identify(src/farm_robot_bringup) by extensions ['colcon_meta']
[0.629s] Level 1:colcon.colcon_core.package_identification:_identify(src/farm_robot_bringup) by extension 'colcon_meta'
[0.629s] Level 1:colcon.colcon_core.package_identification:_identify(src/farm_robot_bringup) by extensions ['ros']
[0.629s] Level 1:colcon.colcon_core.package_identification:_identify(src/farm_robot_bringup) by extension 'ros'
[0.634s] DEBUG:colcon.colcon_core.package_identification:Package 'src/farm_robot_bringup' with type 'ros.ament_python' and name 'farm_robot_bringup'
[0.635s] Level 1:colcon.colcon_core.package_identification:_identify(src/farm_robot_description) by extensions ['ignore', 'ignore_ament_install']
[0.635s] Level 1:colcon.colcon_core.package_identification:_identify(src/farm_robot_description) by extension 'ignore'
[0.635s] Level 1:colcon.colcon_core.package_identification:_identify(src/farm_robot_description) by extension 'ignore_ament_install'
[0.635s] Level 1:colcon.colcon_core.package_identification:_identify(src/farm_robot_description) by extensions ['colcon_pkg']
[0.636s] Level 1:colcon.colcon_core.package_identification:_identify(src/farm_robot_description) by extension 'colcon_pkg'
[0.636s] Level 1:colcon.colcon_core.package_identification:_identify(src/farm_robot_description) by extensions ['colcon_meta']
[0.636s] Level 1:colcon.colcon_core.package_identification:_identify(src/farm_robot_description) by extension 'colcon_meta'
[0.636s] Level 1:colcon.colcon_core.package_identification:_identify(src/farm_robot_description) by extensions ['ros']
[0.636s] Level 1:colcon.colcon_core.package_identification:_identify(src/farm_robot_description) by extension 'ros'
[0.638s] DEBUG:colcon.colcon_core.package_identification:Package 'src/farm_robot_description' with type 'ros.ament_cmake' and name 'farm_robot_description'
[0.638s] Level 1:colcon.colcon_core.package_identification:_identify(src/farm_robot_navigation) by extensions ['ignore', 'ignore_ament_install']
[0.639s] Level 1:colcon.colcon_core.package_identification:_identify(src/farm_robot_navigation) by extension 'ignore'
[0.639s] Level 1:colcon.colcon_core.package_identification:_identify(src/farm_robot_navigation) by extension 'ignore_ament_install'
[0.639s] Level 1:colcon.colcon_core.package_identification:_identify(src/farm_robot_navigation) by extensions ['colcon_pkg']
[0.639s] Level 1:colcon.colcon_core.package_identification:_identify(src/farm_robot_navigation) by extension 'colcon_pkg'
[0.640s] Level 1:colcon.colcon_core.package_identification:_identify(src/farm_robot_navigation) by extensions ['colcon_meta']
[0.640s] Level 1:colcon.colcon_core.package_identification:_identify(src/farm_robot_navigation) by extension 'colcon_meta'
[0.640s] Level 1:colcon.colcon_core.package_identification:_identify(src/farm_robot_navigation) by extensions ['ros']
[0.640s] Level 1:colcon.colcon_core.package_identification:_identify(src/farm_robot_navigation) by extension 'ros'
[0.642s] DEBUG:colcon.colcon_core.package_identification:Package 'src/farm_robot_navigation' with type 'ros.ament_cmake' and name 'farm_robot_navigation'
[0.642s] Level 1:colcon.colcon_core.package_identification:_identify(src/farm_robot_perception) by extensions ['ignore', 'ignore_ament_install']
[0.642s] Level 1:colcon.colcon_core.package_identification:_identify(src/farm_robot_perception) by extension 'ignore'
[0.642s] Level 1:colcon.colcon_core.package_identification:_identify(src/farm_robot_perception) by extension 'ignore_ament_install'
[0.642s] Level 1:colcon.colcon_core.package_identification:_identify(src/farm_robot_perception) by extensions ['colcon_pkg']
[0.642s] Level 1:colcon.colcon_core.package_identification:_identify(src/farm_robot_perception) by extension 'colcon_pkg'
[0.643s] Level 1:colcon.colcon_core.package_identification:_identify(src/farm_robot_perception) by extensions ['colcon_meta']
[0.643s] Level 1:colcon.colcon_core.package_identification:_identify(src/farm_robot_perception) by extension 'colcon_meta'
[0.643s] Level 1:colcon.colcon_core.package_identification:_identify(src/farm_robot_perception) by extensions ['ros']
[0.643s] Level 1:colcon.colcon_core.package_identification:_identify(src/farm_robot_perception) by extension 'ros'
[0.644s] DEBUG:colcon.colcon_core.package_identification:Package 'src/farm_robot_perception' with type 'ros.ament_python' and name 'farm_robot_perception'
[0.644s] Level 1:colcon.colcon_core.package_discovery:discover_packages(recursive) using defaults
[0.645s] Level 1:colcon.colcon_core.package_discovery:discover_packages(ignore) discover
[0.645s] Level 1:colcon.colcon_core.package_discovery:discover_packages(ignore) using defaults
[0.645s] Level 1:colcon.colcon_core.package_discovery:discover_packages(path) discover
[0.645s] Level 1:colcon.colcon_core.package_discovery:discover_packages(path) using defaults
[0.696s] Level 1:colcon.colcon_core.package_discovery:discover_packages(prefix_path) check parameters
[0.696s] Level 1:colcon.colcon_core.package_discovery:discover_packages(prefix_path) discover
[0.702s] DEBUG:colcon.colcon_installed_package_information.package_discovery:Found 4 installed packages in /home/rutha/Projects/class_projects/robotics_final/install
[0.704s] DEBUG:colcon.colcon_installed_package_information.package_discovery:Found 16 installed packages in /home/rutha/ros2_ws/install
[0.705s] DEBUG:colcon.colcon_installed_package_information.package_discovery:Found 2 installed packages in /home/rutha/ros2_ws/src/install
[0.707s] DEBUG:colcon.colcon_installed_package_information.package_discovery:Found 1 installed packages in /home/rutha/ros2_ws/task/catkin_ws/install
[0.711s] DEBUG:colcon.colcon_installed_package_information.package_discovery:Found 416 installed packages in /opt/ros/humble
[0.715s] Level 1:colcon.colcon_core.package_discovery:discover_packages(prefix_path) using defaults
[0.863s] Level 5:colcon.colcon_core.verb:set package 'farm_robot_description' build argument 'cmake_args' from command line to 'None'
[0.864s] Level 5:colcon.colcon_core.verb:set package 'farm_robot_description' build argument 'cmake_target' from command line to 'None'
[0.864s] Level 5:colcon.colcon_core.verb:set package 'farm_robot_description' build argument 'cmake_target_skip_unavailable' from command line to 'False'
[0.864s] Level 5:colcon.colcon_core.verb:set package 'farm_robot_description' build argument 'cmake_clean_cache' from command line to 'False'
[0.864s] Level 5:colcon.colcon_core.verb:set package 'farm_robot_description' build argument 'cmake_clean_first' from command line to 'False'
[0.864s] Level 5:colcon.colcon_core.verb:set package 'farm_robot_description' build argument 'cmake_force_configure' from command line to 'False'
[0.864s] Level 5:colcon.colcon_core.verb:set package 'farm_robot_description' build argument 'ament_cmake_args' from command line to 'None'
[0.864s] Level 5:colcon.colcon_core.verb:set package 'farm_robot_description' build argument 'catkin_cmake_args' from command line to 'None'
[0.864s] Level 5:colcon.colcon_core.verb:set package 'farm_robot_description' build argument 'catkin_skip_building_tests' from command line to 'False'
[0.864s] DEBUG:colcon.colcon_core.verb:Building package 'farm_robot_description' with the following arguments: {'ament_cmake_args': None, 'build_base': '/home/rutha/Projects/class_projects/robotics_final/build/farm_robot_description', 'catkin_cmake_args': None, 'catkin_skip_building_tests': False, 'cmake_args': None, 'cmake_clean_cache': False, 'cmake_clean_first': False, 'cmake_force_configure': False, 'cmake_target': None, 'cmake_target_skip_unavailable': False, 'install_base': '/home/rutha/Projects/class_projects/robotics_final/install/farm_robot_description', 'merge_install': False, 'path': '/home/rutha/Projects/class_projects/robotics_final/src/farm_robot_description', 'symlink_install': True, 'test_result_base': None}
[0.865s] Level 5:colcon.colcon_core.verb:set package 'farm_robot_navigation' build argument 'cmake_args' from command line to 'None'
[0.865s] Level 5:colcon.colcon_core.verb:set package 'farm_robot_navigation' build argument 'cmake_target' from command line to 'None'
[0.865s] Level 5:colcon.colcon_core.verb:set package 'farm_robot_navigation' build argument 'cmake_target_skip_unavailable' from command line to 'False'
[0.865s] Level 5:colcon.colcon_core.verb:set package 'farm_robot_navigation' build argument 'cmake_clean_cache' from command line to 'False'
[0.865s] Level 5:colcon.colcon_core.verb:set package 'farm_robot_navigation' build argument 'cmake_clean_first' from command line to 'False'
[0.865s] Level 5:colcon.colcon_core.verb:set package 'farm_robot_navigation' build argument 'cmake_force_configure' from command line to 'False'
[0.865s] Level 5:colcon.colcon_core.verb:set package 'farm_robot_navigation' build argument 'ament_cmake_args' from command line to 'None'
[0.865s] Level 5:colcon.colcon_core.verb:set package 'farm_robot_navigation' build argument 'catkin_cmake_args' from command line to 'None'
[0.865s] Level 5:colcon.colcon_core.verb:set package 'farm_robot_navigation' build argument 'catkin_skip_building_tests' from command line to 'False'
[0.865s] DEBUG:colcon.colcon_core.verb:Building package 'farm_robot_navigation' with the following arguments: {'ament_cmake_args': None, 'build_base': '/home/rutha/Projects/class_projects/robotics_final/build/farm_robot_navigation', 'catkin_cmake_args': None, 'catkin_skip_building_tests': False, 'cmake_args': None, 'cmake_clean_cache': False, 'cmake_clean_first': False, 'cmake_force_configure': False, 'cmake_target': None, 'cmake_target_skip_unavailable': False, 'install_base': '/home/rutha/Projects/class_projects/robotics_final/install/farm_robot_navigation', 'merge_install': False, 'path': '/home/rutha/Projects/class_projects/robotics_final/src/farm_robot_navigation', 'symlink_install': True, 'test_result_base': None}
[0.866s] Level 5:colcon.colcon_core.verb:set package 'farm_robot_perception' build argument 'cmake_args' from command line to 'None'
[0.866s] Level 5:colcon.colcon_core.verb:set package 'farm_robot_perception' build argument 'cmake_target' from command line to 'None'
[0.867s] Level 5:colcon.colcon_core.verb:set package 'farm_robot_perception' build argument 'cmake_target_skip_unavailable' from command line to 'False'
[0.867s] Level 5:colcon.colcon_core.verb:set package 'farm_robot_perception' build argument 'cmake_clean_cache' from command line to 'False'
[0.867s] Level 5:colcon.colcon_core.verb:set package 'farm_robot_perception' build argument 'cmake_clean_first' from command line to 'False'
[0.867s] Level 5:colcon.colcon_core.verb:set package 'farm_robot_perception' build argument 'cmake_force_configure' from command line to 'False'
[0.867s] Level 5:colcon.colcon_core.verb:set package 'farm_robot_perception' build argument 'ament_cmake_args' from command line to 'None'
[0.867s] Level 5:colcon.colcon_core.verb:set package 'farm_robot_perception' build argument 'catkin_cmake_args' from command line to 'None'
[0.867s] Level 5:colcon.colcon_core.verb:set package 'farm_robot_perception' build argument 'catkin_skip_building_tests' from command line to 'False'
[0.867s] DEBUG:colcon.colcon_core.verb:Building package 'farm_robot_perception' with the following arguments: {'ament_cmake_args': None, 'build_base': '/home/rutha/Projects/class_projects/robotics_final/build/farm_robot_perception', 'catkin_cmake_args': None, 'catkin_skip_building_tests': False, 'cmake_args': None, 'cmake_clean_cache': False, 'cmake_clean_first': False, 'cmake_force_configure': False, 'cmake_target': None, 'cmake_target_skip_unavailable': False, 'install_base': '/home/rutha/Projects/class_projects/robotics_final/install/farm_robot_perception', 'merge_install': False, 'path': '/home/rutha/Projects/class_projects/robotics_final/src/farm_robot_perception', 'symlink_install': True, 'test_result_base': None}
[0.868s] Level 5:colcon.colcon_core.verb:set package 'farm_robot_bringup' build argument 'cmake_args' from command line to 'None'
[0.869s] Level 5:colcon.colcon_core.verb:set package 'farm_robot_bringup' build argument 'cmake_target' from command line to 'None'
[0.869s] Level 5:colcon.colcon_core.verb:set package 'farm_robot_bringup' build argument 'cmake_target_skip_unavailable' from command line to 'False'
[0.869s] Level 5:colcon.colcon_core.verb:set package 'farm_robot_bringup' build argument 'cmake_clean_cache' from command line to 'False'
[0.869s] Level 5:colcon.colcon_core.verb:set package 'farm_robot_bringup' build argument 'cmake_clean_first' from command line to 'False'
[0.869s] Level 5:colcon.colcon_core.verb:set package 'farm_robot_bringup' build argument 'cmake_force_configure' from command line to 'False'
[0.869s] Level 5:colcon.colcon_core.verb:set package 'farm_robot_bringup' build argument 'ament_cmake_args' from command line to 'None'
[0.869s] Level 5:colcon.colcon_core.verb:set package 'farm_robot_bringup' build argument 'catkin_cmake_args' from command line to 'None'
[0.869s] Level 5:colcon.colcon_core.verb:set package 'farm_robot_bringup' build argument 'catkin_skip_building_tests' from command line to 'False'
[0.870s] DEBUG:colcon.colcon_core.verb:Building package 'farm_robot_bringup' with the following arguments: {'ament_cmake_args': None, 'build_base': '/home/rutha/Projects/class_projects/robotics_final/build/farm_robot_bringup', 'catkin_cmake_args': None, 'catkin_skip_building_tests': False, 'cmake_args': None, 'cmake_clean_cache': False, 'cmake_clean_first': False, 'cmake_force_configure': False, 'cmake_target': None, 'cmake_target_skip_unavailable': False, 'install_base': '/home/rutha/Projects/class_projects/robotics_final/install/farm_robot_bringup', 'merge_install': False, 'path': '/home/rutha/Projects/class_projects/robotics_final/src/farm_robot_bringup', 'symlink_install': True, 'test_result_base': None}
[0.870s] INFO:colcon.colcon_core.executor:Executing jobs using 'parallel' executor
[0.872s] DEBUG:colcon.colcon_parallel_executor.executor.parallel:run_until_complete
[0.873s] INFO:colcon.colcon_ros.task.ament_cmake.build:Building ROS package in '/home/rutha/Projects/class_projects/robotics_final/src/farm_robot_description' with build type 'ament_cmake'
[0.873s] INFO:colcon.colcon_cmake.task.cmake.build:Building CMake package in '/home/rutha/Projects/class_projects/robotics_final/src/farm_robot_description'
[0.881s] INFO:colcon.colcon_core.plugin_system:Skipping extension 'colcon_core.shell.bat': Not used on non-Windows systems
[0.881s] INFO:colcon.colcon_core.shell:Skip shell extension 'powershell' for command environment: Not usable outside of PowerShell
[0.882s] DEBUG:colcon.colcon_core.shell:Skip shell extension 'dsv' for command environment
[0.897s] INFO:colcon.colcon_ros.task.ament_cmake.build:Building ROS package in '/home/rutha/Projects/class_projects/robotics_final/src/farm_robot_navigation' with build type 'ament_cmake'
[0.897s] INFO:colcon.colcon_cmake.task.cmake.build:Building CMake package in '/home/rutha/Projects/class_projects/robotics_final/src/farm_robot_navigation'
[0.898s] INFO:colcon.colcon_core.shell:Skip shell extension 'powershell' for command environment: Not usable outside of PowerShell
[0.898s] DEBUG:colcon.colcon_core.shell:Skip shell extension 'dsv' for command environment
[0.914s] INFO:colcon.colcon_ros.task.ament_python.build:Building ROS package in '/home/rutha/Projects/class_projects/robotics_final/src/farm_robot_perception' with build type 'ament_python'
[0.915s] Level 1:colcon.colcon_core.shell:create_environment_hook('farm_robot_perception', 'ament_prefix_path')
[0.915s] INFO:colcon.colcon_core.shell:Creating environment hook '/home/rutha/Projects/class_projects/robotics_final/install/farm_robot_perception/share/farm_robot_perception/hook/ament_prefix_path.ps1'
[0.917s] INFO:colcon.colcon_core.shell:Creating environment descriptor '/home/rutha/Projects/class_projects/robotics_final/install/farm_robot_perception/share/farm_robot_perception/hook/ament_prefix_path.dsv'
[0.918s] INFO:colcon.colcon_core.shell:Creating environment hook '/home/rutha/Projects/class_projects/robotics_final/install/farm_robot_perception/share/farm_robot_perception/hook/ament_prefix_path.sh'
[0.920s] INFO:colcon.colcon_core.shell:Skip shell extension 'powershell' for command environment: Not usable outside of PowerShell
[0.920s] DEBUG:colcon.colcon_core.shell:Skip shell extension 'dsv' for command environment
[0.944s] DEBUG:colcon.colcon_core.event_handler.log_command:Invoking command in '/home/rutha/Projects/class_projects/robotics_final/build/farm_robot_description': CMAKE_PREFIX_PATH=/home/rutha/Projects/class_projects/robotics_final/install/farm_robot_navigation:/home/rutha/Projects/class_projects/robotics_final/install/farm_robot_description:/home/rutha/ros2_ws/install/urdf_learning:/home/rutha/ros2_ws/install/tutorial_interfaces:/home/rutha/ros2_ws/install/sync_async_node_example_cpp:/home/rutha/ros2_ws/install/more_interfaces:/home/rutha/ros2_ws/install/learning_tf2_cpp:/home/rutha/Projects/class_projects/robotics_final/install/farm_robot_bringup:/home/rutha/Projects/class_projects/robotics_final/install/farm_robot_perception:/home/rutha/ros2_ws/install/py_pubsub:/home/rutha/ros2_ws/install/robot_perception_pkg:/home/rutha/ros2_ws/install/python_parameters:/home/rutha/ros2_ws/install/py_srvcli:/home/rutha/ros2_ws/install/py_intermediate:/home/rutha/ros2_ws/install/my_package:/home/rutha/ros2_ws/install/my_intermediate_pkg:/home/rutha/ros2_ws/install/my_first_pkg:/home/rutha/ros2_ws/install/learning_tf2_py:/home/rutha/ros2_ws/install/bag_recorder_nodes_py:/home/rutha/ros2_ws/src/install/robot_perception_pkg:/home/rutha/ros2_ws/src/install/bag_recorder_nodes_py:/opt/ros/humble:/home/rutha/ros2_ws/install/action_tutorials_interfaces:/home/rutha/ros2_ws/task/catkin_ws/install/robot_perception_pkg /usr/bin/cmake --build /home/rutha/Projects/class_projects/robotics_final/build/farm_robot_description -- -j4 -l4
[0.958s] DEBUG:colcon.colcon_core.event_handler.log_command:Invoking command in '/home/rutha/Projects/class_projects/robotics_final/build/farm_robot_navigation': CMAKE_PREFIX_PATH=/home/rutha/Projects/class_projects/robotics_final/install/farm_robot_navigation:/home/rutha/Projects/class_projects/robotics_final/install/farm_robot_description:/home/rutha/ros2_ws/install/urdf_learning:/home/rutha/ros2_ws/install/tutorial_interfaces:/home/rutha/ros2_ws/install/sync_async_node_example_cpp:/home/rutha/ros2_ws/install/more_interfaces:/home/rutha/ros2_ws/install/learning_tf2_cpp:/home/rutha/Projects/class_projects/robotics_final/install/farm_robot_bringup:/home/rutha/Projects/class_projects/robotics_final/install/farm_robot_perception:/home/rutha/ros2_ws/install/py_pubsub:/home/rutha/ros2_ws/install/robot_perception_pkg:/home/rutha/ros2_ws/install/python_parameters:/home/rutha/ros2_ws/install/py_srvcli:/home/rutha/ros2_ws/install/py_intermediate:/home/rutha/ros2_ws/install/my_package:/home/rutha/ros2_ws/install/my_intermediate_pkg:/home/rutha/ros2_ws/install/my_first_pkg:/home/rutha/ros2_ws/install/learning_tf2_py:/home/rutha/ros2_ws/install/bag_recorder_nodes_py:/home/rutha/ros2_ws/src/install/robot_perception_pkg:/home/rutha/ros2_ws/src/install/bag_recorder_nodes_py:/opt/ros/humble:/home/rutha/ros2_ws/install/action_tutorials_interfaces:/home/rutha/ros2_ws/task/catkin_ws/install/robot_perception_pkg /usr/bin/cmake --build /home/rutha/Projects/class_projects/robotics_final/build/farm_robot_navigation -- -j4 -l4
[1.825s] INFO:colcon.colcon_core.task.python.build:Building Python package in '/home/rutha/Projects/class_projects/robotics_final/src/farm_robot_perception'
[1.826s] INFO:colcon.colcon_core.shell:Skip shell extension 'powershell' for command environment: Not usable outside of PowerShell
[1.827s] DEBUG:colcon.colcon_core.shell:Skip shell extension 'dsv' for command environment
[1.847s] DEBUG:colcon.colcon_core.event_handler.log_command:Invoked command in '/home/rutha/Projects/class_projects/robotics_final/build/farm_robot_navigation' returned '0': CMAKE_PREFIX_PATH=/home/rutha/Projects/class_projects/robotics_final/install/farm_robot_navigation:/home/rutha/Projects/class_projects/robotics_final/install/farm_robot_description:/home/rutha/ros2_ws/install/urdf_learning:/home/rutha/ros2_ws/install/tutorial_interfaces:/home/rutha/ros2_ws/install/sync_async_node_example_cpp:/home/rutha/ros2_ws/install/more_interfaces:/home/rutha/ros2_ws/install/learning_tf2_cpp:/home/rutha/Projects/class_projects/robotics_final/install/farm_robot_bringup:/home/rutha/Projects/class_projects/robotics_final/install/farm_robot_perception:/home/rutha/ros2_ws/install/py_pubsub:/home/rutha/ros2_ws/install/robot_perception_pkg:/home/rutha/ros2_ws/install/python_parameters:/home/rutha/ros2_ws/install/py_srvcli:/home/rutha/ros2_ws/install/py_intermediate:/home/rutha/ros2_ws/install/my_package:/home/rutha/ros2_ws/install/my_intermediate_pkg:/home/rutha/ros2_ws/install/my_first_pkg:/home/rutha/ros2_ws/install/learning_tf2_py:/home/rutha/ros2_ws/install/bag_recorder_nodes_py:/home/rutha/ros2_ws/src/install/robot_perception_pkg:/home/rutha/ros2_ws/src/install/bag_recorder_nodes_py:/opt/ros/humble:/home/rutha/ros2_ws/install/action_tutorials_interfaces:/home/rutha/ros2_ws/task/catkin_ws/install/robot_perception_pkg /usr/bin/cmake --build /home/rutha/Projects/class_projects/robotics_final/build/farm_robot_navigation -- -j4 -l4
[1.866s] DEBUG:colcon.colcon_core.event_handler.log_command:Invoking command in '/home/rutha/Projects/class_projects/robotics_final/build/farm_robot_navigation': CMAKE_PREFIX_PATH=/home/rutha/Projects/class_projects/robotics_final/install/farm_robot_navigation:/home/rutha/Projects/class_projects/robotics_final/install/farm_robot_description:/home/rutha/ros2_ws/install/urdf_learning:/home/rutha/ros2_ws/install/tutorial_interfaces:/home/rutha/ros2_ws/install/sync_async_node_example_cpp:/home/rutha/ros2_ws/install/more_interfaces:/home/rutha/ros2_ws/install/learning_tf2_cpp:/home/rutha/Projects/class_projects/robotics_final/install/farm_robot_bringup:/home/rutha/Projects/class_projects/robotics_final/install/farm_robot_perception:/home/rutha/ros2_ws/install/py_pubsub:/home/rutha/ros2_ws/install/robot_perception_pkg:/home/rutha/ros2_ws/install/python_parameters:/home/rutha/ros2_ws/install/py_srvcli:/home/rutha/ros2_ws/install/py_intermediate:/home/rutha/ros2_ws/install/my_package:/home/rutha/ros2_ws/install/my_intermediate_pkg:/home/rutha/ros2_ws/install/my_first_pkg:/home/rutha/ros2_ws/install/learning_tf2_py:/home/rutha/ros2_ws/install/bag_recorder_nodes_py:/home/rutha/ros2_ws/src/install/robot_perception_pkg:/home/rutha/ros2_ws/src/install/bag_recorder_nodes_py:/opt/ros/humble:/home/rutha/ros2_ws/install/action_tutorials_interfaces:/home/rutha/ros2_ws/task/catkin_ws/install/robot_perception_pkg /usr/bin/cmake --install /home/rutha/Projects/class_projects/robotics_final/build/farm_robot_navigation
[1.875s] DEBUG:colcon.colcon_core.event_handler.log_command:Invoked command in '/home/rutha/Projects/class_projects/robotics_final/build/farm_robot_description' returned '0': CMAKE_PREFIX_PATH=/home/rutha/Projects/class_projects/robotics_final/install/farm_robot_navigation:/home/rutha/Projects/class_projects/robotics_final/install/farm_robot_description:/home/rutha/ros2_ws/install/urdf_learning:/home/rutha/ros2_ws/install/tutorial_interfaces:/home/rutha/ros2_ws/install/sync_async_node_example_cpp:/home/rutha/ros2_ws/install/more_interfaces:/home/rutha/ros2_ws/install/learning_tf2_cpp:/home/rutha/Projects/class_projects/robotics_final/install/farm_robot_bringup:/home/rutha/Projects/class_projects/robotics_final/install/farm_robot_perception:/home/rutha/ros2_ws/install/py_pubsub:/home/rutha/ros2_ws/install/robot_perception_pkg:/home/rutha/ros2_ws/install/python_parameters:/home/rutha/ros2_ws/install/py_srvcli:/home/rutha/ros2_ws/install/py_intermediate:/home/rutha/ros2_ws/install/my_package:/home/rutha/ros2_ws/install/my_intermediate_pkg:/home/rutha/ros2_ws/install/my_first_pkg:/home/rutha/ros2_ws/install/learning_tf2_py:/home/rutha/ros2_ws/install/bag_recorder_nodes_py:/home/rutha/ros2_ws/src/install/robot_perception_pkg:/home/rutha/ros2_ws/src/install/bag_recorder_nodes_py:/opt/ros/humble:/home/rutha/ros2_ws/install/action_tutorials_interfaces:/home/rutha/ros2_ws/task/catkin_ws/install/robot_perception_pkg /usr/bin/cmake --build /home/rutha/Projects/class_projects/robotics_final/build/farm_robot_description -- -j4 -l4
[1.880s] DEBUG:colcon.colcon_core.event_handler.log_command:Invoking command in '/home/rutha/Projects/class_projects/robotics_final/build/farm_robot_description': CMAKE_PREFIX_PATH=/home/rutha/Projects/class_projects/robotics_final/install/farm_robot_navigation:/home/rutha/Projects/class_projects/robotics_final/install/farm_robot_description:/home/rutha/ros2_ws/install/urdf_learning:/home/rutha/ros2_ws/install/tutorial_interfaces:/home/rutha/ros2_ws/install/sync_async_node_example_cpp:/home/rutha/ros2_ws/install/more_interfaces:/home/rutha/ros2_ws/install/learning_tf2_cpp:/home/rutha/Projects/class_projects/robotics_final/install/farm_robot_bringup:/home/rutha/Projects/class_projects/robotics_final/install/farm_robot_perception:/home/rutha/ros2_ws/install/py_pubsub:/home/rutha/ros2_ws/install/robot_perception_pkg:/home/rutha/ros2_ws/install/python_parameters:/home/rutha/ros2_ws/install/py_srvcli:/home/rutha/ros2_ws/install/py_intermediate:/home/rutha/ros2_ws/install/my_package:/home/rutha/ros2_ws/install/my_intermediate_pkg:/home/rutha/ros2_ws/install/my_first_pkg:/home/rutha/ros2_ws/install/learning_tf2_py:/home/rutha/ros2_ws/install/bag_recorder_nodes_py:/home/rutha/ros2_ws/src/install/robot_perception_pkg:/home/rutha/ros2_ws/src/install/bag_recorder_nodes_py:/opt/ros/humble:/home/rutha/ros2_ws/install/action_tutorials_interfaces:/home/rutha/ros2_ws/task/catkin_ws/install/robot_perception_pkg /usr/bin/cmake --install /home/rutha/Projects/class_projects/robotics_final/build/farm_robot_description
[1.953s] Level 1:colcon.colcon_core.environment:create_environment_scripts_only(farm_robot_description)
[1.965s] DEBUG:colcon.colcon_core.event_handler.log_command:Invoked command in '/home/rutha/Projects/class_projects/robotics_final/build/farm_robot_description' returned '0': CMAKE_PREFIX_PATH=/home/rutha/Projects/class_projects/robotics_final/install/farm_robot_navigation:/home/rutha/Projects/class_projects/robotics_final/install/farm_robot_description:/home/rutha/ros2_ws/install/urdf_learning:/home/rutha/ros2_ws/install/tutorial_interfaces:/home/rutha/ros2_ws/install/sync_async_node_example_cpp:/home/rutha/ros2_ws/install/more_interfaces:/home/rutha/ros2_ws/install/learning_tf2_cpp:/home/rutha/Projects/class_projects/robotics_final/install/farm_robot_bringup:/home/rutha/Projects/class_projects/robotics_final/install/farm_robot_perception:/home/rutha/ros2_ws/install/py_pubsub:/home/rutha/ros2_ws/install/robot_perception_pkg:/home/rutha/ros2_ws/install/python_parameters:/home/rutha/ros2_ws/install/py_srvcli:/home/rutha/ros2_ws/install/py_intermediate:/home/rutha/ros2_ws/install/my_package:/home/rutha/ros2_ws/install/my_intermediate_pkg:/home/rutha/ros2_ws/install/my_first_pkg:/home/rutha/ros2_ws/install/learning_tf2_py:/home/rutha/ros2_ws/install/bag_recorder_nodes_py:/home/rutha/ros2_ws/src/install/robot_perception_pkg:/home/rutha/ros2_ws/src/install/bag_recorder_nodes_py:/opt/ros/humble:/home/rutha/ros2_ws/install/action_tutorials_interfaces:/home/rutha/ros2_ws/task/catkin_ws/install/robot_perception_pkg /usr/bin/cmake --install /home/rutha/Projects/class_projects/robotics_final/build/farm_robot_description
[1.969s] Level 1:colcon.colcon_core.environment:checking '/home/rutha/Projects/class_projects/robotics_final/install/farm_robot_description' for CMake module files
[1.970s] Level 1:colcon.colcon_core.environment:checking '/home/rutha/Projects/class_projects/robotics_final/install/farm_robot_description' for CMake config files
[1.971s] Level 1:colcon.colcon_core.shell:create_environment_hook('farm_robot_description', 'cmake_prefix_path')
[1.971s] INFO:colcon.colcon_core.shell:Creating environment hook '/home/rutha/Projects/class_projects/robotics_final/install/farm_robot_description/share/farm_robot_description/hook/cmake_prefix_path.ps1'
[1.980s] INFO:colcon.colcon_core.shell:Creating environment descriptor '/home/rutha/Projects/class_projects/robotics_final/install/farm_robot_description/share/farm_robot_description/hook/cmake_prefix_path.dsv'
[1.981s] INFO:colcon.colcon_core.shell:Creating environment hook '/home/rutha/Projects/class_projects/robotics_final/install/farm_robot_description/share/farm_robot_description/hook/cmake_prefix_path.sh'
[1.982s] Level 1:colcon.colcon_core.environment:checking '/home/rutha/Projects/class_projects/robotics_final/install/farm_robot_description/lib'
[1.983s] Level 1:colcon.colcon_core.environment:checking '/home/rutha/Projects/class_projects/robotics_final/install/farm_robot_description/bin'
[1.983s] Level 1:colcon.colcon_core.environment:checking '/home/rutha/Projects/class_projects/robotics_final/install/farm_robot_description/lib/pkgconfig/farm_robot_description.pc'
[1.983s] Level 1:colcon.colcon_core.environment:checking '/home/rutha/Projects/class_projects/robotics_final/install/farm_robot_description/lib/python3.10/site-packages'
[1.984s] Level 1:colcon.colcon_core.environment:checking '/home/rutha/Projects/class_projects/robotics_final/install/farm_robot_description/bin'
[1.985s] INFO:colcon.colcon_core.shell:Creating package script '/home/rutha/Projects/class_projects/robotics_final/install/farm_robot_description/share/farm_robot_description/package.ps1'
[1.986s] INFO:colcon.colcon_core.shell:Creating package descriptor '/home/rutha/Projects/class_projects/robotics_final/install/farm_robot_description/share/farm_robot_description/package.dsv'
[1.988s] INFO:colcon.colcon_core.shell:Creating package script '/home/rutha/Projects/class_projects/robotics_final/install/farm_robot_description/share/farm_robot_description/package.sh'
[1.989s] INFO:colcon.colcon_core.shell:Creating package script '/home/rutha/Projects/class_projects/robotics_final/install/farm_robot_description/share/farm_robot_description/package.bash'
[1.995s] INFO:colcon.colcon_core.shell:Creating package script '/home/rutha/Projects/class_projects/robotics_final/install/farm_robot_description/share/farm_robot_description/package.zsh'
[1.996s] Level 1:colcon.colcon_core.environment:create_file_with_runtime_dependencies(/home/rutha/Projects/class_projects/robotics_final/install/farm_robot_description/share/colcon-core/packages/farm_robot_description)
[2.000s] Level 1:colcon.colcon_core.environment:create_environment_scripts_only(farm_robot_description)
[2.001s] Level 1:colcon.colcon_core.environment:checking '/home/rutha/Projects/class_projects/robotics_final/install/farm_robot_description' for CMake module files
[2.003s] Level 1:colcon.colcon_core.environment:checking '/home/rutha/Projects/class_projects/robotics_final/install/farm_robot_description' for CMake config files
[2.004s] Level 1:colcon.colcon_core.shell:create_environment_hook('farm_robot_description', 'cmake_prefix_path')
[2.004s] INFO:colcon.colcon_core.shell:Creating environment hook '/home/rutha/Projects/class_projects/robotics_final/install/farm_robot_description/share/farm_robot_description/hook/cmake_prefix_path.ps1'
[2.011s] INFO:colcon.colcon_core.shell:Creating environment descriptor '/home/rutha/Projects/class_projects/robotics_final/install/farm_robot_description/share/farm_robot_description/hook/cmake_prefix_path.dsv'
[2.016s] INFO:colcon.colcon_core.shell:Creating environment hook '/home/rutha/Projects/class_projects/robotics_final/install/farm_robot_description/share/farm_robot_description/hook/cmake_prefix_path.sh'
[2.017s] Level 1:colcon.colcon_core.environment:checking '/home/rutha/Projects/class_projects/robotics_final/install/farm_robot_description/lib'
[2.018s] Level 1:colcon.colcon_core.environment:checking '/home/rutha/Projects/class_projects/robotics_final/install/farm_robot_description/bin'
[2.018s] Level 1:colcon.colcon_core.environment:checking '/home/rutha/Projects/class_projects/robotics_final/install/farm_robot_description/lib/pkgconfig/farm_robot_description.pc'
[2.019s] Level 1:colcon.colcon_core.environment:checking '/home/rutha/Projects/class_projects/robotics_final/install/farm_robot_description/lib/python3.10/site-packages'
[2.020s] Level 1:colcon.colcon_core.environment:checking '/home/rutha/Projects/class_projects/robotics_final/install/farm_robot_description/bin'
[2.020s] INFO:colcon.colcon_core.shell:Creating package script '/home/rutha/Projects/class_projects/robotics_final/install/farm_robot_description/share/farm_robot_description/package.ps1'
[2.028s] INFO:colcon.colcon_core.shell:Creating package descriptor '/home/rutha/Projects/class_projects/robotics_final/install/farm_robot_description/share/farm_robot_description/package.dsv'
[2.033s] INFO:colcon.colcon_core.shell:Creating package script '/home/rutha/Projects/class_projects/robotics_final/install/farm_robot_description/share/farm_robot_description/package.sh'
[2.034s] INFO:colcon.colcon_core.shell:Creating package script '/home/rutha/Projects/class_projects/robotics_final/install/farm_robot_description/share/farm_robot_description/package.bash'
[2.037s] INFO:colcon.colcon_core.shell:Creating package script '/home/rutha/Projects/class_projects/robotics_final/install/farm_robot_description/share/farm_robot_description/package.zsh'
[2.040s] Level 1:colcon.colcon_core.environment:create_file_with_runtime_dependencies(/home/rutha/Projects/class_projects/robotics_final/install/farm_robot_description/share/colcon-core/packages/farm_robot_description)
[2.045s] Level 1:colcon.colcon_core.environment:create_environment_scripts_only(farm_robot_navigation)
[2.045s] Level 1:colcon.colcon_core.environment:checking '/home/rutha/Projects/class_projects/robotics_final/install/farm_robot_navigation' for CMake module files
[2.046s] Level 1:colcon.colcon_core.environment:checking '/home/rutha/Projects/class_projects/robotics_final/install/farm_robot_navigation' for CMake config files
[2.047s] DEBUG:colcon.colcon_core.event_handler.log_command:Invoked command in '/home/rutha/Projects/class_projects/robotics_final/build/farm_robot_navigation' returned '0': CMAKE_PREFIX_PATH=/home/rutha/Projects/class_projects/robotics_final/install/farm_robot_navigation:/home/rutha/Projects/class_projects/robotics_final/install/farm_robot_description:/home/rutha/ros2_ws/install/urdf_learning:/home/rutha/ros2_ws/install/tutorial_interfaces:/home/rutha/ros2_ws/install/sync_async_node_example_cpp:/home/rutha/ros2_ws/install/more_interfaces:/home/rutha/ros2_ws/install/learning_tf2_cpp:/home/rutha/Projects/class_projects/robotics_final/install/farm_robot_bringup:/home/rutha/Projects/class_projects/robotics_final/install/farm_robot_perception:/home/rutha/ros2_ws/install/py_pubsub:/home/rutha/ros2_ws/install/robot_perception_pkg:/home/rutha/ros2_ws/install/python_parameters:/home/rutha/ros2_ws/install/py_srvcli:/home/rutha/ros2_ws/install/py_intermediate:/home/rutha/ros2_ws/install/my_package:/home/rutha/ros2_ws/install/my_intermediate_pkg:/home/rutha/ros2_ws/install/my_first_pkg:/home/rutha/ros2_ws/install/learning_tf2_py:/home/rutha/ros2_ws/install/bag_recorder_nodes_py:/home/rutha/ros2_ws/src/install/robot_perception_pkg:/home/rutha/ros2_ws/src/install/bag_recorder_nodes_py:/opt/ros/humble:/home/rutha/ros2_ws/install/action_tutorials_interfaces:/home/rutha/ros2_ws/task/catkin_ws/install/robot_perception_pkg /usr/bin/cmake --install /home/rutha/Projects/class_projects/robotics_final/build/farm_robot_navigation
[2.052s] Level 1:colcon.colcon_core.shell:create_environment_hook('farm_robot_navigation', 'cmake_prefix_path')
[2.054s] INFO:colcon.colcon_core.shell:Creating environment hook '/home/rutha/Projects/class_projects/robotics_final/install/farm_robot_navigation/share/farm_robot_navigation/hook/cmake_prefix_path.ps1'
[2.056s] INFO:colcon.colcon_core.shell:Creating environment descriptor '/home/rutha/Projects/class_projects/robotics_final/install/farm_robot_navigation/share/farm_robot_navigation/hook/cmake_prefix_path.dsv'
[2.059s] INFO:colcon.colcon_core.shell:Creating environment hook '/home/rutha/Projects/class_projects/robotics_final/install/farm_robot_navigation/share/farm_robot_navigation/hook/cmake_prefix_path.sh'
[2.060s] Level 1:colcon.colcon_core.environment:checking '/home/rutha/Projects/class_projects/robotics_final/install/farm_robot_navigation/lib'
[2.061s] Level 1:colcon.colcon_core.environment:checking '/home/rutha/Projects/class_projects/robotics_final/install/farm_robot_navigation/bin'
[2.061s] Level 1:colcon.colcon_core.environment:checking '/home/rutha/Projects/class_projects/robotics_final/install/farm_robot_navigation/lib/pkgconfig/farm_robot_navigation.pc'
[2.061s] Level 1:colcon.colcon_core.environment:checking '/home/rutha/Projects/class_projects/robotics_final/install/farm_robot_navigation/lib/python3.10/site-packages'
[2.062s] Level 1:colcon.colcon_core.environment:checking '/home/rutha/Projects/class_projects/robotics_final/install/farm_robot_navigation/bin'
[2.063s] INFO:colcon.colcon_core.shell:Creating package script '/home/rutha/Projects/class_projects/robotics_final/install/farm_robot_navigation/share/farm_robot_navigation/package.ps1'
[2.064s] INFO:colcon.colcon_core.shell:Creating package descriptor '/home/rutha/Projects/class_projects/robotics_final/install/farm_robot_navigation/share/farm_robot_navigation/package.dsv'
[2.065s] INFO:colcon.colcon_core.shell:Creating package script '/home/rutha/Projects/class_projects/robotics_final/install/farm_robot_navigation/share/farm_robot_navigation/package.sh'
[2.066s] INFO:colcon.colcon_core.shell:Creating package script '/home/rutha/Projects/class_projects/robotics_final/install/farm_robot_navigation/share/farm_robot_navigation/package.bash'
[2.067s] INFO:colcon.colcon_core.shell:Creating package script '/home/rutha/Projects/class_projects/robotics_final/install/farm_robot_navigation/share/farm_robot_navigation/package.zsh'
[2.067s] Level 1:colcon.colcon_core.environment:create_file_with_runtime_dependencies(/home/rutha/Projects/class_projects/robotics_final/install/farm_robot_navigation/share/colcon-core/packages/farm_robot_navigation)
[2.069s] Level 1:colcon.colcon_core.environment:create_environment_scripts_only(farm_robot_navigation)
[2.069s] Level 1:colcon.colcon_core.environment:checking '/home/rutha/Projects/class_projects/robotics_final/install/farm_robot_navigation' for CMake module files
[2.070s] Level 1:colcon.colcon_core.environment:checking '/home/rutha/Projects/class_projects/robotics_final/install/farm_robot_navigation' for CMake config files
[2.071s] Level 1:colcon.colcon_core.shell:create_environment_hook('farm_robot_navigation', 'cmake_prefix_path')
[2.072s] INFO:colcon.colcon_core.shell:Creating environment hook '/home/rutha/Projects/class_projects/robotics_final/install/farm_robot_navigation/share/farm_robot_navigation/hook/cmake_prefix_path.ps1'
[2.073s] INFO:colcon.colcon_core.shell:Creating environment descriptor '/home/rutha/Projects/class_projects/robotics_final/install/farm_robot_navigation/share/farm_robot_navigation/hook/cmake_prefix_path.dsv'
[2.073s] INFO:colcon.colcon_core.shell:Creating environment hook '/home/rutha/Projects/class_projects/robotics_final/install/farm_robot_navigation/share/farm_robot_navigation/hook/cmake_prefix_path.sh'
[2.075s] Level 1:colcon.colcon_core.environment:checking '/home/rutha/Projects/class_projects/robotics_final/install/farm_robot_navigation/lib'
[2.075s] Level 1:colcon.colcon_core.environment:checking '/home/rutha/Projects/class_projects/robotics_final/install/farm_robot_navigation/bin'
[2.075s] Level 1:colcon.colcon_core.environment:checking '/home/rutha/Projects/class_projects/robotics_final/install/farm_robot_navigation/lib/pkgconfig/farm_robot_navigation.pc'
[2.075s] Level 1:colcon.colcon_core.environment:checking '/home/rutha/Projects/class_projects/robotics_final/install/farm_robot_navigation/lib/python3.10/site-packages'
[2.076s] Level 1:colcon.colcon_core.environment:checking '/home/rutha/Projects/class_projects/robotics_final/install/farm_robot_navigation/bin'
[2.077s] INFO:colcon.colcon_core.shell:Creating package script '/home/rutha/Projects/class_projects/robotics_final/install/farm_robot_navigation/share/farm_robot_navigation/package.ps1'
[2.078s] INFO:colcon.colcon_core.shell:Creating package descriptor '/home/rutha/Projects/class_projects/robotics_final/install/farm_robot_navigation/share/farm_robot_navigation/package.dsv'
[2.078s] INFO:colcon.colcon_core.shell:Creating package script '/home/rutha/Projects/class_projects/robotics_final/install/farm_robot_navigation/share/farm_robot_navigation/package.sh'
[2.079s] INFO:colcon.colcon_core.shell:Creating package script '/home/rutha/Projects/class_projects/robotics_final/install/farm_robot_navigation/share/farm_robot_navigation/package.bash'
[2.080s] INFO:colcon.colcon_core.shell:Creating package script '/home/rutha/Projects/class_projects/robotics_final/install/farm_robot_navigation/share/farm_robot_navigation/package.zsh'
[2.081s] Level 1:colcon.colcon_core.environment:create_file_with_runtime_dependencies(/home/rutha/Projects/class_projects/robotics_final/install/farm_robot_navigation/share/colcon-core/packages/farm_robot_navigation)
[2.803s] DEBUG:colcon.colcon_core.event_handler.log_command:Invoking command in '/home/rutha/Projects/class_projects/robotics_final/build/farm_robot_perception': PYTHONPATH=/home/rutha/Projects/class_projects/robotics_final/build/farm_robot_perception/prefix_override:/usr/lib/python3/dist-packages/colcon_core/task/python/colcon_distutils_commands:/home/rutha/Projects/class_projects/robotics_final/install/farm_robot_perception/lib/python3.10/site-packages:${PYTHONPATH} /usr/bin/python3 -W ignore:setup.py install is deprecated -W ignore:easy_install command is deprecated setup.py develop --editable --build-directory /home/rutha/Projects/class_projects/robotics_final/build/farm_robot_perception/build --no-deps symlink_data
[3.790s] Level 1:colcon.colcon_core.shell:create_environment_hook('farm_robot_perception', 'pythonpath_develop')
[3.791s] INFO:colcon.colcon_core.shell:Creating environment hook '/home/rutha/Projects/class_projects/robotics_final/build/farm_robot_perception/share/farm_robot_perception/hook/pythonpath_develop.ps1'
[3.791s] DEBUG:colcon.colcon_core.event_handler.log_command:Invoked command in '/home/rutha/Projects/class_projects/robotics_final/build/farm_robot_perception' returned '0': PYTHONPATH=/home/rutha/Projects/class_projects/robotics_final/build/farm_robot_perception/prefix_override:/usr/lib/python3/dist-packages/colcon_core/task/python/colcon_distutils_commands:/home/rutha/Projects/class_projects/robotics_final/install/farm_robot_perception/lib/python3.10/site-packages:${PYTHONPATH} /usr/bin/python3 -W ignore:setup.py install is deprecated -W ignore:easy_install command is deprecated setup.py develop --editable --build-directory /home/rutha/Projects/class_projects/robotics_final/build/farm_robot_perception/build --no-deps symlink_data
[3.792s] INFO:colcon.colcon_core.shell:Creating environment descriptor '/home/rutha/Projects/class_projects/robotics_final/build/farm_robot_perception/share/farm_robot_perception/hook/pythonpath_develop.dsv'
[3.792s] INFO:colcon.colcon_core.shell:Creating environment hook '/home/rutha/Projects/class_projects/robotics_final/build/farm_robot_perception/share/farm_robot_perception/hook/pythonpath_develop.sh'
[3.793s] Level 1:colcon.colcon_core.environment:checking '/home/rutha/Projects/class_projects/robotics_final/install/farm_robot_perception' for CMake module files
[3.793s] Level 1:colcon.colcon_core.environment:checking '/home/rutha/Projects/class_projects/robotics_final/install/farm_robot_perception' for CMake config files
[3.794s] Level 1:colcon.colcon_core.environment:checking '/home/rutha/Projects/class_projects/robotics_final/install/farm_robot_perception/lib'
[3.794s] Level 1:colcon.colcon_core.environment:checking '/home/rutha/Projects/class_projects/robotics_final/install/farm_robot_perception/bin'
[3.794s] Level 1:colcon.colcon_core.environment:checking '/home/rutha/Projects/class_projects/robotics_final/install/farm_robot_perception/lib/pkgconfig/farm_robot_perception.pc'
[3.795s] Level 1:colcon.colcon_core.environment:checking '/home/rutha/Projects/class_projects/robotics_final/install/farm_robot_perception/lib/python3.10/site-packages'
[3.795s] Level 1:colcon.colcon_core.shell:create_environment_hook('farm_robot_perception', 'pythonpath')
[3.795s] INFO:colcon.colcon_core.shell:Creating environment hook '/home/rutha/Projects/class_projects/robotics_final/install/farm_robot_perception/share/farm_robot_perception/hook/pythonpath.ps1'
[3.796s] INFO:colcon.colcon_core.shell:Creating environment descriptor '/home/rutha/Projects/class_projects/robotics_final/install/farm_robot_perception/share/farm_robot_perception/hook/pythonpath.dsv'
[3.796s] INFO:colcon.colcon_core.shell:Creating environment hook '/home/rutha/Projects/class_projects/robotics_final/install/farm_robot_perception/share/farm_robot_perception/hook/pythonpath.sh'
[3.797s] Level 1:colcon.colcon_core.environment:checking '/home/rutha/Projects/class_projects/robotics_final/install/farm_robot_perception/bin'
[3.797s] Level 1:colcon.colcon_core.environment:create_environment_scripts_only(farm_robot_perception)
[3.798s] INFO:colcon.colcon_core.shell:Creating package script '/home/rutha/Projects/class_projects/robotics_final/install/farm_robot_perception/share/farm_robot_perception/package.ps1'
[3.798s] INFO:colcon.colcon_core.shell:Creating package descriptor '/home/rutha/Projects/class_projects/robotics_final/install/farm_robot_perception/share/farm_robot_perception/package.dsv'
[3.799s] INFO:colcon.colcon_core.shell:Creating package script '/home/rutha/Projects/class_projects/robotics_final/install/farm_robot_perception/share/farm_robot_perception/package.sh'
[3.800s] INFO:colcon.colcon_core.shell:Creating package script '/home/rutha/Projects/class_projects/robotics_final/install/farm_robot_perception/share/farm_robot_perception/package.bash'
[3.800s] INFO:colcon.colcon_core.shell:Creating package script '/home/rutha/Projects/class_projects/robotics_final/install/farm_robot_perception/share/farm_robot_perception/package.zsh'
[3.800s] Level 1:colcon.colcon_core.environment:create_file_with_runtime_dependencies(/home/rutha/Projects/class_projects/robotics_final/install/farm_robot_perception/share/colcon-core/packages/farm_robot_perception)
[3.801s] INFO:colcon.colcon_ros.task.ament_python.build:Building ROS package in '/home/rutha/Projects/class_projects/robotics_final/src/farm_robot_bringup' with build type 'ament_python'
[3.801s] Level 1:colcon.colcon_core.shell:create_environment_hook('farm_robot_bringup', 'ament_prefix_path')
[3.801s] INFO:colcon.colcon_core.shell:Creating environment hook '/home/rutha/Projects/class_projects/robotics_final/install/farm_robot_bringup/share/farm_robot_bringup/hook/ament_prefix_path.ps1'
[3.803s] INFO:colcon.colcon_core.shell:Creating environment descriptor '/home/rutha/Projects/class_projects/robotics_final/install/farm_robot_bringup/share/farm_robot_bringup/hook/ament_prefix_path.dsv'
[3.803s] INFO:colcon.colcon_core.shell:Creating environment hook '/home/rutha/Projects/class_projects/robotics_final/install/farm_robot_bringup/share/farm_robot_bringup/hook/ament_prefix_path.sh'
[3.804s] INFO:colcon.colcon_core.shell:Skip shell extension 'powershell' for command environment: Not usable outside of PowerShell
[3.804s] DEBUG:colcon.colcon_core.shell:Skip shell extension 'dsv' for command environment
[4.351s] INFO:colcon.colcon_core.task.python.build:Building Python package in '/home/rutha/Projects/class_projects/robotics_final/src/farm_robot_bringup'
[4.352s] INFO:colcon.colcon_core.shell:Skip shell extension 'powershell' for command environment: Not usable outside of PowerShell
[4.352s] DEBUG:colcon.colcon_core.shell:Skip shell extension 'dsv' for command environment
[5.049s] DEBUG:colcon.colcon_core.event_handler.log_command:Invoking command in '/home/rutha/Projects/class_projects/robotics_final/build/farm_robot_bringup': AMENT_PREFIX_PATH=/home/rutha/Projects/class_projects/robotics_final/install/farm_robot_perception:/home/rutha/Projects/class_projects/robotics_final/install/farm_robot_bringup:/home/rutha/Projects/class_projects/robotics_final/install/farm_robot_navigation:/home/rutha/Projects/class_projects/robotics_final/install/farm_robot_description:/home/rutha/ros2_ws/install/urdf_learning:/home/rutha/ros2_ws/install/py_pubsub:/home/rutha/ros2_ws/install/tutorial_interfaces:/home/rutha/ros2_ws/install/sync_async_node_example_cpp:/home/rutha/ros2_ws/install/robot_perception_pkg:/home/rutha/ros2_ws/install/python_parameters:/home/rutha/ros2_ws/install/py_srvcli:/home/rutha/ros2_ws/install/py_intermediate:/home/rutha/ros2_ws/install/my_package:/home/rutha/ros2_ws/install/my_intermediate_pkg:/home/rutha/ros2_ws/install/my_first_pkg:/home/rutha/ros2_ws/install/more_interfaces:/home/rutha/ros2_ws/install/learning_tf2_py:/home/rutha/ros2_ws/install/learning_tf2_cpp:/home/rutha/ros2_ws/install/bag_recorder_nodes_py:/home/rutha/ros2_ws/src/install/robot_perception_pkg:/home/rutha/ros2_ws/src/install/bag_recorder_nodes_py:/home/rutha/ros2_ws/task/catkin_ws/install/robot_perception_pkg:/opt/ros/humble PYTHONPATH=/home/rutha/Projects/class_projects/robotics_final/build/farm_robot_bringup/prefix_override:/usr/lib/python3/dist-packages/colcon_core/task/python/colcon_distutils_commands:/home/rutha/Projects/class_projects/robotics_final/install/farm_robot_bringup/lib/python3.10/site-packages:/home/rutha/Projects/class_projects/robotics_final/build/farm_robot_perception:/home/rutha/Projects/class_projects/robotics_final/install/farm_robot_perception/lib/python3.10/site-packages:/home/rutha/Projects/class_projects/robotics_final/build/farm_robot_bringup:/home/rutha/Projects/class_projects/robotics_final/install/farm_robot_bringup/lib/python3.10/site-packages:/home/rutha/ros2_ws/install/py_pubsub/lib/python3.10/site-packages:/home/rutha/ros2_ws/install/tutorial_interfaces/local/lib/python3.10/dist-packages:/home/rutha/ros2_ws/install/robot_perception_pkg/lib/python3.10/site-packages:/home/rutha/ros2_ws/install/python_parameters/lib/python3.10/site-packages:/home/rutha/ros2_ws/install/py_srvcli/lib/python3.10/site-packages:/home/rutha/ros2_ws/install/py_intermediate/lib/python3.10/site-packages:/home/rutha/ros2_ws/install/my_package/lib/python3.10/site-packages:/home/rutha/ros2_ws/install/my_intermediate_pkg/lib/python3.10/site-packages:/home/rutha/ros2_ws/install/my_first_pkg/lib/python3.10/site-packages:/home/rutha/ros2_ws/install/more_interfaces/local/lib/python3.10/dist-packages:/home/rutha/ros2_ws/install/learning_tf2_py/lib/python3.10/site-packages:/home/rutha/ros2_ws/install/bag_recorder_nodes_py/lib/python3.10/site-packages:/home/rutha/ros2_ws/install/action_tutorials_interfaces/local/lib/python3.10/dist-packages:/home/rutha/ros2_ws/src/install/robot_perception_pkg/lib/python3.10/site-packages:/home/rutha/ros2_ws/src/install/bag_recorder_nodes_py/lib/python3.10/site-packages:/opt/ros/humble/lib/python3.10/site-packages:/opt/ros/humble/local/lib/python3.10/dist-packages /usr/bin/python3 -W ignore:setup.py install is deprecated -W ignore:easy_install command is deprecated setup.py develop --editable --build-directory /home/rutha/Projects/class_projects/robotics_final/build/farm_robot_bringup/build --no-deps symlink_data
[5.985s] Level 1:colcon.colcon_core.shell:create_environment_hook('farm_robot_bringup', 'pythonpath_develop')
[5.985s] INFO:colcon.colcon_core.shell:Creating environment hook '/home/rutha/Projects/class_projects/robotics_final/build/farm_robot_bringup/share/farm_robot_bringup/hook/pythonpath_develop.ps1'
[5.986s] DEBUG:colcon.colcon_core.event_handler.log_command:Invoked command in '/home/rutha/Projects/class_projects/robotics_final/build/farm_robot_bringup' returned '0': AMENT_PREFIX_PATH=/home/rutha/Projects/class_projects/robotics_final/install/farm_robot_perception:/home/rutha/Projects/class_projects/robotics_final/install/farm_robot_bringup:/home/rutha/Projects/class_projects/robotics_final/install/farm_robot_navigation:/home/rutha/Projects/class_projects/robotics_final/install/farm_robot_description:/home/rutha/ros2_ws/install/urdf_learning:/home/rutha/ros2_ws/install/py_pubsub:/home/rutha/ros2_ws/install/tutorial_interfaces:/home/rutha/ros2_ws/install/sync_async_node_example_cpp:/home/rutha/ros2_ws/install/robot_perception_pkg:/home/rutha/ros2_ws/install/python_parameters:/home/rutha/ros2_ws/install/py_srvcli:/home/rutha/ros2_ws/install/py_intermediate:/home/rutha/ros2_ws/install/my_package:/home/rutha/ros2_ws/install/my_intermediate_pkg:/home/rutha/ros2_ws/install/my_first_pkg:/home/rutha/ros2_ws/install/more_interfaces:/home/rutha/ros2_ws/install/learning_tf2_py:/home/rutha/ros2_ws/install/learning_tf2_cpp:/home/rutha/ros2_ws/install/bag_recorder_nodes_py:/home/rutha/ros2_ws/src/install/robot_perception_pkg:/home/rutha/ros2_ws/src/install/bag_recorder_nodes_py:/home/rutha/ros2_ws/task/catkin_ws/install/robot_perception_pkg:/opt/ros/humble PYTHONPATH=/home/rutha/Projects/class_projects/robotics_final/build/farm_robot_bringup/prefix_override:/usr/lib/python3/dist-packages/colcon_core/task/python/colcon_distutils_commands:/home/rutha/Projects/class_projects/robotics_final/install/farm_robot_bringup/lib/python3.10/site-packages:/home/rutha/Projects/class_projects/robotics_final/build/farm_robot_perception:/home/rutha/Projects/class_projects/robotics_final/install/farm_robot_perception/lib/python3.10/site-packages:/home/rutha/Projects/class_projects/robotics_final/build/farm_robot_bringup:/home/rutha/Projects/class_projects/robotics_final/install/farm_robot_bringup/lib/python3.10/site-packages:/home/rutha/ros2_ws/install/py_pubsub/lib/python3.10/site-packages:/home/rutha/ros2_ws/install/tutorial_interfaces/local/lib/python3.10/dist-packages:/home/rutha/ros2_ws/install/robot_perception_pkg/lib/python3.10/site-packages:/home/rutha/ros2_ws/install/python_parameters/lib/python3.10/site-packages:/home/rutha/ros2_ws/install/py_srvcli/lib/python3.10/site-packages:/home/rutha/ros2_ws/install/py_intermediate/lib/python3.10/site-packages:/home/rutha/ros2_ws/install/my_package/lib/python3.10/site-packages:/home/rutha/ros2_ws/install/my_intermediate_pkg/lib/python3.10/site-packages:/home/rutha/ros2_ws/install/my_first_pkg/lib/python3.10/site-packages:/home/rutha/ros2_ws/install/more_interfaces/local/lib/python3.10/dist-packages:/home/rutha/ros2_ws/install/learning_tf2_py/lib/python3.10/site-packages:/home/rutha/ros2_ws/install/bag_recorder_nodes_py/lib/python3.10/site-packages:/home/rutha/ros2_ws/install/action_tutorials_interfaces/local/lib/python3.10/dist-packages:/home/rutha/ros2_ws/src/install/robot_perception_pkg/lib/python3.10/site-packages:/home/rutha/ros2_ws/src/install/bag_recorder_nodes_py/lib/python3.10/site-packages:/opt/ros/humble/lib/python3.10/site-packages:/opt/ros/humble/local/lib/python3.10/dist-packages /usr/bin/python3 -W ignore:setup.py install is deprecated -W ignore:easy_install command is deprecated setup.py develop --editable --build-directory /home/rutha/Projects/class_projects/robotics_final/build/farm_robot_bringup/build --no-deps symlink_data
[5.987s] INFO:colcon.colcon_core.shell:Creating environment descriptor '/home/rutha/Projects/class_projects/robotics_final/build/farm_robot_bringup/share/farm_robot_bringup/hook/pythonpath_develop.dsv'
[5.987s] INFO:colcon.colcon_core.shell:Creating environment hook '/home/rutha/Projects/class_projects/robotics_final/build/farm_robot_bringup/share/farm_robot_bringup/hook/pythonpath_develop.sh'
[5.988s] Level 1:colcon.colcon_core.environment:checking '/home/rutha/Projects/class_projects/robotics_final/install/farm_robot_bringup' for CMake module files
[5.989s] Level 1:colcon.colcon_core.environment:checking '/home/rutha/Projects/class_projects/robotics_final/install/farm_robot_bringup' for CMake config files
[5.990s] Level 1:colcon.colcon_core.environment:checking '/home/rutha/Projects/class_projects/robotics_final/install/farm_robot_bringup/lib'
[5.990s] Level 1:colcon.colcon_core.environment:checking '/home/rutha/Projects/class_projects/robotics_final/install/farm_robot_bringup/bin'
[5.990s] Level 1:colcon.colcon_core.environment:checking '/home/rutha/Projects/class_projects/robotics_final/install/farm_robot_bringup/lib/pkgconfig/farm_robot_bringup.pc'
[5.991s] Level 1:colcon.colcon_core.environment:checking '/home/rutha/Projects/class_projects/robotics_final/install/farm_robot_bringup/lib/python3.10/site-packages'
[5.991s] Level 1:colcon.colcon_core.shell:create_environment_hook('farm_robot_bringup', 'pythonpath')
[5.991s] INFO:colcon.colcon_core.shell:Creating environment hook '/home/rutha/Projects/class_projects/robotics_final/install/farm_robot_bringup/share/farm_robot_bringup/hook/pythonpath.ps1'
[5.992s] INFO:colcon.colcon_core.shell:Creating environment descriptor '/home/rutha/Projects/class_projects/robotics_final/install/farm_robot_bringup/share/farm_robot_bringup/hook/pythonpath.dsv'
[5.992s] INFO:colcon.colcon_core.shell:Creating environment hook '/home/rutha/Projects/class_projects/robotics_final/install/farm_robot_bringup/share/farm_robot_bringup/hook/pythonpath.sh'
[5.993s] Level 1:colcon.colcon_core.environment:checking '/home/rutha/Projects/class_projects/robotics_final/install/farm_robot_bringup/bin'
[5.993s] Level 1:colcon.colcon_core.environment:create_environment_scripts_only(farm_robot_bringup)
[5.993s] INFO:colcon.colcon_core.shell:Creating package script '/home/rutha/Projects/class_projects/robotics_final/install/farm_robot_bringup/share/farm_robot_bringup/package.ps1'
[5.994s] INFO:colcon.colcon_core.shell:Creating package descriptor '/home/rutha/Projects/class_projects/robotics_final/install/farm_robot_bringup/share/farm_robot_bringup/package.dsv'
[5.995s] INFO:colcon.colcon_core.shell:Creating package script '/home/rutha/Projects/class_projects/robotics_final/install/farm_robot_bringup/share/farm_robot_bringup/package.sh'
[5.995s] INFO:colcon.colcon_core.shell:Creating package script '/home/rutha/Projects/class_projects/robotics_final/install/farm_robot_bringup/share/farm_robot_bringup/package.bash'
[5.996s] INFO:colcon.colcon_core.shell:Creating package script '/home/rutha/Projects/class_projects/robotics_final/install/farm_robot_bringup/share/farm_robot_bringup/package.zsh'
[5.996s] Level 1:colcon.colcon_core.environment:create_file_with_runtime_dependencies(/home/rutha/Projects/class_projects/robotics_final/install/farm_robot_bringup/share/colcon-core/packages/farm_robot_bringup)
[5.997s] DEBUG:colcon.colcon_parallel_executor.executor.parallel:closing loop
[5.997s] DEBUG:colcon.colcon_parallel_executor.executor.parallel:loop closed
[5.997s] DEBUG:colcon.colcon_parallel_executor.executor.parallel:run_until_complete finished with '0'
[5.998s] DEBUG:colcon.colcon_core.event_reactor:joining thread
[6.007s] INFO:colcon.colcon_core.plugin_system:Skipping extension 'colcon_notification.desktop_notification.terminal_notifier': Not used on non-Darwin systems
[6.007s] INFO:colcon.colcon_core.plugin_system:Skipping extension 'colcon_notification.desktop_notification.win32': Not used on non-Windows systems
[6.007s] INFO:colcon.colcon_notification.desktop_notification:Sending desktop notification using 'notify2'
[6.024s] DEBUG:colcon.colcon_core.event_reactor:joined thread
[6.025s] INFO:colcon.colcon_core.shell:Creating prefix script '/home/rutha/Projects/class_projects/robotics_final/install/local_setup.ps1'
[6.027s] INFO:colcon.colcon_core.shell:Creating prefix util module '/home/rutha/Projects/class_projects/robotics_final/install/_local_setup_util_ps1.py'
[6.030s] INFO:colcon.colcon_core.shell:Creating prefix chain script '/home/rutha/Projects/class_projects/robotics_final/install/setup.ps1'
[6.034s] INFO:colcon.colcon_core.shell:Creating prefix script '/home/rutha/Projects/class_projects/robotics_final/install/local_setup.sh'
[6.035s] INFO:colcon.colcon_core.shell:Creating prefix util module '/home/rutha/Projects/class_projects/robotics_final/install/_local_setup_util_sh.py'
[6.036s] INFO:colcon.colcon_core.shell:Creating prefix chain script '/home/rutha/Projects/class_projects/robotics_final/install/setup.sh'
[6.041s] INFO:colcon.colcon_core.shell:Creating prefix script '/home/rutha/Projects/class_projects/robotics_final/install/local_setup.bash'
[6.042s] INFO:colcon.colcon_core.shell:Creating prefix chain script '/home/rutha/Projects/class_projects/robotics_final/install/setup.bash'
[6.046s] INFO:colcon.colcon_core.shell:Creating prefix script '/home/rutha/Projects/class_projects/robotics_final/install/local_setup.zsh'
[6.047s] INFO:colcon.colcon_core.shell:Creating prefix chain script '/home/rutha/Projects/class_projects/robotics_final/install/setup.zsh'
