running egg_info
creating ../../build/farm_robot_bringup/farm_robot_bringup.egg-info
writing ../../build/farm_robot_bringup/farm_robot_bringup.egg-info/PKG-INFO
writing dependency_links to ../../build/farm_robot_bringup/farm_robot_bringup.egg-info/dependency_links.txt
writing entry points to ../../build/farm_robot_bringup/farm_robot_bringup.egg-info/entry_points.txt
writing requirements to ../../build/farm_robot_bringup/farm_robot_bringup.egg-info/requires.txt
writing top-level names to ../../build/farm_robot_bringup/farm_robot_bringup.egg-info/top_level.txt
writing manifest file '../../build/farm_robot_bringup/farm_robot_bringup.egg-info/SOURCES.txt'
reading manifest file '../../build/farm_robot_bringup/farm_robot_bringup.egg-info/SOURCES.txt'
writing manifest file '../../build/farm_robot_bringup/farm_robot_bringup.egg-info/SOURCES.txt'
running build
running build_py
creating /home/rutha/Projects/class_projects/robotics_final/build/farm_robot_bringup/build
creating /home/rutha/Projects/class_projects/robotics_final/build/farm_robot_bringup/build/lib
creating /home/rutha/Projects/class_projects/robotics_final/build/farm_robot_bringup/build/lib/farm_robot_bringup
copying farm_robot_bringup/__init__.py -> /home/rutha/Projects/class_projects/robotics_final/build/farm_robot_bringup/build/lib/farm_robot_bringup
running install
running install_lib
creating /home/rutha/Projects/class_projects/robotics_final/install/farm_robot_bringup/lib/python3.10/site-packages/farm_robot_bringup
copying /home/rutha/Projects/class_projects/robotics_final/build/farm_robot_bringup/build/lib/farm_robot_bringup/__init__.py -> /home/rutha/Projects/class_projects/robotics_final/install/farm_robot_bringup/lib/python3.10/site-packages/farm_robot_bringup
byte-compiling /home/rutha/Projects/class_projects/robotics_final/install/farm_robot_bringup/lib/python3.10/site-packages/farm_robot_bringup/__init__.py to __init__.cpython-310.pyc
running install_data
creating /home/rutha/Projects/class_projects/robotics_final/install/farm_robot_bringup/share/ament_index
creating /home/rutha/Projects/class_projects/robotics_final/install/farm_robot_bringup/share/ament_index/resource_index
creating /home/rutha/Projects/class_projects/robotics_final/install/farm_robot_bringup/share/ament_index/resource_index/packages
copying resource/farm_robot_bringup -> /home/rutha/Projects/class_projects/robotics_final/install/farm_robot_bringup/share/ament_index/resource_index/packages
creating /home/rutha/Projects/class_projects/robotics_final/install/farm_robot_bringup/share/farm_robot_bringup/launch
copying launch/bringup.launch.py -> /home/rutha/Projects/class_projects/robotics_final/install/farm_robot_bringup/share/farm_robot_bringup/launch
copying package.xml -> /home/rutha/Projects/class_projects/robotics_final/install/farm_robot_bringup/share/farm_robot_bringup
running install_egg_info
Copying ../../build/farm_robot_bringup/farm_robot_bringup.egg-info to /home/rutha/Projects/class_projects/robotics_final/install/farm_robot_bringup/lib/python3.10/site-packages/farm_robot_bringup-0.1.0-py3.10.egg-info
running install_scripts
writing list of installed files to '/home/rutha/Projects/class_projects/robotics_final/build/farm_robot_bringup/install.log'
