-- Found ament_cmake: 1.3.12 (/opt/ros/humble/share/ament_cmake/cmake)
-- Override CMake install command with custom implementation using symlinks instead of copying resources
-- Configuring done
-- Generating done
-- Build files have been written to: /home/rutha/Projects/class_projects/robotics_final/build/farm_robot_navigation
-- Install configuration: ""
-- Execute custom install script
-- Up-to-date symlink: /home/rutha/Projects/class_projects/robotics_final/install/farm_robot_navigation/share/farm_robot_navigation/config/nav2_params.yaml
-- Up-to-date symlink: /home/rutha/Projects/class_projects/robotics_final/install/farm_robot_navigation/share/farm_robot_navigation/launch/navigation.launch.py
-- Up-to-date symlink: /home/rutha/Projects/class_projects/robotics_final/install/farm_robot_navigation/lib/farm_robot_navigation/navigate_row.py
-- Symlinking: /home/rutha/Projects/class_projects/robotics_final/install/farm_robot_navigation/lib/farm_robot_navigation/monitor_farm.py
-- Up-to-date symlink: /home/rutha/Projects/class_projects/robotics_final/install/farm_robot_navigation/share/ament_index/resource_index/package_run_dependencies/farm_robot_navigation
-- Up-to-date symlink: /home/rutha/Projects/class_projects/robotics_final/install/farm_robot_navigation/share/ament_index/resource_index/parent_prefix_path/farm_robot_navigation
-- Up-to-date symlink: /home/rutha/Projects/class_projects/robotics_final/install/farm_robot_navigation/share/farm_robot_navigation/environment/ament_prefix_path.sh
-- Up-to-date symlink: /home/rutha/Projects/class_projects/robotics_final/install/farm_robot_navigation/share/farm_robot_navigation/environment/ament_prefix_path.dsv
-- Up-to-date symlink: /home/rutha/Projects/class_projects/robotics_final/install/farm_robot_navigation/share/farm_robot_navigation/environment/path.sh
-- Up-to-date symlink: /home/rutha/Projects/class_projects/robotics_final/install/farm_robot_navigation/share/farm_robot_navigation/environment/path.dsv
-- Up-to-date symlink: /home/rutha/Projects/class_projects/robotics_final/install/farm_robot_navigation/share/farm_robot_navigation/local_setup.bash
-- Up-to-date symlink: /home/rutha/Projects/class_projects/robotics_final/install/farm_robot_navigation/share/farm_robot_navigation/local_setup.sh
-- Up-to-date symlink: /home/rutha/Projects/class_projects/robotics_final/install/farm_robot_navigation/share/farm_robot_navigation/local_setup.zsh
-- Up-to-date symlink: /home/rutha/Projects/class_projects/robotics_final/install/farm_robot_navigation/share/farm_robot_navigation/local_setup.dsv
-- Symlinking: /home/rutha/Projects/class_projects/robotics_final/install/farm_robot_navigation/share/farm_robot_navigation/package.dsv
-- Up-to-date symlink: /home/rutha/Projects/class_projects/robotics_final/install/farm_robot_navigation/share/ament_index/resource_index/packages/farm_robot_navigation
-- Up-to-date symlink: /home/rutha/Projects/class_projects/robotics_final/install/farm_robot_navigation/share/farm_robot_navigation/cmake/farm_robot_navigationConfig.cmake
-- Up-to-date symlink: /home/rutha/Projects/class_projects/robotics_final/install/farm_robot_navigation/share/farm_robot_navigation/cmake/farm_robot_navigationConfig-version.cmake
-- Up-to-date symlink: /home/rutha/Projects/class_projects/robotics_final/install/farm_robot_navigation/share/farm_robot_navigation/package.xml
