[0.206s] DEBUG:colcon:Command line arguments: ['/usr/bin/colcon', 'build']
[0.206s] DEBUG:colcon:Parsed command line arguments: Namespace(log_base=None, log_level=None, verb_name='build', build_base='build', install_base='install', merge_install=False, symlink_install=False, test_result_base=None, continue_on_error=False, executor='parallel', parallel_workers=4, event_handlers=None, ignore_user_meta=False, metas=['./colcon.meta'], base_paths=['.'], packages_ignore=None, packages_ignore_regex=None, paths=None, packages_up_to=None, packages_up_to_regex=None, packages_above=None, packages_above_and_dependencies=None, packages_above_depth=None, packages_select_by_dep=None, packages_skip_by_dep=None, packages_skip_up_to=None, packages_select_build_failed=False, packages_skip_build_finished=False, packages_select_test_failures=False, packages_skip_test_passed=False, packages_select=None, packages_skip=None, packages_select_regex=None, packages_skip_regex=None, packages_start=None, packages_end=None, allow_overriding=[], cmake_args=None, cmake_target=None, cmake_target_skip_unavailable=False, cmake_clean_cache=False, cmake_clean_first=False, cmake_force_configure=False, ament_cmake_args=None, catkin_cmake_args=None, catkin_skip_building_tests=False, mixin_files=None, mixin=None, verb_parser=<colcon_mixin.mixin.mixin_argument.MixinArgumentDecorator object at 0x7f0f0d99fbe0>, verb_extension=<colcon_core.verb.build.BuildVerb object at 0x7f0f0d99f4c0>, main=<bound method BuildVerb.main of <colcon_core.verb.build.BuildVerb object at 0x7f0f0d99f4c0>>, mixin_verb=('build',))
[0.587s] Level 1:colcon.colcon_core.package_discovery:discover_packages(colcon_meta) check parameters
[0.587s] Level 1:colcon.colcon_core.package_discovery:discover_packages(recursive) check parameters
[0.587s] Level 1:colcon.colcon_core.package_discovery:discover_packages(ignore) check parameters
[0.588s] Level 1:colcon.colcon_core.package_discovery:discover_packages(path) check parameters
[0.588s] Level 1:colcon.colcon_core.package_discovery:discover_packages(colcon_meta) discover
[0.588s] Level 1:colcon.colcon_core.package_discovery:discover_packages(recursive) discover
[0.588s] INFO:colcon.colcon_core.package_discovery:Crawling recursively for packages in '/home/rutha/Projects/class_projects/robotics_final/src'
[0.588s] Level 1:colcon.colcon_core.package_identification:_identify(.) by extensions ['ignore', 'ignore_ament_install']
[0.588s] Level 1:colcon.colcon_core.package_identification:_identify(.) by extension 'ignore'
[0.588s] Level 1:colcon.colcon_core.package_identification:_identify(.) by extension 'ignore_ament_install'
[0.588s] Level 1:colcon.colcon_core.package_identification:_identify(.) by extensions ['colcon_pkg']
[0.588s] Level 1:colcon.colcon_core.package_identification:_identify(.) by extension 'colcon_pkg'
[0.589s] Level 1:colcon.colcon_core.package_identification:_identify(.) by extensions ['colcon_meta']
[0.589s] Level 1:colcon.colcon_core.package_identification:_identify(.) by extension 'colcon_meta'
[0.589s] Level 1:colcon.colcon_core.package_identification:_identify(.) by extensions ['ros']
[0.589s] Level 1:colcon.colcon_core.package_identification:_identify(.) by extension 'ros'
[0.628s] Level 1:colcon.colcon_core.package_identification:_identify(.) by extensions ['cmake', 'python']
[0.628s] Level 1:colcon.colcon_core.package_identification:_identify(.) by extension 'cmake'
[0.628s] Level 1:colcon.colcon_core.package_identification:_identify(.) by extension 'python'
[0.628s] Level 1:colcon.colcon_core.package_identification:_identify(.) by extensions ['python_setup_py']
[0.628s] Level 1:colcon.colcon_core.package_identification:_identify(.) by extension 'python_setup_py'
[0.628s] Level 1:colcon.colcon_core.package_identification:_identify(build) by extensions ['ignore', 'ignore_ament_install']
[0.628s] Level 1:colcon.colcon_core.package_identification:_identify(build) by extension 'ignore'
[0.628s] Level 1:colcon.colcon_core.package_identification:_identify(build) ignored
[0.629s] Level 1:colcon.colcon_core.package_identification:_identify(comparison_pkg) by extensions ['ignore', 'ignore_ament_install']
[0.629s] Level 1:colcon.colcon_core.package_identification:_identify(comparison_pkg) by extension 'ignore'
[0.629s] Level 1:colcon.colcon_core.package_identification:_identify(comparison_pkg) by extension 'ignore_ament_install'
[0.629s] Level 1:colcon.colcon_core.package_identification:_identify(comparison_pkg) by extensions ['colcon_pkg']
[0.629s] Level 1:colcon.colcon_core.package_identification:_identify(comparison_pkg) by extension 'colcon_pkg'
[0.629s] Level 1:colcon.colcon_core.package_identification:_identify(comparison_pkg) by extensions ['colcon_meta']
[0.629s] Level 1:colcon.colcon_core.package_identification:_identify(comparison_pkg) by extension 'colcon_meta'
[0.629s] Level 1:colcon.colcon_core.package_identification:_identify(comparison_pkg) by extensions ['ros']
[0.629s] Level 1:colcon.colcon_core.package_identification:_identify(comparison_pkg) by extension 'ros'
[0.633s] DEBUG:colcon.colcon_core.package_identification:Package 'comparison_pkg' with type 'ros.ament_python' and name 'comparison_pkg'
[0.634s] Level 1:colcon.colcon_core.package_identification:_identify(farm_robot_bringup) by extensions ['ignore', 'ignore_ament_install']
[0.634s] Level 1:colcon.colcon_core.package_identification:_identify(farm_robot_bringup) by extension 'ignore'
[0.634s] Level 1:colcon.colcon_core.package_identification:_identify(farm_robot_bringup) by extension 'ignore_ament_install'
[0.634s] Level 1:colcon.colcon_core.package_identification:_identify(farm_robot_bringup) by extensions ['colcon_pkg']
[0.634s] Level 1:colcon.colcon_core.package_identification:_identify(farm_robot_bringup) by extension 'colcon_pkg'
[0.634s] Level 1:colcon.colcon_core.package_identification:_identify(farm_robot_bringup) by extensions ['colcon_meta']
[0.634s] Level 1:colcon.colcon_core.package_identification:_identify(farm_robot_bringup) by extension 'colcon_meta'
[0.634s] Level 1:colcon.colcon_core.package_identification:_identify(farm_robot_bringup) by extensions ['ros']
[0.635s] Level 1:colcon.colcon_core.package_identification:_identify(farm_robot_bringup) by extension 'ros'
[0.636s] DEBUG:colcon.colcon_core.package_identification:Package 'farm_robot_bringup' with type 'ros.ament_python' and name 'farm_robot_bringup'
[0.636s] Level 1:colcon.colcon_core.package_identification:_identify(farm_robot_description) by extensions ['ignore', 'ignore_ament_install']
[0.636s] Level 1:colcon.colcon_core.package_identification:_identify(farm_robot_description) by extension 'ignore'
[0.637s] Level 1:colcon.colcon_core.package_identification:_identify(farm_robot_description) by extension 'ignore_ament_install'
[0.637s] Level 1:colcon.colcon_core.package_identification:_identify(farm_robot_description) by extensions ['colcon_pkg']
[0.637s] Level 1:colcon.colcon_core.package_identification:_identify(farm_robot_description) by extension 'colcon_pkg'
[0.637s] Level 1:colcon.colcon_core.package_identification:_identify(farm_robot_description) by extensions ['colcon_meta']
[0.637s] Level 1:colcon.colcon_core.package_identification:_identify(farm_robot_description) by extension 'colcon_meta'
[0.637s] Level 1:colcon.colcon_core.package_identification:_identify(farm_robot_description) by extensions ['ros']
[0.637s] Level 1:colcon.colcon_core.package_identification:_identify(farm_robot_description) by extension 'ros'
[0.639s] DEBUG:colcon.colcon_core.package_identification:Package 'farm_robot_description' with type 'ros.catkin' and name 'farm_robot_description'
[0.639s] Level 1:colcon.colcon_core.package_identification:_identify(farm_robot_navigation) by extensions ['ignore', 'ignore_ament_install']
[0.639s] Level 1:colcon.colcon_core.package_identification:_identify(farm_robot_navigation) by extension 'ignore'
[0.639s] Level 1:colcon.colcon_core.package_identification:_identify(farm_robot_navigation) by extension 'ignore_ament_install'
[0.640s] Level 1:colcon.colcon_core.package_identification:_identify(farm_robot_navigation) by extensions ['colcon_pkg']
[0.640s] Level 1:colcon.colcon_core.package_identification:_identify(farm_robot_navigation) by extension 'colcon_pkg'
[0.640s] Level 1:colcon.colcon_core.package_identification:_identify(farm_robot_navigation) by extensions ['colcon_meta']
[0.640s] Level 1:colcon.colcon_core.package_identification:_identify(farm_robot_navigation) by extension 'colcon_meta'
[0.640s] Level 1:colcon.colcon_core.package_identification:_identify(farm_robot_navigation) by extensions ['ros']
[0.640s] Level 1:colcon.colcon_core.package_identification:_identify(farm_robot_navigation) by extension 'ros'
[0.642s] DEBUG:colcon.colcon_core.package_identification:Package 'farm_robot_navigation' with type 'ros.catkin' and name 'farm_robot_navigation'
[0.642s] Level 1:colcon.colcon_core.package_identification:_identify(farm_robot_perception) by extensions ['ignore', 'ignore_ament_install']
[0.642s] Level 1:colcon.colcon_core.package_identification:_identify(farm_robot_perception) by extension 'ignore'
[0.643s] Level 1:colcon.colcon_core.package_identification:_identify(farm_robot_perception) by extension 'ignore_ament_install'
[0.643s] Level 1:colcon.colcon_core.package_identification:_identify(farm_robot_perception) by extensions ['colcon_pkg']
[0.643s] Level 1:colcon.colcon_core.package_identification:_identify(farm_robot_perception) by extension 'colcon_pkg'
[0.643s] Level 1:colcon.colcon_core.package_identification:_identify(farm_robot_perception) by extensions ['colcon_meta']
[0.643s] Level 1:colcon.colcon_core.package_identification:_identify(farm_robot_perception) by extension 'colcon_meta'
[0.643s] Level 1:colcon.colcon_core.package_identification:_identify(farm_robot_perception) by extensions ['ros']
[0.643s] Level 1:colcon.colcon_core.package_identification:_identify(farm_robot_perception) by extension 'ros'
[0.645s] DEBUG:colcon.colcon_core.package_identification:Package 'farm_robot_perception' with type 'ros.ament_python' and name 'farm_robot_perception'
[0.645s] Level 1:colcon.colcon_core.package_identification:_identify(install) by extensions ['ignore', 'ignore_ament_install']
[0.645s] Level 1:colcon.colcon_core.package_identification:_identify(install) by extension 'ignore'
[0.646s] Level 1:colcon.colcon_core.package_identification:_identify(install) ignored
[0.646s] Level 1:colcon.colcon_core.package_identification:_identify(log) by extensions ['ignore', 'ignore_ament_install']
[0.646s] Level 1:colcon.colcon_core.package_identification:_identify(log) by extension 'ignore'
[0.646s] Level 1:colcon.colcon_core.package_identification:_identify(log) ignored
[0.646s] Level 1:colcon.colcon_core.package_discovery:discover_packages(recursive) using defaults
[0.646s] Level 1:colcon.colcon_core.package_discovery:discover_packages(ignore) discover
[0.646s] Level 1:colcon.colcon_core.package_discovery:discover_packages(ignore) using defaults
[0.646s] Level 1:colcon.colcon_core.package_discovery:discover_packages(path) discover
[0.646s] Level 1:colcon.colcon_core.package_discovery:discover_packages(path) using defaults
[0.684s] Level 1:colcon.colcon_core.package_discovery:discover_packages(prefix_path) check parameters
[0.684s] Level 1:colcon.colcon_core.package_discovery:discover_packages(prefix_path) discover
[0.688s] DEBUG:colcon.colcon_installed_package_information.package_discovery:Found 2 installed packages in /home/rutha/Projects/class_projects/robotics_final/install
[0.690s] DEBUG:colcon.colcon_installed_package_information.package_discovery:Found 16 installed packages in /home/rutha/ros2_ws/install
[0.691s] DEBUG:colcon.colcon_installed_package_information.package_discovery:Found 2 installed packages in /home/rutha/ros2_ws/src/install
[0.692s] DEBUG:colcon.colcon_installed_package_information.package_discovery:Found 1 installed packages in /home/rutha/ros2_ws/task/catkin_ws/install
[0.695s] DEBUG:colcon.colcon_installed_package_information.package_discovery:Found 416 installed packages in /opt/ros/humble
[0.698s] Level 1:colcon.colcon_core.package_discovery:discover_packages(prefix_path) using defaults
[0.799s] Level 5:colcon.colcon_core.verb:set package 'comparison_pkg' build argument 'cmake_args' from command line to 'None'
[0.799s] Level 5:colcon.colcon_core.verb:set package 'comparison_pkg' build argument 'cmake_target' from command line to 'None'
[0.799s] Level 5:colcon.colcon_core.verb:set package 'comparison_pkg' build argument 'cmake_target_skip_unavailable' from command line to 'False'
[0.799s] Level 5:colcon.colcon_core.verb:set package 'comparison_pkg' build argument 'cmake_clean_cache' from command line to 'False'
[0.799s] Level 5:colcon.colcon_core.verb:set package 'comparison_pkg' build argument 'cmake_clean_first' from command line to 'False'
[0.799s] Level 5:colcon.colcon_core.verb:set package 'comparison_pkg' build argument 'cmake_force_configure' from command line to 'False'
[0.799s] Level 5:colcon.colcon_core.verb:set package 'comparison_pkg' build argument 'ament_cmake_args' from command line to 'None'
[0.799s] Level 5:colcon.colcon_core.verb:set package 'comparison_pkg' build argument 'catkin_cmake_args' from command line to 'None'
[0.799s] Level 5:colcon.colcon_core.verb:set package 'comparison_pkg' build argument 'catkin_skip_building_tests' from command line to 'False'
[0.799s] DEBUG:colcon.colcon_core.verb:Building package 'comparison_pkg' with the following arguments: {'ament_cmake_args': None, 'build_base': '/home/rutha/Projects/class_projects/robotics_final/src/build/comparison_pkg', 'catkin_cmake_args': None, 'catkin_skip_building_tests': False, 'cmake_args': None, 'cmake_clean_cache': False, 'cmake_clean_first': False, 'cmake_force_configure': False, 'cmake_target': None, 'cmake_target_skip_unavailable': False, 'install_base': '/home/rutha/Projects/class_projects/robotics_final/src/install/comparison_pkg', 'merge_install': False, 'path': '/home/rutha/Projects/class_projects/robotics_final/src/comparison_pkg', 'symlink_install': False, 'test_result_base': None}
[0.800s] Level 5:colcon.colcon_core.verb:set package 'farm_robot_description' build argument 'cmake_args' from command line to 'None'
[0.800s] Level 5:colcon.colcon_core.verb:set package 'farm_robot_description' build argument 'cmake_target' from command line to 'None'
[0.800s] Level 5:colcon.colcon_core.verb:set package 'farm_robot_description' build argument 'cmake_target_skip_unavailable' from command line to 'False'
[0.800s] Level 5:colcon.colcon_core.verb:set package 'farm_robot_description' build argument 'cmake_clean_cache' from command line to 'False'
[0.800s] Level 5:colcon.colcon_core.verb:set package 'farm_robot_description' build argument 'cmake_clean_first' from command line to 'False'
[0.800s] Level 5:colcon.colcon_core.verb:set package 'farm_robot_description' build argument 'cmake_force_configure' from command line to 'False'
[0.800s] Level 5:colcon.colcon_core.verb:set package 'farm_robot_description' build argument 'ament_cmake_args' from command line to 'None'
[0.800s] Level 5:colcon.colcon_core.verb:set package 'farm_robot_description' build argument 'catkin_cmake_args' from command line to 'None'
[0.800s] Level 5:colcon.colcon_core.verb:set package 'farm_robot_description' build argument 'catkin_skip_building_tests' from command line to 'False'
[0.800s] DEBUG:colcon.colcon_core.verb:Building package 'farm_robot_description' with the following arguments: {'ament_cmake_args': None, 'build_base': '/home/rutha/Projects/class_projects/robotics_final/src/build/farm_robot_description', 'catkin_cmake_args': None, 'catkin_skip_building_tests': False, 'cmake_args': None, 'cmake_clean_cache': False, 'cmake_clean_first': False, 'cmake_force_configure': False, 'cmake_target': None, 'cmake_target_skip_unavailable': False, 'install_base': '/home/rutha/Projects/class_projects/robotics_final/src/install/farm_robot_description', 'merge_install': False, 'path': '/home/rutha/Projects/class_projects/robotics_final/src/farm_robot_description', 'symlink_install': False, 'test_result_base': None}
[0.801s] Level 5:colcon.colcon_core.verb:set package 'farm_robot_navigation' build argument 'cmake_args' from command line to 'None'
[0.801s] Level 5:colcon.colcon_core.verb:set package 'farm_robot_navigation' build argument 'cmake_target' from command line to 'None'
[0.801s] Level 5:colcon.colcon_core.verb:set package 'farm_robot_navigation' build argument 'cmake_target_skip_unavailable' from command line to 'False'
[0.801s] Level 5:colcon.colcon_core.verb:set package 'farm_robot_navigation' build argument 'cmake_clean_cache' from command line to 'False'
[0.802s] Level 5:colcon.colcon_core.verb:set package 'farm_robot_navigation' build argument 'cmake_clean_first' from command line to 'False'
[0.802s] Level 5:colcon.colcon_core.verb:set package 'farm_robot_navigation' build argument 'cmake_force_configure' from command line to 'False'
[0.802s] Level 5:colcon.colcon_core.verb:set package 'farm_robot_navigation' build argument 'ament_cmake_args' from command line to 'None'
[0.802s] Level 5:colcon.colcon_core.verb:set package 'farm_robot_navigation' build argument 'catkin_cmake_args' from command line to 'None'
[0.802s] Level 5:colcon.colcon_core.verb:set package 'farm_robot_navigation' build argument 'catkin_skip_building_tests' from command line to 'False'
[0.802s] DEBUG:colcon.colcon_core.verb:Building package 'farm_robot_navigation' with the following arguments: {'ament_cmake_args': None, 'build_base': '/home/rutha/Projects/class_projects/robotics_final/src/build/farm_robot_navigation', 'catkin_cmake_args': None, 'catkin_skip_building_tests': False, 'cmake_args': None, 'cmake_clean_cache': False, 'cmake_clean_first': False, 'cmake_force_configure': False, 'cmake_target': None, 'cmake_target_skip_unavailable': False, 'install_base': '/home/rutha/Projects/class_projects/robotics_final/src/install/farm_robot_navigation', 'merge_install': False, 'path': '/home/rutha/Projects/class_projects/robotics_final/src/farm_robot_navigation', 'symlink_install': False, 'test_result_base': None}
[0.803s] Level 5:colcon.colcon_core.verb:set package 'farm_robot_perception' build argument 'cmake_args' from command line to 'None'
[0.803s] Level 5:colcon.colcon_core.verb:set package 'farm_robot_perception' build argument 'cmake_target' from command line to 'None'
[0.803s] Level 5:colcon.colcon_core.verb:set package 'farm_robot_perception' build argument 'cmake_target_skip_unavailable' from command line to 'False'
[0.803s] Level 5:colcon.colcon_core.verb:set package 'farm_robot_perception' build argument 'cmake_clean_cache' from command line to 'False'
[0.803s] Level 5:colcon.colcon_core.verb:set package 'farm_robot_perception' build argument 'cmake_clean_first' from command line to 'False'
[0.803s] Level 5:colcon.colcon_core.verb:set package 'farm_robot_perception' build argument 'cmake_force_configure' from command line to 'False'
[0.803s] Level 5:colcon.colcon_core.verb:set package 'farm_robot_perception' build argument 'ament_cmake_args' from command line to 'None'
[0.803s] Level 5:colcon.colcon_core.verb:set package 'farm_robot_perception' build argument 'catkin_cmake_args' from command line to 'None'
[0.803s] Level 5:colcon.colcon_core.verb:set package 'farm_robot_perception' build argument 'catkin_skip_building_tests' from command line to 'False'
[0.803s] DEBUG:colcon.colcon_core.verb:Building package 'farm_robot_perception' with the following arguments: {'ament_cmake_args': None, 'build_base': '/home/rutha/Projects/class_projects/robotics_final/src/build/farm_robot_perception', 'catkin_cmake_args': None, 'catkin_skip_building_tests': False, 'cmake_args': None, 'cmake_clean_cache': False, 'cmake_clean_first': False, 'cmake_force_configure': False, 'cmake_target': None, 'cmake_target_skip_unavailable': False, 'install_base': '/home/rutha/Projects/class_projects/robotics_final/src/install/farm_robot_perception', 'merge_install': False, 'path': '/home/rutha/Projects/class_projects/robotics_final/src/farm_robot_perception', 'symlink_install': False, 'test_result_base': None}
[0.804s] Level 5:colcon.colcon_core.verb:set package 'farm_robot_bringup' build argument 'cmake_args' from command line to 'None'
[0.804s] Level 5:colcon.colcon_core.verb:set package 'farm_robot_bringup' build argument 'cmake_target' from command line to 'None'
[0.804s] Level 5:colcon.colcon_core.verb:set package 'farm_robot_bringup' build argument 'cmake_target_skip_unavailable' from command line to 'False'
[0.804s] Level 5:colcon.colcon_core.verb:set package 'farm_robot_bringup' build argument 'cmake_clean_cache' from command line to 'False'
[0.804s] Level 5:colcon.colcon_core.verb:set package 'farm_robot_bringup' build argument 'cmake_clean_first' from command line to 'False'
[0.804s] Level 5:colcon.colcon_core.verb:set package 'farm_robot_bringup' build argument 'cmake_force_configure' from command line to 'False'
[0.804s] Level 5:colcon.colcon_core.verb:set package 'farm_robot_bringup' build argument 'ament_cmake_args' from command line to 'None'
[0.804s] Level 5:colcon.colcon_core.verb:set package 'farm_robot_bringup' build argument 'catkin_cmake_args' from command line to 'None'
[0.804s] Level 5:colcon.colcon_core.verb:set package 'farm_robot_bringup' build argument 'catkin_skip_building_tests' from command line to 'False'
[0.804s] DEBUG:colcon.colcon_core.verb:Building package 'farm_robot_bringup' with the following arguments: {'ament_cmake_args': None, 'build_base': '/home/rutha/Projects/class_projects/robotics_final/src/build/farm_robot_bringup', 'catkin_cmake_args': None, 'catkin_skip_building_tests': False, 'cmake_args': None, 'cmake_clean_cache': False, 'cmake_clean_first': False, 'cmake_force_configure': False, 'cmake_target': None, 'cmake_target_skip_unavailable': False, 'install_base': '/home/rutha/Projects/class_projects/robotics_final/src/install/farm_robot_bringup', 'merge_install': False, 'path': '/home/rutha/Projects/class_projects/robotics_final/src/farm_robot_bringup', 'symlink_install': False, 'test_result_base': None}
[0.805s] INFO:colcon.colcon_core.executor:Executing jobs using 'parallel' executor
[0.807s] DEBUG:colcon.colcon_parallel_executor.executor.parallel:run_until_complete
[0.807s] INFO:colcon.colcon_ros.task.catkin.build:Building ROS package in '/home/rutha/Projects/class_projects/robotics_final/src/farm_robot_description' with build type 'catkin'
[0.807s] INFO:colcon.colcon_cmake.task.cmake.build:Building CMake package in '/home/rutha/Projects/class_projects/robotics_final/src/farm_robot_description'
[0.813s] INFO:colcon.colcon_core.plugin_system:Skipping extension 'colcon_core.shell.bat': Not used on non-Windows systems
[0.813s] INFO:colcon.colcon_core.shell:Skip shell extension 'powershell' for command environment: Not usable outside of PowerShell
[0.813s] DEBUG:colcon.colcon_core.shell:Skip shell extension 'dsv' for command environment
[0.826s] INFO:colcon.colcon_ros.task.catkin.build:Building ROS package in '/home/rutha/Projects/class_projects/robotics_final/src/farm_robot_navigation' with build type 'catkin'
[0.826s] INFO:colcon.colcon_cmake.task.cmake.build:Building CMake package in '/home/rutha/Projects/class_projects/robotics_final/src/farm_robot_navigation'
[0.827s] INFO:colcon.colcon_core.shell:Skip shell extension 'powershell' for command environment: Not usable outside of PowerShell
[0.827s] DEBUG:colcon.colcon_core.shell:Skip shell extension 'dsv' for command environment
[0.852s] INFO:colcon.colcon_ros.task.ament_python.build:Building ROS package in '/home/rutha/Projects/class_projects/robotics_final/src/farm_robot_perception' with build type 'ament_python'
[0.852s] Level 1:colcon.colcon_core.shell:create_environment_hook('farm_robot_perception', 'ament_prefix_path')
[0.853s] INFO:colcon.colcon_core.shell:Creating environment hook '/home/rutha/Projects/class_projects/robotics_final/src/install/farm_robot_perception/share/farm_robot_perception/hook/ament_prefix_path.ps1'
[0.854s] INFO:colcon.colcon_core.shell:Creating environment descriptor '/home/rutha/Projects/class_projects/robotics_final/src/install/farm_robot_perception/share/farm_robot_perception/hook/ament_prefix_path.dsv'
[0.856s] INFO:colcon.colcon_core.shell:Creating environment hook '/home/rutha/Projects/class_projects/robotics_final/src/install/farm_robot_perception/share/farm_robot_perception/hook/ament_prefix_path.sh'
[0.858s] INFO:colcon.colcon_core.shell:Skip shell extension 'powershell' for command environment: Not usable outside of PowerShell
[0.858s] DEBUG:colcon.colcon_core.shell:Skip shell extension 'dsv' for command environment
[0.877s] INFO:colcon.colcon_ros.task.ament_python.build:Building ROS package in '/home/rutha/Projects/class_projects/robotics_final/src/comparison_pkg' with build type 'ament_python'
[0.877s] Level 1:colcon.colcon_core.shell:create_environment_hook('comparison_pkg', 'ament_prefix_path')
[0.877s] INFO:colcon.colcon_core.shell:Creating environment hook '/home/rutha/Projects/class_projects/robotics_final/src/install/comparison_pkg/share/comparison_pkg/hook/ament_prefix_path.ps1'
[0.878s] INFO:colcon.colcon_core.shell:Creating environment descriptor '/home/rutha/Projects/class_projects/robotics_final/src/install/comparison_pkg/share/comparison_pkg/hook/ament_prefix_path.dsv'
[0.879s] INFO:colcon.colcon_core.shell:Creating environment hook '/home/rutha/Projects/class_projects/robotics_final/src/install/comparison_pkg/share/comparison_pkg/hook/ament_prefix_path.sh'
[0.881s] INFO:colcon.colcon_core.shell:Skip shell extension 'powershell' for command environment: Not usable outside of PowerShell
[0.881s] DEBUG:colcon.colcon_core.shell:Skip shell extension 'dsv' for command environment
[0.930s] DEBUG:colcon.colcon_core.event_handler.log_command:Invoking command in '/home/rutha/Projects/class_projects/robotics_final/src/build/farm_robot_description': /usr/bin/cmake /home/rutha/Projects/class_projects/robotics_final/src/farm_robot_description -DCATKIN_INSTALL_INTO_PREFIX_ROOT=0 -DCMAKE_INSTALL_PREFIX=/home/rutha/Projects/class_projects/robotics_final/src/install/farm_robot_description
[0.941s] DEBUG:colcon.colcon_core.event_handler.log_command:Invoking command in '/home/rutha/Projects/class_projects/robotics_final/src/build/farm_robot_navigation': /usr/bin/cmake /home/rutha/Projects/class_projects/robotics_final/src/farm_robot_navigation -DCATKIN_INSTALL_INTO_PREFIX_ROOT=0 -DCMAKE_INSTALL_PREFIX=/home/rutha/Projects/class_projects/robotics_final/src/install/farm_robot_navigation
[1.927s] INFO:colcon.colcon_core.task.python.build:Building Python package in '/home/rutha/Projects/class_projects/robotics_final/src/farm_robot_perception'
[1.928s] INFO:colcon.colcon_core.shell:Skip shell extension 'powershell' for command environment: Not usable outside of PowerShell
[1.928s] DEBUG:colcon.colcon_core.shell:Skip shell extension 'dsv' for command environment
[3.334s] INFO:colcon.colcon_core.task.python.build:Building Python package in '/home/rutha/Projects/class_projects/robotics_final/src/comparison_pkg'
[3.334s] INFO:colcon.colcon_core.shell:Skip shell extension 'powershell' for command environment: Not usable outside of PowerShell
[3.334s] DEBUG:colcon.colcon_core.shell:Skip shell extension 'dsv' for command environment
[3.375s] DEBUG:colcon.colcon_core.event_handler.log_command:Invoked command in '/home/rutha/Projects/class_projects/robotics_final/src/build/farm_robot_description' returned '0': /usr/bin/cmake /home/rutha/Projects/class_projects/robotics_final/src/farm_robot_description -DCATKIN_INSTALL_INTO_PREFIX_ROOT=0 -DCMAKE_INSTALL_PREFIX=/home/rutha/Projects/class_projects/robotics_final/src/install/farm_robot_description
[3.376s] DEBUG:colcon.colcon_core.event_handler.log_command:Invoking command in '/home/rutha/Projects/class_projects/robotics_final/src/build/farm_robot_description': /usr/bin/cmake --build /home/rutha/Projects/class_projects/robotics_final/src/build/farm_robot_description -- -j4 -l4
[3.505s] DEBUG:colcon.colcon_core.event_handler.log_command:Invoked command in '/home/rutha/Projects/class_projects/robotics_final/src/build/farm_robot_description' returned '0': /usr/bin/cmake --build /home/rutha/Projects/class_projects/robotics_final/src/build/farm_robot_description -- -j4 -l4
[3.539s] DEBUG:colcon.colcon_core.event_handler.log_command:Invoking command in '/home/rutha/Projects/class_projects/robotics_final/src/build/farm_robot_description': /usr/bin/cmake --install /home/rutha/Projects/class_projects/robotics_final/src/build/farm_robot_description
[3.548s] DEBUG:colcon.colcon_core.event_handler.log_command:Invoked command in '/home/rutha/Projects/class_projects/robotics_final/src/build/farm_robot_navigation' returned '0': /usr/bin/cmake /home/rutha/Projects/class_projects/robotics_final/src/farm_robot_navigation -DCATKIN_INSTALL_INTO_PREFIX_ROOT=0 -DCMAKE_INSTALL_PREFIX=/home/rutha/Projects/class_projects/robotics_final/src/install/farm_robot_navigation
[3.550s] DEBUG:colcon.colcon_core.event_handler.log_command:Invoking command in '/home/rutha/Projects/class_projects/robotics_final/src/build/farm_robot_navigation': /usr/bin/cmake --build /home/rutha/Projects/class_projects/robotics_final/src/build/farm_robot_navigation -- -j4 -l4
[3.571s] Level 1:colcon.colcon_core.shell:create_environment_hook('farm_robot_description', 'ros_package_path')
[3.572s] INFO:colcon.colcon_core.shell:Creating environment hook '/home/rutha/Projects/class_projects/robotics_final/src/install/farm_robot_description/share/farm_robot_description/hook/ros_package_path.ps1'
[3.572s] INFO:colcon.colcon_core.shell:Creating environment descriptor '/home/rutha/Projects/class_projects/robotics_final/src/install/farm_robot_description/share/farm_robot_description/hook/ros_package_path.dsv'
[3.574s] DEBUG:colcon.colcon_core.event_handler.log_command:Invoked command in '/home/rutha/Projects/class_projects/robotics_final/src/build/farm_robot_description' returned '0': /usr/bin/cmake --install /home/rutha/Projects/class_projects/robotics_final/src/build/farm_robot_description
[3.574s] INFO:colcon.colcon_core.shell:Creating environment hook '/home/rutha/Projects/class_projects/robotics_final/src/install/farm_robot_description/share/farm_robot_description/hook/ros_package_path.sh'
[3.576s] Level 1:colcon.colcon_core.shell:create_environment_hook('farm_robot_description', 'pkg_config_path')
[3.576s] INFO:colcon.colcon_core.shell:Creating environment hook '/home/rutha/Projects/class_projects/robotics_final/src/install/farm_robot_description/share/farm_robot_description/hook/pkg_config_path.ps1'
[3.577s] INFO:colcon.colcon_core.shell:Creating environment descriptor '/home/rutha/Projects/class_projects/robotics_final/src/install/farm_robot_description/share/farm_robot_description/hook/pkg_config_path.dsv'
[3.578s] INFO:colcon.colcon_core.shell:Creating environment hook '/home/rutha/Projects/class_projects/robotics_final/src/install/farm_robot_description/share/farm_robot_description/hook/pkg_config_path.sh'
[3.586s] Level 1:colcon.colcon_core.shell:create_environment_hook('farm_robot_description', 'pkg_config_path_multiarch')
[3.586s] INFO:colcon.colcon_core.shell:Creating environment hook '/home/rutha/Projects/class_projects/robotics_final/src/install/farm_robot_description/share/farm_robot_description/hook/pkg_config_path_multiarch.ps1'
[3.587s] INFO:colcon.colcon_core.shell:Creating environment descriptor '/home/rutha/Projects/class_projects/robotics_final/src/install/farm_robot_description/share/farm_robot_description/hook/pkg_config_path_multiarch.dsv'
[3.588s] INFO:colcon.colcon_core.shell:Creating environment hook '/home/rutha/Projects/class_projects/robotics_final/src/install/farm_robot_description/share/farm_robot_description/hook/pkg_config_path_multiarch.sh'
[3.593s] Level 1:colcon.colcon_core.environment:create_environment_scripts_only(farm_robot_description)
[3.603s] Level 1:colcon.colcon_core.environment:checking '/home/rutha/Projects/class_projects/robotics_final/src/install/farm_robot_description' for CMake module files
[3.607s] Level 1:colcon.colcon_core.environment:checking '/home/rutha/Projects/class_projects/robotics_final/src/install/farm_robot_description' for CMake config files
[3.608s] Level 1:colcon.colcon_core.shell:create_environment_hook('farm_robot_description', 'cmake_prefix_path')
[3.608s] INFO:colcon.colcon_core.shell:Creating environment hook '/home/rutha/Projects/class_projects/robotics_final/src/install/farm_robot_description/share/farm_robot_description/hook/cmake_prefix_path.ps1'
[3.609s] INFO:colcon.colcon_core.shell:Creating environment descriptor '/home/rutha/Projects/class_projects/robotics_final/src/install/farm_robot_description/share/farm_robot_description/hook/cmake_prefix_path.dsv'
[3.613s] INFO:colcon.colcon_core.shell:Creating environment hook '/home/rutha/Projects/class_projects/robotics_final/src/install/farm_robot_description/share/farm_robot_description/hook/cmake_prefix_path.sh'
[3.614s] Level 1:colcon.colcon_core.environment:checking '/home/rutha/Projects/class_projects/robotics_final/src/install/farm_robot_description/bin'
[3.614s] Level 1:colcon.colcon_core.environment:checking '/home/rutha/Projects/class_projects/robotics_final/src/install/farm_robot_description/lib/pkgconfig/farm_robot_description.pc'
[3.617s] Level 1:colcon.colcon_core.environment:checking '/home/rutha/Projects/class_projects/robotics_final/src/install/farm_robot_description/lib/python3.10/site-packages'
[3.618s] Level 1:colcon.colcon_core.environment:checking '/home/rutha/Projects/class_projects/robotics_final/src/install/farm_robot_description/bin'
[3.622s] INFO:colcon.colcon_core.shell:Creating package script '/home/rutha/Projects/class_projects/robotics_final/src/install/farm_robot_description/share/farm_robot_description/package.ps1'
[3.625s] INFO:colcon.colcon_core.shell:Creating package descriptor '/home/rutha/Projects/class_projects/robotics_final/src/install/farm_robot_description/share/farm_robot_description/package.dsv'
[3.626s] INFO:colcon.colcon_core.shell:Creating package script '/home/rutha/Projects/class_projects/robotics_final/src/install/farm_robot_description/share/farm_robot_description/package.sh'
[3.632s] INFO:colcon.colcon_core.shell:Creating package script '/home/rutha/Projects/class_projects/robotics_final/src/install/farm_robot_description/share/farm_robot_description/package.bash'
[3.634s] INFO:colcon.colcon_core.shell:Creating package script '/home/rutha/Projects/class_projects/robotics_final/src/install/farm_robot_description/share/farm_robot_description/package.zsh'
[3.635s] Level 1:colcon.colcon_core.environment:create_file_with_runtime_dependencies(/home/rutha/Projects/class_projects/robotics_final/src/install/farm_robot_description/share/colcon-core/packages/farm_robot_description)
[3.645s] DEBUG:colcon.colcon_core.event_handler.log_command:Invoked command in '/home/rutha/Projects/class_projects/robotics_final/src/build/farm_robot_navigation' returned '0': /usr/bin/cmake --build /home/rutha/Projects/class_projects/robotics_final/src/build/farm_robot_navigation -- -j4 -l4
[3.648s] DEBUG:colcon.colcon_core.event_handler.log_command:Invoking command in '/home/rutha/Projects/class_projects/robotics_final/src/build/farm_robot_navigation': /usr/bin/cmake --install /home/rutha/Projects/class_projects/robotics_final/src/build/farm_robot_navigation
[3.686s] DEBUG:colcon.colcon_core.event_handler.log_command:Invoked command in '/home/rutha/Projects/class_projects/robotics_final/src/build/farm_robot_navigation' returned '0': /usr/bin/cmake --install /home/rutha/Projects/class_projects/robotics_final/src/build/farm_robot_navigation
[3.687s] Level 1:colcon.colcon_core.shell:create_environment_hook('farm_robot_navigation', 'ros_package_path')
[3.687s] INFO:colcon.colcon_core.shell:Creating environment hook '/home/rutha/Projects/class_projects/robotics_final/src/install/farm_robot_navigation/share/farm_robot_navigation/hook/ros_package_path.ps1'
[3.688s] INFO:colcon.colcon_core.shell:Creating environment descriptor '/home/rutha/Projects/class_projects/robotics_final/src/install/farm_robot_navigation/share/farm_robot_navigation/hook/ros_package_path.dsv'
[3.689s] INFO:colcon.colcon_core.shell:Creating environment hook '/home/rutha/Projects/class_projects/robotics_final/src/install/farm_robot_navigation/share/farm_robot_navigation/hook/ros_package_path.sh'
[3.695s] Level 1:colcon.colcon_core.shell:create_environment_hook('farm_robot_navigation', 'pkg_config_path')
[3.698s] INFO:colcon.colcon_core.shell:Creating environment hook '/home/rutha/Projects/class_projects/robotics_final/src/install/farm_robot_navigation/share/farm_robot_navigation/hook/pkg_config_path.ps1'
[3.698s] INFO:colcon.colcon_core.shell:Creating environment descriptor '/home/rutha/Projects/class_projects/robotics_final/src/install/farm_robot_navigation/share/farm_robot_navigation/hook/pkg_config_path.dsv'
[3.701s] INFO:colcon.colcon_core.shell:Creating environment hook '/home/rutha/Projects/class_projects/robotics_final/src/install/farm_robot_navigation/share/farm_robot_navigation/hook/pkg_config_path.sh'
[3.702s] Level 1:colcon.colcon_core.shell:create_environment_hook('farm_robot_navigation', 'pkg_config_path_multiarch')
[3.702s] INFO:colcon.colcon_core.shell:Creating environment hook '/home/rutha/Projects/class_projects/robotics_final/src/install/farm_robot_navigation/share/farm_robot_navigation/hook/pkg_config_path_multiarch.ps1'
[3.703s] INFO:colcon.colcon_core.shell:Creating environment descriptor '/home/rutha/Projects/class_projects/robotics_final/src/install/farm_robot_navigation/share/farm_robot_navigation/hook/pkg_config_path_multiarch.dsv'
[3.704s] INFO:colcon.colcon_core.shell:Creating environment hook '/home/rutha/Projects/class_projects/robotics_final/src/install/farm_robot_navigation/share/farm_robot_navigation/hook/pkg_config_path_multiarch.sh'
[3.705s] Level 1:colcon.colcon_core.environment:create_environment_scripts_only(farm_robot_navigation)
[3.706s] Level 1:colcon.colcon_core.environment:checking '/home/rutha/Projects/class_projects/robotics_final/src/install/farm_robot_navigation' for CMake module files
[3.707s] Level 1:colcon.colcon_core.environment:checking '/home/rutha/Projects/class_projects/robotics_final/src/install/farm_robot_navigation' for CMake config files
[3.707s] Level 1:colcon.colcon_core.shell:create_environment_hook('farm_robot_navigation', 'cmake_prefix_path')
[3.708s] INFO:colcon.colcon_core.shell:Creating environment hook '/home/rutha/Projects/class_projects/robotics_final/src/install/farm_robot_navigation/share/farm_robot_navigation/hook/cmake_prefix_path.ps1'
[3.709s] INFO:colcon.colcon_core.shell:Creating environment descriptor '/home/rutha/Projects/class_projects/robotics_final/src/install/farm_robot_navigation/share/farm_robot_navigation/hook/cmake_prefix_path.dsv'
[3.713s] INFO:colcon.colcon_core.shell:Creating environment hook '/home/rutha/Projects/class_projects/robotics_final/src/install/farm_robot_navigation/share/farm_robot_navigation/hook/cmake_prefix_path.sh'
[3.715s] Level 1:colcon.colcon_core.environment:checking '/home/rutha/Projects/class_projects/robotics_final/src/install/farm_robot_navigation/bin'
[3.715s] Level 1:colcon.colcon_core.environment:checking '/home/rutha/Projects/class_projects/robotics_final/src/install/farm_robot_navigation/lib/pkgconfig/farm_robot_navigation.pc'
[3.716s] Level 1:colcon.colcon_core.environment:checking '/home/rutha/Projects/class_projects/robotics_final/src/install/farm_robot_navigation/lib/python3.10/site-packages'
[3.718s] Level 1:colcon.colcon_core.environment:checking '/home/rutha/Projects/class_projects/robotics_final/src/install/farm_robot_navigation/bin'
[3.720s] INFO:colcon.colcon_core.shell:Creating package script '/home/rutha/Projects/class_projects/robotics_final/src/install/farm_robot_navigation/share/farm_robot_navigation/package.ps1'
[3.721s] INFO:colcon.colcon_core.shell:Creating package descriptor '/home/rutha/Projects/class_projects/robotics_final/src/install/farm_robot_navigation/share/farm_robot_navigation/package.dsv'
[3.727s] INFO:colcon.colcon_core.shell:Creating package script '/home/rutha/Projects/class_projects/robotics_final/src/install/farm_robot_navigation/share/farm_robot_navigation/package.sh'
[3.729s] INFO:colcon.colcon_core.shell:Creating package script '/home/rutha/Projects/class_projects/robotics_final/src/install/farm_robot_navigation/share/farm_robot_navigation/package.bash'
[3.729s] INFO:colcon.colcon_core.shell:Creating package script '/home/rutha/Projects/class_projects/robotics_final/src/install/farm_robot_navigation/share/farm_robot_navigation/package.zsh'
[3.734s] Level 1:colcon.colcon_core.environment:create_file_with_runtime_dependencies(/home/rutha/Projects/class_projects/robotics_final/src/install/farm_robot_navigation/share/colcon-core/packages/farm_robot_navigation)
[4.394s] DEBUG:colcon.colcon_core.event_handler.log_command:Invoking command in '/home/rutha/Projects/class_projects/robotics_final/src/farm_robot_perception': PYTHONPATH=/home/rutha/Projects/class_projects/robotics_final/src/build/farm_robot_perception/prefix_override:/usr/lib/python3/dist-packages/colcon_core/task/python/colcon_distutils_commands:/home/rutha/Projects/class_projects/robotics_final/src/install/farm_robot_perception/lib/python3.10/site-packages:${PYTHONPATH} /usr/bin/python3 -W ignore:setup.py install is deprecated -W ignore:easy_install command is deprecated setup.py egg_info --egg-base ../build/farm_robot_perception build --build-base /home/rutha/Projects/class_projects/robotics_final/src/build/farm_robot_perception/build install --record /home/rutha/Projects/class_projects/robotics_final/src/build/farm_robot_perception/install.log --single-version-externally-managed install_data
[4.472s] DEBUG:colcon.colcon_core.event_handler.log_command:Invoking command in '/home/rutha/Projects/class_projects/robotics_final/src/comparison_pkg': PYTHONPATH=/home/rutha/Projects/class_projects/robotics_final/src/build/comparison_pkg/prefix_override:/usr/lib/python3/dist-packages/colcon_core/task/python/colcon_distutils_commands:/home/rutha/Projects/class_projects/robotics_final/src/install/comparison_pkg/lib/python3.10/site-packages:${PYTHONPATH} /usr/bin/python3 -W ignore:setup.py install is deprecated -W ignore:easy_install command is deprecated setup.py egg_info --egg-base ../build/comparison_pkg build --build-base /home/rutha/Projects/class_projects/robotics_final/src/build/comparison_pkg/build install --record /home/rutha/Projects/class_projects/robotics_final/src/build/comparison_pkg/install.log --single-version-externally-managed install_data
[4.997s] Level 1:colcon.colcon_core.environment:checking '/home/rutha/Projects/class_projects/robotics_final/src/install/farm_robot_perception' for CMake module files
[4.998s] Level 1:colcon.colcon_core.environment:checking '/home/rutha/Projects/class_projects/robotics_final/src/install/farm_robot_perception' for CMake config files
[4.999s] Level 1:colcon.colcon_core.environment:checking '/home/rutha/Projects/class_projects/robotics_final/src/install/farm_robot_perception/lib'
[5.004s] DEBUG:colcon.colcon_core.event_handler.log_command:Invoked command in '/home/rutha/Projects/class_projects/robotics_final/src/farm_robot_perception' returned '0': PYTHONPATH=/home/rutha/Projects/class_projects/robotics_final/src/build/farm_robot_perception/prefix_override:/usr/lib/python3/dist-packages/colcon_core/task/python/colcon_distutils_commands:/home/rutha/Projects/class_projects/robotics_final/src/install/farm_robot_perception/lib/python3.10/site-packages:${PYTHONPATH} /usr/bin/python3 -W ignore:setup.py install is deprecated -W ignore:easy_install command is deprecated setup.py egg_info --egg-base ../build/farm_robot_perception build --build-base /home/rutha/Projects/class_projects/robotics_final/src/build/farm_robot_perception/build install --record /home/rutha/Projects/class_projects/robotics_final/src/build/farm_robot_perception/install.log --single-version-externally-managed install_data
[5.005s] Level 1:colcon.colcon_core.environment:checking '/home/rutha/Projects/class_projects/robotics_final/src/install/farm_robot_perception/bin'
[5.005s] Level 1:colcon.colcon_core.environment:checking '/home/rutha/Projects/class_projects/robotics_final/src/install/farm_robot_perception/lib/pkgconfig/farm_robot_perception.pc'
[5.005s] Level 1:colcon.colcon_core.environment:checking '/home/rutha/Projects/class_projects/robotics_final/src/install/farm_robot_perception/lib/python3.10/site-packages'
[5.005s] Level 1:colcon.colcon_core.shell:create_environment_hook('farm_robot_perception', 'pythonpath')
[5.006s] INFO:colcon.colcon_core.shell:Creating environment hook '/home/rutha/Projects/class_projects/robotics_final/src/install/farm_robot_perception/share/farm_robot_perception/hook/pythonpath.ps1'
[5.007s] INFO:colcon.colcon_core.shell:Creating environment descriptor '/home/rutha/Projects/class_projects/robotics_final/src/install/farm_robot_perception/share/farm_robot_perception/hook/pythonpath.dsv'
[5.012s] INFO:colcon.colcon_core.shell:Creating environment hook '/home/rutha/Projects/class_projects/robotics_final/src/install/farm_robot_perception/share/farm_robot_perception/hook/pythonpath.sh'
[5.013s] Level 1:colcon.colcon_core.environment:checking '/home/rutha/Projects/class_projects/robotics_final/src/install/farm_robot_perception/bin'
[5.013s] Level 1:colcon.colcon_core.environment:create_environment_scripts_only(farm_robot_perception)
[5.016s] INFO:colcon.colcon_core.shell:Creating package script '/home/rutha/Projects/class_projects/robotics_final/src/install/farm_robot_perception/share/farm_robot_perception/package.ps1'
[5.017s] INFO:colcon.colcon_core.shell:Creating package descriptor '/home/rutha/Projects/class_projects/robotics_final/src/install/farm_robot_perception/share/farm_robot_perception/package.dsv'
[5.018s] INFO:colcon.colcon_core.shell:Creating package script '/home/rutha/Projects/class_projects/robotics_final/src/install/farm_robot_perception/share/farm_robot_perception/package.sh'
[5.019s] INFO:colcon.colcon_core.shell:Creating package script '/home/rutha/Projects/class_projects/robotics_final/src/install/farm_robot_perception/share/farm_robot_perception/package.bash'
[5.020s] INFO:colcon.colcon_core.shell:Creating package script '/home/rutha/Projects/class_projects/robotics_final/src/install/farm_robot_perception/share/farm_robot_perception/package.zsh'
[5.021s] Level 1:colcon.colcon_core.environment:create_file_with_runtime_dependencies(/home/rutha/Projects/class_projects/robotics_final/src/install/farm_robot_perception/share/colcon-core/packages/farm_robot_perception)
[5.021s] INFO:colcon.colcon_ros.task.ament_python.build:Building ROS package in '/home/rutha/Projects/class_projects/robotics_final/src/farm_robot_bringup' with build type 'ament_python'
[5.022s] Level 1:colcon.colcon_core.shell:create_environment_hook('farm_robot_bringup', 'ament_prefix_path')
[5.022s] INFO:colcon.colcon_core.shell:Creating environment hook '/home/rutha/Projects/class_projects/robotics_final/src/install/farm_robot_bringup/share/farm_robot_bringup/hook/ament_prefix_path.ps1'
[5.024s] INFO:colcon.colcon_core.shell:Creating environment descriptor '/home/rutha/Projects/class_projects/robotics_final/src/install/farm_robot_bringup/share/farm_robot_bringup/hook/ament_prefix_path.dsv'
[5.024s] INFO:colcon.colcon_core.shell:Creating environment hook '/home/rutha/Projects/class_projects/robotics_final/src/install/farm_robot_bringup/share/farm_robot_bringup/hook/ament_prefix_path.sh'
[5.026s] INFO:colcon.colcon_core.shell:Skip shell extension 'powershell' for command environment: Not usable outside of PowerShell
[5.026s] DEBUG:colcon.colcon_core.shell:Skip shell extension 'dsv' for command environment
[5.609s] INFO:colcon.colcon_core.task.python.build:Building Python package in '/home/rutha/Projects/class_projects/robotics_final/src/farm_robot_bringup'
[5.609s] INFO:colcon.colcon_core.shell:Skip shell extension 'powershell' for command environment: Not usable outside of PowerShell
[5.610s] DEBUG:colcon.colcon_core.shell:Skip shell extension 'dsv' for command environment
[5.621s] Level 1:colcon.colcon_core.environment:checking '/home/rutha/Projects/class_projects/robotics_final/src/install/comparison_pkg' for CMake module files
[5.623s] DEBUG:colcon.colcon_core.event_handler.log_command:Invoked command in '/home/rutha/Projects/class_projects/robotics_final/src/comparison_pkg' returned '0': PYTHONPATH=/home/rutha/Projects/class_projects/robotics_final/src/build/comparison_pkg/prefix_override:/usr/lib/python3/dist-packages/colcon_core/task/python/colcon_distutils_commands:/home/rutha/Projects/class_projects/robotics_final/src/install/comparison_pkg/lib/python3.10/site-packages:${PYTHONPATH} /usr/bin/python3 -W ignore:setup.py install is deprecated -W ignore:easy_install command is deprecated setup.py egg_info --egg-base ../build/comparison_pkg build --build-base /home/rutha/Projects/class_projects/robotics_final/src/build/comparison_pkg/build install --record /home/rutha/Projects/class_projects/robotics_final/src/build/comparison_pkg/install.log --single-version-externally-managed install_data
[5.623s] Level 1:colcon.colcon_core.environment:checking '/home/rutha/Projects/class_projects/robotics_final/src/install/comparison_pkg' for CMake config files
[5.624s] Level 1:colcon.colcon_core.environment:checking '/home/rutha/Projects/class_projects/robotics_final/src/install/comparison_pkg/lib'
[5.624s] Level 1:colcon.colcon_core.environment:checking '/home/rutha/Projects/class_projects/robotics_final/src/install/comparison_pkg/bin'
[5.624s] Level 1:colcon.colcon_core.environment:checking '/home/rutha/Projects/class_projects/robotics_final/src/install/comparison_pkg/lib/pkgconfig/comparison_pkg.pc'
[5.625s] Level 1:colcon.colcon_core.environment:checking '/home/rutha/Projects/class_projects/robotics_final/src/install/comparison_pkg/lib/python3.10/site-packages'
[5.625s] Level 1:colcon.colcon_core.shell:create_environment_hook('comparison_pkg', 'pythonpath')
[5.626s] INFO:colcon.colcon_core.shell:Creating environment hook '/home/rutha/Projects/class_projects/robotics_final/src/install/comparison_pkg/share/comparison_pkg/hook/pythonpath.ps1'
[5.626s] INFO:colcon.colcon_core.shell:Creating environment descriptor '/home/rutha/Projects/class_projects/robotics_final/src/install/comparison_pkg/share/comparison_pkg/hook/pythonpath.dsv'
[5.627s] INFO:colcon.colcon_core.shell:Creating environment hook '/home/rutha/Projects/class_projects/robotics_final/src/install/comparison_pkg/share/comparison_pkg/hook/pythonpath.sh'
[5.628s] Level 1:colcon.colcon_core.environment:checking '/home/rutha/Projects/class_projects/robotics_final/src/install/comparison_pkg/bin'
[5.628s] Level 1:colcon.colcon_core.environment:create_environment_scripts_only(comparison_pkg)
[5.629s] INFO:colcon.colcon_core.shell:Creating package script '/home/rutha/Projects/class_projects/robotics_final/src/install/comparison_pkg/share/comparison_pkg/package.ps1'
[5.630s] INFO:colcon.colcon_core.shell:Creating package descriptor '/home/rutha/Projects/class_projects/robotics_final/src/install/comparison_pkg/share/comparison_pkg/package.dsv'
[5.631s] INFO:colcon.colcon_core.shell:Creating package script '/home/rutha/Projects/class_projects/robotics_final/src/install/comparison_pkg/share/comparison_pkg/package.sh'
[5.632s] INFO:colcon.colcon_core.shell:Creating package script '/home/rutha/Projects/class_projects/robotics_final/src/install/comparison_pkg/share/comparison_pkg/package.bash'
[5.633s] INFO:colcon.colcon_core.shell:Creating package script '/home/rutha/Projects/class_projects/robotics_final/src/install/comparison_pkg/share/comparison_pkg/package.zsh'
[5.633s] Level 1:colcon.colcon_core.environment:create_file_with_runtime_dependencies(/home/rutha/Projects/class_projects/robotics_final/src/install/comparison_pkg/share/colcon-core/packages/comparison_pkg)
[6.340s] DEBUG:colcon.colcon_core.event_handler.log_command:Invoking command in '/home/rutha/Projects/class_projects/robotics_final/src/farm_robot_bringup': AMENT_PREFIX_PATH=/home/rutha/Projects/class_projects/robotics_final/src/install/farm_robot_perception:${AMENT_PREFIX_PATH} CMAKE_PREFIX_PATH=/home/rutha/Projects/class_projects/robotics_final/src/install/farm_robot_navigation:/home/rutha/Projects/class_projects/robotics_final/src/install/farm_robot_description:${CMAKE_PREFIX_PATH} PKG_CONFIG_PATH=/home/rutha/Projects/class_projects/robotics_final/src/install/farm_robot_navigation/lib/x86_64-linux-gnu/pkgconfig:/home/rutha/Projects/class_projects/robotics_final/src/install/farm_robot_navigation/lib/pkgconfig:/home/rutha/Projects/class_projects/robotics_final/src/install/farm_robot_description/lib/x86_64-linux-gnu/pkgconfig:/home/rutha/Projects/class_projects/robotics_final/src/install/farm_robot_description/lib/pkgconfig:${PKG_CONFIG_PATH} PYTHONPATH=/home/rutha/Projects/class_projects/robotics_final/src/build/farm_robot_bringup/prefix_override:/usr/lib/python3/dist-packages/colcon_core/task/python/colcon_distutils_commands:/home/rutha/Projects/class_projects/robotics_final/src/install/farm_robot_bringup/lib/python3.10/site-packages:/home/rutha/Projects/class_projects/robotics_final/src/install/farm_robot_perception/lib/python3.10/site-packages:${PYTHONPATH} ROS_PACKAGE_PATH=/home/rutha/Projects/class_projects/robotics_final/src/install/farm_robot_navigation/share:/home/rutha/Projects/class_projects/robotics_final/src/install/farm_robot_description/share:${ROS_PACKAGE_PATH} /usr/bin/python3 -W ignore:setup.py install is deprecated -W ignore:easy_install command is deprecated setup.py egg_info --egg-base ../build/farm_robot_bringup build --build-base /home/rutha/Projects/class_projects/robotics_final/src/build/farm_robot_bringup/build install --record /home/rutha/Projects/class_projects/robotics_final/src/build/farm_robot_bringup/install.log --single-version-externally-managed install_data
[6.885s] Level 1:colcon.colcon_core.environment:checking '/home/rutha/Projects/class_projects/robotics_final/src/install/farm_robot_bringup' for CMake module files
[6.886s] Level 1:colcon.colcon_core.environment:checking '/home/rutha/Projects/class_projects/robotics_final/src/install/farm_robot_bringup' for CMake config files
[6.888s] DEBUG:colcon.colcon_core.event_handler.log_command:Invoked command in '/home/rutha/Projects/class_projects/robotics_final/src/farm_robot_bringup' returned '0': AMENT_PREFIX_PATH=/home/rutha/Projects/class_projects/robotics_final/src/install/farm_robot_perception:${AMENT_PREFIX_PATH} CMAKE_PREFIX_PATH=/home/rutha/Projects/class_projects/robotics_final/src/install/farm_robot_navigation:/home/rutha/Projects/class_projects/robotics_final/src/install/farm_robot_description:${CMAKE_PREFIX_PATH} PKG_CONFIG_PATH=/home/rutha/Projects/class_projects/robotics_final/src/install/farm_robot_navigation/lib/x86_64-linux-gnu/pkgconfig:/home/rutha/Projects/class_projects/robotics_final/src/install/farm_robot_navigation/lib/pkgconfig:/home/rutha/Projects/class_projects/robotics_final/src/install/farm_robot_description/lib/x86_64-linux-gnu/pkgconfig:/home/rutha/Projects/class_projects/robotics_final/src/install/farm_robot_description/lib/pkgconfig:${PKG_CONFIG_PATH} PYTHONPATH=/home/rutha/Projects/class_projects/robotics_final/src/build/farm_robot_bringup/prefix_override:/usr/lib/python3/dist-packages/colcon_core/task/python/colcon_distutils_commands:/home/rutha/Projects/class_projects/robotics_final/src/install/farm_robot_bringup/lib/python3.10/site-packages:/home/rutha/Projects/class_projects/robotics_final/src/install/farm_robot_perception/lib/python3.10/site-packages:${PYTHONPATH} ROS_PACKAGE_PATH=/home/rutha/Projects/class_projects/robotics_final/src/install/farm_robot_navigation/share:/home/rutha/Projects/class_projects/robotics_final/src/install/farm_robot_description/share:${ROS_PACKAGE_PATH} /usr/bin/python3 -W ignore:setup.py install is deprecated -W ignore:easy_install command is deprecated setup.py egg_info --egg-base ../build/farm_robot_bringup build --build-base /home/rutha/Projects/class_projects/robotics_final/src/build/farm_robot_bringup/build install --record /home/rutha/Projects/class_projects/robotics_final/src/build/farm_robot_bringup/install.log --single-version-externally-managed install_data
[6.888s] Level 1:colcon.colcon_core.environment:checking '/home/rutha/Projects/class_projects/robotics_final/src/install/farm_robot_bringup/lib'
[6.888s] Level 1:colcon.colcon_core.environment:checking '/home/rutha/Projects/class_projects/robotics_final/src/install/farm_robot_bringup/bin'
[6.888s] Level 1:colcon.colcon_core.environment:checking '/home/rutha/Projects/class_projects/robotics_final/src/install/farm_robot_bringup/lib/pkgconfig/farm_robot_bringup.pc'
[6.889s] Level 1:colcon.colcon_core.environment:checking '/home/rutha/Projects/class_projects/robotics_final/src/install/farm_robot_bringup/lib/python3.10/site-packages'
[6.889s] Level 1:colcon.colcon_core.shell:create_environment_hook('farm_robot_bringup', 'pythonpath')
[6.890s] INFO:colcon.colcon_core.shell:Creating environment hook '/home/rutha/Projects/class_projects/robotics_final/src/install/farm_robot_bringup/share/farm_robot_bringup/hook/pythonpath.ps1'
[6.891s] INFO:colcon.colcon_core.shell:Creating environment descriptor '/home/rutha/Projects/class_projects/robotics_final/src/install/farm_robot_bringup/share/farm_robot_bringup/hook/pythonpath.dsv'
[6.892s] INFO:colcon.colcon_core.shell:Creating environment hook '/home/rutha/Projects/class_projects/robotics_final/src/install/farm_robot_bringup/share/farm_robot_bringup/hook/pythonpath.sh'
[6.894s] Level 1:colcon.colcon_core.environment:checking '/home/rutha/Projects/class_projects/robotics_final/src/install/farm_robot_bringup/bin'
[6.894s] Level 1:colcon.colcon_core.environment:create_environment_scripts_only(farm_robot_bringup)
[6.895s] INFO:colcon.colcon_core.shell:Creating package script '/home/rutha/Projects/class_projects/robotics_final/src/install/farm_robot_bringup/share/farm_robot_bringup/package.ps1'
[6.896s] INFO:colcon.colcon_core.shell:Creating package descriptor '/home/rutha/Projects/class_projects/robotics_final/src/install/farm_robot_bringup/share/farm_robot_bringup/package.dsv'
[6.897s] INFO:colcon.colcon_core.shell:Creating package script '/home/rutha/Projects/class_projects/robotics_final/src/install/farm_robot_bringup/share/farm_robot_bringup/package.sh'
[6.898s] INFO:colcon.colcon_core.shell:Creating package script '/home/rutha/Projects/class_projects/robotics_final/src/install/farm_robot_bringup/share/farm_robot_bringup/package.bash'
[6.898s] INFO:colcon.colcon_core.shell:Creating package script '/home/rutha/Projects/class_projects/robotics_final/src/install/farm_robot_bringup/share/farm_robot_bringup/package.zsh'
[6.899s] Level 1:colcon.colcon_core.environment:create_file_with_runtime_dependencies(/home/rutha/Projects/class_projects/robotics_final/src/install/farm_robot_bringup/share/colcon-core/packages/farm_robot_bringup)
[6.900s] DEBUG:colcon.colcon_parallel_executor.executor.parallel:closing loop
[6.900s] DEBUG:colcon.colcon_parallel_executor.executor.parallel:loop closed
[6.900s] DEBUG:colcon.colcon_parallel_executor.executor.parallel:run_until_complete finished with '0'
[6.900s] DEBUG:colcon.colcon_core.event_reactor:joining thread
[6.914s] INFO:colcon.colcon_core.plugin_system:Skipping extension 'colcon_notification.desktop_notification.terminal_notifier': Not used on non-Darwin systems
[6.914s] INFO:colcon.colcon_core.plugin_system:Skipping extension 'colcon_notification.desktop_notification.win32': Not used on non-Windows systems
[6.914s] INFO:colcon.colcon_notification.desktop_notification:Sending desktop notification using 'notify2'
[6.934s] DEBUG:colcon.colcon_core.event_reactor:joined thread
[6.934s] INFO:colcon.colcon_core.shell:Creating prefix script '/home/rutha/Projects/class_projects/robotics_final/src/install/local_setup.ps1'
[6.938s] INFO:colcon.colcon_core.shell:Creating prefix util module '/home/rutha/Projects/class_projects/robotics_final/src/install/_local_setup_util_ps1.py'
[6.944s] INFO:colcon.colcon_core.shell:Creating prefix chain script '/home/rutha/Projects/class_projects/robotics_final/src/install/setup.ps1'
[6.948s] INFO:colcon.colcon_core.shell:Creating prefix script '/home/rutha/Projects/class_projects/robotics_final/src/install/local_setup.sh'
[6.949s] INFO:colcon.colcon_core.shell:Creating prefix util module '/home/rutha/Projects/class_projects/robotics_final/src/install/_local_setup_util_sh.py'
[6.950s] INFO:colcon.colcon_core.shell:Creating prefix chain script '/home/rutha/Projects/class_projects/robotics_final/src/install/setup.sh'
[6.955s] INFO:colcon.colcon_core.shell:Creating prefix script '/home/rutha/Projects/class_projects/robotics_final/src/install/local_setup.bash'
[6.955s] INFO:colcon.colcon_core.shell:Creating prefix chain script '/home/rutha/Projects/class_projects/robotics_final/src/install/setup.bash'
[6.959s] INFO:colcon.colcon_core.shell:Creating prefix script '/home/rutha/Projects/class_projects/robotics_final/src/install/local_setup.zsh'
[6.959s] INFO:colcon.colcon_core.shell:Creating prefix chain script '/home/rutha/Projects/class_projects/robotics_final/src/install/setup.zsh'
