[3.617s] Invoking command in '/home/rutha/Projects/class_projects/robotics_final/build/farm_robot_perception': PYTHONPATH=/home/rutha/Projects/class_projects/robotics_final/build/farm_robot_perception/prefix_override:/usr/lib/python3/dist-packages/colcon_core/task/python/colcon_distutils_commands:/home/rutha/Projects/class_projects/robotics_final/install/farm_robot_perception/lib/python3.10/site-packages:${PYTHONPATH} /usr/bin/python3 -W ignore:setup.py install is deprecated -W ignore:easy_install command is deprecated setup.py develop --uninstall --editable --build-directory /home/rutha/Projects/class_projects/robotics_final/build/farm_robot_perception/build
[4.761s] running develop
[5.641s] Removing /home/rutha/Projects/class_projects/robotics_final/install/farm_robot_perception/lib/python3.10/site-packages/farm-robot-perception.egg-link (link to .)
[5.722s] Invoked command in '/home/rutha/Projects/class_projects/robotics_final/build/farm_robot_perception' returned '0': PYTHONPATH=/home/rutha/Projects/class_projects/robotics_final/build/farm_robot_perception/prefix_override:/usr/lib/python3/dist-packages/colcon_core/task/python/colcon_distutils_commands:/home/rutha/Projects/class_projects/robotics_final/install/farm_robot_perception/lib/python3.10/site-packages:${PYTHONPATH} /usr/bin/python3 -W ignore:setup.py install is deprecated -W ignore:easy_install command is deprecated setup.py develop --uninstall --editable --build-directory /home/rutha/Projects/class_projects/robotics_final/build/farm_robot_perception/build
[5.727s] Invoking command in '/home/rutha/Projects/class_projects/robotics_final/src/farm_robot_perception': PYTHONPATH=/home/rutha/Projects/class_projects/robotics_final/build/farm_robot_perception/prefix_override:/usr/lib/python3/dist-packages/colcon_core/task/python/colcon_distutils_commands:/home/rutha/Projects/class_projects/robotics_final/install/farm_robot_perception/lib/python3.10/site-packages:${PYTHONPATH} /usr/bin/python3 -W ignore:setup.py install is deprecated -W ignore:easy_install command is deprecated setup.py egg_info --egg-base ../../build/farm_robot_perception build --build-base /home/rutha/Projects/class_projects/robotics_final/build/farm_robot_perception/build install --record /home/rutha/Projects/class_projects/robotics_final/build/farm_robot_perception/install.log --single-version-externally-managed install_data --force
[6.831s] running egg_info
[6.833s] writing ../../build/farm_robot_perception/farm_robot_perception.egg-info/PKG-INFO
[6.834s] writing dependency_links to ../../build/farm_robot_perception/farm_robot_perception.egg-info/dependency_links.txt
[6.834s] writing entry points to ../../build/farm_robot_perception/farm_robot_perception.egg-info/entry_points.txt
[6.835s] writing requirements to ../../build/farm_robot_perception/farm_robot_perception.egg-info/requires.txt
[6.835s] writing top-level names to ../../build/farm_robot_perception/farm_robot_perception.egg-info/top_level.txt
[6.840s] reading manifest file '../../build/farm_robot_perception/farm_robot_perception.egg-info/SOURCES.txt'
[6.847s] writing manifest file '../../build/farm_robot_perception/farm_robot_perception.egg-info/SOURCES.txt'
[6.848s] running build
[6.848s] running build_py
[6.848s] running install
[6.848s] running install_lib
[6.852s] creating /home/rutha/Projects/class_projects/robotics_final/install/farm_robot_perception/lib/python3.10/site-packages/farm_robot_perception
[6.853s] copying /home/rutha/Projects/class_projects/robotics_final/build/farm_robot_perception/build/lib/farm_robot_perception/__init__.py -> /home/rutha/Projects/class_projects/robotics_final/install/farm_robot_perception/lib/python3.10/site-packages/farm_robot_perception
[6.854s] copying /home/rutha/Projects/class_projects/robotics_final/build/farm_robot_perception/build/lib/farm_robot_perception/crop_stress_node.py -> /home/rutha/Projects/class_projects/robotics_final/install/farm_robot_perception/lib/python3.10/site-packages/farm_robot_perception
[6.855s] byte-compiling /home/rutha/Projects/class_projects/robotics_final/install/farm_robot_perception/lib/python3.10/site-packages/farm_robot_perception/__init__.py to __init__.cpython-310.pyc
[6.855s] byte-compiling /home/rutha/Projects/class_projects/robotics_final/install/farm_robot_perception/lib/python3.10/site-packages/farm_robot_perception/crop_stress_node.py to crop_stress_node.cpython-310.pyc
[6.856s] running install_data
[6.856s] copying resource/farm_robot_perception -> /home/rutha/Projects/class_projects/robotics_final/install/farm_robot_perception/share/ament_index/resource_index/packages
[6.857s] copying launch/perception.launch.py -> /home/rutha/Projects/class_projects/robotics_final/install/farm_robot_perception/share/farm_robot_perception/launch
[6.857s] copying package.xml -> /home/rutha/Projects/class_projects/robotics_final/install/farm_robot_perception/share/farm_robot_perception
[6.857s] running install_egg_info
[6.861s] Copying ../../build/farm_robot_perception/farm_robot_perception.egg-info to /home/rutha/Projects/class_projects/robotics_final/install/farm_robot_perception/lib/python3.10/site-packages/farm_robot_perception-0.1.0-py3.10.egg-info
[6.864s] running install_scripts
[6.935s] Installing crop_stress_node script to /home/rutha/Projects/class_projects/robotics_final/install/farm_robot_perception/lib/farm_robot_perception
[6.938s] writing list of installed files to '/home/rutha/Projects/class_projects/robotics_final/build/farm_robot_perception/install.log'
[7.006s] Invoked command in '/home/rutha/Projects/class_projects/robotics_final/src/farm_robot_perception' returned '0': PYTHONPATH=/home/rutha/Projects/class_projects/robotics_final/build/farm_robot_perception/prefix_override:/usr/lib/python3/dist-packages/colcon_core/task/python/colcon_distutils_commands:/home/rutha/Projects/class_projects/robotics_final/install/farm_robot_perception/lib/python3.10/site-packages:${PYTHONPATH} /usr/bin/python3 -W ignore:setup.py install is deprecated -W ignore:easy_install command is deprecated setup.py egg_info --egg-base ../../build/farm_robot_perception build --build-base /home/rutha/Projects/class_projects/robotics_final/build/farm_robot_perception/build install --record /home/rutha/Projects/class_projects/robotics_final/build/farm_robot_perception/install.log --single-version-externally-managed install_data --force
